Removed Pin From Net: NetName=MANUAL_PWR_OFF Pin=C1-2
Removed Pin From Net: NetName=MANUAL_PWR_OFF Pin=R2-2
Removed Pin From Net: NetName=MANUAL_PWR_OFF Pin=S1-2
Added Component: Designator=C5(2012[0805])
Added Component: Designator=C6(SMD_0805)
Added Component: Designator=R12(SMD_0805)
Added Component: Designator=U1(M08A_M)
Added Pin To Net: NetName=GND Pin=C5-2
Added Pin To Net: NetName=GND Pin=C6-1
Added Pin To Net: NetName=+3.3V Pin=C6-2
Added Pin To Net: NetName=+3.3V Pin=R12-1
Added Pin To Net: NetName=GND Pin=U1-1
Added Pin To Net: NetName=MANUAL_PWR_OFF Pin=U1-3
Added Pin To Net: NetName=+3.3V Pin=U1-4
Added Pin To Net: NetName=+3.3V Pin=U1-8
Added Pin To Net: NetName=NetC1_2 Pin=C1-2
Added Pin To Net: NetName=NetC1_2 Pin=R2-2
Added Pin To Net: NetName=NetC1_2 Pin=S1-2
Added Pin To Net: NetName=NetC1_2 Pin=U1-2
Added Net: Name=NetC1_2
Added Pin To Net: NetName=NetC5_1 Pin=C5-1
Added Pin To Net: NetName=NetC5_1 Pin=R12-2
Added Pin To Net: NetName=NetC5_1 Pin=U1-6
Added Pin To Net: NetName=NetC5_1 Pin=U1-7
Added Net: Name=NetC5_1
Added Member To Class: ClassName=780-00029,rev2,Pg3,Backplane, Instrument Crate Member=Component C5 1u
Added Member To Class: ClassName=780-00029,rev2,Pg3,Backplane, Instrument Crate Member=Component C6 Cap SMD
Added Member To Class: ClassName=780-00029,rev2,Pg3,Backplane, Instrument Crate Member=Component R12 Res 0805
Added Member To Class: ClassName=780-00029,rev2,Pg3,Backplane, Instrument Crate Member=Component U1 LM555CMX
