Added Component: Designator=C8(SMD_0805)
Added Component: Designator=C9(SMD_0805)
Added Component: Designator=J5(CONN Molex Micro-fit, 4 POS)
Added Component: Designator=R14(SMD_0805)
Added Component: Designator=R15(SMD_0805)
Added Component: Designator=R16(SMD_0805)
Added Component: Designator=R17(SMD_0805)
Added Component: Designator=U6(S8_M)
Added Pin To Net: NetName=+12V Pin=C8-1
Added Pin To Net: NetName=GND Pin=C8-2
Added Pin To Net: NetName=-12V Pin=C9-1
Added Pin To Net: NetName=GND Pin=C9-2
Added Pin To Net: NetName=+24V Pin=J5-1
Added Pin To Net: NetName=GND Pin=J5-4
Added Pin To Net: NetName=GND Pin=R15-1
Added Pin To Net: NetName=+24V Pin=U5-B91
Added Pin To Net: NetName=-12V Pin=U6-4
Added Pin To Net: NetName=+12V Pin=U6-7
Added Pin To Net: NetName=FAN SPEED Pin=U5-A2
Added Pin To Net: NetName=FAN SPEED Pin=U6-3
Added Net: Name=FAN SPEED
Added Pin To Net: NetName=FAN TACH Pin=J5-3
Added Pin To Net: NetName=FAN TACH Pin=R17-2
Added Net: Name=FAN TACH
Added Pin To Net: NetName=NetJ5_2 Pin=J5-2
Added Pin To Net: NetName=NetJ5_2 Pin=R16-1
Added Net: Name=NetJ5_2
Added Pin To Net: NetName=NetR14_1 Pin=R14-1
Added Pin To Net: NetName=NetR14_1 Pin=R15-2
Added Pin To Net: NetName=NetR14_1 Pin=U6-2
Added Net: Name=NetR14_1
Added Pin To Net: NetName=NetR14_2 Pin=R14-2
Added Pin To Net: NetName=NetR14_2 Pin=R16-2
Added Pin To Net: NetName=NetR14_2 Pin=U6-6
Added Net: Name=NetR14_2
Added Pin To Net: NetName=NetR17_1 Pin=R17-1
Added Pin To Net: NetName=NetR17_1 Pin=U5-B93
Added Net: Name=NetR17_1
Added Member To Class: ClassName=780-00029,rev2,Pg3,Backplane, Instrument Crate Member=Component C8 Cap SMD
Added Member To Class: ClassName=780-00029,rev2,Pg3,Backplane, Instrument Crate Member=Component C9 Cap SMD
Added Member To Class: ClassName=780-00029,rev2,Pg3,Backplane, Instrument Crate Member=Component J5 Molex 43045-0412
Added Member To Class: ClassName=780-00029,rev2,Pg3,Backplane, Instrument Crate Member=Component R14 Res 0805
Added Member To Class: ClassName=780-00029,rev2,Pg3,Backplane, Instrument Crate Member=Component R15 Res 0805
Added Member To Class: ClassName=780-00029,rev2,Pg3,Backplane, Instrument Crate Member=Component R16 Res 0805
Added Member To Class: ClassName=780-00029,rev2,Pg3,Backplane, Instrument Crate Member=Component R17 Res 0805
Added Member To Class: ClassName=780-00029,rev2,Pg3,Backplane, Instrument Crate Member=Component U6 LT1007CS8#PBF
