Change Component Footprint: Designator=C1 Old Footprint=SMD_0805 New Footprint=2012[0805]
Added Component: Designator=C7(SMD_0805)
Added Component: Designator=Q3(SMD_SOT23_3)
Added Component: Designator=S3(CAS-120B)
Added Component: Designator=U2(SOP8_N)
Added Component: Designator=U3(SMD_SOT23_3)
Added Pin To Net: NetName=GND Pin=C7-1
Added Pin To Net: NetName=+3.3V Pin=C7-2
Added Pin To Net: NetName=+3.3V Pin=Q3-2
Added Pin To Net: NetName=GND Pin=S3-1
Added Pin To Net: NetName=+3.3V Pin=U2-1
Added Pin To Net: NetName=GND Pin=U2-2
Added Pin To Net: NetName=GND Pin=U2-3
Added Pin To Net: NetName=GND Pin=U2-4
Added Pin To Net: NetName=I2C_SDA Pin=U2-5
Added Pin To Net: NetName=I2C_SCL Pin=U2-6
Added Pin To Net: NetName=+3.3V Pin=U2-8
Added Pin To Net: NetName=SILICON_SN Pin=U3-1
Added Pin To Net: NetName=GND Pin=U3-3
Added Pin To Net: NetName=NetQ3_3 Pin=Q3-3
Added Pin To Net: NetName=NetQ3_3 Pin=U3-2
Added Net: Name=NetQ3_3
Added Pin To Net: NetName=NetS3_2 Pin=S3-2
Added Pin To Net: NetName=NetS3_2 Pin=U2-7
Added Net: Name=NetS3_2
Added Pin To Net: NetName=~CS_BACKPLANE Pin=Q3-1
Added Pin To Net: NetName=~CS_BACKPLANE Pin=U5-A97
Added Net: Name=~CS_BACKPLANE
Added Member To Class: ClassName=Power Supplies Member=Component C7 Cap SMD
Added Member To Class: ClassName=Power Supplies Member=Component Q3 FDV304P
Added Member To Class: ClassName=Power Supplies Member=Component S3 CJS-1200TB
Added Member To Class: ClassName=Power Supplies Member=Component U2 M24C32RMN1
Added Member To Class: ClassName=Power Supplies Member=Component U3 DS2411
