Removed Parameter Code_IPC:SOIC127P600-8 from Part U?
Removed Parameter Code_JEDEC:MS-012-AA from Part U?
Removed Parameter ComponentLink1Description:LM555 Datasheet from Part U?
Removed Parameter ComponentLink1URL:http://www.national.com/ds.cgi/LM/LM555.pdf from Part U?
Removed Parameter ComponentLink2Description:LM555 Web Page from Part U?
Removed Parameter ComponentLink2URL:http://www.national.com/pf/LM/LM555.html from Part U?
Removed Parameter ComponentLink3Description:M08A package page from Part U?
Removed Parameter ComponentLink3URL:http://www.national.com/packaging/folders/m08a.html from Part U?
Removed Parameter CompType:Analog IC from Part U?
Removed Parameter DatasheetVersion:Jul-2006 from Part U?
Removed Parameter DigiKeyPartNumber:LM555CMXCT-ND from Part U?
Removed Parameter PackageDescription:SOIC Narrow, 4.9 x 3.9 x 1.45mm, 8 Lead, 1.27mm Pitch from Part U?
Removed Parameter PackageReference:M08A from Part U?
Removed Parameter PackageTopMarking:NSZXTT*LM*555CM from Part U?
Removed Parameter PackageVersion:revL, Sep-2006 from Part U?
Removed Parameter PartNumber:LM555CMX from Part U?
Removed Parameter PinCount:8 from Part U?
Removed Parameter Published:4-Dec-2008 from Part U?
Removed Parameter Publisher:Altium Limited from Part U?
Added Parameter COST= to Part U?
Added Parameter LCO p/n= to Part U?
Added Parameter Manuf p/n= to Part U?
Added Parameter Value= to Part U?
Added Parameter Vendor= to Part U?
Added Parameter Vendor Mult.= to Part U?
Added Parameter Vendor p/n= to Part U?
