Change Value of Parameter LCO p/n in Part BB1 Old= New=xxxxxx
Change Value of Parameter Manufacturer in Part BB1 Old= New=Circuit Components Inc.
Change Value of Parameter Manuf p/n in Part BB1 Old= New=B250-4-1.5-FO
Change Value of Parameter Value in Part BB1 Old= New=Bus Bar
Change Value of Parameter Vendor in Part BB1 Old= New=Circuit Components Inc.
Change Value of Parameter Vendor p/n in Part BB1 Old= New=B250-4-1.5-FO
Change Value of Parameter LCO p/n in Part BB2 Old= New=xxxxxx
Change Value of Parameter Manufacturer in Part BB2 Old= New=Circuit Components Inc.
Change Value of Parameter Manuf p/n in Part BB2 Old= New=B250-4-1.5-FO
Change Value of Parameter Value in Part BB2 Old= New=Bus Bar
Change Value of Parameter Vendor in Part BB2 Old= New=Circuit Components Inc.
Change Value of Parameter Vendor p/n in Part BB2 Old= New=B250-4-1.5-FO
Change Value of Parameter LCO p/n in Part BB4 Old= New=xxxxxx
Change Value of Parameter Manufacturer in Part BB4 Old= New=Circuit Components Inc.
Change Value of Parameter Manuf p/n in Part BB4 Old= New=B250-4-1.5-FO
Change Value of Parameter Value in Part BB4 Old= New=Bus Bar
Change Value of Parameter Vendor in Part BB4 Old= New=Circuit Components Inc.
Change Value of Parameter Vendor p/n in Part BB4 Old= New=B250-4-1.5-FO
Change Value of Parameter LCO p/n in Part BB5 Old= New=xxxxxx
Change Value of Parameter Manufacturer in Part BB5 Old= New=Circuit Components Inc.
Change Value of Parameter Manuf p/n in Part BB5 Old= New=B250-4-1.5-FO
Change Value of Parameter Value in Part BB5 Old= New=Bus Bar
Change Value of Parameter Vendor in Part BB5 Old= New=Circuit Components Inc.
Change Value of Parameter Vendor p/n in Part BB5 Old= New=B250-4-1.5-FO
Change Value of Parameter LCO p/n in Part BB6 Old= New=xxxxxx
Change Value of Parameter Manufacturer in Part BB6 Old= New=Circuit Components Inc.
Change Value of Parameter Manuf p/n in Part BB6 Old= New=B250-4-1.5-FO
Change Value of Parameter Value in Part BB6 Old= New=Bus Bar
Change Value of Parameter Vendor in Part BB6 Old= New=Circuit Components Inc.
Change Value of Parameter Vendor p/n in Part BB6 Old= New=B250-4-1.5-FO
