Removed Pin From Net: NetName=D Pin=J3-7
Removed Pin From Net: NetName=D Pin=J3-8
Removed Pin From Net: NetName=VCC Pin=J4-7
Removed Pin From Net: NetName=D Pin=J4-8
Removed Pin From Net: NetName=D Pin=J5-7
Removed Pin From Net: NetName=VCC Pin=J5-8
Removed Pin From Net: NetName=VCC Pin=J6-7
Removed Pin From Net: NetName=VCC Pin=J6-8
Added Pin To Net: NetName=VCC Pin=J3-7
Added Pin To Net: NetName=VCC Pin=J3-8
Added Pin To Net: NetName=D Pin=J4-7
Added Pin To Net: NetName=VCC Pin=J4-8
Added Pin To Net: NetName=VCC Pin=J5-7
Added Pin To Net: NetName=D Pin=J5-8
Added Pin To Net: NetName=D Pin=J6-7
Added Pin To Net: NetName=D Pin=J6-8
Change Class Name : Old Net Name=780-00057, rev1, Pg1, SCH, NRES, Crate Slot MotherBoard New Net Name=780-00057, rev2, Pg1, SCH, NRES, Crate Slot MotherBoard
Change Class Name : Old Net Name=780-00057, rev1, Pg2, SCH, NRES, Crate Slot MotherBoard New Net Name=780-00057, rev2, Pg2, SCH, NRES, Crate Slot MotherBoard
Change Room Name: Old Name=780-00057, rev1, Pg2, SCH, NRES, Crate Slot MotherBoard New Name=780-00057, rev2, Pg2, SCH, NRES, Crate Slot MotherBoard
Change Room Scope: Old Scope=InComponentClass('780-00057, rev1, Pg2, SCH, NRES, Crate Slot MotherBoard') New Scope=InComponentClass('780-00057, rev2, Pg2, SCH, NRES, Crate Slot MotherBoard')
Added Room: Name=780-00057, rev2, Pg1, SCH, NRES, Crate Slot MotherBoard
