Removed Pin From Net: NetName=GND Pin=C6-1
Removed Pin From Net: NetName=GND Pin=C7-2
Removed Pin From Net: NetName=GND Pin=P5-2
Removed Pin From Net: NetName=GND Pin=PS2-5
Added Component: Designator=R8(SMD_0805)
Added Component: Designator=R9(SMD_0805)
Added Component: Designator=R10(SMD_0805)
Added Pin To Net: NetName=+15V Pin=R8-1
Added Pin To Net: NetName=GND Pin=R8-2
Added Pin To Net: NetName=GND Pin=R9-1
Added Pin To Net: NetName=GND Pin=R10-1
Added Pin To Net: NetName=-15V Pin=R10-2
Added Pin To Net: NetName=NetC6_1 Pin=C6-1
Added Pin To Net: NetName=NetC6_1 Pin=C7-2
Added Pin To Net: NetName=NetC6_1 Pin=P5-2
Added Pin To Net: NetName=NetC6_1 Pin=PS2-5
Added Pin To Net: NetName=NetC6_1 Pin=R9-2
Added Net: Name=NetC6_1
Added Member To Class: ClassName=780-00038 rev1, Pg1, SCH, Flex Pwr Sply Member=Component R8 Res 0805
Added Member To Class: ClassName=780-00038 rev1, Pg1, SCH, Flex Pwr Sply Member=Component R9 Res 0805
Added Member To Class: ClassName=780-00038 rev1, Pg1, SCH, Flex Pwr Sply Member=Component R10 Res 0805
