Added Component: Designator=C8(SMD_0805)
Added Component: Designator=C9(CAP, Thru Hole 8mm dia)
Added Component: Designator=C12(SMD_0805)
Added Component: Designator=C13(SMD_0805)
Added Component: Designator=C15(SMD_0805)
Added Component: Designator=C16(SMD_0805)
Added Component: Designator=C17(CAP, Thru Hole 8mm dia)
Added Component: Designator=C20(SMD_0805)
Added Component: Designator=R3(SMD_0805)
Added Component: Designator=U1(TEXAS Inst Switching Regulator)
Added Pin To Net: NetName=GND Pin=C8-1
Added Pin To Net: NetName=GND Pin=C9-2
Added Pin To Net: NetName=GND Pin=C12-1
Added Pin To Net: NetName=GND Pin=C13-1
Added Pin To Net: NetName=GND Pin=C15-1
Added Pin To Net: NetName=GND Pin=C16-1
Added Pin To Net: NetName=GND Pin=C17-2
Added Pin To Net: NetName=GND Pin=U1-6
Added Pin To Net: NetName=NetC8_2 Pin=C8-2
Added Pin To Net: NetName=NetC8_2 Pin=C9-1
Added Pin To Net: NetName=NetC8_2 Pin=R3-2
Added Pin To Net: NetName=NetC8_2 Pin=U1-1
Added Pin To Net: NetName=NetC8_2 Pin=U1-7
Added Net: Name=NetC8_2
Added Pin To Net: NetName=NetC12_2 Pin=C12-2
Added Pin To Net: NetName=NetC12_2 Pin=C13-2
Added Pin To Net: NetName=NetC12_2 Pin=C15-2
Added Pin To Net: NetName=NetC12_2 Pin=C16-2
Added Pin To Net: NetName=NetC12_2 Pin=C17-1
Added Pin To Net: NetName=NetC12_2 Pin=U1-2
Added Net: Name=NetC12_2
Added Pin To Net: NetName=NetR3_1 Pin=R3-1
Added Pin To Net: NetName=NetR3_1 Pin=U1-4
Added Net: Name=NetR3_1
Added Member To Class: ClassName=780-00038 rev1, Pg1, SCH, Flex Pwr Sply Member=Component C8 35V CER
Added Member To Class: ClassName=780-00038 rev1, Pg1, SCH, Flex Pwr Sply Member=Component C9 35V
Added Member To Class: ClassName=780-00038 rev1, Pg1, SCH, Flex Pwr Sply Member=Component C12 35V CER
Added Member To Class: ClassName=780-00038 rev1, Pg1, SCH, Flex Pwr Sply Member=Component C13 35V CER
Added Member To Class: ClassName=780-00038 rev1, Pg1, SCH, Flex Pwr Sply Member=Component C15 35V CER
Added Member To Class: ClassName=780-00038 rev1, Pg1, SCH, Flex Pwr Sply Member=Component C16 35V CER
Added Member To Class: ClassName=780-00038 rev1, Pg1, SCH, Flex Pwr Sply Member=Component C17 35V
Added Member To Class: ClassName=780-00038 rev1, Pg1, SCH, Flex Pwr Sply Member=Component C20 Cap SMD
Added Member To Class: ClassName=780-00038 rev1, Pg1, SCH, Flex Pwr Sply Member=Component R3 Res 0805
Added Member To Class: ClassName=780-00038 rev1, Pg1, SCH, Flex Pwr Sply Member=Component U1 4A Neg Adj Switching Regulator
