Removed Pin From Net: NetName=+24V Pin=J2-31
Removed Pin From Net: NetName=RS485_H Pin=P5-1
Removed Pin From Net: NetName=RS485_L Pin=P5-2
Change Component DesignItemId : Designator=P4 Old DesignItemId=Header 8 New DesignItemId=Header 12
Change Component Footprint: Designator=P4 Old Footprint=HDR1X8 for IDC New Footprint=HDR1X12 for IDC
Change Component Comment : Designator=P4 Old Comment=Header 8 New Comment=Header 12
Added Component: Designator=C1(SMD_0805)
Added Component: Designator=Q1(TO-252(D-PAK)  PowerPAD)
Added Component: Designator=R6(SMD_0805)
Added Component: Designator=R7(SMD_0805)
Added Pin To Net: NetName=+24V Pin=C1-2
Added Pin To Net: NetName=GND Pin=J2-13
Added Pin To Net: NetName=+24V Pin=J2-20
Added Pin To Net: NetName=+24V Pin=Q1-3
Added Pin To Net: NetName=+24V Pin=R6-2
Change Net Name : Old Net Name=P0_SENSE New Net Name=PRES_KNIFE
Change Net Name : Old Net Name=P1_SENSE New Net Name=PRES_PROBE
Change Net Name : Old Net Name=SPD_FAN1 New Net Name=CTL_FAN1
Change Net Name : Old Net Name=SPD_FAN2 New Net Name=CTL_FAN2
Change Net Name : Old Net Name=SPD_FANA1 New Net Name=CTL_FANA1
Change Net Name : Old Net Name=SPD_FANA4 New Net Name=CTL_FANA4
Change Net Name : Old Net Name=SPD_FANA8 New Net Name=CTL_FANA8
Change Net Name : Old Net Name=T0+ New Net Name=T1+
Change Net Name : Old Net Name=T1+ New Net Name=T3+
Change Net Name : Old Net Name=T2+ New Net Name=T5+
Change Net Name : Old Net Name=T3+ New Net Name=T7+
Change Net Name : Old Net Name=T4+ New Net Name=T9+
Change Net Name : Old Net Name=T5+ New Net Name=T11+
Added Pin To Net: NetName=+24V_MAGNA Pin=Q1-2
Added Pin To Net: NetName=+24V_MAGNA Pin=Q1-2
Added Pin To Net: NetName=+24V_MAGNA Pin=Q1-2
Added Pin To Net: NetName=+24V_MAGNA Pin=Q1-2
Added Pin To Net: NetName=+24V_MAGNA Pin=Q1-2
Added Pin To Net: NetName=+24V_MAGNA Pin=Q1-2
Added Pin To Net: NetName=+24V_MAGNA Pin=Q1-2
Added Pin To Net: NetName=+24V_MAGNA Pin=Q1-2
Added Pin To Net: NetName=+24V_MAGNA Pin=Q1-2
Added Pin To Net: NetName=+24V_MAGNA Pin=Q1-2
Added Pin To Net: NetName=+24V_MAGNA Pin=Q1-2
Added Pin To Net: NetName=+24V_MAGNA Pin=Q1-2
Added Pin To Net: NetName=+24V_MAGNA Pin=Q1-2
Added Pin To Net: NetName=+24V_MAGNA Pin=Q1-2
Added Pin To Net: NetName=+24V_MAGNA Pin=Q1-2
Added Pin To Net: NetName=+24V_MAGNA Pin=Q1-2
Added Pin To Net: NetName=+24V_MAGNA Pin=Q1-2
Added Net: Name=+24V_MAGNA
Added Pin To Net: NetName=APANEL Pin=J2-23
Added Net: Name=APANEL
Added Pin To Net: NetName=CTL_M1_KNIFE Pin=J2-40
Added Pin To Net: NetName=CTL_M1_KNIFE Pin=P1-5
Added Net: Name=CTL_M1_KNIFE
Added Pin To Net: NetName=CTL_M2_KNIFE Pin=J2-41
Added Pin To Net: NetName=CTL_M2_KNIFE Pin=P1-4
Added Net: Name=CTL_M2_KNIFE
Added Pin To Net: NetName=DPLY_PROBE Pin=J2-39
Added Pin To Net: NetName=DPLY_PROBE Pin=P1-6
Added Net: Name=DPLY_PROBE
Added Pin To Net: NetName=IR3 Pin=J2-26
Added Pin To Net: NetName=IR3 Pin=R3-2
Added Net: Name=IR3
Added Pin To Net: NetName=IR7 Pin=J2-27
Added Pin To Net: NetName=IR7 Pin=R4-2
Added Net: Name=IR7
Added Pin To Net: NetName=IR11 Pin=J2-28
Added Pin To Net: NetName=IR11 Pin=R5-2
Added Net: Name=IR11
Added Pin To Net: NetName=NetC1_1 Pin=C1-1
Added Pin To Net: NetName=NetC1_1 Pin=Q1-1
Added Pin To Net: NetName=NetC1_1 Pin=R6-1
Added Pin To Net: NetName=NetC1_1 Pin=R7-2
Added Net: Name=NetC1_1
Added Pin To Net: NetName=NetP4_10 Pin=P4-10
Added Pin To Net: NetName=NetP4_10 Pin=R7-1
Added Net: Name=NetP4_10
Added Pin To Net: NetName=TILT_SENS_X Pin=J2-42
Added Net: Name=TILT_SENS_X
Added Pin To Net: NetName=TILT_SENS_Y Pin=J2-43
Added Net: Name=TILT_SENS_Y
Change Class Name : Old Net Name=780-00041, rev1, Front Panel, Mirror Cell Controller New Net Name=780-00041, rev2, Front Panel, Mirror Cell Controller
Added Member To Class: ClassName=780-00041, rev2, Front Panel, Mirror Cell Controller Member=Component C1 Cap SMD
Added Member To Class: ClassName=780-00041, rev2, Front Panel, Mirror Cell Controller Member=Component Q1 IRF5303P
Added Member To Class: ClassName=780-00041, rev2, Front Panel, Mirror Cell Controller Member=Component R6 Res 0805
Added Member To Class: ClassName=780-00041, rev2, Front Panel, Mirror Cell Controller Member=Component R7 Res 0805
Change Room Name: Old Name=780-00041, rev1, Front Panel, Mirror Cell Controller New Name=780-00041, rev2, Front Panel, Mirror Cell Controller
Change Room Scope: Old Scope=InComponentClass('780-00041, rev1, Front Panel, Mirror Cell Controller') New Scope=InComponentClass('780-00041, rev2, Front Panel, Mirror Cell Controller')
