Added Pin To Net: NetName=+24V Pin=J1-13
Added Pin To Net: NetName=+24V Pin=J1-13
Added Pin To Net: NetName=+24V Pin=J1-13
Added Pin To Net: NetName=+24V Pin=J1-13
Added Pin To Net: NetName=+24V Pin=J1-13
Added Pin To Net: NetName=+24V Pin=J1-13
Added Pin To Net: NetName=+24V Pin=J1-13
Added Pin To Net: NetName=+24V Pin=J1-13
Added Pin To Net: NetName=+24V Pin=J1-14
Added Pin To Net: NetName=+24V Pin=J1-14
Added Pin To Net: NetName=+24V Pin=J1-14
Added Pin To Net: NetName=+24V Pin=J1-14
Added Pin To Net: NetName=+24V Pin=J1-14
Added Pin To Net: NetName=+24V Pin=J1-14
Added Pin To Net: NetName=+24V Pin=J1-14
Added Pin To Net: NetName=+24V Pin=J1-14
Added Pin To Net: NetName=+24V Pin=P1-13
Added Pin To Net: NetName=+24V Pin=P1-13
Added Pin To Net: NetName=+24V Pin=P1-13
Added Pin To Net: NetName=+24V Pin=P1-13
Added Pin To Net: NetName=+24V Pin=P1-13
Added Pin To Net: NetName=+24V Pin=P1-13
Added Pin To Net: NetName=+24V Pin=P1-13
Added Pin To Net: NetName=+24V Pin=P1-13
Added Pin To Net: NetName=+24V Pin=P1-14
Added Pin To Net: NetName=+24V Pin=P1-14
Added Pin To Net: NetName=+24V Pin=P1-14
Added Pin To Net: NetName=+24V Pin=P1-14
Added Pin To Net: NetName=+24V Pin=P1-14
Added Pin To Net: NetName=+24V Pin=P1-14
Added Pin To Net: NetName=+24V Pin=P1-14
Added Pin To Net: NetName=+24V Pin=P1-14
Added Net: Name=+24V
Added Pin To Net: NetName=GND Pin=J1-15
Added Pin To Net: NetName=GND Pin=J1-15
Added Pin To Net: NetName=GND Pin=J1-15
Added Pin To Net: NetName=GND Pin=J1-15
Added Pin To Net: NetName=GND Pin=J1-15
Added Pin To Net: NetName=GND Pin=J1-15
Added Pin To Net: NetName=GND Pin=J1-15
Added Pin To Net: NetName=GND Pin=J1-15
Added Pin To Net: NetName=GND Pin=J1-16
Added Pin To Net: NetName=GND Pin=J1-16
Added Pin To Net: NetName=GND Pin=J1-16
Added Pin To Net: NetName=GND Pin=J1-16
Added Pin To Net: NetName=GND Pin=J1-16
Added Pin To Net: NetName=GND Pin=J1-16
Added Pin To Net: NetName=GND Pin=J1-16
Added Pin To Net: NetName=GND Pin=J1-16
Added Pin To Net: NetName=GND Pin=P1-15
Added Pin To Net: NetName=GND Pin=P1-15
Added Pin To Net: NetName=GND Pin=P1-15
Added Pin To Net: NetName=GND Pin=P1-15
Added Pin To Net: NetName=GND Pin=P1-15
Added Pin To Net: NetName=GND Pin=P1-15
Added Pin To Net: NetName=GND Pin=P1-15
Added Pin To Net: NetName=GND Pin=P1-15
Added Pin To Net: NetName=GND Pin=P1-16
Added Pin To Net: NetName=GND Pin=P1-16
Added Pin To Net: NetName=GND Pin=P1-16
Added Pin To Net: NetName=GND Pin=P1-16
Added Pin To Net: NetName=GND Pin=P1-16
Added Pin To Net: NetName=GND Pin=P1-16
Added Pin To Net: NetName=GND Pin=P1-16
Added Pin To Net: NetName=GND Pin=P1-16
Added Net: Name=GND
