Removed Pin From Net: NetName=NetR2A_1 Pin=TP3A-1
Removed Pin From Net: NetName=NetR2B_1 Pin=TP3B-1
Removed Pin From Net: NetName=NetR2C_1 Pin=TP3C-1
Removed Pin From Net: NetName=NetR2D_1 Pin=TP3D-1
Removed Pin From Net: NetName=NetR2E_1 Pin=TP3E-1
Removed Pin From Net: NetName=NetR2F_1 Pin=TP3F-1
Removed Pin From Net: NetName=NetR2G_1 Pin=TP3G-1
Removed Pin From Net: NetName=NetR2H_1 Pin=TP3H-1
Removed Pin From Net: NetName=NetR2I_1 Pin=TP3I-1
Removed Pin From Net: NetName=NetR2J_1 Pin=TP3J-1
Removed Pin From Net: NetName=NetR2K_1 Pin=TP3K-1
Removed Pin From Net: NetName=NetR2L_1 Pin=TP3L-1
Removed Pin From Net: NetName=NetR2M_1 Pin=TP3M-1
Removed Pin From Net: NetName=NetR2N_1 Pin=TP3N-1
Removed Pin From Net: NetName=NetR2O_1 Pin=TP3O-1
Added Pin To Net: NetName=CDO12 Pin=TP3A-1
Added Pin To Net: NetName=CDO13 Pin=TP3B-1
Added Pin To Net: NetName=CDO14 Pin=TP3C-1
Added Pin To Net: NetName=CDO15 Pin=TP3D-1
Added Pin To Net: NetName=CDO10 Pin=TP3E-1
Added Pin To Net: NetName=CDO1 Pin=TP3F-1
Added Pin To Net: NetName=CDO2 Pin=TP3G-1
Added Pin To Net: NetName=CDO3 Pin=TP3H-1
Added Pin To Net: NetName=CDO4 Pin=TP3I-1
Added Pin To Net: NetName=CDO5 Pin=TP3J-1
Added Pin To Net: NetName=CDO6 Pin=TP3K-1
Added Pin To Net: NetName=CDO7 Pin=TP3L-1
Added Pin To Net: NetName=CDO8 Pin=TP3M-1
Added Pin To Net: NetName=CDO9 Pin=TP3N-1
Added Pin To Net: NetName=CDO11 Pin=TP3O-1
