Analysis & Elaboration report for CCD_Simulator
Thu Jan 12 15:18:34 2017
Quartus II Version 9.1 Build 222 10/21/2009 SJ Web Edition


---------------------
; Table of Contents ;
---------------------
  1. Legal Notice
  2. Legal Notice
  3. Flow Summary
  4. Flow Settings
  5. Flow Non-Default Global Settings
  6. Flow Elapsed Time
  7. Flow OS Summary
  8. Flow Log
  9. Analysis & Elaboration Summary
 10. Parallel Compilation
 11. Source assignments for lpm_counter39:inst28|lpm_counter:lpm_counter_component
 12. Source assignments for lpm_counter38:inst26|lpm_counter:lpm_counter_component
 13. Parameter Settings for User Entity Instance: lpm_counter39:inst28|lpm_counter:lpm_counter_component
 14. Parameter Settings for User Entity Instance: lpm_shiftreg10:inst29|lpm_shiftreg:lpm_shiftreg_component
 15. Parameter Settings for User Entity Instance: lpm_counter38:inst26|lpm_counter:lpm_counter_component
 16. Parameter Settings for User Entity Instance: lpm_mux6:inst33|lpm_mux:lpm_mux_component
 17. Parameter Settings for User Entity Instance: lpm_dff22:inst9|lpm_ff:lpm_ff_component
 18. Parameter Settings for User Entity Instance: lpm_mux7:inst36|lpm_mux:lpm_mux_component
 19. Parameter Settings for User Entity Instance: lpm_dff22:inst13|lpm_ff:lpm_ff_component
 20. Parameter Settings for User Entity Instance: lpm_mux7:inst35|lpm_mux:lpm_mux_component
 21. Parameter Settings for User Entity Instance: lpm_dff22:inst15|lpm_ff:lpm_ff_component
 22. Parameter Settings for User Entity Instance: lpm_mux7:inst34|lpm_mux:lpm_mux_component
 23. Parameter Settings for User Entity Instance: lpm_dff22:inst19|lpm_ff:lpm_ff_component
 24. lpm_shiftreg Parameter Settings by Entity Instance
 25. Analysis & Elaboration Settings
 26. Analysis & Elaboration Messages



----------------
; Legal Notice ;
----------------
Copyright (C) 1991-2009 Altera Corporation
Your use of Altera Corporation's design tools, logic functions 
and other software and tools, and its AMPP partner logic 
functions, and any output files from any of the foregoing 
(including device programming or simulation files), and any 
associated documentation or information are expressly subject 
to the terms and conditions of the Altera Program License 
Subscription Agreement, Altera MegaCore Function License 
Agreement, or other applicable license agreement, including, 
without limitation, that your use is for the sole purpose of 
programming logic devices manufactured by Altera and sold by 
Altera or its authorized distributors.  Please refer to the 
applicable agreement for further details.



----------------
; Legal Notice ;
----------------
Copyright (C) 1991-2009 Altera Corporation
Your use of Altera Corporation's design tools, logic functions 
and other software and tools, and its AMPP partner logic 
functions, and any output files from any of the foregoing 
(including device programming or simulation files), and any 
associated documentation or information are expressly subject 
to the terms and conditions of the Altera Program License 
Subscription Agreement, Altera MegaCore Function License 
Agreement, or other applicable license agreement, including, 
without limitation, that your use is for the sole purpose of 
programming logic devices manufactured by Altera and sold by 
Altera or its authorized distributors.  Please refer to the 
applicable agreement for further details.



+------------------------------------------------------------------------------+
; Flow Summary                                                                 ;
+------------------------------------+-----------------------------------------+
; Flow Status                        ; Successful - Thu Jan 12 15:18:33 2017   ;
; Quartus II Version                 ; 9.1 Build 222 10/21/2009 SJ Web Edition ;
; Revision Name                      ; CCD_Simulator                           ;
; Top-level Entity Name              ; ccd_simulator                           ;
; Family                             ; Cyclone III                             ;
; Device                             ; EP3C16F256C6                            ;
; Timing Models                      ; Final                                   ;
; Met timing requirements            ; N/A                                     ;
; Total logic elements               ; N/A until Partition Merge               ;
;     Total combinational functions  ; N/A until Partition Merge               ;
;     Dedicated logic registers      ; N/A until Partition Merge               ;
; Total registers                    ; N/A until Partition Merge               ;
; Total pins                         ; N/A until Partition Merge               ;
; Total virtual pins                 ; N/A until Partition Merge               ;
; Total memory bits                  ; N/A until Partition Merge               ;
; Embedded Multiplier 9-bit elements ; N/A until Partition Merge               ;
; Total PLLs                         ; N/A until Partition Merge               ;
+------------------------------------+-----------------------------------------+


+-----------------------------------------+
; Flow Settings                           ;
+-------------------+---------------------+
; Option            ; Setting             ;
+-------------------+---------------------+
; Start date & time ; 01/12/2017 15:18:27 ;
; Main task         ; Compilation         ;
; Revision Name     ; CCD_Simulator       ;
+-------------------+---------------------+


+--------------------------------------------------------------------------------------------------------------------+
; Flow Non-Default Global Settings                                                                                   ;
+------------------------------------+--------------------------------+---------------+-------------+----------------+
; Assignment Name                    ; Value                          ; Default Value ; Entity Name ; Section Id     ;
+------------------------------------+--------------------------------+---------------+-------------+----------------+
; COMPILER_SIGNATURE_ID              ; 88491852841353.148426310707060 ; --            ; --          ; --             ;
; CYCLONEII_OPTIMIZATION_TECHNIQUE   ; Area                           ; Balanced      ; --          ; --             ;
; IP_TOOL_NAME                       ; LPM_MUX                        ; --            ; --          ; --             ;
; IP_TOOL_NAME                       ; LPM_COUNTER                    ; --            ; --          ; --             ;
; IP_TOOL_NAME                       ; LPM_CONSTANT                   ; --            ; --          ; --             ;
; IP_TOOL_VERSION                    ; 9.0                            ; --            ; --          ; --             ;
; IP_TOOL_VERSION                    ; 9.0                            ; --            ; --          ; --             ;
; IP_TOOL_VERSION                    ; 9.0                            ; --            ; --          ; --             ;
; MAX_CORE_JUNCTION_TEMP             ; 85                             ; --            ; --          ; --             ;
; MIN_CORE_JUNCTION_TEMP             ; 0                              ; --            ; --          ; --             ;
; MISC_FILE                          ; lpm_mux7.tdf                   ; --            ; --          ; --             ;
; MISC_FILE                          ; lpm_mux7.bsf                   ; --            ; --          ; --             ;
; MISC_FILE                          ; lpm_mux7.inc                   ; --            ; --          ; --             ;
; MISC_FILE                          ; lpm_counter40.tdf              ; --            ; --          ; --             ;
; MISC_FILE                          ; lpm_counter40.bsf              ; --            ; --          ; --             ;
; MISC_FILE                          ; lpm_counter40.inc              ; --            ; --          ; --             ;
; MISC_FILE                          ; lpm_constant11.tdf             ; --            ; --          ; --             ;
; MISC_FILE                          ; lpm_constant11.bsf             ; --            ; --          ; --             ;
; MISC_FILE                          ; lpm_constant11.inc             ; --            ; --          ; --             ;
; NOMINAL_CORE_SUPPLY_VOLTAGE        ; 1.2V                           ; --            ; --          ; --             ;
; PARTITION_COLOR                    ; 16764057                       ; --            ; --          ; Top            ;
; PARTITION_NETLIST_TYPE             ; SOURCE                         ; --            ; --          ; Top            ;
; USE_GENERATED_PHYSICAL_CONSTRAINTS ; Off                            ; --            ; --          ; eda_blast_fpga ;
; USE_TIMEQUEST_TIMING_ANALYZER      ; Off                            ; On            ; --          ; --             ;
+------------------------------------+--------------------------------+---------------+-------------+----------------+


+----------------------------------------------------------------------------------------------------------------------------+
; Flow Elapsed Time                                                                                                          ;
+------------------------+--------------+-------------------------+---------------------+------------------------------------+
; Module Name            ; Elapsed Time ; Average Processors Used ; Peak Virtual Memory ; Total CPU Time (on all processors) ;
+------------------------+--------------+-------------------------+---------------------+------------------------------------+
; Analysis & Elaboration ; 00:00:09     ; 1.0                     ; 238 MB              ; 00:00:05                           ;
; Total                  ; 00:00:09     ; --                      ; --                  ; 00:00:05                           ;
+------------------------+--------------+-------------------------+---------------------+------------------------------------+


+-----------------------------------------------------------------------------------------+
; Flow OS Summary                                                                         ;
+------------------------+------------------+---------------+------------+----------------+
; Module Name            ; Machine Hostname ; OS Name       ; OS Version ; Processor type ;
+------------------------+------------------+---------------+------------+----------------+
; Analysis & Elaboration ; LAPTOP-EU33HLFE  ; Windows Vista ; 6.2        ; x86_64         ;
+------------------------+------------------+---------------+------------+----------------+


------------
; Flow Log ;
------------
quartus_map --read_settings_files=on --write_settings_files=off CCD_Simulator -c CCD_Simulator --analysis_and_elaboration



+------------------------------------------------------------------------------+
; Analysis & Elaboration Summary                                               ;
+------------------------------------+-----------------------------------------+
; Analysis & Elaboration Status      ; Successful - Thu Jan 12 15:18:33 2017   ;
; Quartus II Version                 ; 9.1 Build 222 10/21/2009 SJ Web Edition ;
; Revision Name                      ; CCD_Simulator                           ;
; Top-level Entity Name              ; ccd_simulator                           ;
; Family                             ; Cyclone III                             ;
; Total logic elements               ; N/A until Partition Merge               ;
;     Total combinational functions  ; N/A until Partition Merge               ;
;     Dedicated logic registers      ; N/A until Partition Merge               ;
; Total registers                    ; N/A until Partition Merge               ;
; Total pins                         ; N/A until Partition Merge               ;
; Total virtual pins                 ; N/A until Partition Merge               ;
; Total memory bits                  ; N/A until Partition Merge               ;
; Embedded Multiplier 9-bit elements ; N/A until Partition Merge               ;
; Total PLLs                         ; N/A until Partition Merge               ;
+------------------------------------+-----------------------------------------+


Parallel compilation was disabled, but you have multiple processors available. Enable parallel compilation to reduce compilation time.
+-------------------------------------+
; Parallel Compilation                ;
+----------------------------+--------+
; Processors                 ; Number ;
+----------------------------+--------+
; Number detected on machine ; 2      ;
; Maximum allowed            ; 1      ;
+----------------------------+--------+


+-------------------------------------------------------------------------------+
; Source assignments for lpm_counter39:inst28|lpm_counter:lpm_counter_component ;
+---------------------------+-------+------+------------------------------------+
; Assignment                ; Value ; From ; To                                 ;
+---------------------------+-------+------+------------------------------------+
; SUPPRESS_DA_RULE_INTERNAL ; a101  ; -    ; -                                  ;
; SUPPRESS_DA_RULE_INTERNAL ; s102  ; -    ; -                                  ;
; SUPPRESS_DA_RULE_INTERNAL ; s103  ; -    ; -                                  ;
+---------------------------+-------+------+------------------------------------+


+-------------------------------------------------------------------------------+
; Source assignments for lpm_counter38:inst26|lpm_counter:lpm_counter_component ;
+---------------------------+-------+------+------------------------------------+
; Assignment                ; Value ; From ; To                                 ;
+---------------------------+-------+------+------------------------------------+
; SUPPRESS_DA_RULE_INTERNAL ; a101  ; -    ; -                                  ;
; SUPPRESS_DA_RULE_INTERNAL ; s102  ; -    ; -                                  ;
; SUPPRESS_DA_RULE_INTERNAL ; s103  ; -    ; -                                  ;
+---------------------------+-------+------+------------------------------------+


+-----------------------------------------------------------------------------------------------------+
; Parameter Settings for User Entity Instance: lpm_counter39:inst28|lpm_counter:lpm_counter_component ;
+------------------------+-------------+--------------------------------------------------------------+
; Parameter Name         ; Value       ; Type                                                         ;
+------------------------+-------------+--------------------------------------------------------------+
; AUTO_CARRY_CHAINS      ; ON          ; AUTO_CARRY                                                   ;
; IGNORE_CARRY_BUFFERS   ; OFF         ; IGNORE_CARRY                                                 ;
; AUTO_CASCADE_CHAINS    ; ON          ; AUTO_CASCADE                                                 ;
; IGNORE_CASCADE_BUFFERS ; OFF         ; IGNORE_CASCADE                                               ;
; LPM_WIDTH              ; 2           ; Untyped                                                      ;
; LPM_DIRECTION          ; DOWN        ; Untyped                                                      ;
; LPM_MODULUS            ; 3           ; Untyped                                                      ;
; LPM_AVALUE             ; UNUSED      ; Untyped                                                      ;
; LPM_SVALUE             ; 0           ; Untyped                                                      ;
; LPM_PORT_UPDOWN        ; PORT_UNUSED ; Untyped                                                      ;
; DEVICE_FAMILY          ; Cyclone III ; Untyped                                                      ;
; CARRY_CHAIN            ; MANUAL      ; Untyped                                                      ;
; CARRY_CHAIN_LENGTH     ; 48          ; CARRY_CHAIN_LENGTH                                           ;
; NOT_GATE_PUSH_BACK     ; ON          ; NOT_GATE_PUSH_BACK                                           ;
; CARRY_CNT_EN           ; SMART       ; Untyped                                                      ;
; LABWIDE_SCLR           ; ON          ; Untyped                                                      ;
; USE_NEW_VERSION        ; TRUE        ; Untyped                                                      ;
; CBXI_PARAMETER         ; cntr_0fm    ; Untyped                                                      ;
+------------------------+-------------+--------------------------------------------------------------+
Note: In order to hide this table in the UI and the text report file, please set the "Show Parameter Settings Tables in Synthesis Report" option in "Analysis and Synthesis Settings -> More Settings" to "Off".


+--------------------------------------------------------------------------------------------------------+
; Parameter Settings for User Entity Instance: lpm_shiftreg10:inst29|lpm_shiftreg:lpm_shiftreg_component ;
+------------------------+-------------+-----------------------------------------------------------------+
; Parameter Name         ; Value       ; Type                                                            ;
+------------------------+-------------+-----------------------------------------------------------------+
; LPM_WIDTH              ; 2           ; Untyped                                                         ;
; LPM_DIRECTION          ; LEFT        ; Untyped                                                         ;
; LPM_AVALUE             ; UNUSED      ; Untyped                                                         ;
; LPM_SVALUE             ; UNUSED      ; Untyped                                                         ;
; DEVICE_FAMILY          ; Cyclone III ; Untyped                                                         ;
; AUTO_CARRY_CHAINS      ; ON          ; AUTO_CARRY                                                      ;
; IGNORE_CARRY_BUFFERS   ; OFF         ; IGNORE_CARRY                                                    ;
; AUTO_CASCADE_CHAINS    ; ON          ; AUTO_CASCADE                                                    ;
; IGNORE_CASCADE_BUFFERS ; OFF         ; IGNORE_CASCADE                                                  ;
+------------------------+-------------+-----------------------------------------------------------------+
Note: In order to hide this table in the UI and the text report file, please set the "Show Parameter Settings Tables in Synthesis Report" option in "Analysis and Synthesis Settings -> More Settings" to "Off".


+-----------------------------------------------------------------------------------------------------+
; Parameter Settings for User Entity Instance: lpm_counter38:inst26|lpm_counter:lpm_counter_component ;
+------------------------+-------------+--------------------------------------------------------------+
; Parameter Name         ; Value       ; Type                                                         ;
+------------------------+-------------+--------------------------------------------------------------+
; AUTO_CARRY_CHAINS      ; ON          ; AUTO_CARRY                                                   ;
; IGNORE_CARRY_BUFFERS   ; OFF         ; IGNORE_CARRY                                                 ;
; AUTO_CASCADE_CHAINS    ; ON          ; AUTO_CASCADE                                                 ;
; IGNORE_CASCADE_BUFFERS ; OFF         ; IGNORE_CASCADE                                               ;
; LPM_WIDTH              ; 3           ; Untyped                                                      ;
; LPM_DIRECTION          ; UP          ; Untyped                                                      ;
; LPM_MODULUS            ; 0           ; Untyped                                                      ;
; LPM_AVALUE             ; UNUSED      ; Untyped                                                      ;
; LPM_SVALUE             ; UNUSED      ; Untyped                                                      ;
; LPM_PORT_UPDOWN        ; PORT_UNUSED ; Untyped                                                      ;
; DEVICE_FAMILY          ; Cyclone III ; Untyped                                                      ;
; CARRY_CHAIN            ; MANUAL      ; Untyped                                                      ;
; CARRY_CHAIN_LENGTH     ; 48          ; CARRY_CHAIN_LENGTH                                           ;
; NOT_GATE_PUSH_BACK     ; ON          ; NOT_GATE_PUSH_BACK                                           ;
; CARRY_CNT_EN           ; SMART       ; Untyped                                                      ;
; LABWIDE_SCLR           ; ON          ; Untyped                                                      ;
; USE_NEW_VERSION        ; TRUE        ; Untyped                                                      ;
; CBXI_PARAMETER         ; cntr_haj    ; Untyped                                                      ;
+------------------------+-------------+--------------------------------------------------------------+
Note: In order to hide this table in the UI and the text report file, please set the "Show Parameter Settings Tables in Synthesis Report" option in "Analysis and Synthesis Settings -> More Settings" to "Off".


+----------------------------------------------------------------------------------------+
; Parameter Settings for User Entity Instance: lpm_mux6:inst33|lpm_mux:lpm_mux_component ;
+------------------------+-------------+-------------------------------------------------+
; Parameter Name         ; Value       ; Type                                            ;
+------------------------+-------------+-------------------------------------------------+
; AUTO_CARRY_CHAINS      ; ON          ; AUTO_CARRY                                      ;
; IGNORE_CARRY_BUFFERS   ; OFF         ; IGNORE_CARRY                                    ;
; AUTO_CASCADE_CHAINS    ; ON          ; AUTO_CASCADE                                    ;
; IGNORE_CASCADE_BUFFERS ; OFF         ; IGNORE_CASCADE                                  ;
; LPM_WIDTH              ; 8           ; Untyped                                         ;
; LPM_SIZE               ; 2           ; Untyped                                         ;
; LPM_WIDTHS             ; 1           ; Untyped                                         ;
; LPM_PIPELINE           ; 1           ; Untyped                                         ;
; CBXI_PARAMETER         ; mux_a9f     ; Untyped                                         ;
; DEVICE_FAMILY          ; Cyclone III ; Untyped                                         ;
+------------------------+-------------+-------------------------------------------------+
Note: In order to hide this table in the UI and the text report file, please set the "Show Parameter Settings Tables in Synthesis Report" option in "Analysis and Synthesis Settings -> More Settings" to "Off".


+--------------------------------------------------------------------------------------+
; Parameter Settings for User Entity Instance: lpm_dff22:inst9|lpm_ff:lpm_ff_component ;
+------------------------+-------------+-----------------------------------------------+
; Parameter Name         ; Value       ; Type                                          ;
+------------------------+-------------+-----------------------------------------------+
; LPM_WIDTH              ; 16          ; Untyped                                       ;
; LPM_AVALUE             ; UNUSED      ; Untyped                                       ;
; LPM_SVALUE             ; UNUSED      ; Untyped                                       ;
; LPM_FFTYPE             ; DFF         ; Untyped                                       ;
; DEVICE_FAMILY          ; Cyclone III ; Untyped                                       ;
; CBXI_PARAMETER         ; NOTHING     ; Untyped                                       ;
; AUTO_CARRY_CHAINS      ; ON          ; AUTO_CARRY                                    ;
; IGNORE_CARRY_BUFFERS   ; OFF         ; IGNORE_CARRY                                  ;
; AUTO_CASCADE_CHAINS    ; ON          ; AUTO_CASCADE                                  ;
; IGNORE_CASCADE_BUFFERS ; OFF         ; IGNORE_CASCADE                                ;
+------------------------+-------------+-----------------------------------------------+
Note: In order to hide this table in the UI and the text report file, please set the "Show Parameter Settings Tables in Synthesis Report" option in "Analysis and Synthesis Settings -> More Settings" to "Off".


+----------------------------------------------------------------------------------------+
; Parameter Settings for User Entity Instance: lpm_mux7:inst36|lpm_mux:lpm_mux_component ;
+------------------------+-------------+-------------------------------------------------+
; Parameter Name         ; Value       ; Type                                            ;
+------------------------+-------------+-------------------------------------------------+
; AUTO_CARRY_CHAINS      ; ON          ; AUTO_CARRY                                      ;
; IGNORE_CARRY_BUFFERS   ; OFF         ; IGNORE_CARRY                                    ;
; AUTO_CASCADE_CHAINS    ; ON          ; AUTO_CASCADE                                    ;
; IGNORE_CASCADE_BUFFERS ; OFF         ; IGNORE_CASCADE                                  ;
; LPM_WIDTH              ; 16          ; Untyped                                         ;
; LPM_SIZE               ; 2           ; Untyped                                         ;
; LPM_WIDTHS             ; 1           ; Untyped                                         ;
; LPM_PIPELINE           ; 0           ; Untyped                                         ;
; CBXI_PARAMETER         ; mux_krc     ; Untyped                                         ;
; DEVICE_FAMILY          ; Cyclone III ; Untyped                                         ;
+------------------------+-------------+-------------------------------------------------+
Note: In order to hide this table in the UI and the text report file, please set the "Show Parameter Settings Tables in Synthesis Report" option in "Analysis and Synthesis Settings -> More Settings" to "Off".


+---------------------------------------------------------------------------------------+
; Parameter Settings for User Entity Instance: lpm_dff22:inst13|lpm_ff:lpm_ff_component ;
+------------------------+-------------+------------------------------------------------+
; Parameter Name         ; Value       ; Type                                           ;
+------------------------+-------------+------------------------------------------------+
; LPM_WIDTH              ; 16          ; Untyped                                        ;
; LPM_AVALUE             ; UNUSED      ; Untyped                                        ;
; LPM_SVALUE             ; UNUSED      ; Untyped                                        ;
; LPM_FFTYPE             ; DFF         ; Untyped                                        ;
; DEVICE_FAMILY          ; Cyclone III ; Untyped                                        ;
; CBXI_PARAMETER         ; NOTHING     ; Untyped                                        ;
; AUTO_CARRY_CHAINS      ; ON          ; AUTO_CARRY                                     ;
; IGNORE_CARRY_BUFFERS   ; OFF         ; IGNORE_CARRY                                   ;
; AUTO_CASCADE_CHAINS    ; ON          ; AUTO_CASCADE                                   ;
; IGNORE_CASCADE_BUFFERS ; OFF         ; IGNORE_CASCADE                                 ;
+------------------------+-------------+------------------------------------------------+
Note: In order to hide this table in the UI and the text report file, please set the "Show Parameter Settings Tables in Synthesis Report" option in "Analysis and Synthesis Settings -> More Settings" to "Off".


+----------------------------------------------------------------------------------------+
; Parameter Settings for User Entity Instance: lpm_mux7:inst35|lpm_mux:lpm_mux_component ;
+------------------------+-------------+-------------------------------------------------+
; Parameter Name         ; Value       ; Type                                            ;
+------------------------+-------------+-------------------------------------------------+
; AUTO_CARRY_CHAINS      ; ON          ; AUTO_CARRY                                      ;
; IGNORE_CARRY_BUFFERS   ; OFF         ; IGNORE_CARRY                                    ;
; AUTO_CASCADE_CHAINS    ; ON          ; AUTO_CASCADE                                    ;
; IGNORE_CASCADE_BUFFERS ; OFF         ; IGNORE_CASCADE                                  ;
; LPM_WIDTH              ; 16          ; Untyped                                         ;
; LPM_SIZE               ; 2           ; Untyped                                         ;
; LPM_WIDTHS             ; 1           ; Untyped                                         ;
; LPM_PIPELINE           ; 0           ; Untyped                                         ;
; CBXI_PARAMETER         ; mux_krc     ; Untyped                                         ;
; DEVICE_FAMILY          ; Cyclone III ; Untyped                                         ;
+------------------------+-------------+-------------------------------------------------+
Note: In order to hide this table in the UI and the text report file, please set the "Show Parameter Settings Tables in Synthesis Report" option in "Analysis and Synthesis Settings -> More Settings" to "Off".


+---------------------------------------------------------------------------------------+
; Parameter Settings for User Entity Instance: lpm_dff22:inst15|lpm_ff:lpm_ff_component ;
+------------------------+-------------+------------------------------------------------+
; Parameter Name         ; Value       ; Type                                           ;
+------------------------+-------------+------------------------------------------------+
; LPM_WIDTH              ; 16          ; Untyped                                        ;
; LPM_AVALUE             ; UNUSED      ; Untyped                                        ;
; LPM_SVALUE             ; UNUSED      ; Untyped                                        ;
; LPM_FFTYPE             ; DFF         ; Untyped                                        ;
; DEVICE_FAMILY          ; Cyclone III ; Untyped                                        ;
; CBXI_PARAMETER         ; NOTHING     ; Untyped                                        ;
; AUTO_CARRY_CHAINS      ; ON          ; AUTO_CARRY                                     ;
; IGNORE_CARRY_BUFFERS   ; OFF         ; IGNORE_CARRY                                   ;
; AUTO_CASCADE_CHAINS    ; ON          ; AUTO_CASCADE                                   ;
; IGNORE_CASCADE_BUFFERS ; OFF         ; IGNORE_CASCADE                                 ;
+------------------------+-------------+------------------------------------------------+
Note: In order to hide this table in the UI and the text report file, please set the "Show Parameter Settings Tables in Synthesis Report" option in "Analysis and Synthesis Settings -> More Settings" to "Off".


+----------------------------------------------------------------------------------------+
; Parameter Settings for User Entity Instance: lpm_mux7:inst34|lpm_mux:lpm_mux_component ;
+------------------------+-------------+-------------------------------------------------+
; Parameter Name         ; Value       ; Type                                            ;
+------------------------+-------------+-------------------------------------------------+
; AUTO_CARRY_CHAINS      ; ON          ; AUTO_CARRY                                      ;
; IGNORE_CARRY_BUFFERS   ; OFF         ; IGNORE_CARRY                                    ;
; AUTO_CASCADE_CHAINS    ; ON          ; AUTO_CASCADE                                    ;
; IGNORE_CASCADE_BUFFERS ; OFF         ; IGNORE_CASCADE                                  ;
; LPM_WIDTH              ; 16          ; Untyped                                         ;
; LPM_SIZE               ; 2           ; Untyped                                         ;
; LPM_WIDTHS             ; 1           ; Untyped                                         ;
; LPM_PIPELINE           ; 0           ; Untyped                                         ;
; CBXI_PARAMETER         ; mux_krc     ; Untyped                                         ;
; DEVICE_FAMILY          ; Cyclone III ; Untyped                                         ;
+------------------------+-------------+-------------------------------------------------+
Note: In order to hide this table in the UI and the text report file, please set the "Show Parameter Settings Tables in Synthesis Report" option in "Analysis and Synthesis Settings -> More Settings" to "Off".


+---------------------------------------------------------------------------------------+
; Parameter Settings for User Entity Instance: lpm_dff22:inst19|lpm_ff:lpm_ff_component ;
+------------------------+-------------+------------------------------------------------+
; Parameter Name         ; Value       ; Type                                           ;
+------------------------+-------------+------------------------------------------------+
; LPM_WIDTH              ; 16          ; Untyped                                        ;
; LPM_AVALUE             ; UNUSED      ; Untyped                                        ;
; LPM_SVALUE             ; UNUSED      ; Untyped                                        ;
; LPM_FFTYPE             ; DFF         ; Untyped                                        ;
; DEVICE_FAMILY          ; Cyclone III ; Untyped                                        ;
; CBXI_PARAMETER         ; NOTHING     ; Untyped                                        ;
; AUTO_CARRY_CHAINS      ; ON          ; AUTO_CARRY                                     ;
; IGNORE_CARRY_BUFFERS   ; OFF         ; IGNORE_CARRY                                   ;
; AUTO_CASCADE_CHAINS    ; ON          ; AUTO_CASCADE                                   ;
; IGNORE_CASCADE_BUFFERS ; OFF         ; IGNORE_CASCADE                                 ;
+------------------------+-------------+------------------------------------------------+
Note: In order to hide this table in the UI and the text report file, please set the "Show Parameter Settings Tables in Synthesis Report" option in "Analysis and Synthesis Settings -> More Settings" to "Off".


+----------------------------------------------------------------------------------------+
; lpm_shiftreg Parameter Settings by Entity Instance                                     ;
+----------------------------+-----------------------------------------------------------+
; Name                       ; Value                                                     ;
+----------------------------+-----------------------------------------------------------+
; Number of entity instances ; 1                                                         ;
; Entity Instance            ; lpm_shiftreg10:inst29|lpm_shiftreg:lpm_shiftreg_component ;
;     -- LPM_WIDTH           ; 2                                                         ;
;     -- LPM_DIRECTION       ; LEFT                                                      ;
+----------------------------+-----------------------------------------------------------+


+----------------------------------------------------------------------------------------------------------------------+
; Analysis & Elaboration Settings                                                                                      ;
+----------------------------------------------------------------------------+--------------------+--------------------+
; Option                                                                     ; Setting            ; Default Value      ;
+----------------------------------------------------------------------------+--------------------+--------------------+
; Device                                                                     ; EP3C16F256C6       ;                    ;
; Top-level entity name                                                      ; CCD_Simulator      ; CCD_Simulator      ;
; Family name                                                                ; Cyclone III        ; Stratix II         ;
; Optimization Technique                                                     ; Area               ; Balanced           ;
; Use Generated Physical Constraints File                                    ; Off                ;                    ;
; Use smart compilation                                                      ; Off                ; Off                ;
; Enable parallel Assembler and TimeQuest Timing Analyzer during compilation ; On                 ; On                 ;
; Enable compact report table                                                ; Off                ; Off                ;
; Restructure Multiplexers                                                   ; Auto               ; Auto               ;
; Create Debugging Nodes for IP Cores                                        ; Off                ; Off                ;
; Preserve fewer node names                                                  ; On                 ; On                 ;
; Disable OpenCore Plus hardware evaluation                                  ; Off                ; Off                ;
; Verilog Version                                                            ; Verilog_2001       ; Verilog_2001       ;
; VHDL Version                                                               ; VHDL_1993          ; VHDL_1993          ;
; State Machine Processing                                                   ; Auto               ; Auto               ;
; Safe State Machine                                                         ; Off                ; Off                ;
; Extract Verilog State Machines                                             ; On                 ; On                 ;
; Extract VHDL State Machines                                                ; On                 ; On                 ;
; Ignore Verilog initial constructs                                          ; Off                ; Off                ;
; Iteration limit for constant Verilog loops                                 ; 5000               ; 5000               ;
; Iteration limit for non-constant Verilog loops                             ; 250                ; 250                ;
; Add Pass-Through Logic to Inferred RAMs                                    ; On                 ; On                 ;
; Parallel Synthesis                                                         ; Off                ; Off                ;
; DSP Block Balancing                                                        ; Auto               ; Auto               ;
; NOT Gate Push-Back                                                         ; On                 ; On                 ;
; Power-Up Don't Care                                                        ; On                 ; On                 ;
; Remove Redundant Logic Cells                                               ; Off                ; Off                ;
; Remove Duplicate Registers                                                 ; On                 ; On                 ;
; Ignore CARRY Buffers                                                       ; Off                ; Off                ;
; Ignore CASCADE Buffers                                                     ; Off                ; Off                ;
; Ignore GLOBAL Buffers                                                      ; Off                ; Off                ;
; Ignore ROW GLOBAL Buffers                                                  ; Off                ; Off                ;
; Ignore LCELL Buffers                                                       ; Off                ; Off                ;
; Ignore SOFT Buffers                                                        ; On                 ; On                 ;
; Limit AHDL Integers to 32 Bits                                             ; Off                ; Off                ;
; Carry Chain Length                                                         ; 70                 ; 70                 ;
; Auto Carry Chains                                                          ; On                 ; On                 ;
; Auto Open-Drain Pins                                                       ; On                 ; On                 ;
; Perform WYSIWYG Primitive Resynthesis                                      ; Off                ; Off                ;
; Auto ROM Replacement                                                       ; On                 ; On                 ;
; Auto RAM Replacement                                                       ; On                 ; On                 ;
; Auto DSP Block Replacement                                                 ; On                 ; On                 ;
; Auto Shift Register Replacement                                            ; Auto               ; Auto               ;
; Auto Clock Enable Replacement                                              ; On                 ; On                 ;
; Strict RAM Replacement                                                     ; Off                ; Off                ;
; Allow Synchronous Control Signals                                          ; On                 ; On                 ;
; Force Use of Synchronous Clear Signals                                     ; Off                ; Off                ;
; Auto RAM Block Balancing                                                   ; On                 ; On                 ;
; Auto RAM to Logic Cell Conversion                                          ; Off                ; Off                ;
; Auto Resource Sharing                                                      ; Off                ; Off                ;
; Allow Any RAM Size For Recognition                                         ; Off                ; Off                ;
; Allow Any ROM Size For Recognition                                         ; Off                ; Off                ;
; Allow Any Shift Register Size For Recognition                              ; Off                ; Off                ;
; Use LogicLock Constraints during Resource Balancing                        ; On                 ; On                 ;
; Ignore translate_off and synthesis_off directives                          ; Off                ; Off                ;
; Timing-Driven Synthesis                                                    ; Off                ; Off                ;
; Show Parameter Settings Tables in Synthesis Report                         ; On                 ; On                 ;
; Ignore Maximum Fan-Out Assignments                                         ; Off                ; Off                ;
; Synchronization Register Chain Length                                      ; 2                  ; 2                  ;
; PowerPlay Power Optimization                                               ; Normal compilation ; Normal compilation ;
; HDL message level                                                          ; Level2             ; Level2             ;
; Suppress Register Optimization Related Messages                            ; Off                ; Off                ;
; Number of Removed Registers Reported in Synthesis Report                   ; 100                ; 100                ;
; Number of Inverted Registers Reported in Synthesis Report                  ; 100                ; 100                ;
; Clock MUX Protection                                                       ; On                 ; On                 ;
; Auto Gated Clock Conversion                                                ; Off                ; Off                ;
; Block Design Naming                                                        ; Auto               ; Auto               ;
; SDC constraint protection                                                  ; Off                ; Off                ;
; Synthesis Effort                                                           ; Auto               ; Auto               ;
; Shift Register Replacement - Allow Asynchronous Clear Signal               ; On                 ; On                 ;
; Analysis & Synthesis Message Level                                         ; Medium             ; Medium             ;
; Disable Register Merging Across Hierarchies                                ; Auto               ; Auto               ;
; Resource Aware Inference For Block RAM                                     ; On                 ; On                 ;
+----------------------------------------------------------------------------+--------------------+--------------------+


+---------------------------------+
; Analysis & Elaboration Messages ;
+---------------------------------+
Info: *******************************************************************
Info: Running Quartus II Analysis & Elaboration
    Info: Version 9.1 Build 222 10/21/2009 SJ Web Edition
    Info: Processing started: Thu Jan 12 15:18:24 2017
Info: Command: quartus_map --read_settings_files=on --write_settings_files=off CCD_Simulator -c CCD_Simulator --analysis_and_elaboration
Warning: Using design file ccd_simulator.bdf, which is not specified as a design file for the current project, but contains definitions for 1 design units and 1 entities in project
    Info: Found entity 1: ccd_simulator
Info: Elaborating entity "CCD_Simulator" for the top level hierarchy
Warning: Using design file lpm_counter39.tdf, which is not specified as a design file for the current project, but contains definitions for 1 design units and 1 entities in project
    Info: Found entity 1: lpm_counter39
Info: Elaborating entity "lpm_counter39" for hierarchy "lpm_counter39:inst28"
Info: Elaborating entity "lpm_counter" for hierarchy "lpm_counter39:inst28|lpm_counter:lpm_counter_component"
Info: Elaborated megafunction instantiation "lpm_counter39:inst28|lpm_counter:lpm_counter_component"
Info: Instantiated megafunction "lpm_counter39:inst28|lpm_counter:lpm_counter_component" with the following parameter:
    Info: Parameter "LPM_TYPE" = "LPM_COUNTER"
    Info: Parameter "LPM_WIDTH" = "2"
    Info: Parameter "LPM_DIRECTION" = "DOWN"
    Info: Parameter "LPM_MODULUS" = "3"
    Info: Parameter "LPM_SVALUE" = "0"
    Info: Parameter "LPM_PORT_UPDOWN" = "PORT_UNUSED"
Info: Found 1 design units, including 1 entities, in source file db/cntr_0fm.tdf
    Info: Found entity 1: cntr_0fm
Info: Elaborating entity "cntr_0fm" for hierarchy "lpm_counter39:inst28|lpm_counter:lpm_counter_component|cntr_0fm:auto_generated"
Warning: Using design file lpm_shiftreg10.tdf, which is not specified as a design file for the current project, but contains definitions for 1 design units and 1 entities in project
    Info: Found entity 1: lpm_shiftreg10
Info: Elaborating entity "lpm_shiftreg10" for hierarchy "lpm_shiftreg10:inst29"
Info: Elaborating entity "lpm_shiftreg" for hierarchy "lpm_shiftreg10:inst29|lpm_shiftreg:lpm_shiftreg_component"
Info: Elaborated megafunction instantiation "lpm_shiftreg10:inst29|lpm_shiftreg:lpm_shiftreg_component"
Info: Instantiated megafunction "lpm_shiftreg10:inst29|lpm_shiftreg:lpm_shiftreg_component" with the following parameter:
    Info: Parameter "LPM_TYPE" = "LPM_SHIFTREG"
    Info: Parameter "LPM_WIDTH" = "2"
    Info: Parameter "LPM_DIRECTION" = "LEFT"
Warning: Using design file lpm_counter38.tdf, which is not specified as a design file for the current project, but contains definitions for 1 design units and 1 entities in project
    Info: Found entity 1: lpm_counter38
Info: Elaborating entity "lpm_counter38" for hierarchy "lpm_counter38:inst26"
Info: Elaborating entity "lpm_counter" for hierarchy "lpm_counter38:inst26|lpm_counter:lpm_counter_component"
Info: Elaborated megafunction instantiation "lpm_counter38:inst26|lpm_counter:lpm_counter_component"
Info: Instantiated megafunction "lpm_counter38:inst26|lpm_counter:lpm_counter_component" with the following parameter:
    Info: Parameter "LPM_TYPE" = "LPM_COUNTER"
    Info: Parameter "LPM_WIDTH" = "3"
    Info: Parameter "LPM_DIRECTION" = "UP"
    Info: Parameter "LPM_PORT_UPDOWN" = "PORT_UNUSED"
Info: Found 1 design units, including 1 entities, in source file db/cntr_haj.tdf
    Info: Found entity 1: cntr_haj
Info: Elaborating entity "cntr_haj" for hierarchy "lpm_counter38:inst26|lpm_counter:lpm_counter_component|cntr_haj:auto_generated"
Warning: Using design file lpm_mux6.tdf, which is not specified as a design file for the current project, but contains definitions for 1 design units and 1 entities in project
    Info: Found entity 1: lpm_mux6
Info: Elaborating entity "lpm_mux6" for hierarchy "lpm_mux6:inst33"
Info: Elaborating entity "lpm_mux" for hierarchy "lpm_mux6:inst33|lpm_mux:lpm_mux_component"
Info: Elaborated megafunction instantiation "lpm_mux6:inst33|lpm_mux:lpm_mux_component"
Info: Instantiated megafunction "lpm_mux6:inst33|lpm_mux:lpm_mux_component" with the following parameter:
    Info: Parameter "LPM_TYPE" = "LPM_MUX"
    Info: Parameter "LPM_WIDTH" = "8"
    Info: Parameter "LPM_SIZE" = "2"
    Info: Parameter "LPM_WIDTHS" = "1"
    Info: Parameter "LPM_PIPELINE" = "1"
Info: Found 1 design units, including 1 entities, in source file db/mux_a9f.tdf
    Info: Found entity 1: mux_a9f
Info: Elaborating entity "mux_a9f" for hierarchy "lpm_mux6:inst33|lpm_mux:lpm_mux_component|mux_a9f:auto_generated"
Warning: Using design file lpm_dff22.tdf, which is not specified as a design file for the current project, but contains definitions for 1 design units and 1 entities in project
    Info: Found entity 1: lpm_dff22
Info: Elaborating entity "lpm_dff22" for hierarchy "lpm_dff22:inst9"
Info: Elaborating entity "lpm_ff" for hierarchy "lpm_dff22:inst9|lpm_ff:lpm_ff_component"
Info: Elaborated megafunction instantiation "lpm_dff22:inst9|lpm_ff:lpm_ff_component"
Info: Instantiated megafunction "lpm_dff22:inst9|lpm_ff:lpm_ff_component" with the following parameter:
    Info: Parameter "LPM_TYPE" = "LPM_FF"
    Info: Parameter "LPM_WIDTH" = "16"
    Info: Parameter "LPM_FFTYPE" = "DFF"
Warning: Using design file lpm_mux7.tdf, which is not specified as a design file for the current project, but contains definitions for 1 design units and 1 entities in project
    Info: Found entity 1: lpm_mux7
Info: Elaborating entity "lpm_mux7" for hierarchy "lpm_mux7:inst36"
Info: Elaborating entity "lpm_mux" for hierarchy "lpm_mux7:inst36|lpm_mux:lpm_mux_component"
Info: Elaborated megafunction instantiation "lpm_mux7:inst36|lpm_mux:lpm_mux_component"
Info: Instantiated megafunction "lpm_mux7:inst36|lpm_mux:lpm_mux_component" with the following parameter:
    Info: Parameter "LPM_TYPE" = "LPM_MUX"
    Info: Parameter "LPM_WIDTH" = "16"
    Info: Parameter "LPM_SIZE" = "2"
    Info: Parameter "LPM_WIDTHS" = "1"
Info: Found 1 design units, including 1 entities, in source file db/mux_krc.tdf
    Info: Found entity 1: mux_krc
Info: Elaborating entity "mux_krc" for hierarchy "lpm_mux7:inst36|lpm_mux:lpm_mux_component|mux_krc:auto_generated"
Info: Quartus II Analysis & Elaboration was successful. 0 errors, 7 warnings
    Info: Peak virtual memory: 238 megabytes
    Info: Processing ended: Thu Jan 12 15:18:34 2017
    Info: Elapsed time: 00:00:10
    Info: Total CPU time (on all processors): 00:00:06


