Analysis & Synthesis report for Clock_Module
Fri Feb 27 18:42:33 2009
Quartus II Version 8.1 Build 163 10/28/2008 SJ Full Version


---------------------
; Table of Contents ;
---------------------
  1. Legal Notice
  2. Analysis & Synthesis Summary
  3. Analysis & Synthesis Settings
  4. Analysis & Synthesis Source Files Read
  5. Analysis & Synthesis Resource Usage Summary
  6. Analysis & Synthesis Resource Utilization by Entity
  7. General Register Statistics
  8. Source assignments for lpm_counter23:inst4|lpm_counter:lpm_counter_component
  9. Source assignments for lpm_counter22:inst10|lpm_counter:lpm_counter_component
 10. Source assignments for lpm_counter21:inst|lpm_counter:lpm_counter_component
 11. Source assignments for lpm_counter21:inst12|lpm_counter:lpm_counter_component
 12. Parameter Settings for User Entity Instance: lpm_compare5:inst11|lpm_compare:lpm_compare_component
 13. Parameter Settings for User Entity Instance: lpm_counter23:inst4|lpm_counter:lpm_counter_component
 14. Parameter Settings for User Entity Instance: lpm_constant6:inst8|lpm_constant:lpm_constant_component
 15. Parameter Settings for User Entity Instance: lpm_counter22:inst10|lpm_counter:lpm_counter_component
 16. Parameter Settings for User Entity Instance: lpm_counter21:inst|lpm_counter:lpm_counter_component
 17. Parameter Settings for User Entity Instance: lpm_compare5:inst9|lpm_compare:lpm_compare_component
 18. Parameter Settings for User Entity Instance: lpm_constant5:inst6|lpm_constant:lpm_constant_component
 19. Parameter Settings for User Entity Instance: lpm_dff17:inst1|lpm_ff:lpm_ff_component
 20. Parameter Settings for User Entity Instance: lpm_mux4:inst26|lpm_mux:lpm_mux_component
 21. Parameter Settings for User Entity Instance: lpm_dff18:inst23|lpm_ff:lpm_ff_component
 22. Parameter Settings for User Entity Instance: lpm_counter21:inst12|lpm_counter:lpm_counter_component
 23. Parameter Settings for User Entity Instance: lpm_dff17:inst20|lpm_ff:lpm_ff_component
 24. Analysis & Synthesis Messages



----------------
; Legal Notice ;
----------------
Copyright (C) 1991-2008 Altera Corporation
Your use of Altera Corporation's design tools, logic functions 
and other software and tools, and its AMPP partner logic 
functions, and any output files from any of the foregoing 
(including device programming or simulation files), and any 
associated documentation or information are expressly subject 
to the terms and conditions of the Altera Program License 
Subscription Agreement, Altera MegaCore Function License 
Agreement, or other applicable license agreement, including, 
without limitation, that your use is for the sole purpose of 
programming logic devices manufactured by Altera and sold by 
Altera or its authorized distributors.  Please refer to the 
applicable agreement for further details.



+-------------------------------------------------------------------------------+
; Analysis & Synthesis Summary                                                  ;
+------------------------------------+------------------------------------------+
; Analysis & Synthesis Status        ; Successful - Fri Feb 27 18:42:33 2009    ;
; Quartus II Version                 ; 8.1 Build 163 10/28/2008 SJ Full Version ;
; Revision Name                      ; Clock_Module                             ;
; Top-level Entity Name              ; Clock_Module                             ;
; Family                             ; Cyclone III                              ;
; Total logic elements               ; 157                                      ;
;     Total combinational functions  ; 129                                      ;
;     Dedicated logic registers      ; 157                                      ;
; Total registers                    ; 157                                      ;
; Total pins                         ; 95                                       ;
; Total virtual pins                 ; 0                                        ;
; Total memory bits                  ; 0                                        ;
; Embedded Multiplier 9-bit elements ; 0                                        ;
; Total PLLs                         ; 0                                        ;
+------------------------------------+------------------------------------------+


+----------------------------------------------------------------------------------------------------------+
; Analysis & Synthesis Settings                                                                            ;
+----------------------------------------------------------------+--------------------+--------------------+
; Option                                                         ; Setting            ; Default Value      ;
+----------------------------------------------------------------+--------------------+--------------------+
; Device                                                         ; EP3C25F324C7       ;                    ;
; Top-level entity name                                          ; Clock_Module       ; Clock_Module       ;
; Family name                                                    ; Cyclone III        ; Stratix II         ;
; Use Generated Physical Constraints File                        ; Off                ;                    ;
; Use smart compilation                                          ; Off                ; Off                ;
; Restructure Multiplexers                                       ; Auto               ; Auto               ;
; Create Debugging Nodes for IP Cores                            ; Off                ; Off                ;
; Preserve fewer node names                                      ; On                 ; On                 ;
; Disable OpenCore Plus hardware evaluation                      ; Off                ; Off                ;
; Verilog Version                                                ; Verilog_2001       ; Verilog_2001       ;
; VHDL Version                                                   ; VHDL93             ; VHDL93             ;
; State Machine Processing                                       ; Auto               ; Auto               ;
; Safe State Machine                                             ; Off                ; Off                ;
; Extract Verilog State Machines                                 ; On                 ; On                 ;
; Extract VHDL State Machines                                    ; On                 ; On                 ;
; Ignore Verilog initial constructs                              ; Off                ; Off                ;
; Iteration limit for constant Verilog loops                     ; 5000               ; 5000               ;
; Iteration limit for non-constant Verilog loops                 ; 250                ; 250                ;
; Add Pass-Through Logic to Inferred RAMs                        ; On                 ; On                 ;
; Parallel Synthesis                                             ; Off                ; Off                ;
; DSP Block Balancing                                            ; Auto               ; Auto               ;
; NOT Gate Push-Back                                             ; On                 ; On                 ;
; Power-Up Don't Care                                            ; On                 ; On                 ;
; Remove Redundant Logic Cells                                   ; Off                ; Off                ;
; Remove Duplicate Registers                                     ; On                 ; On                 ;
; Ignore CARRY Buffers                                           ; Off                ; Off                ;
; Ignore CASCADE Buffers                                         ; Off                ; Off                ;
; Ignore GLOBAL Buffers                                          ; Off                ; Off                ;
; Ignore ROW GLOBAL Buffers                                      ; Off                ; Off                ;
; Ignore LCELL Buffers                                           ; Off                ; Off                ;
; Ignore SOFT Buffers                                            ; On                 ; On                 ;
; Limit AHDL Integers to 32 Bits                                 ; Off                ; Off                ;
; Optimization Technique                                         ; Balanced           ; Balanced           ;
; Carry Chain Length                                             ; 70                 ; 70                 ;
; Auto Carry Chains                                              ; On                 ; On                 ;
; Auto Open-Drain Pins                                           ; On                 ; On                 ;
; Perform WYSIWYG Primitive Resynthesis                          ; Off                ; Off                ;
; Perform gate-level register retiming                           ; Off                ; Off                ;
; Allow register retiming to trade off Tsu/Tco with Fmax         ; On                 ; On                 ;
; Auto ROM Replacement                                           ; On                 ; On                 ;
; Auto RAM Replacement                                           ; On                 ; On                 ;
; Auto DSP Block Replacement                                     ; On                 ; On                 ;
; Auto Shift Register Replacement                                ; Auto               ; Auto               ;
; Auto Clock Enable Replacement                                  ; On                 ; On                 ;
; Strict RAM Replacement                                         ; Off                ; Off                ;
; Allow Synchronous Control Signals                              ; On                 ; On                 ;
; Force Use of Synchronous Clear Signals                         ; Off                ; Off                ;
; Auto RAM Block Balancing                                       ; On                 ; On                 ;
; Auto RAM to Logic Cell Conversion                              ; Off                ; Off                ;
; Auto Resource Sharing                                          ; Off                ; Off                ;
; Allow Any RAM Size For Recognition                             ; Off                ; Off                ;
; Allow Any ROM Size For Recognition                             ; Off                ; Off                ;
; Allow Any Shift Register Size For Recognition                  ; Off                ; Off                ;
; Use LogicLock Constraints during Resource Balancing            ; On                 ; On                 ;
; Ignore translate_off and synthesis_off directives              ; Off                ; Off                ;
; Show Parameter Settings Tables in Synthesis Report             ; On                 ; On                 ;
; Ignore Maximum Fan-Out Assignments                             ; Off                ; Off                ;
; Synchronization Register Chain Length                          ; 2                  ; 2                  ;
; PowerPlay Power Optimization                                   ; Normal compilation ; Normal compilation ;
; HDL message level                                              ; Level2             ; Level2             ;
; Suppress Register Optimization Related Messages                ; Off                ; Off                ;
; Number of Removed Registers Reported in Synthesis Report       ; 100                ; 100                ;
; Number of Inverted Registers Reported in Synthesis Report      ; 100                ; 100                ;
; Clock MUX Protection                                           ; On                 ; On                 ;
; Auto Gated Clock Conversion                                    ; Off                ; Off                ;
; Block Design Naming                                            ; Auto               ; Auto               ;
; SDC constraint protection                                      ; Off                ; Off                ;
; Synthesis Effort                                               ; Auto               ; Auto               ;
; Allows Asynchronous Clear Usage For Shift Register Replacement ; On                 ; On                 ;
; Analysis & Synthesis Message Level                             ; Medium             ; Medium             ;
+----------------------------------------------------------------+--------------------+--------------------+


+-------------------------------------------------------------------------------------------------------------------------------------------------------------+
; Analysis & Synthesis Source Files Read                                                                                                                      ;
+----------------------------------+-----------------+------------------------------------+-------------------------------------------------------------------+
; File Name with User-Entered Path ; Used in Netlist ; File Type                          ; File Name with Absolute Path                                      ;
+----------------------------------+-----------------+------------------------------------+-------------------------------------------------------------------+
; Clock_Module.bdf                 ; yes             ; User Block Diagram/Schematic File  ; C:/Altera/qdesigns/Main/Clock_Module.bdf                          ;
; lpm_counter21.v                  ; yes             ; User Wizard-Generated File         ; C:/Altera/qdesigns/Main/lpm_counter21.v                           ;
; lpm_dff17.v                      ; yes             ; User Wizard-Generated File         ; C:/Altera/qdesigns/Main/lpm_dff17.v                               ;
; lpm_counter22.v                  ; yes             ; User Wizard-Generated File         ; C:/Altera/qdesigns/Main/lpm_counter22.v                           ;
; lpm_counter23.v                  ; yes             ; User Wizard-Generated File         ; C:/Altera/qdesigns/Main/lpm_counter23.v                           ;
; lpm_constant5.v                  ; yes             ; User Wizard-Generated File         ; C:/Altera/qdesigns/Main/lpm_constant5.v                           ;
; lpm_constant6.v                  ; yes             ; User Wizard-Generated File         ; C:/Altera/qdesigns/Main/lpm_constant6.v                           ;
; lpm_compare5.v                   ; yes             ; User Wizard-Generated File         ; C:/Altera/qdesigns/Main/lpm_compare5.v                            ;
; lpm_dff18.v                      ; yes             ; User Wizard-Generated File         ; C:/Altera/qdesigns/Main/lpm_dff18.v                               ;
; lpm_mux4.v                       ; yes             ; User Wizard-Generated File         ; C:/Altera/qdesigns/Main/lpm_mux4.v                                ;
; lpm_compare.tdf                  ; yes             ; Megafunction                       ; c:/altera/quartus/libraries/megafunctions/lpm_compare.tdf         ;
; comptree.inc                     ; yes             ; Megafunction                       ; c:/altera/quartus/libraries/megafunctions/comptree.inc            ;
; altshift.inc                     ; yes             ; Megafunction                       ; c:/altera/quartus/libraries/megafunctions/altshift.inc            ;
; aglobal81.inc                    ; yes             ; Megafunction                       ; c:/altera/quartus/libraries/megafunctions/aglobal81.inc           ;
; db/cmpr_0pk.tdf                  ; yes             ; Auto-Generated Megafunction        ; C:/Altera/qdesigns/Main/db/cmpr_0pk.tdf                           ;
; lpm_counter.tdf                  ; yes             ; Megafunction                       ; c:/altera/quartus/libraries/megafunctions/lpm_counter.tdf         ;
; lpm_constant.inc                 ; yes             ; Megafunction                       ; c:/altera/quartus/libraries/megafunctions/lpm_constant.inc        ;
; lpm_decode.inc                   ; yes             ; Megafunction                       ; c:/altera/quartus/libraries/megafunctions/lpm_decode.inc          ;
; lpm_add_sub.inc                  ; yes             ; Megafunction                       ; c:/altera/quartus/libraries/megafunctions/lpm_add_sub.inc         ;
; cmpconst.inc                     ; yes             ; Megafunction                       ; c:/altera/quartus/libraries/megafunctions/cmpconst.inc            ;
; lpm_compare.inc                  ; yes             ; Megafunction                       ; c:/altera/quartus/libraries/megafunctions/lpm_compare.inc         ;
; lpm_counter.inc                  ; yes             ; Megafunction                       ; c:/altera/quartus/libraries/megafunctions/lpm_counter.inc         ;
; dffeea.inc                       ; yes             ; Megafunction                       ; c:/altera/quartus/libraries/megafunctions/dffeea.inc              ;
; alt_synch_counter.inc            ; yes             ; Megafunction                       ; c:/altera/quartus/libraries/megafunctions/alt_synch_counter.inc   ;
; alt_synch_counter_f.inc          ; yes             ; Megafunction                       ; c:/altera/quartus/libraries/megafunctions/alt_synch_counter_f.inc ;
; alt_counter_f10ke.inc            ; yes             ; Megafunction                       ; c:/altera/quartus/libraries/megafunctions/alt_counter_f10ke.inc   ;
; alt_counter_stratix.inc          ; yes             ; Megafunction                       ; c:/altera/quartus/libraries/megafunctions/alt_counter_stratix.inc ;
; db/cntr_1bj.tdf                  ; yes             ; Auto-Generated Megafunction        ; C:/Altera/qdesigns/Main/db/cntr_1bj.tdf                           ;
; lpm_constant.tdf                 ; yes             ; Megafunction                       ; c:/altera/quartus/libraries/megafunctions/lpm_constant.tdf        ;
; db/cntr_7nl.tdf                  ; yes             ; Auto-Generated Megafunction        ; C:/Altera/qdesigns/Main/db/cntr_7nl.tdf                           ;
; db/cmpr_4hc.tdf                  ; yes             ; Auto-Generated Megafunction        ; C:/Altera/qdesigns/Main/db/cmpr_4hc.tdf                           ;
; db/cntr_lak.tdf                  ; yes             ; Auto-Generated Megafunction        ; C:/Altera/qdesigns/Main/db/cntr_lak.tdf                           ;
; lpm_ff.tdf                       ; yes             ; Megafunction                       ; c:/altera/quartus/libraries/megafunctions/lpm_ff.tdf              ;
; lpm_mux.tdf                      ; yes             ; Megafunction                       ; c:/altera/quartus/libraries/megafunctions/lpm_mux.tdf             ;
; muxlut.inc                       ; yes             ; Megafunction                       ; c:/altera/quartus/libraries/megafunctions/muxlut.inc              ;
; bypassff.inc                     ; yes             ; Megafunction                       ; c:/altera/quartus/libraries/megafunctions/bypassff.inc            ;
; db/mux_bqc.tdf                   ; yes             ; Auto-Generated Megafunction        ; C:/Altera/qdesigns/Main/db/mux_bqc.tdf                            ;
+----------------------------------+-----------------+------------------------------------+-------------------------------------------------------------------+


+-------------------------------------------------------------+
; Analysis & Synthesis Resource Usage Summary                 ;
+---------------------------------------------+---------------+
; Resource                                    ; Usage         ;
+---------------------------------------------+---------------+
; Estimated Total logic elements              ; 157           ;
;                                             ;               ;
; Total combinational functions               ; 129           ;
; Logic element usage by number of LUT inputs ;               ;
;     -- 4 input functions                    ; 41            ;
;     -- 3 input functions                    ; 13            ;
;     -- <=2 input functions                  ; 75            ;
;                                             ;               ;
; Logic elements by mode                      ;               ;
;     -- normal mode                          ; 67            ;
;     -- arithmetic mode                      ; 62            ;
;                                             ;               ;
; Total registers                             ; 157           ;
;     -- Dedicated logic registers            ; 157           ;
;     -- I/O registers                        ; 0             ;
;                                             ;               ;
; I/O pins                                    ; 95            ;
; Maximum fan-out node                        ; Reset_n~input ;
; Maximum fan-out                             ; 155           ;
; Total fan-out                               ; 1234          ;
; Average fan-out                             ; 2.59          ;
+---------------------------------------------+---------------+


+------------------------------------------------------------------------------------------------------------------------------------------------------------------------------------------------------------------------------------------------------------------------------------+
; Analysis & Synthesis Resource Utilization by Entity                                                                                                                                                                                                                                ;
+-------------------------------------------+-------------------+--------------+-------------+--------------+---------+-----------+------+--------------+-------------------------------------------------------------------------------------------------------------+--------------+
; Compilation Hierarchy Node                ; LC Combinationals ; LC Registers ; Memory Bits ; DSP Elements ; DSP 9x9 ; DSP 18x18 ; Pins ; Virtual Pins ; Full Hierarchy Name                                                                                         ; Library Name ;
+-------------------------------------------+-------------------+--------------+-------------+--------------+---------+-----------+------+--------------+-------------------------------------------------------------------------------------------------------------+--------------+
; |Clock_Module                             ; 129 (15)          ; 157 (11)     ; 0           ; 0            ; 0       ; 0         ; 95   ; 0            ; |Clock_Module                                                                                               ; work         ;
;    |lpm_compare5:inst11|                  ; 1 (0)             ; 1 (0)        ; 0           ; 0            ; 0       ; 0         ; 0    ; 0            ; |Clock_Module|lpm_compare5:inst11                                                                           ; work         ;
;       |lpm_compare:lpm_compare_component| ; 1 (0)             ; 1 (0)        ; 0           ; 0            ; 0       ; 0         ; 0    ; 0            ; |Clock_Module|lpm_compare5:inst11|lpm_compare:lpm_compare_component                                         ; work         ;
;          |cmpr_0pk:auto_generated|        ; 1 (1)             ; 1 (1)        ; 0           ; 0            ; 0       ; 0         ; 0    ; 0            ; |Clock_Module|lpm_compare5:inst11|lpm_compare:lpm_compare_component|cmpr_0pk:auto_generated                 ; work         ;
;    |lpm_compare5:inst9|                   ; 5 (0)             ; 1 (0)        ; 0           ; 0            ; 0       ; 0         ; 0    ; 0            ; |Clock_Module|lpm_compare5:inst9                                                                            ; work         ;
;       |lpm_compare:lpm_compare_component| ; 5 (0)             ; 1 (0)        ; 0           ; 0            ; 0       ; 0         ; 0    ; 0            ; |Clock_Module|lpm_compare5:inst9|lpm_compare:lpm_compare_component                                          ; work         ;
;          |cmpr_0pk:auto_generated|        ; 5 (5)             ; 1 (1)        ; 0           ; 0            ; 0       ; 0         ; 0    ; 0            ; |Clock_Module|lpm_compare5:inst9|lpm_compare:lpm_compare_component|cmpr_0pk:auto_generated                  ; work         ;
;    |lpm_counter21:inst12|                 ; 18 (0)            ; 16 (0)       ; 0           ; 0            ; 0       ; 0         ; 0    ; 0            ; |Clock_Module|lpm_counter21:inst12                                                                          ; work         ;
;       |lpm_counter:lpm_counter_component| ; 18 (0)            ; 16 (0)       ; 0           ; 0            ; 0       ; 0         ; 0    ; 0            ; |Clock_Module|lpm_counter21:inst12|lpm_counter:lpm_counter_component                                        ; work         ;
;          |cntr_lak:auto_generated|        ; 18 (18)           ; 16 (16)      ; 0           ; 0            ; 0       ; 0         ; 0    ; 0            ; |Clock_Module|lpm_counter21:inst12|lpm_counter:lpm_counter_component|cntr_lak:auto_generated                ; work         ;
;    |lpm_counter21:inst|                   ; 18 (0)            ; 16 (0)       ; 0           ; 0            ; 0       ; 0         ; 0    ; 0            ; |Clock_Module|lpm_counter21:inst                                                                            ; work         ;
;       |lpm_counter:lpm_counter_component| ; 18 (0)            ; 16 (0)       ; 0           ; 0            ; 0       ; 0         ; 0    ; 0            ; |Clock_Module|lpm_counter21:inst|lpm_counter:lpm_counter_component                                          ; work         ;
;          |cntr_lak:auto_generated|        ; 18 (18)           ; 16 (16)      ; 0           ; 0            ; 0       ; 0         ; 0    ; 0            ; |Clock_Module|lpm_counter21:inst|lpm_counter:lpm_counter_component|cntr_lak:auto_generated                  ; work         ;
;    |lpm_counter22:inst10|                 ; 23 (0)            ; 16 (0)       ; 0           ; 0            ; 0       ; 0         ; 0    ; 0            ; |Clock_Module|lpm_counter22:inst10                                                                          ; work         ;
;       |lpm_counter:lpm_counter_component| ; 23 (0)            ; 16 (0)       ; 0           ; 0            ; 0       ; 0         ; 0    ; 0            ; |Clock_Module|lpm_counter22:inst10|lpm_counter:lpm_counter_component                                        ; work         ;
;          |cntr_7nl:auto_generated|        ; 23 (18)           ; 16 (16)      ; 0           ; 0            ; 0       ; 0         ; 0    ; 0            ; |Clock_Module|lpm_counter22:inst10|lpm_counter:lpm_counter_component|cntr_7nl:auto_generated                ; work         ;
;             |cmpr_4hc:cmpr1|              ; 5 (5)             ; 0 (0)        ; 0           ; 0            ; 0       ; 0         ; 0    ; 0            ; |Clock_Module|lpm_counter22:inst10|lpm_counter:lpm_counter_component|cntr_7nl:auto_generated|cmpr_4hc:cmpr1 ; work         ;
;    |lpm_counter23:inst4|                  ; 17 (0)            ; 16 (0)       ; 0           ; 0            ; 0       ; 0         ; 0    ; 0            ; |Clock_Module|lpm_counter23:inst4                                                                           ; work         ;
;       |lpm_counter:lpm_counter_component| ; 17 (0)            ; 16 (0)       ; 0           ; 0            ; 0       ; 0         ; 0    ; 0            ; |Clock_Module|lpm_counter23:inst4|lpm_counter:lpm_counter_component                                         ; work         ;
;          |cntr_1bj:auto_generated|        ; 17 (17)           ; 16 (16)      ; 0           ; 0            ; 0       ; 0         ; 0    ; 0            ; |Clock_Module|lpm_counter23:inst4|lpm_counter:lpm_counter_component|cntr_1bj:auto_generated                 ; work         ;
;    |lpm_dff17:inst1|                      ; 0 (0)             ; 16 (0)       ; 0           ; 0            ; 0       ; 0         ; 0    ; 0            ; |Clock_Module|lpm_dff17:inst1                                                                               ; work         ;
;       |lpm_ff:lpm_ff_component|           ; 0 (0)             ; 16 (16)      ; 0           ; 0            ; 0       ; 0         ; 0    ; 0            ; |Clock_Module|lpm_dff17:inst1|lpm_ff:lpm_ff_component                                                       ; work         ;
;    |lpm_dff17:inst20|                     ; 0 (0)             ; 16 (0)       ; 0           ; 0            ; 0       ; 0         ; 0    ; 0            ; |Clock_Module|lpm_dff17:inst20                                                                              ; work         ;
;       |lpm_ff:lpm_ff_component|           ; 0 (0)             ; 16 (16)      ; 0           ; 0            ; 0       ; 0         ; 0    ; 0            ; |Clock_Module|lpm_dff17:inst20|lpm_ff:lpm_ff_component                                                      ; work         ;
;    |lpm_dff18:inst23|                     ; 0 (0)             ; 48 (0)       ; 0           ; 0            ; 0       ; 0         ; 0    ; 0            ; |Clock_Module|lpm_dff18:inst23                                                                              ; work         ;
;       |lpm_ff:lpm_ff_component|           ; 0 (0)             ; 48 (48)      ; 0           ; 0            ; 0       ; 0         ; 0    ; 0            ; |Clock_Module|lpm_dff18:inst23|lpm_ff:lpm_ff_component                                                      ; work         ;
;    |lpm_mux4:inst26|                      ; 32 (0)            ; 0 (0)        ; 0           ; 0            ; 0       ; 0         ; 0    ; 0            ; |Clock_Module|lpm_mux4:inst26                                                                               ; work         ;
;       |lpm_mux:lpm_mux_component|         ; 32 (0)            ; 0 (0)        ; 0           ; 0            ; 0       ; 0         ; 0    ; 0            ; |Clock_Module|lpm_mux4:inst26|lpm_mux:lpm_mux_component                                                     ; work         ;
;          |mux_bqc:auto_generated|         ; 32 (32)           ; 0 (0)        ; 0           ; 0            ; 0       ; 0         ; 0    ; 0            ; |Clock_Module|lpm_mux4:inst26|lpm_mux:lpm_mux_component|mux_bqc:auto_generated                              ; work         ;
+-------------------------------------------+-------------------+--------------+-------------+--------------+---------+-----------+------+--------------+-------------------------------------------------------------------------------------------------------------+--------------+
Note: For table entries with two numbers listed, the numbers in parentheses indicate the number of resources of the given type used by the specific entity alone. The numbers listed outside of parentheses indicate the total resources of the given type used by the specific entity and all of its sub-entities in the hierarchy.


+------------------------------------------------------+
; General Register Statistics                          ;
+----------------------------------------------+-------+
; Statistic                                    ; Value ;
+----------------------------------------------+-------+
; Total registers                              ; 157   ;
; Number of registers using Synchronous Clear  ; 0     ;
; Number of registers using Synchronous Load   ; 64    ;
; Number of registers using Asynchronous Clear ; 157   ;
; Number of registers using Asynchronous Load  ; 0     ;
; Number of registers using Clock Enable       ; 130   ;
; Number of registers using Preset             ; 0     ;
+----------------------------------------------+-------+


+------------------------------------------------------------------------------+
; Source assignments for lpm_counter23:inst4|lpm_counter:lpm_counter_component ;
+---------------------------+-------+------+-----------------------------------+
; Assignment                ; Value ; From ; To                                ;
+---------------------------+-------+------+-----------------------------------+
; SUPPRESS_DA_RULE_INTERNAL ; a101  ; -    ; -                                 ;
; SUPPRESS_DA_RULE_INTERNAL ; s102  ; -    ; -                                 ;
; SUPPRESS_DA_RULE_INTERNAL ; s103  ; -    ; -                                 ;
+---------------------------+-------+------+-----------------------------------+


+-------------------------------------------------------------------------------+
; Source assignments for lpm_counter22:inst10|lpm_counter:lpm_counter_component ;
+---------------------------+-------+------+------------------------------------+
; Assignment                ; Value ; From ; To                                 ;
+---------------------------+-------+------+------------------------------------+
; SUPPRESS_DA_RULE_INTERNAL ; a101  ; -    ; -                                  ;
; SUPPRESS_DA_RULE_INTERNAL ; s102  ; -    ; -                                  ;
; SUPPRESS_DA_RULE_INTERNAL ; s103  ; -    ; -                                  ;
+---------------------------+-------+------+------------------------------------+


+-----------------------------------------------------------------------------+
; Source assignments for lpm_counter21:inst|lpm_counter:lpm_counter_component ;
+---------------------------+-------+------+----------------------------------+
; Assignment                ; Value ; From ; To                               ;
+---------------------------+-------+------+----------------------------------+
; SUPPRESS_DA_RULE_INTERNAL ; a101  ; -    ; -                                ;
; SUPPRESS_DA_RULE_INTERNAL ; s102  ; -    ; -                                ;
; SUPPRESS_DA_RULE_INTERNAL ; s103  ; -    ; -                                ;
+---------------------------+-------+------+----------------------------------+


+-------------------------------------------------------------------------------+
; Source assignments for lpm_counter21:inst12|lpm_counter:lpm_counter_component ;
+---------------------------+-------+------+------------------------------------+
; Assignment                ; Value ; From ; To                                 ;
+---------------------------+-------+------+------------------------------------+
; SUPPRESS_DA_RULE_INTERNAL ; a101  ; -    ; -                                  ;
; SUPPRESS_DA_RULE_INTERNAL ; s102  ; -    ; -                                  ;
; SUPPRESS_DA_RULE_INTERNAL ; s103  ; -    ; -                                  ;
+---------------------------+-------+------+------------------------------------+


+----------------------------------------------------------------------------------------------------+
; Parameter Settings for User Entity Instance: lpm_compare5:inst11|lpm_compare:lpm_compare_component ;
+------------------------+-------------+-------------------------------------------------------------+
; Parameter Name         ; Value       ; Type                                                        ;
+------------------------+-------------+-------------------------------------------------------------+
; lpm_width              ; 16          ; Signed Integer                                              ;
; LPM_REPRESENTATION     ; UNSIGNED    ; Untyped                                                     ;
; LPM_PIPELINE           ; 1           ; Signed Integer                                              ;
; CHAIN_SIZE             ; 8           ; Untyped                                                     ;
; ONE_INPUT_IS_CONSTANT  ; NO          ; Untyped                                                     ;
; CARRY_CHAIN            ; MANUAL      ; Untyped                                                     ;
; CASCADE_CHAIN          ; MANUAL      ; Untyped                                                     ;
; CARRY_CHAIN_LENGTH     ; 48          ; CARRY_CHAIN_LENGTH                                          ;
; CASCADE_CHAIN_LENGTH   ; 2           ; CASCADE_CHAIN_LENGTH                                        ;
; DEVICE_FAMILY          ; Cyclone III ; Untyped                                                     ;
; CBXI_PARAMETER         ; cmpr_0pk    ; Untyped                                                     ;
; AUTO_CARRY_CHAINS      ; ON          ; AUTO_CARRY                                                  ;
; IGNORE_CARRY_BUFFERS   ; OFF         ; IGNORE_CARRY                                                ;
; AUTO_CASCADE_CHAINS    ; ON          ; AUTO_CASCADE                                                ;
; IGNORE_CASCADE_BUFFERS ; OFF         ; IGNORE_CASCADE                                              ;
+------------------------+-------------+-------------------------------------------------------------+
Note: In order to hide this table in the UI and the text report file, please set the "Show Parameter Settings Tables in Synthesis Report" option in "Analysis and Synthesis Settings -> More Settings" to "Off".


+----------------------------------------------------------------------------------------------------+
; Parameter Settings for User Entity Instance: lpm_counter23:inst4|lpm_counter:lpm_counter_component ;
+------------------------+-------------+-------------------------------------------------------------+
; Parameter Name         ; Value       ; Type                                                        ;
+------------------------+-------------+-------------------------------------------------------------+
; AUTO_CARRY_CHAINS      ; ON          ; AUTO_CARRY                                                  ;
; IGNORE_CARRY_BUFFERS   ; OFF         ; IGNORE_CARRY                                                ;
; AUTO_CASCADE_CHAINS    ; ON          ; AUTO_CASCADE                                                ;
; IGNORE_CASCADE_BUFFERS ; OFF         ; IGNORE_CASCADE                                              ;
; LPM_WIDTH              ; 16          ; Signed Integer                                              ;
; LPM_DIRECTION          ; UP          ; Untyped                                                     ;
; LPM_MODULUS            ; 0           ; Untyped                                                     ;
; LPM_AVALUE             ; UNUSED      ; Untyped                                                     ;
; LPM_SVALUE             ; UNUSED      ; Untyped                                                     ;
; LPM_PORT_UPDOWN        ; PORT_UNUSED ; Untyped                                                     ;
; DEVICE_FAMILY          ; Cyclone III ; Untyped                                                     ;
; CARRY_CHAIN            ; MANUAL      ; Untyped                                                     ;
; CARRY_CHAIN_LENGTH     ; 48          ; CARRY_CHAIN_LENGTH                                          ;
; NOT_GATE_PUSH_BACK     ; ON          ; NOT_GATE_PUSH_BACK                                          ;
; CARRY_CNT_EN           ; SMART       ; Untyped                                                     ;
; LABWIDE_SCLR           ; ON          ; Untyped                                                     ;
; USE_NEW_VERSION        ; TRUE        ; Untyped                                                     ;
; CBXI_PARAMETER         ; cntr_1bj    ; Untyped                                                     ;
+------------------------+-------------+-------------------------------------------------------------+
Note: In order to hide this table in the UI and the text report file, please set the "Show Parameter Settings Tables in Synthesis Report" option in "Analysis and Synthesis Settings -> More Settings" to "Off".


+------------------------------------------------------------------------------------------------------+
; Parameter Settings for User Entity Instance: lpm_constant6:inst8|lpm_constant:lpm_constant_component ;
+--------------------+------------------+--------------------------------------------------------------+
; Parameter Name     ; Value            ; Type                                                         ;
+--------------------+------------------+--------------------------------------------------------------+
; LPM_WIDTH          ; 16               ; Signed Integer                                               ;
; LPM_CVALUE         ; 14               ; Signed Integer                                               ;
; ENABLE_RUNTIME_MOD ; NO               ; Untyped                                                      ;
; CBXI_PARAMETER     ; lpm_constant_ul6 ; Untyped                                                      ;
+--------------------+------------------+--------------------------------------------------------------+
Note: In order to hide this table in the UI and the text report file, please set the "Show Parameter Settings Tables in Synthesis Report" option in "Analysis and Synthesis Settings -> More Settings" to "Off".


+-----------------------------------------------------------------------------------------------------+
; Parameter Settings for User Entity Instance: lpm_counter22:inst10|lpm_counter:lpm_counter_component ;
+------------------------+-------------+--------------------------------------------------------------+
; Parameter Name         ; Value       ; Type                                                         ;
+------------------------+-------------+--------------------------------------------------------------+
; AUTO_CARRY_CHAINS      ; ON          ; AUTO_CARRY                                                   ;
; IGNORE_CARRY_BUFFERS   ; OFF         ; IGNORE_CARRY                                                 ;
; AUTO_CASCADE_CHAINS    ; ON          ; AUTO_CASCADE                                                 ;
; IGNORE_CASCADE_BUFFERS ; OFF         ; IGNORE_CASCADE                                               ;
; LPM_WIDTH              ; 16          ; Signed Integer                                               ;
; LPM_DIRECTION          ; UP          ; Untyped                                                      ;
; LPM_MODULUS            ; 11          ; Signed Integer                                               ;
; LPM_AVALUE             ; UNUSED      ; Untyped                                                      ;
; LPM_SVALUE             ; 2           ; Untyped                                                      ;
; LPM_PORT_UPDOWN        ; PORT_UNUSED ; Untyped                                                      ;
; DEVICE_FAMILY          ; Cyclone III ; Untyped                                                      ;
; CARRY_CHAIN            ; MANUAL      ; Untyped                                                      ;
; CARRY_CHAIN_LENGTH     ; 48          ; CARRY_CHAIN_LENGTH                                           ;
; NOT_GATE_PUSH_BACK     ; ON          ; NOT_GATE_PUSH_BACK                                           ;
; CARRY_CNT_EN           ; SMART       ; Untyped                                                      ;
; LABWIDE_SCLR           ; ON          ; Untyped                                                      ;
; USE_NEW_VERSION        ; TRUE        ; Untyped                                                      ;
; CBXI_PARAMETER         ; cntr_7nl    ; Untyped                                                      ;
+------------------------+-------------+--------------------------------------------------------------+
Note: In order to hide this table in the UI and the text report file, please set the "Show Parameter Settings Tables in Synthesis Report" option in "Analysis and Synthesis Settings -> More Settings" to "Off".


+---------------------------------------------------------------------------------------------------+
; Parameter Settings for User Entity Instance: lpm_counter21:inst|lpm_counter:lpm_counter_component ;
+------------------------+-------------+------------------------------------------------------------+
; Parameter Name         ; Value       ; Type                                                       ;
+------------------------+-------------+------------------------------------------------------------+
; AUTO_CARRY_CHAINS      ; ON          ; AUTO_CARRY                                                 ;
; IGNORE_CARRY_BUFFERS   ; OFF         ; IGNORE_CARRY                                               ;
; AUTO_CASCADE_CHAINS    ; ON          ; AUTO_CASCADE                                               ;
; IGNORE_CASCADE_BUFFERS ; OFF         ; IGNORE_CASCADE                                             ;
; LPM_WIDTH              ; 16          ; Signed Integer                                             ;
; LPM_DIRECTION          ; UP          ; Untyped                                                    ;
; LPM_MODULUS            ; 0           ; Untyped                                                    ;
; LPM_AVALUE             ; UNUSED      ; Untyped                                                    ;
; LPM_SVALUE             ; UNUSED      ; Untyped                                                    ;
; LPM_PORT_UPDOWN        ; PORT_UNUSED ; Untyped                                                    ;
; DEVICE_FAMILY          ; Cyclone III ; Untyped                                                    ;
; CARRY_CHAIN            ; MANUAL      ; Untyped                                                    ;
; CARRY_CHAIN_LENGTH     ; 48          ; CARRY_CHAIN_LENGTH                                         ;
; NOT_GATE_PUSH_BACK     ; ON          ; NOT_GATE_PUSH_BACK                                         ;
; CARRY_CNT_EN           ; SMART       ; Untyped                                                    ;
; LABWIDE_SCLR           ; ON          ; Untyped                                                    ;
; USE_NEW_VERSION        ; TRUE        ; Untyped                                                    ;
; CBXI_PARAMETER         ; cntr_lak    ; Untyped                                                    ;
+------------------------+-------------+------------------------------------------------------------+
Note: In order to hide this table in the UI and the text report file, please set the "Show Parameter Settings Tables in Synthesis Report" option in "Analysis and Synthesis Settings -> More Settings" to "Off".


+---------------------------------------------------------------------------------------------------+
; Parameter Settings for User Entity Instance: lpm_compare5:inst9|lpm_compare:lpm_compare_component ;
+------------------------+-------------+------------------------------------------------------------+
; Parameter Name         ; Value       ; Type                                                       ;
+------------------------+-------------+------------------------------------------------------------+
; lpm_width              ; 16          ; Signed Integer                                             ;
; LPM_REPRESENTATION     ; UNSIGNED    ; Untyped                                                    ;
; LPM_PIPELINE           ; 1           ; Signed Integer                                             ;
; CHAIN_SIZE             ; 8           ; Untyped                                                    ;
; ONE_INPUT_IS_CONSTANT  ; NO          ; Untyped                                                    ;
; CARRY_CHAIN            ; MANUAL      ; Untyped                                                    ;
; CASCADE_CHAIN          ; MANUAL      ; Untyped                                                    ;
; CARRY_CHAIN_LENGTH     ; 48          ; CARRY_CHAIN_LENGTH                                         ;
; CASCADE_CHAIN_LENGTH   ; 2           ; CASCADE_CHAIN_LENGTH                                       ;
; DEVICE_FAMILY          ; Cyclone III ; Untyped                                                    ;
; CBXI_PARAMETER         ; cmpr_0pk    ; Untyped                                                    ;
; AUTO_CARRY_CHAINS      ; ON          ; AUTO_CARRY                                                 ;
; IGNORE_CARRY_BUFFERS   ; OFF         ; IGNORE_CARRY                                               ;
; AUTO_CASCADE_CHAINS    ; ON          ; AUTO_CASCADE                                               ;
; IGNORE_CASCADE_BUFFERS ; OFF         ; IGNORE_CASCADE                                             ;
+------------------------+-------------+------------------------------------------------------------+
Note: In order to hide this table in the UI and the text report file, please set the "Show Parameter Settings Tables in Synthesis Report" option in "Analysis and Synthesis Settings -> More Settings" to "Off".


+------------------------------------------------------------------------------------------------------+
; Parameter Settings for User Entity Instance: lpm_constant5:inst6|lpm_constant:lpm_constant_component ;
+--------------------+------------------+--------------------------------------------------------------+
; Parameter Name     ; Value            ; Type                                                         ;
+--------------------+------------------+--------------------------------------------------------------+
; LPM_WIDTH          ; 16               ; Signed Integer                                               ;
; LPM_CVALUE         ; 5                ; Signed Integer                                               ;
; ENABLE_RUNTIME_MOD ; NO               ; Untyped                                                      ;
; CBXI_PARAMETER     ; lpm_constant_ek6 ; Untyped                                                      ;
+--------------------+------------------+--------------------------------------------------------------+
Note: In order to hide this table in the UI and the text report file, please set the "Show Parameter Settings Tables in Synthesis Report" option in "Analysis and Synthesis Settings -> More Settings" to "Off".


+--------------------------------------------------------------------------------------+
; Parameter Settings for User Entity Instance: lpm_dff17:inst1|lpm_ff:lpm_ff_component ;
+------------------------+-------------+-----------------------------------------------+
; Parameter Name         ; Value       ; Type                                          ;
+------------------------+-------------+-----------------------------------------------+
; LPM_WIDTH              ; 16          ; Signed Integer                                ;
; LPM_AVALUE             ; UNUSED      ; Untyped                                       ;
; LPM_SVALUE             ; UNUSED      ; Untyped                                       ;
; LPM_FFTYPE             ; DFF         ; Untyped                                       ;
; DEVICE_FAMILY          ; Cyclone III ; Untyped                                       ;
; CBXI_PARAMETER         ; NOTHING     ; Untyped                                       ;
; AUTO_CARRY_CHAINS      ; ON          ; AUTO_CARRY                                    ;
; IGNORE_CARRY_BUFFERS   ; OFF         ; IGNORE_CARRY                                  ;
; AUTO_CASCADE_CHAINS    ; ON          ; AUTO_CASCADE                                  ;
; IGNORE_CASCADE_BUFFERS ; OFF         ; IGNORE_CASCADE                                ;
+------------------------+-------------+-----------------------------------------------+
Note: In order to hide this table in the UI and the text report file, please set the "Show Parameter Settings Tables in Synthesis Report" option in "Analysis and Synthesis Settings -> More Settings" to "Off".


+----------------------------------------------------------------------------------------+
; Parameter Settings for User Entity Instance: lpm_mux4:inst26|lpm_mux:lpm_mux_component ;
+------------------------+-------------+-------------------------------------------------+
; Parameter Name         ; Value       ; Type                                            ;
+------------------------+-------------+-------------------------------------------------+
; AUTO_CARRY_CHAINS      ; ON          ; AUTO_CARRY                                      ;
; IGNORE_CARRY_BUFFERS   ; OFF         ; IGNORE_CARRY                                    ;
; AUTO_CASCADE_CHAINS    ; ON          ; AUTO_CASCADE                                    ;
; IGNORE_CASCADE_BUFFERS ; OFF         ; IGNORE_CASCADE                                  ;
; LPM_WIDTH              ; 8           ; Signed Integer                                  ;
; LPM_SIZE               ; 6           ; Signed Integer                                  ;
; LPM_WIDTHS             ; 3           ; Signed Integer                                  ;
; LPM_PIPELINE           ; 0           ; Untyped                                         ;
; CBXI_PARAMETER         ; mux_bqc     ; Untyped                                         ;
; DEVICE_FAMILY          ; Cyclone III ; Untyped                                         ;
+------------------------+-------------+-------------------------------------------------+
Note: In order to hide this table in the UI and the text report file, please set the "Show Parameter Settings Tables in Synthesis Report" option in "Analysis and Synthesis Settings -> More Settings" to "Off".


+---------------------------------------------------------------------------------------+
; Parameter Settings for User Entity Instance: lpm_dff18:inst23|lpm_ff:lpm_ff_component ;
+------------------------+-------------+------------------------------------------------+
; Parameter Name         ; Value       ; Type                                           ;
+------------------------+-------------+------------------------------------------------+
; LPM_WIDTH              ; 48          ; Signed Integer                                 ;
; LPM_AVALUE             ; UNUSED      ; Untyped                                        ;
; LPM_SVALUE             ; UNUSED      ; Untyped                                        ;
; LPM_FFTYPE             ; DFF         ; Untyped                                        ;
; DEVICE_FAMILY          ; Cyclone III ; Untyped                                        ;
; CBXI_PARAMETER         ; NOTHING     ; Untyped                                        ;
; AUTO_CARRY_CHAINS      ; ON          ; AUTO_CARRY                                     ;
; IGNORE_CARRY_BUFFERS   ; OFF         ; IGNORE_CARRY                                   ;
; AUTO_CASCADE_CHAINS    ; ON          ; AUTO_CASCADE                                   ;
; IGNORE_CASCADE_BUFFERS ; OFF         ; IGNORE_CASCADE                                 ;
+------------------------+-------------+------------------------------------------------+
Note: In order to hide this table in the UI and the text report file, please set the "Show Parameter Settings Tables in Synthesis Report" option in "Analysis and Synthesis Settings -> More Settings" to "Off".


+-----------------------------------------------------------------------------------------------------+
; Parameter Settings for User Entity Instance: lpm_counter21:inst12|lpm_counter:lpm_counter_component ;
+------------------------+-------------+--------------------------------------------------------------+
; Parameter Name         ; Value       ; Type                                                         ;
+------------------------+-------------+--------------------------------------------------------------+
; AUTO_CARRY_CHAINS      ; ON          ; AUTO_CARRY                                                   ;
; IGNORE_CARRY_BUFFERS   ; OFF         ; IGNORE_CARRY                                                 ;
; AUTO_CASCADE_CHAINS    ; ON          ; AUTO_CASCADE                                                 ;
; IGNORE_CASCADE_BUFFERS ; OFF         ; IGNORE_CASCADE                                               ;
; LPM_WIDTH              ; 16          ; Signed Integer                                               ;
; LPM_DIRECTION          ; UP          ; Untyped                                                      ;
; LPM_MODULUS            ; 0           ; Untyped                                                      ;
; LPM_AVALUE             ; UNUSED      ; Untyped                                                      ;
; LPM_SVALUE             ; UNUSED      ; Untyped                                                      ;
; LPM_PORT_UPDOWN        ; PORT_UNUSED ; Untyped                                                      ;
; DEVICE_FAMILY          ; Cyclone III ; Untyped                                                      ;
; CARRY_CHAIN            ; MANUAL      ; Untyped                                                      ;
; CARRY_CHAIN_LENGTH     ; 48          ; CARRY_CHAIN_LENGTH                                           ;
; NOT_GATE_PUSH_BACK     ; ON          ; NOT_GATE_PUSH_BACK                                           ;
; CARRY_CNT_EN           ; SMART       ; Untyped                                                      ;
; LABWIDE_SCLR           ; ON          ; Untyped                                                      ;
; USE_NEW_VERSION        ; TRUE        ; Untyped                                                      ;
; CBXI_PARAMETER         ; cntr_lak    ; Untyped                                                      ;
+------------------------+-------------+--------------------------------------------------------------+
Note: In order to hide this table in the UI and the text report file, please set the "Show Parameter Settings Tables in Synthesis Report" option in "Analysis and Synthesis Settings -> More Settings" to "Off".


+---------------------------------------------------------------------------------------+
; Parameter Settings for User Entity Instance: lpm_dff17:inst20|lpm_ff:lpm_ff_component ;
+------------------------+-------------+------------------------------------------------+
; Parameter Name         ; Value       ; Type                                           ;
+------------------------+-------------+------------------------------------------------+
; LPM_WIDTH              ; 16          ; Signed Integer                                 ;
; LPM_AVALUE             ; UNUSED      ; Untyped                                        ;
; LPM_SVALUE             ; UNUSED      ; Untyped                                        ;
; LPM_FFTYPE             ; DFF         ; Untyped                                        ;
; DEVICE_FAMILY          ; Cyclone III ; Untyped                                        ;
; CBXI_PARAMETER         ; NOTHING     ; Untyped                                        ;
; AUTO_CARRY_CHAINS      ; ON          ; AUTO_CARRY                                     ;
; IGNORE_CARRY_BUFFERS   ; OFF         ; IGNORE_CARRY                                   ;
; AUTO_CASCADE_CHAINS    ; ON          ; AUTO_CASCADE                                   ;
; IGNORE_CASCADE_BUFFERS ; OFF         ; IGNORE_CASCADE                                 ;
+------------------------+-------------+------------------------------------------------+
Note: In order to hide this table in the UI and the text report file, please set the "Show Parameter Settings Tables in Synthesis Report" option in "Analysis and Synthesis Settings -> More Settings" to "Off".


+-------------------------------+
; Analysis & Synthesis Messages ;
+-------------------------------+
Info: *******************************************************************
Info: Running Quartus II Analysis & Synthesis
    Info: Version 8.1 Build 163 10/28/2008 SJ Full Version
    Info: Processing started: Fri Feb 27 18:42:16 2009
Info: Command: quartus_map --read_settings_files=on --write_settings_files=off Clock_Module -c Clock_Module
Info: Found 1 design units, including 1 entities, in source file Clock_Module.bdf
    Info: Found entity 1: Clock_Module
Info: Found 1 design units, including 1 entities, in source file lpm_counter21.v
    Info: Found entity 1: lpm_counter21
Info: Found 1 design units, including 1 entities, in source file lpm_dff17.v
    Info: Found entity 1: lpm_dff17
Info: Found 1 design units, including 1 entities, in source file lpm_counter22.v
    Info: Found entity 1: lpm_counter22
Info: Found 1 design units, including 1 entities, in source file lpm_counter23.v
    Info: Found entity 1: lpm_counter23
Info: Found 1 design units, including 1 entities, in source file lpm_constant5.v
    Info: Found entity 1: lpm_constant5
Info: Found 1 design units, including 1 entities, in source file lpm_constant6.v
    Info: Found entity 1: lpm_constant6
Info: Found 1 design units, including 1 entities, in source file lpm_compare5.v
    Info: Found entity 1: lpm_compare5
Info: Found 1 design units, including 1 entities, in source file lpm_dff18.v
    Info: Found entity 1: lpm_dff18
Info: Found 1 design units, including 1 entities, in source file lpm_mux4.v
    Info: Found entity 1: lpm_mux4
Info: Elaborating entity "Clock_Module" for the top level hierarchy
Info: Elaborating entity "lpm_compare5" for hierarchy "lpm_compare5:inst11"
Info: Elaborating entity "lpm_compare" for hierarchy "lpm_compare5:inst11|lpm_compare:lpm_compare_component"
Info: Elaborated megafunction instantiation "lpm_compare5:inst11|lpm_compare:lpm_compare_component"
Info: Instantiated megafunction "lpm_compare5:inst11|lpm_compare:lpm_compare_component" with the following parameter:
    Info: Parameter "lpm_pipeline" = "1"
    Info: Parameter "lpm_representation" = "UNSIGNED"
    Info: Parameter "lpm_type" = "LPM_COMPARE"
    Info: Parameter "lpm_width" = "16"
Info: Found 1 design units, including 1 entities, in source file db/cmpr_0pk.tdf
    Info: Found entity 1: cmpr_0pk
Info: Elaborating entity "cmpr_0pk" for hierarchy "lpm_compare5:inst11|lpm_compare:lpm_compare_component|cmpr_0pk:auto_generated"
Info: Elaborating entity "lpm_counter23" for hierarchy "lpm_counter23:inst4"
Info: Elaborating entity "lpm_counter" for hierarchy "lpm_counter23:inst4|lpm_counter:lpm_counter_component"
Info: Elaborated megafunction instantiation "lpm_counter23:inst4|lpm_counter:lpm_counter_component"
Info: Instantiated megafunction "lpm_counter23:inst4|lpm_counter:lpm_counter_component" with the following parameter:
    Info: Parameter "lpm_direction" = "UP"
    Info: Parameter "lpm_port_updown" = "PORT_UNUSED"
    Info: Parameter "lpm_type" = "LPM_COUNTER"
    Info: Parameter "lpm_width" = "16"
Info: Found 1 design units, including 1 entities, in source file db/cntr_1bj.tdf
    Info: Found entity 1: cntr_1bj
Info: Elaborating entity "cntr_1bj" for hierarchy "lpm_counter23:inst4|lpm_counter:lpm_counter_component|cntr_1bj:auto_generated"
Info: Elaborating entity "lpm_constant6" for hierarchy "lpm_constant6:inst8"
Info: Elaborating entity "lpm_constant" for hierarchy "lpm_constant6:inst8|lpm_constant:lpm_constant_component"
Info: Elaborated megafunction instantiation "lpm_constant6:inst8|lpm_constant:lpm_constant_component"
Info: Instantiated megafunction "lpm_constant6:inst8|lpm_constant:lpm_constant_component" with the following parameter:
    Info: Parameter "lpm_cvalue" = "14"
    Info: Parameter "lpm_hint" = "ENABLE_RUNTIME_MOD=NO"
    Info: Parameter "lpm_type" = "LPM_CONSTANT"
    Info: Parameter "lpm_width" = "16"
Info: Elaborating entity "lpm_counter22" for hierarchy "lpm_counter22:inst10"
Info: Elaborating entity "lpm_counter" for hierarchy "lpm_counter22:inst10|lpm_counter:lpm_counter_component"
Info: Elaborated megafunction instantiation "lpm_counter22:inst10|lpm_counter:lpm_counter_component"
Info: Instantiated megafunction "lpm_counter22:inst10|lpm_counter:lpm_counter_component" with the following parameter:
    Info: Parameter "lpm_direction" = "UP"
    Info: Parameter "lpm_modulus" = "11"
    Info: Parameter "lpm_port_updown" = "PORT_UNUSED"
    Info: Parameter "lpm_svalue" = "2"
    Info: Parameter "lpm_type" = "LPM_COUNTER"
    Info: Parameter "lpm_width" = "16"
Info: Found 1 design units, including 1 entities, in source file db/cntr_7nl.tdf
    Info: Found entity 1: cntr_7nl
Info: Elaborating entity "cntr_7nl" for hierarchy "lpm_counter22:inst10|lpm_counter:lpm_counter_component|cntr_7nl:auto_generated"
Info: Found 1 design units, including 1 entities, in source file db/cmpr_4hc.tdf
    Info: Found entity 1: cmpr_4hc
Info: Elaborating entity "cmpr_4hc" for hierarchy "lpm_counter22:inst10|lpm_counter:lpm_counter_component|cntr_7nl:auto_generated|cmpr_4hc:cmpr1"
Info: Elaborating entity "lpm_counter21" for hierarchy "lpm_counter21:inst"
Info: Elaborating entity "lpm_counter" for hierarchy "lpm_counter21:inst|lpm_counter:lpm_counter_component"
Info: Elaborated megafunction instantiation "lpm_counter21:inst|lpm_counter:lpm_counter_component"
Info: Instantiated megafunction "lpm_counter21:inst|lpm_counter:lpm_counter_component" with the following parameter:
    Info: Parameter "lpm_direction" = "UP"
    Info: Parameter "lpm_port_updown" = "PORT_UNUSED"
    Info: Parameter "lpm_type" = "LPM_COUNTER"
    Info: Parameter "lpm_width" = "16"
Info: Found 1 design units, including 1 entities, in source file db/cntr_lak.tdf
    Info: Found entity 1: cntr_lak
Info: Elaborating entity "cntr_lak" for hierarchy "lpm_counter21:inst|lpm_counter:lpm_counter_component|cntr_lak:auto_generated"
Info: Elaborating entity "lpm_constant5" for hierarchy "lpm_constant5:inst6"
Info: Elaborating entity "lpm_constant" for hierarchy "lpm_constant5:inst6|lpm_constant:lpm_constant_component"
Info: Elaborated megafunction instantiation "lpm_constant5:inst6|lpm_constant:lpm_constant_component"
Info: Instantiated megafunction "lpm_constant5:inst6|lpm_constant:lpm_constant_component" with the following parameter:
    Info: Parameter "lpm_cvalue" = "5"
    Info: Parameter "lpm_hint" = "ENABLE_RUNTIME_MOD=NO"
    Info: Parameter "lpm_type" = "LPM_CONSTANT"
    Info: Parameter "lpm_width" = "16"
Info: Elaborating entity "lpm_dff17" for hierarchy "lpm_dff17:inst1"
Info: Elaborating entity "lpm_ff" for hierarchy "lpm_dff17:inst1|lpm_ff:lpm_ff_component"
Info: Elaborated megafunction instantiation "lpm_dff17:inst1|lpm_ff:lpm_ff_component"
Info: Instantiated megafunction "lpm_dff17:inst1|lpm_ff:lpm_ff_component" with the following parameter:
    Info: Parameter "lpm_fftype" = "DFF"
    Info: Parameter "lpm_type" = "LPM_FF"
    Info: Parameter "lpm_width" = "16"
Info: Elaborating entity "lpm_mux4" for hierarchy "lpm_mux4:inst26"
Info: Elaborating entity "lpm_mux" for hierarchy "lpm_mux4:inst26|lpm_mux:lpm_mux_component"
Info: Elaborated megafunction instantiation "lpm_mux4:inst26|lpm_mux:lpm_mux_component"
Info: Instantiated megafunction "lpm_mux4:inst26|lpm_mux:lpm_mux_component" with the following parameter:
    Info: Parameter "lpm_size" = "6"
    Info: Parameter "lpm_type" = "LPM_MUX"
    Info: Parameter "lpm_width" = "8"
    Info: Parameter "lpm_widths" = "3"
Info: Found 1 design units, including 1 entities, in source file db/mux_bqc.tdf
    Info: Found entity 1: mux_bqc
Info: Elaborating entity "mux_bqc" for hierarchy "lpm_mux4:inst26|lpm_mux:lpm_mux_component|mux_bqc:auto_generated"
Info: Elaborating entity "lpm_dff18" for hierarchy "lpm_dff18:inst23"
Info: Elaborating entity "lpm_ff" for hierarchy "lpm_dff18:inst23|lpm_ff:lpm_ff_component"
Info: Elaborated megafunction instantiation "lpm_dff18:inst23|lpm_ff:lpm_ff_component"
Info: Instantiated megafunction "lpm_dff18:inst23|lpm_ff:lpm_ff_component" with the following parameter:
    Info: Parameter "lpm_fftype" = "DFF"
    Info: Parameter "lpm_type" = "LPM_FF"
    Info: Parameter "lpm_width" = "48"
Info: Implemented 309 device resources after synthesis - the final resource count might be different
    Info: Implemented 27 input pins
    Info: Implemented 68 output pins
    Info: Implemented 214 logic cells
Info: Quartus II Analysis & Synthesis was successful. 0 errors, 0 warnings
    Info: Peak virtual memory: 172 megabytes
    Info: Processing ended: Fri Feb 27 18:42:33 2009
    Info: Elapsed time: 00:00:17
    Info: Total CPU time (on all processors): 00:00:05


