Flow report for Clock_Module
Fri Feb 27 18:43:28 2009
Quartus II Version 8.1 Build 163 10/28/2008 SJ Full Version


---------------------
; Table of Contents ;
---------------------
  1. Legal Notice
  2. Flow Summary
  3. Flow Settings
  4. Flow Non-Default Global Settings
  5. Flow Elapsed Time
  6. Flow OS Summary
  7. Flow Log



----------------
; Legal Notice ;
----------------
Copyright (C) 1991-2008 Altera Corporation
Your use of Altera Corporation's design tools, logic functions 
and other software and tools, and its AMPP partner logic 
functions, and any output files from any of the foregoing 
(including device programming or simulation files), and any 
associated documentation or information are expressly subject 
to the terms and conditions of the Altera Program License 
Subscription Agreement, Altera MegaCore Function License 
Agreement, or other applicable license agreement, including, 
without limitation, that your use is for the sole purpose of 
programming logic devices manufactured by Altera and sold by 
Altera or its authorized distributors.  Please refer to the 
applicable agreement for further details.



+-------------------------------------------------------------------------------+
; Flow Summary                                                                  ;
+------------------------------------+------------------------------------------+
; Flow Status                        ; Successful - Fri Feb 27 18:43:28 2009    ;
; Quartus II Version                 ; 8.1 Build 163 10/28/2008 SJ Full Version ;
; Revision Name                      ; Clock_Module                             ;
; Top-level Entity Name              ; Clock_Module                             ;
; Family                             ; Cyclone III                              ;
; Device                             ; EP3C25F324C7                             ;
; Timing Models                      ; Final                                    ;
; Met timing requirements            ; Yes                                      ;
; Total logic elements               ; 186 / 24,624 ( < 1 % )                   ;
;     Total combinational functions  ; 129 / 24,624 ( < 1 % )                   ;
;     Dedicated logic registers      ; 157 / 24,624 ( < 1 % )                   ;
; Total registers                    ; 157                                      ;
; Total pins                         ; 95 / 216 ( 44 % )                        ;
; Total virtual pins                 ; 0                                        ;
; Total memory bits                  ; 0 / 608,256 ( 0 % )                      ;
; Embedded Multiplier 9-bit elements ; 0 / 132 ( 0 % )                          ;
; Total PLLs                         ; 0 / 4 ( 0 % )                            ;
+------------------------------------+------------------------------------------+


+-----------------------------------------+
; Flow Settings                           ;
+-------------------+---------------------+
; Option            ; Setting             ;
+-------------------+---------------------+
; Start date & time ; 02/27/2009 18:42:20 ;
; Main task         ; Compilation         ;
; Revision Name     ; Clock_Module        ;
+-------------------+---------------------+


+-----------------------------------------------------------------------------------------------------------------+
; Flow Non-Default Global Settings                                                                                ;
+------------------------------------+-----------------------------+---------------+-------------+----------------+
; Assignment Name                    ; Value                       ; Default Value ; Entity Name ; Section Id     ;
+------------------------------------+-----------------------------+---------------+-------------+----------------+
; COMPILER_SIGNATURE_ID              ; 58104302905.123578894003648 ; --            ; --          ; --             ;
; ENABLE_ADVANCED_IO_TIMING          ; On                          ; --            ; --          ; --             ;
; IP_TOOL_NAME                       ; LPM_COUNTER                 ; --            ; --          ; --             ;
; IP_TOOL_NAME                       ; LPM_FF                      ; --            ; --          ; --             ;
; IP_TOOL_NAME                       ; LPM_COUNTER                 ; --            ; --          ; --             ;
; IP_TOOL_NAME                       ; LPM_COUNTER                 ; --            ; --          ; --             ;
; IP_TOOL_NAME                       ; LPM_CONSTANT                ; --            ; --          ; --             ;
; IP_TOOL_NAME                       ; LPM_CONSTANT                ; --            ; --          ; --             ;
; IP_TOOL_NAME                       ; LPM_COMPARE                 ; --            ; --          ; --             ;
; IP_TOOL_NAME                       ; LPM_FF                      ; --            ; --          ; --             ;
; IP_TOOL_NAME                       ; LPM_MUX                     ; --            ; --          ; --             ;
; IP_TOOL_VERSION                    ; 8.1                         ; --            ; --          ; --             ;
; IP_TOOL_VERSION                    ; 8.1                         ; --            ; --          ; --             ;
; IP_TOOL_VERSION                    ; 8.1                         ; --            ; --          ; --             ;
; IP_TOOL_VERSION                    ; 8.1                         ; --            ; --          ; --             ;
; IP_TOOL_VERSION                    ; 8.1                         ; --            ; --          ; --             ;
; IP_TOOL_VERSION                    ; 8.1                         ; --            ; --          ; --             ;
; IP_TOOL_VERSION                    ; 8.1                         ; --            ; --          ; --             ;
; IP_TOOL_VERSION                    ; 8.1                         ; --            ; --          ; --             ;
; IP_TOOL_VERSION                    ; 8.1                         ; --            ; --          ; --             ;
; MAX_CORE_JUNCTION_TEMP             ; 85                          ; --            ; --          ; --             ;
; MIN_CORE_JUNCTION_TEMP             ; 0                           ; --            ; --          ; --             ;
; MISC_FILE                          ; lpm_counter21.bsf           ; --            ; --          ; --             ;
; MISC_FILE                          ; lpm_counter21_bb.v          ; --            ; --          ; --             ;
; MISC_FILE                          ; lpm_counter21.inc           ; --            ; --          ; --             ;
; MISC_FILE                          ; lpm_dff17.bsf               ; --            ; --          ; --             ;
; MISC_FILE                          ; lpm_dff17_bb.v              ; --            ; --          ; --             ;
; MISC_FILE                          ; lpm_dff17.inc               ; --            ; --          ; --             ;
; MISC_FILE                          ; lpm_counter22.bsf           ; --            ; --          ; --             ;
; MISC_FILE                          ; lpm_counter22_bb.v          ; --            ; --          ; --             ;
; MISC_FILE                          ; lpm_counter22.inc           ; --            ; --          ; --             ;
; MISC_FILE                          ; lpm_counter23.bsf           ; --            ; --          ; --             ;
; MISC_FILE                          ; lpm_counter23_bb.v          ; --            ; --          ; --             ;
; MISC_FILE                          ; lpm_counter23.inc           ; --            ; --          ; --             ;
; MISC_FILE                          ; lpm_constant5.bsf           ; --            ; --          ; --             ;
; MISC_FILE                          ; lpm_constant5_bb.v          ; --            ; --          ; --             ;
; MISC_FILE                          ; lpm_constant5.inc           ; --            ; --          ; --             ;
; MISC_FILE                          ; lpm_constant6.bsf           ; --            ; --          ; --             ;
; MISC_FILE                          ; lpm_constant6_bb.v          ; --            ; --          ; --             ;
; MISC_FILE                          ; lpm_constant6.inc           ; --            ; --          ; --             ;
; MISC_FILE                          ; lpm_compare5.bsf            ; --            ; --          ; --             ;
; MISC_FILE                          ; lpm_compare5_bb.v           ; --            ; --          ; --             ;
; MISC_FILE                          ; lpm_compare5.inc            ; --            ; --          ; --             ;
; MISC_FILE                          ; lpm_dff18.bsf               ; --            ; --          ; --             ;
; MISC_FILE                          ; lpm_dff18_bb.v              ; --            ; --          ; --             ;
; MISC_FILE                          ; lpm_dff18.inc               ; --            ; --          ; --             ;
; MISC_FILE                          ; lpm_mux4.bsf                ; --            ; --          ; --             ;
; MISC_FILE                          ; lpm_mux4_bb.v               ; --            ; --          ; --             ;
; MISC_FILE                          ; lpm_mux4.inc                ; --            ; --          ; --             ;
; NOMINAL_CORE_SUPPLY_VOLTAGE        ; 1.2V                        ; --            ; --          ; --             ;
; PARTITION_COLOR                    ; 16764057                    ; --            ; --          ; Top            ;
; PARTITION_NETLIST_TYPE             ; SOURCE                      ; --            ; --          ; Top            ;
; USE_GENERATED_PHYSICAL_CONSTRAINTS ; Off                         ; --            ; --          ; eda_blast_fpga ;
; USE_TIMEQUEST_TIMING_ANALYZER      ; Off                         ; On            ; --          ; --             ;
+------------------------------------+-----------------------------+---------------+-------------+----------------+


+-----------------------------------------------------------------------------------------------------------------------------+
; Flow Elapsed Time                                                                                                           ;
+-------------------------+--------------+-------------------------+---------------------+------------------------------------+
; Module Name             ; Elapsed Time ; Average Processors Used ; Peak Virtual Memory ; Total CPU Time (on all processors) ;
+-------------------------+--------------+-------------------------+---------------------+------------------------------------+
; Analysis & Synthesis    ; 00:00:14     ; 1.0                     ; 172 MB              ; 00:00:05                           ;
; Fitter                  ; 00:00:24     ; 1.0                     ; 220 MB              ; 00:00:18                           ;
; Assembler               ; 00:00:06     ; 1.0                     ; 193 MB              ; 00:00:05                           ;
; Classic Timing Analyzer ; 00:00:02     ; 1.0                     ; 126 MB              ; 00:00:02                           ;
; Total                   ; 00:00:46     ; --                      ; --                  ; 00:00:30                           ;
+-------------------------+--------------+-------------------------+---------------------+------------------------------------+


+---------------------------------------------------------------------------------------+
; Flow OS Summary                                                                       ;
+-------------------------+------------------+------------+------------+----------------+
; Module Name             ; Machine Hostname ; OS Name    ; OS Version ; Processor type ;
+-------------------------+------------------+------------+------------+----------------+
; Analysis & Synthesis    ; yuriy-aj66u4de6  ; Windows XP ; 5.1        ; i1586          ;
; Fitter                  ; yuriy-aj66u4de6  ; Windows XP ; 5.1        ; i1586          ;
; Assembler               ; yuriy-aj66u4de6  ; Windows XP ; 5.1        ; i1586          ;
; Classic Timing Analyzer ; yuriy-aj66u4de6  ; Windows XP ; 5.1        ; i1586          ;
+-------------------------+------------------+------------+------------+----------------+


------------
; Flow Log ;
------------
quartus_map --read_settings_files=on --write_settings_files=off Clock_Module -c Clock_Module
quartus_fit --read_settings_files=off --write_settings_files=off Clock_Module -c Clock_Module
quartus_asm --read_settings_files=off --write_settings_files=off Clock_Module -c Clock_Module
quartus_tan --read_settings_files=off --write_settings_files=off Clock_Module -c Clock_Module --timing_analysis_only



