Analysis & Synthesis report for Data_Gen
Wed Jul 15 17:43:47 2009
Quartus II Version 9.0 Build 132 02/25/2009 SJ Full Version


---------------------
; Table of Contents ;
---------------------
  1. Legal Notice
  2. Analysis & Synthesis Summary
  3. Analysis & Synthesis Settings
  4. Analysis & Synthesis Source Files Read
  5. Analysis & Synthesis Resource Usage Summary
  6. Analysis & Synthesis Resource Utilization by Entity
  7. General Register Statistics
  8. Source assignments for lpm_counter41:inst69|lpm_counter:lpm_counter_component
  9. Source assignments for lpm_counter42:inst74|lpm_counter:lpm_counter_component
 10. Parameter Settings for User Entity Instance: lpm_mux8:inst66|lpm_mux:lpm_mux_component
 11. Parameter Settings for User Entity Instance: lpm_counter41:inst69|lpm_counter:lpm_counter_component
 12. Parameter Settings for User Entity Instance: lpm_constant12:inst67|lpm_constant:lpm_constant_component
 13. Parameter Settings for User Entity Instance: lpm_mux8:inst70|lpm_mux:lpm_mux_component
 14. Parameter Settings for User Entity Instance: lpm_constant13:inst68|lpm_constant:lpm_constant_component
 15. Parameter Settings for User Entity Instance: lpm_mux8:inst72|lpm_mux:lpm_mux_component
 16. Parameter Settings for User Entity Instance: lpm_counter42:inst74|lpm_counter:lpm_counter_component
 17. Parameter Settings for User Entity Instance: lpm_mux8:inst71|lpm_mux:lpm_mux_component
 18. Analysis & Synthesis Messages



----------------
; Legal Notice ;
----------------
Copyright (C) 1991-2009 Altera Corporation
Your use of Altera Corporation's design tools, logic functions 
and other software and tools, and its AMPP partner logic 
functions, and any output files from any of the foregoing 
(including device programming or simulation files), and any 
associated documentation or information are expressly subject 
to the terms and conditions of the Altera Program License 
Subscription Agreement, Altera MegaCore Function License 
Agreement, or other applicable license agreement, including, 
without limitation, that your use is for the sole purpose of 
programming logic devices manufactured by Altera and sold by 
Altera or its authorized distributors.  Please refer to the 
applicable agreement for further details.



+-------------------------------------------------------------------------------+
; Analysis & Synthesis Summary                                                  ;
+------------------------------------+------------------------------------------+
; Analysis & Synthesis Status        ; Successful - Wed Jul 15 17:43:47 2009    ;
; Quartus II Version                 ; 9.0 Build 132 02/25/2009 SJ Full Version ;
; Revision Name                      ; Data_Gen                                 ;
; Top-level Entity Name              ; Data_Gen                                 ;
; Family                             ; Cyclone III                              ;
; Total logic elements               ; 66                                       ;
;     Total combinational functions  ; 66                                       ;
;     Dedicated logic registers      ; 32                                       ;
; Total registers                    ; 32                                       ;
; Total pins                         ; 68                                       ;
; Total virtual pins                 ; 0                                        ;
; Total memory bits                  ; 0                                        ;
; Embedded Multiplier 9-bit elements ; 0                                        ;
; Total PLLs                         ; 0                                        ;
+------------------------------------+------------------------------------------+


+----------------------------------------------------------------------------------------------------------+
; Analysis & Synthesis Settings                                                                            ;
+----------------------------------------------------------------+--------------------+--------------------+
; Option                                                         ; Setting            ; Default Value      ;
+----------------------------------------------------------------+--------------------+--------------------+
; Device                                                         ; EP3C16F256C6       ;                    ;
; Top-level entity name                                          ; Data_Gen           ; Data_Gen           ;
; Family name                                                    ; Cyclone III        ; Stratix II         ;
; Optimization Technique                                         ; Area               ; Balanced           ;
; Use Generated Physical Constraints File                        ; Off                ;                    ;
; Use smart compilation                                          ; Off                ; Off                ;
; Restructure Multiplexers                                       ; Auto               ; Auto               ;
; Create Debugging Nodes for IP Cores                            ; Off                ; Off                ;
; Preserve fewer node names                                      ; On                 ; On                 ;
; Disable OpenCore Plus hardware evaluation                      ; Off                ; Off                ;
; Verilog Version                                                ; Verilog_2001       ; Verilog_2001       ;
; VHDL Version                                                   ; VHDL93             ; VHDL93             ;
; State Machine Processing                                       ; Auto               ; Auto               ;
; Safe State Machine                                             ; Off                ; Off                ;
; Extract Verilog State Machines                                 ; On                 ; On                 ;
; Extract VHDL State Machines                                    ; On                 ; On                 ;
; Ignore Verilog initial constructs                              ; Off                ; Off                ;
; Iteration limit for constant Verilog loops                     ; 5000               ; 5000               ;
; Iteration limit for non-constant Verilog loops                 ; 250                ; 250                ;
; Add Pass-Through Logic to Inferred RAMs                        ; On                 ; On                 ;
; Parallel Synthesis                                             ; Off                ; Off                ;
; DSP Block Balancing                                            ; Auto               ; Auto               ;
; NOT Gate Push-Back                                             ; On                 ; On                 ;
; Power-Up Don't Care                                            ; On                 ; On                 ;
; Remove Redundant Logic Cells                                   ; Off                ; Off                ;
; Remove Duplicate Registers                                     ; On                 ; On                 ;
; Ignore CARRY Buffers                                           ; Off                ; Off                ;
; Ignore CASCADE Buffers                                         ; Off                ; Off                ;
; Ignore GLOBAL Buffers                                          ; Off                ; Off                ;
; Ignore ROW GLOBAL Buffers                                      ; Off                ; Off                ;
; Ignore LCELL Buffers                                           ; Off                ; Off                ;
; Ignore SOFT Buffers                                            ; On                 ; On                 ;
; Limit AHDL Integers to 32 Bits                                 ; Off                ; Off                ;
; Carry Chain Length                                             ; 70                 ; 70                 ;
; Auto Carry Chains                                              ; On                 ; On                 ;
; Auto Open-Drain Pins                                           ; On                 ; On                 ;
; Perform WYSIWYG Primitive Resynthesis                          ; Off                ; Off                ;
; Auto ROM Replacement                                           ; On                 ; On                 ;
; Auto RAM Replacement                                           ; On                 ; On                 ;
; Auto DSP Block Replacement                                     ; On                 ; On                 ;
; Auto Shift Register Replacement                                ; Auto               ; Auto               ;
; Auto Clock Enable Replacement                                  ; On                 ; On                 ;
; Strict RAM Replacement                                         ; Off                ; Off                ;
; Allow Synchronous Control Signals                              ; On                 ; On                 ;
; Force Use of Synchronous Clear Signals                         ; Off                ; Off                ;
; Auto RAM Block Balancing                                       ; On                 ; On                 ;
; Auto RAM to Logic Cell Conversion                              ; Off                ; Off                ;
; Auto Resource Sharing                                          ; Off                ; Off                ;
; Allow Any RAM Size For Recognition                             ; Off                ; Off                ;
; Allow Any ROM Size For Recognition                             ; Off                ; Off                ;
; Allow Any Shift Register Size For Recognition                  ; Off                ; Off                ;
; Use LogicLock Constraints during Resource Balancing            ; On                 ; On                 ;
; Ignore translate_off and synthesis_off directives              ; Off                ; Off                ;
; Timing-Driven Synthesis                                        ; Off                ; Off                ;
; Show Parameter Settings Tables in Synthesis Report             ; On                 ; On                 ;
; Ignore Maximum Fan-Out Assignments                             ; Off                ; Off                ;
; Synchronization Register Chain Length                          ; 2                  ; 2                  ;
; PowerPlay Power Optimization                                   ; Normal compilation ; Normal compilation ;
; HDL message level                                              ; Level2             ; Level2             ;
; Suppress Register Optimization Related Messages                ; Off                ; Off                ;
; Number of Removed Registers Reported in Synthesis Report       ; 100                ; 100                ;
; Number of Inverted Registers Reported in Synthesis Report      ; 100                ; 100                ;
; Clock MUX Protection                                           ; On                 ; On                 ;
; Auto Gated Clock Conversion                                    ; Off                ; Off                ;
; Block Design Naming                                            ; Auto               ; Auto               ;
; SDC constraint protection                                      ; Off                ; Off                ;
; Synthesis Effort                                               ; Auto               ; Auto               ;
; Allows Asynchronous Clear Usage For Shift Register Replacement ; On                 ; On                 ;
; Analysis & Synthesis Message Level                             ; Medium             ; Medium             ;
+----------------------------------------------------------------+--------------------+--------------------+


+----------------------------------------------------------------------------------------------------------------------------------------------------------------+
; Analysis & Synthesis Source Files Read                                                                                                                         ;
+----------------------------------+-----------------+------------------------------------+----------------------------------------------------------------------+
; File Name with User-Entered Path ; Used in Netlist ; File Type                          ; File Name with Absolute Path                                         ;
+----------------------------------+-----------------+------------------------------------+----------------------------------------------------------------------+
; Data_Gen.bdf                     ; yes             ; User Block Diagram/Schematic File  ; C:/altera/90/qdesigns/Main_Test_02_Base/Data_Gen.bdf                 ;
; lpm_mux8.tdf                     ; yes             ; Auto-Found Wizard-Generated File   ; C:/altera/90/qdesigns/Main_Test_02_Base/lpm_mux8.tdf                 ;
; lpm_mux.inc                      ; yes             ; Auto-Found AHDL File               ; c:/altera/90/quartus/libraries/megafunctions/lpm_mux.inc             ;
; lpm_mux.tdf                      ; yes             ; Megafunction                       ; c:/altera/90/quartus/libraries/megafunctions/lpm_mux.tdf             ;
; aglobal90.inc                    ; yes             ; Megafunction                       ; c:/altera/90/quartus/libraries/megafunctions/aglobal90.inc           ;
; muxlut.inc                       ; yes             ; Megafunction                       ; c:/altera/90/quartus/libraries/megafunctions/muxlut.inc              ;
; bypassff.inc                     ; yes             ; Megafunction                       ; c:/altera/90/quartus/libraries/megafunctions/bypassff.inc            ;
; altshift.inc                     ; yes             ; Megafunction                       ; c:/altera/90/quartus/libraries/megafunctions/altshift.inc            ;
; db/mux_krc.tdf                   ; yes             ; Auto-Generated Megafunction        ; C:/altera/90/qdesigns/Main_Test_02_Base/db/mux_krc.tdf               ;
; lpm_counter41.tdf                ; yes             ; Auto-Found Wizard-Generated File   ; C:/altera/90/qdesigns/Main_Test_02_Base/lpm_counter41.tdf            ;
; lpm_counter.inc                  ; yes             ; Megafunction                       ; c:/altera/90/quartus/libraries/megafunctions/lpm_counter.inc         ;
; lpm_counter.tdf                  ; yes             ; Megafunction                       ; c:/altera/90/quartus/libraries/megafunctions/lpm_counter.tdf         ;
; lpm_constant.inc                 ; yes             ; Megafunction                       ; c:/altera/90/quartus/libraries/megafunctions/lpm_constant.inc        ;
; lpm_decode.inc                   ; yes             ; Megafunction                       ; c:/altera/90/quartus/libraries/megafunctions/lpm_decode.inc          ;
; lpm_add_sub.inc                  ; yes             ; Megafunction                       ; c:/altera/90/quartus/libraries/megafunctions/lpm_add_sub.inc         ;
; cmpconst.inc                     ; yes             ; Megafunction                       ; c:/altera/90/quartus/libraries/megafunctions/cmpconst.inc            ;
; lpm_compare.inc                  ; yes             ; Megafunction                       ; c:/altera/90/quartus/libraries/megafunctions/lpm_compare.inc         ;
; dffeea.inc                       ; yes             ; Megafunction                       ; c:/altera/90/quartus/libraries/megafunctions/dffeea.inc              ;
; alt_synch_counter.inc            ; yes             ; Megafunction                       ; c:/altera/90/quartus/libraries/megafunctions/alt_synch_counter.inc   ;
; alt_synch_counter_f.inc          ; yes             ; Megafunction                       ; c:/altera/90/quartus/libraries/megafunctions/alt_synch_counter_f.inc ;
; alt_counter_f10ke.inc            ; yes             ; Megafunction                       ; c:/altera/90/quartus/libraries/megafunctions/alt_counter_f10ke.inc   ;
; alt_counter_stratix.inc          ; yes             ; Megafunction                       ; c:/altera/90/quartus/libraries/megafunctions/alt_counter_stratix.inc ;
; db/cntr_45k.tdf                  ; yes             ; Auto-Generated Megafunction        ; C:/altera/90/qdesigns/Main_Test_02_Base/db/cntr_45k.tdf              ;
; lpm_constant12.tdf               ; yes             ; Auto-Found Wizard-Generated File   ; C:/altera/90/qdesigns/Main_Test_02_Base/lpm_constant12.tdf           ;
; lpm_constant.tdf                 ; yes             ; Megafunction                       ; c:/altera/90/quartus/libraries/megafunctions/lpm_constant.tdf        ;
; lpm_constant13.tdf               ; yes             ; Auto-Found Wizard-Generated File   ; C:/altera/90/qdesigns/Main_Test_02_Base/lpm_constant13.tdf           ;
; lpm_counter42.tdf                ; yes             ; Auto-Found Wizard-Generated File   ; C:/altera/90/qdesigns/Main_Test_02_Base/lpm_counter42.tdf            ;
; db/cntr_nek.tdf                  ; yes             ; Auto-Generated Megafunction        ; C:/altera/90/qdesigns/Main_Test_02_Base/db/cntr_nek.tdf              ;
+----------------------------------+-----------------+------------------------------------+----------------------------------------------------------------------+


+----------------------------------------------------------------------+
; Analysis & Synthesis Resource Usage Summary                          ;
+---------------------------------------------+------------------------+
; Resource                                    ; Usage                  ;
+---------------------------------------------+------------------------+
; Estimated Total logic elements              ; 66                     ;
;                                             ;                        ;
; Total combinational functions               ; 66                     ;
; Logic element usage by number of LUT inputs ;                        ;
;     -- 4 input functions                    ; 0                      ;
;     -- 3 input functions                    ; 0                      ;
;     -- <=2 input functions                  ; 66                     ;
;                                             ;                        ;
; Logic elements by mode                      ;                        ;
;     -- normal mode                          ; 36                     ;
;     -- arithmetic mode                      ; 30                     ;
;                                             ;                        ;
; Total registers                             ; 32                     ;
;     -- Dedicated logic registers            ; 32                     ;
;     -- I/O registers                        ; 0                      ;
;                                             ;                        ;
; I/O pins                                    ; 68                     ;
; Maximum fan-out node                        ; Data_Sel_Control~input ;
; Maximum fan-out                             ; 34                     ;
; Total fan-out                               ; 410                    ;
; Average fan-out                             ; 1.75                   ;
+---------------------------------------------+------------------------+


+-----------------------------------------------------------------------------------------------------------------------------------------------------------------------------------------------------------------------------------------------------------------+
; Analysis & Synthesis Resource Utilization by Entity                                                                                                                                                                                                             ;
+-------------------------------------------+-------------------+--------------+-------------+--------------+---------+-----------+------+--------------+------------------------------------------------------------------------------------------+--------------+
; Compilation Hierarchy Node                ; LC Combinationals ; LC Registers ; Memory Bits ; DSP Elements ; DSP 9x9 ; DSP 18x18 ; Pins ; Virtual Pins ; Full Hierarchy Name                                                                      ; Library Name ;
+-------------------------------------------+-------------------+--------------+-------------+--------------+---------+-----------+------+--------------+------------------------------------------------------------------------------------------+--------------+
; |Data_Gen                                 ; 66 (1)            ; 32 (0)       ; 0           ; 0            ; 0       ; 0         ; 68   ; 0            ; |Data_Gen                                                                                ; work         ;
;    |lpm_counter41:inst69|                 ; 17 (0)            ; 16 (0)       ; 0           ; 0            ; 0       ; 0         ; 0    ; 0            ; |Data_Gen|lpm_counter41:inst69                                                           ; work         ;
;       |lpm_counter:lpm_counter_component| ; 17 (0)            ; 16 (0)       ; 0           ; 0            ; 0       ; 0         ; 0    ; 0            ; |Data_Gen|lpm_counter41:inst69|lpm_counter:lpm_counter_component                         ; work         ;
;          |cntr_45k:auto_generated|        ; 17 (17)           ; 16 (16)      ; 0           ; 0            ; 0       ; 0         ; 0    ; 0            ; |Data_Gen|lpm_counter41:inst69|lpm_counter:lpm_counter_component|cntr_45k:auto_generated ; work         ;
;    |lpm_counter42:inst74|                 ; 16 (0)            ; 16 (0)       ; 0           ; 0            ; 0       ; 0         ; 0    ; 0            ; |Data_Gen|lpm_counter42:inst74                                                           ; work         ;
;       |lpm_counter:lpm_counter_component| ; 16 (0)            ; 16 (0)       ; 0           ; 0            ; 0       ; 0         ; 0    ; 0            ; |Data_Gen|lpm_counter42:inst74|lpm_counter:lpm_counter_component                         ; work         ;
;          |cntr_nek:auto_generated|        ; 16 (16)           ; 16 (16)      ; 0           ; 0            ; 0       ; 0         ; 0    ; 0            ; |Data_Gen|lpm_counter42:inst74|lpm_counter:lpm_counter_component|cntr_nek:auto_generated ; work         ;
;    |lpm_mux8:inst66|                      ; 16 (0)            ; 0 (0)        ; 0           ; 0            ; 0       ; 0         ; 0    ; 0            ; |Data_Gen|lpm_mux8:inst66                                                                ; work         ;
;       |lpm_mux:lpm_mux_component|         ; 16 (0)            ; 0 (0)        ; 0           ; 0            ; 0       ; 0         ; 0    ; 0            ; |Data_Gen|lpm_mux8:inst66|lpm_mux:lpm_mux_component                                      ; work         ;
;          |mux_krc:auto_generated|         ; 16 (16)           ; 0 (0)        ; 0           ; 0            ; 0       ; 0         ; 0    ; 0            ; |Data_Gen|lpm_mux8:inst66|lpm_mux:lpm_mux_component|mux_krc:auto_generated               ; work         ;
;    |lpm_mux8:inst72|                      ; 16 (0)            ; 0 (0)        ; 0           ; 0            ; 0       ; 0         ; 0    ; 0            ; |Data_Gen|lpm_mux8:inst72                                                                ; work         ;
;       |lpm_mux:lpm_mux_component|         ; 16 (0)            ; 0 (0)        ; 0           ; 0            ; 0       ; 0         ; 0    ; 0            ; |Data_Gen|lpm_mux8:inst72|lpm_mux:lpm_mux_component                                      ; work         ;
;          |mux_krc:auto_generated|         ; 16 (16)           ; 0 (0)        ; 0           ; 0            ; 0       ; 0         ; 0    ; 0            ; |Data_Gen|lpm_mux8:inst72|lpm_mux:lpm_mux_component|mux_krc:auto_generated               ; work         ;
+-------------------------------------------+-------------------+--------------+-------------+--------------+---------+-----------+------+--------------+------------------------------------------------------------------------------------------+--------------+
Note: For table entries with two numbers listed, the numbers in parentheses indicate the number of resources of the given type used by the specific entity alone. The numbers listed outside of parentheses indicate the total resources of the given type used by the specific entity and all of its sub-entities in the hierarchy.


+------------------------------------------------------+
; General Register Statistics                          ;
+----------------------------------------------+-------+
; Statistic                                    ; Value ;
+----------------------------------------------+-------+
; Total registers                              ; 32    ;
; Number of registers using Synchronous Clear  ; 0     ;
; Number of registers using Synchronous Load   ; 32    ;
; Number of registers using Asynchronous Clear ; 0     ;
; Number of registers using Asynchronous Load  ; 0     ;
; Number of registers using Clock Enable       ; 32    ;
; Number of registers using Preset             ; 0     ;
+----------------------------------------------+-------+


+-------------------------------------------------------------------------------+
; Source assignments for lpm_counter41:inst69|lpm_counter:lpm_counter_component ;
+---------------------------+-------+------+------------------------------------+
; Assignment                ; Value ; From ; To                                 ;
+---------------------------+-------+------+------------------------------------+
; SUPPRESS_DA_RULE_INTERNAL ; a101  ; -    ; -                                  ;
; SUPPRESS_DA_RULE_INTERNAL ; s102  ; -    ; -                                  ;
; SUPPRESS_DA_RULE_INTERNAL ; s103  ; -    ; -                                  ;
+---------------------------+-------+------+------------------------------------+


+-------------------------------------------------------------------------------+
; Source assignments for lpm_counter42:inst74|lpm_counter:lpm_counter_component ;
+---------------------------+-------+------+------------------------------------+
; Assignment                ; Value ; From ; To                                 ;
+---------------------------+-------+------+------------------------------------+
; SUPPRESS_DA_RULE_INTERNAL ; a101  ; -    ; -                                  ;
; SUPPRESS_DA_RULE_INTERNAL ; s102  ; -    ; -                                  ;
; SUPPRESS_DA_RULE_INTERNAL ; s103  ; -    ; -                                  ;
+---------------------------+-------+------+------------------------------------+


+----------------------------------------------------------------------------------------+
; Parameter Settings for User Entity Instance: lpm_mux8:inst66|lpm_mux:lpm_mux_component ;
+------------------------+-------------+-------------------------------------------------+
; Parameter Name         ; Value       ; Type                                            ;
+------------------------+-------------+-------------------------------------------------+
; AUTO_CARRY_CHAINS      ; ON          ; AUTO_CARRY                                      ;
; IGNORE_CARRY_BUFFERS   ; OFF         ; IGNORE_CARRY                                    ;
; AUTO_CASCADE_CHAINS    ; ON          ; AUTO_CASCADE                                    ;
; IGNORE_CASCADE_BUFFERS ; OFF         ; IGNORE_CASCADE                                  ;
; LPM_WIDTH              ; 16          ; Untyped                                         ;
; LPM_SIZE               ; 2           ; Untyped                                         ;
; LPM_WIDTHS             ; 1           ; Untyped                                         ;
; LPM_PIPELINE           ; 0           ; Untyped                                         ;
; CBXI_PARAMETER         ; mux_krc     ; Untyped                                         ;
; DEVICE_FAMILY          ; Cyclone III ; Untyped                                         ;
+------------------------+-------------+-------------------------------------------------+
Note: In order to hide this table in the UI and the text report file, please set the "Show Parameter Settings Tables in Synthesis Report" option in "Analysis and Synthesis Settings -> More Settings" to "Off".


+-----------------------------------------------------------------------------------------------------+
; Parameter Settings for User Entity Instance: lpm_counter41:inst69|lpm_counter:lpm_counter_component ;
+------------------------+-------------+--------------------------------------------------------------+
; Parameter Name         ; Value       ; Type                                                         ;
+------------------------+-------------+--------------------------------------------------------------+
; AUTO_CARRY_CHAINS      ; ON          ; AUTO_CARRY                                                   ;
; IGNORE_CARRY_BUFFERS   ; OFF         ; IGNORE_CARRY                                                 ;
; AUTO_CASCADE_CHAINS    ; ON          ; AUTO_CASCADE                                                 ;
; IGNORE_CASCADE_BUFFERS ; OFF         ; IGNORE_CASCADE                                               ;
; LPM_WIDTH              ; 16          ; Untyped                                                      ;
; LPM_DIRECTION          ; UP          ; Untyped                                                      ;
; LPM_MODULUS            ; 0           ; Untyped                                                      ;
; LPM_AVALUE             ; UNUSED      ; Untyped                                                      ;
; LPM_SVALUE             ; 14          ; Untyped                                                      ;
; LPM_PORT_UPDOWN        ; PORT_UNUSED ; Untyped                                                      ;
; DEVICE_FAMILY          ; Cyclone III ; Untyped                                                      ;
; CARRY_CHAIN            ; MANUAL      ; Untyped                                                      ;
; CARRY_CHAIN_LENGTH     ; 48          ; CARRY_CHAIN_LENGTH                                           ;
; NOT_GATE_PUSH_BACK     ; ON          ; NOT_GATE_PUSH_BACK                                           ;
; CARRY_CNT_EN           ; SMART       ; Untyped                                                      ;
; LABWIDE_SCLR           ; ON          ; Untyped                                                      ;
; USE_NEW_VERSION        ; TRUE        ; Untyped                                                      ;
; CBXI_PARAMETER         ; cntr_45k    ; Untyped                                                      ;
+------------------------+-------------+--------------------------------------------------------------+
Note: In order to hide this table in the UI and the text report file, please set the "Show Parameter Settings Tables in Synthesis Report" option in "Analysis and Synthesis Settings -> More Settings" to "Off".


+--------------------------------------------------------------------------------------------------------+
; Parameter Settings for User Entity Instance: lpm_constant12:inst67|lpm_constant:lpm_constant_component ;
+--------------------+------------------+----------------------------------------------------------------+
; Parameter Name     ; Value            ; Type                                                           ;
+--------------------+------------------+----------------------------------------------------------------+
; LPM_WIDTH          ; 16               ; Untyped                                                        ;
; LPM_CVALUE         ; 14               ; Untyped                                                        ;
; ENABLE_RUNTIME_MOD ; NO               ; Untyped                                                        ;
; CBXI_PARAMETER     ; lpm_constant_ul6 ; Untyped                                                        ;
+--------------------+------------------+----------------------------------------------------------------+
Note: In order to hide this table in the UI and the text report file, please set the "Show Parameter Settings Tables in Synthesis Report" option in "Analysis and Synthesis Settings -> More Settings" to "Off".


+----------------------------------------------------------------------------------------+
; Parameter Settings for User Entity Instance: lpm_mux8:inst70|lpm_mux:lpm_mux_component ;
+------------------------+-------------+-------------------------------------------------+
; Parameter Name         ; Value       ; Type                                            ;
+------------------------+-------------+-------------------------------------------------+
; AUTO_CARRY_CHAINS      ; ON          ; AUTO_CARRY                                      ;
; IGNORE_CARRY_BUFFERS   ; OFF         ; IGNORE_CARRY                                    ;
; AUTO_CASCADE_CHAINS    ; ON          ; AUTO_CASCADE                                    ;
; IGNORE_CASCADE_BUFFERS ; OFF         ; IGNORE_CASCADE                                  ;
; LPM_WIDTH              ; 16          ; Untyped                                         ;
; LPM_SIZE               ; 2           ; Untyped                                         ;
; LPM_WIDTHS             ; 1           ; Untyped                                         ;
; LPM_PIPELINE           ; 0           ; Untyped                                         ;
; CBXI_PARAMETER         ; mux_krc     ; Untyped                                         ;
; DEVICE_FAMILY          ; Cyclone III ; Untyped                                         ;
+------------------------+-------------+-------------------------------------------------+
Note: In order to hide this table in the UI and the text report file, please set the "Show Parameter Settings Tables in Synthesis Report" option in "Analysis and Synthesis Settings -> More Settings" to "Off".


+--------------------------------------------------------------------------------------------------------+
; Parameter Settings for User Entity Instance: lpm_constant13:inst68|lpm_constant:lpm_constant_component ;
+--------------------+------------------+----------------------------------------------------------------+
; Parameter Name     ; Value            ; Type                                                           ;
+--------------------+------------------+----------------------------------------------------------------+
; LPM_WIDTH          ; 16               ; Untyped                                                        ;
; LPM_CVALUE         ; 8192             ; Untyped                                                        ;
; ENABLE_RUNTIME_MOD ; NO               ; Untyped                                                        ;
; CBXI_PARAMETER     ; lpm_constant_ck6 ; Untyped                                                        ;
+--------------------+------------------+----------------------------------------------------------------+
Note: In order to hide this table in the UI and the text report file, please set the "Show Parameter Settings Tables in Synthesis Report" option in "Analysis and Synthesis Settings -> More Settings" to "Off".


+----------------------------------------------------------------------------------------+
; Parameter Settings for User Entity Instance: lpm_mux8:inst72|lpm_mux:lpm_mux_component ;
+------------------------+-------------+-------------------------------------------------+
; Parameter Name         ; Value       ; Type                                            ;
+------------------------+-------------+-------------------------------------------------+
; AUTO_CARRY_CHAINS      ; ON          ; AUTO_CARRY                                      ;
; IGNORE_CARRY_BUFFERS   ; OFF         ; IGNORE_CARRY                                    ;
; AUTO_CASCADE_CHAINS    ; ON          ; AUTO_CASCADE                                    ;
; IGNORE_CASCADE_BUFFERS ; OFF         ; IGNORE_CASCADE                                  ;
; LPM_WIDTH              ; 16          ; Untyped                                         ;
; LPM_SIZE               ; 2           ; Untyped                                         ;
; LPM_WIDTHS             ; 1           ; Untyped                                         ;
; LPM_PIPELINE           ; 0           ; Untyped                                         ;
; CBXI_PARAMETER         ; mux_krc     ; Untyped                                         ;
; DEVICE_FAMILY          ; Cyclone III ; Untyped                                         ;
+------------------------+-------------+-------------------------------------------------+
Note: In order to hide this table in the UI and the text report file, please set the "Show Parameter Settings Tables in Synthesis Report" option in "Analysis and Synthesis Settings -> More Settings" to "Off".


+-----------------------------------------------------------------------------------------------------+
; Parameter Settings for User Entity Instance: lpm_counter42:inst74|lpm_counter:lpm_counter_component ;
+------------------------+-------------+--------------------------------------------------------------+
; Parameter Name         ; Value       ; Type                                                         ;
+------------------------+-------------+--------------------------------------------------------------+
; AUTO_CARRY_CHAINS      ; ON          ; AUTO_CARRY                                                   ;
; IGNORE_CARRY_BUFFERS   ; OFF         ; IGNORE_CARRY                                                 ;
; AUTO_CASCADE_CHAINS    ; ON          ; AUTO_CASCADE                                                 ;
; IGNORE_CASCADE_BUFFERS ; OFF         ; IGNORE_CASCADE                                               ;
; LPM_WIDTH              ; 16          ; Untyped                                                      ;
; LPM_DIRECTION          ; DOWN        ; Untyped                                                      ;
; LPM_MODULUS            ; 0           ; Untyped                                                      ;
; LPM_AVALUE             ; UNUSED      ; Untyped                                                      ;
; LPM_SVALUE             ; 5000        ; Untyped                                                      ;
; LPM_PORT_UPDOWN        ; PORT_UNUSED ; Untyped                                                      ;
; DEVICE_FAMILY          ; Cyclone III ; Untyped                                                      ;
; CARRY_CHAIN            ; MANUAL      ; Untyped                                                      ;
; CARRY_CHAIN_LENGTH     ; 48          ; CARRY_CHAIN_LENGTH                                           ;
; NOT_GATE_PUSH_BACK     ; ON          ; NOT_GATE_PUSH_BACK                                           ;
; CARRY_CNT_EN           ; SMART       ; Untyped                                                      ;
; LABWIDE_SCLR           ; ON          ; Untyped                                                      ;
; USE_NEW_VERSION        ; TRUE        ; Untyped                                                      ;
; CBXI_PARAMETER         ; cntr_nek    ; Untyped                                                      ;
+------------------------+-------------+--------------------------------------------------------------+
Note: In order to hide this table in the UI and the text report file, please set the "Show Parameter Settings Tables in Synthesis Report" option in "Analysis and Synthesis Settings -> More Settings" to "Off".


+----------------------------------------------------------------------------------------+
; Parameter Settings for User Entity Instance: lpm_mux8:inst71|lpm_mux:lpm_mux_component ;
+------------------------+-------------+-------------------------------------------------+
; Parameter Name         ; Value       ; Type                                            ;
+------------------------+-------------+-------------------------------------------------+
; AUTO_CARRY_CHAINS      ; ON          ; AUTO_CARRY                                      ;
; IGNORE_CARRY_BUFFERS   ; OFF         ; IGNORE_CARRY                                    ;
; AUTO_CASCADE_CHAINS    ; ON          ; AUTO_CASCADE                                    ;
; IGNORE_CASCADE_BUFFERS ; OFF         ; IGNORE_CASCADE                                  ;
; LPM_WIDTH              ; 16          ; Untyped                                         ;
; LPM_SIZE               ; 2           ; Untyped                                         ;
; LPM_WIDTHS             ; 1           ; Untyped                                         ;
; LPM_PIPELINE           ; 0           ; Untyped                                         ;
; CBXI_PARAMETER         ; mux_krc     ; Untyped                                         ;
; DEVICE_FAMILY          ; Cyclone III ; Untyped                                         ;
+------------------------+-------------+-------------------------------------------------+
Note: In order to hide this table in the UI and the text report file, please set the "Show Parameter Settings Tables in Synthesis Report" option in "Analysis and Synthesis Settings -> More Settings" to "Off".


+-------------------------------+
; Analysis & Synthesis Messages ;
+-------------------------------+
Info: *******************************************************************
Info: Running Quartus II Analysis & Synthesis
    Info: Version 9.0 Build 132 02/25/2009 SJ Full Version
    Info: Processing started: Wed Jul 15 17:43:45 2009
Info: Command: quartus_map --read_settings_files=on --write_settings_files=off Data_Gen -c Data_Gen
Info: Found 1 design units, including 1 entities, in source file Data_Gen.bdf
    Info: Found entity 1: Data_Gen
Info: Elaborating entity "Data_Gen" for the top level hierarchy
Warning: Using design file lpm_mux8.tdf, which is not specified as a design file for the current project, but contains definitions for 1 design units and 1 entities in project
    Info: Found entity 1: lpm_mux8
Info: Elaborating entity "lpm_mux8" for hierarchy "lpm_mux8:inst66"
Info: Elaborating entity "lpm_mux" for hierarchy "lpm_mux8:inst66|lpm_mux:lpm_mux_component"
Info: Elaborated megafunction instantiation "lpm_mux8:inst66|lpm_mux:lpm_mux_component"
Info: Instantiated megafunction "lpm_mux8:inst66|lpm_mux:lpm_mux_component" with the following parameter:
    Info: Parameter "LPM_TYPE" = "LPM_MUX"
    Info: Parameter "LPM_WIDTH" = "16"
    Info: Parameter "LPM_SIZE" = "2"
    Info: Parameter "LPM_WIDTHS" = "1"
Info: Found 1 design units, including 1 entities, in source file db/mux_krc.tdf
    Info: Found entity 1: mux_krc
Info: Elaborating entity "mux_krc" for hierarchy "lpm_mux8:inst66|lpm_mux:lpm_mux_component|mux_krc:auto_generated"
Warning: Using design file lpm_counter41.tdf, which is not specified as a design file for the current project, but contains definitions for 1 design units and 1 entities in project
    Info: Found entity 1: lpm_counter41
Info: Elaborating entity "lpm_counter41" for hierarchy "lpm_counter41:inst69"
Info: Elaborating entity "lpm_counter" for hierarchy "lpm_counter41:inst69|lpm_counter:lpm_counter_component"
Info: Elaborated megafunction instantiation "lpm_counter41:inst69|lpm_counter:lpm_counter_component"
Info: Instantiated megafunction "lpm_counter41:inst69|lpm_counter:lpm_counter_component" with the following parameter:
    Info: Parameter "LPM_TYPE" = "LPM_COUNTER"
    Info: Parameter "LPM_WIDTH" = "16"
    Info: Parameter "LPM_DIRECTION" = "UP"
    Info: Parameter "LPM_SVALUE" = "14"
    Info: Parameter "LPM_PORT_UPDOWN" = "PORT_UNUSED"
Info: Found 1 design units, including 1 entities, in source file db/cntr_45k.tdf
    Info: Found entity 1: cntr_45k
Info: Elaborating entity "cntr_45k" for hierarchy "lpm_counter41:inst69|lpm_counter:lpm_counter_component|cntr_45k:auto_generated"
Warning: Using design file lpm_constant12.tdf, which is not specified as a design file for the current project, but contains definitions for 1 design units and 1 entities in project
    Info: Found entity 1: lpm_constant12
Info: Elaborating entity "lpm_constant12" for hierarchy "lpm_constant12:inst67"
Info: Elaborating entity "lpm_constant" for hierarchy "lpm_constant12:inst67|lpm_constant:lpm_constant_component"
Info: Elaborated megafunction instantiation "lpm_constant12:inst67|lpm_constant:lpm_constant_component"
Info: Instantiated megafunction "lpm_constant12:inst67|lpm_constant:lpm_constant_component" with the following parameter:
    Info: Parameter "LPM_TYPE" = "LPM_CONSTANT"
    Info: Parameter "LPM_HINT" = "ENABLE_RUNTIME_MOD=NO"
    Info: Parameter "LPM_WIDTH" = "16"
    Info: Parameter "LPM_CVALUE" = "14"
Warning: Using design file lpm_constant13.tdf, which is not specified as a design file for the current project, but contains definitions for 1 design units and 1 entities in project
    Info: Found entity 1: lpm_constant13
Info: Elaborating entity "lpm_constant13" for hierarchy "lpm_constant13:inst68"
Info: Elaborating entity "lpm_constant" for hierarchy "lpm_constant13:inst68|lpm_constant:lpm_constant_component"
Info: Elaborated megafunction instantiation "lpm_constant13:inst68|lpm_constant:lpm_constant_component"
Info: Instantiated megafunction "lpm_constant13:inst68|lpm_constant:lpm_constant_component" with the following parameter:
    Info: Parameter "LPM_TYPE" = "LPM_CONSTANT"
    Info: Parameter "LPM_HINT" = "ENABLE_RUNTIME_MOD=NO"
    Info: Parameter "LPM_WIDTH" = "16"
    Info: Parameter "LPM_CVALUE" = "8192"
Warning: Using design file lpm_counter42.tdf, which is not specified as a design file for the current project, but contains definitions for 1 design units and 1 entities in project
    Info: Found entity 1: lpm_counter42
Info: Elaborating entity "lpm_counter42" for hierarchy "lpm_counter42:inst74"
Info: Elaborating entity "lpm_counter" for hierarchy "lpm_counter42:inst74|lpm_counter:lpm_counter_component"
Info: Elaborated megafunction instantiation "lpm_counter42:inst74|lpm_counter:lpm_counter_component"
Info: Instantiated megafunction "lpm_counter42:inst74|lpm_counter:lpm_counter_component" with the following parameter:
    Info: Parameter "LPM_TYPE" = "LPM_COUNTER"
    Info: Parameter "LPM_WIDTH" = "16"
    Info: Parameter "LPM_DIRECTION" = "DOWN"
    Info: Parameter "LPM_SVALUE" = "5000"
    Info: Parameter "LPM_PORT_UPDOWN" = "PORT_UNUSED"
Info: Found 1 design units, including 1 entities, in source file db/cntr_nek.tdf
    Info: Found entity 1: cntr_nek
Info: Elaborating entity "cntr_nek" for hierarchy "lpm_counter42:inst74|lpm_counter:lpm_counter_component|cntr_nek:auto_generated"
Warning: Output pins are stuck at VCC or GND
    Warning (13410): Pin "BDat[15]" is stuck at GND
    Warning (13410): Pin "DDat[15]" is stuck at GND
Info: Implemented 134 device resources after synthesis - the final resource count might be different
    Info: Implemented 4 input pins
    Info: Implemented 64 output pins
    Info: Implemented 66 logic cells
Info: Quartus II Analysis & Synthesis was successful. 0 errors, 8 warnings
    Info: Peak virtual memory: 214 megabytes
    Info: Processing ended: Wed Jul 15 17:43:47 2009
    Info: Elapsed time: 00:00:02
    Info: Total CPU time (on all processors): 00:00:02


