Analysis & Synthesis report for Exposure_Control_Module
Thu May 28 11:46:44 2009
Quartus II Version 9.0 Build 132 02/25/2009 SJ Full Version


---------------------
; Table of Contents ;
---------------------
  1. Legal Notice
  2. Analysis & Synthesis Summary
  3. Analysis & Synthesis Settings
  4. Analysis & Synthesis Source Files Read
  5. Analysis & Synthesis Resource Usage Summary
  6. Analysis & Synthesis Resource Utilization by Entity
  7. General Register Statistics
  8. Source assignments for lpm_counter30:inst4|lpm_counter:lpm_counter_component
  9. Source assignments for lpm_counter31:inst16|lpm_counter:lpm_counter_component
 10. Parameter Settings for User Entity Instance: lpm_counter30:inst4|lpm_counter:lpm_counter_component
 11. Parameter Settings for User Entity Instance: lpm_ff0:inst1|lpm_ff:lpm_ff_component
 12. Parameter Settings for User Entity Instance: lpm_decode5:inst2|lpm_decode:lpm_decode_component
 13. Parameter Settings for User Entity Instance: lpm_dff19:inst|lpm_ff:lpm_ff_component
 14. Parameter Settings for User Entity Instance: lpm_or6:inst13|lpm_or:lpm_or_component
 15. Parameter Settings for User Entity Instance: lpm_counter31:inst16|lpm_counter:lpm_counter_component
 16. Parameter Settings for User Entity Instance: lpm_dff20:inst17|lpm_ff:lpm_ff_component
 17. Analysis & Synthesis Messages



----------------
; Legal Notice ;
----------------
Copyright (C) 1991-2009 Altera Corporation
Your use of Altera Corporation's design tools, logic functions 
and other software and tools, and its AMPP partner logic 
functions, and any output files from any of the foregoing 
(including device programming or simulation files), and any 
associated documentation or information are expressly subject 
to the terms and conditions of the Altera Program License 
Subscription Agreement, Altera MegaCore Function License 
Agreement, or other applicable license agreement, including, 
without limitation, that your use is for the sole purpose of 
programming logic devices manufactured by Altera and sold by 
Altera or its authorized distributors.  Please refer to the 
applicable agreement for further details.



+-------------------------------------------------------------------------------+
; Analysis & Synthesis Summary                                                  ;
+------------------------------------+------------------------------------------+
; Analysis & Synthesis Status        ; Successful - Thu May 28 11:46:44 2009    ;
; Quartus II Version                 ; 9.0 Build 132 02/25/2009 SJ Full Version ;
; Revision Name                      ; Exposure_Control_Module                  ;
; Top-level Entity Name              ; Exposure_Control_Module                  ;
; Family                             ; Cyclone III                              ;
; Total logic elements               ; 90                                       ;
;     Total combinational functions  ; 54                                       ;
;     Dedicated logic registers      ; 77                                       ;
; Total registers                    ; 77                                       ;
; Total pins                         ; 52                                       ;
; Total virtual pins                 ; 0                                        ;
; Total memory bits                  ; 0                                        ;
; Embedded Multiplier 9-bit elements ; 0                                        ;
; Total PLLs                         ; 0                                        ;
+------------------------------------+------------------------------------------+


+--------------------------------------------------------------------------------------------------------------------+
; Analysis & Synthesis Settings                                                                                      ;
+----------------------------------------------------------------+-------------------------+-------------------------+
; Option                                                         ; Setting                 ; Default Value           ;
+----------------------------------------------------------------+-------------------------+-------------------------+
; Device                                                         ; EP3C16F256C6            ;                         ;
; Top-level entity name                                          ; Exposure_Control_Module ; Exposure_Control_Module ;
; Family name                                                    ; Cyclone III             ; Stratix II              ;
; Use Generated Physical Constraints File                        ; Off                     ;                         ;
; Use smart compilation                                          ; Off                     ; Off                     ;
; Restructure Multiplexers                                       ; Auto                    ; Auto                    ;
; Create Debugging Nodes for IP Cores                            ; Off                     ; Off                     ;
; Preserve fewer node names                                      ; On                      ; On                      ;
; Disable OpenCore Plus hardware evaluation                      ; Off                     ; Off                     ;
; Verilog Version                                                ; Verilog_2001            ; Verilog_2001            ;
; VHDL Version                                                   ; VHDL93                  ; VHDL93                  ;
; State Machine Processing                                       ; Auto                    ; Auto                    ;
; Safe State Machine                                             ; Off                     ; Off                     ;
; Extract Verilog State Machines                                 ; On                      ; On                      ;
; Extract VHDL State Machines                                    ; On                      ; On                      ;
; Ignore Verilog initial constructs                              ; Off                     ; Off                     ;
; Iteration limit for constant Verilog loops                     ; 5000                    ; 5000                    ;
; Iteration limit for non-constant Verilog loops                 ; 250                     ; 250                     ;
; Add Pass-Through Logic to Inferred RAMs                        ; On                      ; On                      ;
; Parallel Synthesis                                             ; Off                     ; Off                     ;
; DSP Block Balancing                                            ; Auto                    ; Auto                    ;
; NOT Gate Push-Back                                             ; On                      ; On                      ;
; Power-Up Don't Care                                            ; On                      ; On                      ;
; Remove Redundant Logic Cells                                   ; Off                     ; Off                     ;
; Remove Duplicate Registers                                     ; On                      ; On                      ;
; Ignore CARRY Buffers                                           ; Off                     ; Off                     ;
; Ignore CASCADE Buffers                                         ; Off                     ; Off                     ;
; Ignore GLOBAL Buffers                                          ; Off                     ; Off                     ;
; Ignore ROW GLOBAL Buffers                                      ; Off                     ; Off                     ;
; Ignore LCELL Buffers                                           ; Off                     ; Off                     ;
; Ignore SOFT Buffers                                            ; On                      ; On                      ;
; Limit AHDL Integers to 32 Bits                                 ; Off                     ; Off                     ;
; Optimization Technique                                         ; Balanced                ; Balanced                ;
; Carry Chain Length                                             ; 70                      ; 70                      ;
; Auto Carry Chains                                              ; On                      ; On                      ;
; Auto Open-Drain Pins                                           ; On                      ; On                      ;
; Perform WYSIWYG Primitive Resynthesis                          ; Off                     ; Off                     ;
; Auto ROM Replacement                                           ; On                      ; On                      ;
; Auto RAM Replacement                                           ; On                      ; On                      ;
; Auto DSP Block Replacement                                     ; On                      ; On                      ;
; Auto Shift Register Replacement                                ; Auto                    ; Auto                    ;
; Auto Clock Enable Replacement                                  ; On                      ; On                      ;
; Strict RAM Replacement                                         ; Off                     ; Off                     ;
; Allow Synchronous Control Signals                              ; On                      ; On                      ;
; Force Use of Synchronous Clear Signals                         ; Off                     ; Off                     ;
; Auto RAM Block Balancing                                       ; On                      ; On                      ;
; Auto RAM to Logic Cell Conversion                              ; Off                     ; Off                     ;
; Auto Resource Sharing                                          ; Off                     ; Off                     ;
; Allow Any RAM Size For Recognition                             ; Off                     ; Off                     ;
; Allow Any ROM Size For Recognition                             ; Off                     ; Off                     ;
; Allow Any Shift Register Size For Recognition                  ; Off                     ; Off                     ;
; Use LogicLock Constraints during Resource Balancing            ; On                      ; On                      ;
; Ignore translate_off and synthesis_off directives              ; Off                     ; Off                     ;
; Timing-Driven Synthesis                                        ; Off                     ; Off                     ;
; Show Parameter Settings Tables in Synthesis Report             ; On                      ; On                      ;
; Ignore Maximum Fan-Out Assignments                             ; Off                     ; Off                     ;
; Synchronization Register Chain Length                          ; 2                       ; 2                       ;
; PowerPlay Power Optimization                                   ; Normal compilation      ; Normal compilation      ;
; HDL message level                                              ; Level2                  ; Level2                  ;
; Suppress Register Optimization Related Messages                ; Off                     ; Off                     ;
; Number of Removed Registers Reported in Synthesis Report       ; 100                     ; 100                     ;
; Number of Inverted Registers Reported in Synthesis Report      ; 100                     ; 100                     ;
; Clock MUX Protection                                           ; On                      ; On                      ;
; Auto Gated Clock Conversion                                    ; Off                     ; Off                     ;
; Block Design Naming                                            ; Auto                    ; Auto                    ;
; SDC constraint protection                                      ; Off                     ; Off                     ;
; Synthesis Effort                                               ; Auto                    ; Auto                    ;
; Allows Asynchronous Clear Usage For Shift Register Replacement ; On                      ; On                      ;
; Analysis & Synthesis Message Level                             ; Medium                  ; Medium                  ;
+----------------------------------------------------------------+-------------------------+-------------------------+


+----------------------------------------------------------------------------------------------------------------------------------------------------------------------+
; Analysis & Synthesis Source Files Read                                                                                                                               ;
+----------------------------------+-----------------+------------------------------------------+----------------------------------------------------------------------+
; File Name with User-Entered Path ; Used in Netlist ; File Type                                ; File Name with Absolute Path                                         ;
+----------------------------------+-----------------+------------------------------------------+----------------------------------------------------------------------+
; Exposure_Control_Module.bdf      ; yes             ; Auto-Found Block Diagram/Schematic File  ; C:/altera/90/qdesigns/Main_05_28/Exposure_Control_Module.bdf         ;
; lpm_counter30.v                  ; yes             ; Auto-Found Wizard-Generated File         ; C:/altera/90/qdesigns/Main_05_28/lpm_counter30.v                     ;
; lpm_counter.tdf                  ; yes             ; Megafunction                             ; c:/altera/90/quartus/libraries/megafunctions/lpm_counter.tdf         ;
; lpm_constant.inc                 ; yes             ; Megafunction                             ; c:/altera/90/quartus/libraries/megafunctions/lpm_constant.inc        ;
; lpm_decode.inc                   ; yes             ; Megafunction                             ; c:/altera/90/quartus/libraries/megafunctions/lpm_decode.inc          ;
; lpm_add_sub.inc                  ; yes             ; Megafunction                             ; c:/altera/90/quartus/libraries/megafunctions/lpm_add_sub.inc         ;
; cmpconst.inc                     ; yes             ; Megafunction                             ; c:/altera/90/quartus/libraries/megafunctions/cmpconst.inc            ;
; lpm_compare.inc                  ; yes             ; Megafunction                             ; c:/altera/90/quartus/libraries/megafunctions/lpm_compare.inc         ;
; lpm_counter.inc                  ; yes             ; Megafunction                             ; c:/altera/90/quartus/libraries/megafunctions/lpm_counter.inc         ;
; dffeea.inc                       ; yes             ; Megafunction                             ; c:/altera/90/quartus/libraries/megafunctions/dffeea.inc              ;
; alt_synch_counter.inc            ; yes             ; Megafunction                             ; c:/altera/90/quartus/libraries/megafunctions/alt_synch_counter.inc   ;
; alt_synch_counter_f.inc          ; yes             ; Megafunction                             ; c:/altera/90/quartus/libraries/megafunctions/alt_synch_counter_f.inc ;
; alt_counter_f10ke.inc            ; yes             ; Megafunction                             ; c:/altera/90/quartus/libraries/megafunctions/alt_counter_f10ke.inc   ;
; alt_counter_stratix.inc          ; yes             ; Megafunction                             ; c:/altera/90/quartus/libraries/megafunctions/alt_counter_stratix.inc ;
; aglobal90.inc                    ; yes             ; Megafunction                             ; c:/altera/90/quartus/libraries/megafunctions/aglobal90.inc           ;
; db/cntr_7hk.tdf                  ; yes             ; Auto-Generated Megafunction              ; C:/altera/90/qdesigns/Main_05_28/db/cntr_7hk.tdf                     ;
; lpm_ff0.v                        ; yes             ; Auto-Found Wizard-Generated File         ; C:/altera/90/qdesigns/Main_05_28/lpm_ff0.v                           ;
; lpm_ff.tdf                       ; yes             ; Megafunction                             ; c:/altera/90/quartus/libraries/megafunctions/lpm_ff.tdf              ;
; lpm_decode5.v                    ; yes             ; Auto-Found Wizard-Generated File         ; C:/altera/90/qdesigns/Main_05_28/lpm_decode5.v                       ;
; lpm_decode.tdf                   ; yes             ; Megafunction                             ; c:/altera/90/quartus/libraries/megafunctions/lpm_decode.tdf          ;
; declut.inc                       ; yes             ; Megafunction                             ; c:/altera/90/quartus/libraries/megafunctions/declut.inc              ;
; altshift.inc                     ; yes             ; Megafunction                             ; c:/altera/90/quartus/libraries/megafunctions/altshift.inc            ;
; db/decode_7uf.tdf                ; yes             ; Auto-Generated Megafunction              ; C:/altera/90/qdesigns/Main_05_28/db/decode_7uf.tdf                   ;
; lpm_dff19.v                      ; yes             ; Auto-Found Wizard-Generated File         ; C:/altera/90/qdesigns/Main_05_28/lpm_dff19.v                         ;
; lpm_or6.tdf                      ; yes             ; Auto-Found Wizard-Generated File         ; C:/altera/90/qdesigns/Main_05_28/lpm_or6.tdf                         ;
; lpm_or.inc                       ; yes             ; Auto-Found AHDL File                     ; c:/altera/90/quartus/libraries/megafunctions/lpm_or.inc              ;
; lpm_or.tdf                       ; yes             ; Megafunction                             ; c:/altera/90/quartus/libraries/megafunctions/lpm_or.tdf              ;
; lpm_counter31.v                  ; yes             ; Auto-Found Wizard-Generated File         ; C:/altera/90/qdesigns/Main_05_28/lpm_counter31.v                     ;
; db/cntr_4hk.tdf                  ; yes             ; Auto-Generated Megafunction              ; C:/altera/90/qdesigns/Main_05_28/db/cntr_4hk.tdf                     ;
; lpm_dff20.v                      ; yes             ; Auto-Found Wizard-Generated File         ; C:/altera/90/qdesigns/Main_05_28/lpm_dff20.v                         ;
+----------------------------------+-----------------+------------------------------------------+----------------------------------------------------------------------+


+-------------------------------------------------------------+
; Analysis & Synthesis Resource Usage Summary                 ;
+---------------------------------------------+---------------+
; Resource                                    ; Usage         ;
+---------------------------------------------+---------------+
; Estimated Total logic elements              ; 90            ;
;                                             ;               ;
; Total combinational functions               ; 54            ;
; Logic element usage by number of LUT inputs ;               ;
;     -- 4 input functions                    ; 8             ;
;     -- 3 input functions                    ; 6             ;
;     -- <=2 input functions                  ; 40            ;
;                                             ;               ;
; Logic elements by mode                      ;               ;
;     -- normal mode                          ; 18            ;
;     -- arithmetic mode                      ; 36            ;
;                                             ;               ;
; Total registers                             ; 77            ;
;     -- Dedicated logic registers            ; 77            ;
;     -- I/O registers                        ; 0             ;
;                                             ;               ;
; I/O pins                                    ; 52            ;
; Maximum fan-out node                        ; Reset_n~input ;
; Maximum fan-out                             ; 77            ;
; Total fan-out                               ; 545           ;
; Average fan-out                             ; 2.32          ;
+---------------------------------------------+---------------+


+--------------------------------------------------------------------------------------------------------------------------------------------------------------------------------------------------------------------------------------------------------------------------------+
; Analysis & Synthesis Resource Utilization by Entity                                                                                                                                                                                                                            ;
+-------------------------------------------+-------------------+--------------+-------------+--------------+---------+-----------+------+--------------+---------------------------------------------------------------------------------------------------------+--------------+
; Compilation Hierarchy Node                ; LC Combinationals ; LC Registers ; Memory Bits ; DSP Elements ; DSP 9x9 ; DSP 18x18 ; Pins ; Virtual Pins ; Full Hierarchy Name                                                                                     ; Library Name ;
+-------------------------------------------+-------------------+--------------+-------------+--------------+---------+-----------+------+--------------+---------------------------------------------------------------------------------------------------------+--------------+
; |Exposure_Control_Module                  ; 54 (6)            ; 77 (5)       ; 0           ; 0            ; 0       ; 0         ; 52   ; 0            ; |Exposure_Control_Module                                                                                ; work         ;
;    |lpm_counter30:inst4|                  ; 25 (0)            ; 24 (0)       ; 0           ; 0            ; 0       ; 0         ; 0    ; 0            ; |Exposure_Control_Module|lpm_counter30:inst4                                                            ; work         ;
;       |lpm_counter:lpm_counter_component| ; 25 (0)            ; 24 (0)       ; 0           ; 0            ; 0       ; 0         ; 0    ; 0            ; |Exposure_Control_Module|lpm_counter30:inst4|lpm_counter:lpm_counter_component                          ; work         ;
;          |cntr_7hk:auto_generated|        ; 25 (25)           ; 24 (24)      ; 0           ; 0            ; 0       ; 0         ; 0    ; 0            ; |Exposure_Control_Module|lpm_counter30:inst4|lpm_counter:lpm_counter_component|cntr_7hk:auto_generated  ; work         ;
;    |lpm_counter31:inst16|                 ; 13 (0)            ; 12 (0)       ; 0           ; 0            ; 0       ; 0         ; 0    ; 0            ; |Exposure_Control_Module|lpm_counter31:inst16                                                           ; work         ;
;       |lpm_counter:lpm_counter_component| ; 13 (0)            ; 12 (0)       ; 0           ; 0            ; 0       ; 0         ; 0    ; 0            ; |Exposure_Control_Module|lpm_counter31:inst16|lpm_counter:lpm_counter_component                         ; work         ;
;          |cntr_4hk:auto_generated|        ; 13 (13)           ; 12 (12)      ; 0           ; 0            ; 0       ; 0         ; 0    ; 0            ; |Exposure_Control_Module|lpm_counter31:inst16|lpm_counter:lpm_counter_component|cntr_4hk:auto_generated ; work         ;
;    |lpm_decode5:inst2|                    ; 3 (0)             ; 0 (0)        ; 0           ; 0            ; 0       ; 0         ; 0    ; 0            ; |Exposure_Control_Module|lpm_decode5:inst2                                                              ; work         ;
;       |lpm_decode:lpm_decode_component|   ; 3 (0)             ; 0 (0)        ; 0           ; 0            ; 0       ; 0         ; 0    ; 0            ; |Exposure_Control_Module|lpm_decode5:inst2|lpm_decode:lpm_decode_component                              ; work         ;
;          |decode_7uf:auto_generated|      ; 3 (3)             ; 0 (0)        ; 0           ; 0            ; 0       ; 0         ; 0    ; 0            ; |Exposure_Control_Module|lpm_decode5:inst2|lpm_decode:lpm_decode_component|decode_7uf:auto_generated    ; work         ;
;    |lpm_dff19:inst|                       ; 0 (0)             ; 16 (0)       ; 0           ; 0            ; 0       ; 0         ; 0    ; 0            ; |Exposure_Control_Module|lpm_dff19:inst                                                                 ; work         ;
;       |lpm_ff:lpm_ff_component|           ; 0 (0)             ; 16 (16)      ; 0           ; 0            ; 0       ; 0         ; 0    ; 0            ; |Exposure_Control_Module|lpm_dff19:inst|lpm_ff:lpm_ff_component                                         ; work         ;
;    |lpm_dff20:inst17|                     ; 0 (0)             ; 12 (0)       ; 0           ; 0            ; 0       ; 0         ; 0    ; 0            ; |Exposure_Control_Module|lpm_dff20:inst17                                                               ; work         ;
;       |lpm_ff:lpm_ff_component|           ; 0 (0)             ; 12 (12)      ; 0           ; 0            ; 0       ; 0         ; 0    ; 0            ; |Exposure_Control_Module|lpm_dff20:inst17|lpm_ff:lpm_ff_component                                       ; work         ;
;    |lpm_ff0:inst1|                        ; 0 (0)             ; 8 (0)        ; 0           ; 0            ; 0       ; 0         ; 0    ; 0            ; |Exposure_Control_Module|lpm_ff0:inst1                                                                  ; work         ;
;       |lpm_ff:lpm_ff_component|           ; 0 (0)             ; 8 (8)        ; 0           ; 0            ; 0       ; 0         ; 0    ; 0            ; |Exposure_Control_Module|lpm_ff0:inst1|lpm_ff:lpm_ff_component                                          ; work         ;
;    |lpm_or6:inst13|                       ; 7 (0)             ; 0 (0)        ; 0           ; 0            ; 0       ; 0         ; 0    ; 0            ; |Exposure_Control_Module|lpm_or6:inst13                                                                 ; work         ;
;       |lpm_or:lpm_or_component|           ; 7 (7)             ; 0 (0)        ; 0           ; 0            ; 0       ; 0         ; 0    ; 0            ; |Exposure_Control_Module|lpm_or6:inst13|lpm_or:lpm_or_component                                         ; work         ;
+-------------------------------------------+-------------------+--------------+-------------+--------------+---------+-----------+------+--------------+---------------------------------------------------------------------------------------------------------+--------------+
Note: For table entries with two numbers listed, the numbers in parentheses indicate the number of resources of the given type used by the specific entity alone. The numbers listed outside of parentheses indicate the total resources of the given type used by the specific entity and all of its sub-entities in the hierarchy.


+------------------------------------------------------+
; General Register Statistics                          ;
+----------------------------------------------+-------+
; Statistic                                    ; Value ;
+----------------------------------------------+-------+
; Total registers                              ; 77    ;
; Number of registers using Synchronous Clear  ; 0     ;
; Number of registers using Synchronous Load   ; 36    ;
; Number of registers using Asynchronous Clear ; 77    ;
; Number of registers using Asynchronous Load  ; 0     ;
; Number of registers using Clock Enable       ; 36    ;
; Number of registers using Preset             ; 0     ;
+----------------------------------------------+-------+


+------------------------------------------------------------------------------+
; Source assignments for lpm_counter30:inst4|lpm_counter:lpm_counter_component ;
+---------------------------+-------+------+-----------------------------------+
; Assignment                ; Value ; From ; To                                ;
+---------------------------+-------+------+-----------------------------------+
; SUPPRESS_DA_RULE_INTERNAL ; a101  ; -    ; -                                 ;
; SUPPRESS_DA_RULE_INTERNAL ; s102  ; -    ; -                                 ;
; SUPPRESS_DA_RULE_INTERNAL ; s103  ; -    ; -                                 ;
+---------------------------+-------+------+-----------------------------------+


+-------------------------------------------------------------------------------+
; Source assignments for lpm_counter31:inst16|lpm_counter:lpm_counter_component ;
+---------------------------+-------+------+------------------------------------+
; Assignment                ; Value ; From ; To                                 ;
+---------------------------+-------+------+------------------------------------+
; SUPPRESS_DA_RULE_INTERNAL ; a101  ; -    ; -                                  ;
; SUPPRESS_DA_RULE_INTERNAL ; s102  ; -    ; -                                  ;
; SUPPRESS_DA_RULE_INTERNAL ; s103  ; -    ; -                                  ;
+---------------------------+-------+------+------------------------------------+


+----------------------------------------------------------------------------------------------------+
; Parameter Settings for User Entity Instance: lpm_counter30:inst4|lpm_counter:lpm_counter_component ;
+------------------------+-------------+-------------------------------------------------------------+
; Parameter Name         ; Value       ; Type                                                        ;
+------------------------+-------------+-------------------------------------------------------------+
; AUTO_CARRY_CHAINS      ; ON          ; AUTO_CARRY                                                  ;
; IGNORE_CARRY_BUFFERS   ; OFF         ; IGNORE_CARRY                                                ;
; AUTO_CASCADE_CHAINS    ; ON          ; AUTO_CASCADE                                                ;
; IGNORE_CASCADE_BUFFERS ; OFF         ; IGNORE_CASCADE                                              ;
; LPM_WIDTH              ; 24          ; Signed Integer                                              ;
; LPM_DIRECTION          ; DOWN        ; Untyped                                                     ;
; LPM_MODULUS            ; 0           ; Untyped                                                     ;
; LPM_AVALUE             ; UNUSED      ; Untyped                                                     ;
; LPM_SVALUE             ; UNUSED      ; Untyped                                                     ;
; LPM_PORT_UPDOWN        ; PORT_UNUSED ; Untyped                                                     ;
; DEVICE_FAMILY          ; Cyclone III ; Untyped                                                     ;
; CARRY_CHAIN            ; MANUAL      ; Untyped                                                     ;
; CARRY_CHAIN_LENGTH     ; 48          ; CARRY_CHAIN_LENGTH                                          ;
; NOT_GATE_PUSH_BACK     ; ON          ; NOT_GATE_PUSH_BACK                                          ;
; CARRY_CNT_EN           ; SMART       ; Untyped                                                     ;
; LABWIDE_SCLR           ; ON          ; Untyped                                                     ;
; USE_NEW_VERSION        ; TRUE        ; Untyped                                                     ;
; CBXI_PARAMETER         ; cntr_7hk    ; Untyped                                                     ;
+------------------------+-------------+-------------------------------------------------------------+
Note: In order to hide this table in the UI and the text report file, please set the "Show Parameter Settings Tables in Synthesis Report" option in "Analysis and Synthesis Settings -> More Settings" to "Off".


+------------------------------------------------------------------------------------+
; Parameter Settings for User Entity Instance: lpm_ff0:inst1|lpm_ff:lpm_ff_component ;
+------------------------+-------------+---------------------------------------------+
; Parameter Name         ; Value       ; Type                                        ;
+------------------------+-------------+---------------------------------------------+
; LPM_WIDTH              ; 8           ; Signed Integer                              ;
; LPM_AVALUE             ; UNUSED      ; Untyped                                     ;
; LPM_SVALUE             ; UNUSED      ; Untyped                                     ;
; LPM_FFTYPE             ; DFF         ; Untyped                                     ;
; DEVICE_FAMILY          ; Cyclone III ; Untyped                                     ;
; CBXI_PARAMETER         ; NOTHING     ; Untyped                                     ;
; AUTO_CARRY_CHAINS      ; ON          ; AUTO_CARRY                                  ;
; IGNORE_CARRY_BUFFERS   ; OFF         ; IGNORE_CARRY                                ;
; AUTO_CASCADE_CHAINS    ; ON          ; AUTO_CASCADE                                ;
; IGNORE_CASCADE_BUFFERS ; OFF         ; IGNORE_CASCADE                              ;
+------------------------+-------------+---------------------------------------------+
Note: In order to hide this table in the UI and the text report file, please set the "Show Parameter Settings Tables in Synthesis Report" option in "Analysis and Synthesis Settings -> More Settings" to "Off".


+------------------------------------------------------------------------------------------------+
; Parameter Settings for User Entity Instance: lpm_decode5:inst2|lpm_decode:lpm_decode_component ;
+------------------------+-------------+---------------------------------------------------------+
; Parameter Name         ; Value       ; Type                                                    ;
+------------------------+-------------+---------------------------------------------------------+
; LPM_WIDTH              ; 2           ; Signed Integer                                          ;
; LPM_DECODES            ; 4           ; Signed Integer                                          ;
; LPM_PIPELINE           ; 0           ; Untyped                                                 ;
; CASCADE_CHAIN          ; MANUAL      ; Untyped                                                 ;
; DEVICE_FAMILY          ; Cyclone III ; Untyped                                                 ;
; CBXI_PARAMETER         ; decode_7uf  ; Untyped                                                 ;
; AUTO_CARRY_CHAINS      ; ON          ; AUTO_CARRY                                              ;
; IGNORE_CARRY_BUFFERS   ; OFF         ; IGNORE_CARRY                                            ;
; AUTO_CASCADE_CHAINS    ; ON          ; AUTO_CASCADE                                            ;
; IGNORE_CASCADE_BUFFERS ; OFF         ; IGNORE_CASCADE                                          ;
+------------------------+-------------+---------------------------------------------------------+
Note: In order to hide this table in the UI and the text report file, please set the "Show Parameter Settings Tables in Synthesis Report" option in "Analysis and Synthesis Settings -> More Settings" to "Off".


+-------------------------------------------------------------------------------------+
; Parameter Settings for User Entity Instance: lpm_dff19:inst|lpm_ff:lpm_ff_component ;
+------------------------+-------------+----------------------------------------------+
; Parameter Name         ; Value       ; Type                                         ;
+------------------------+-------------+----------------------------------------------+
; LPM_WIDTH              ; 16          ; Signed Integer                               ;
; LPM_AVALUE             ; UNUSED      ; Untyped                                      ;
; LPM_SVALUE             ; UNUSED      ; Untyped                                      ;
; LPM_FFTYPE             ; DFF         ; Untyped                                      ;
; DEVICE_FAMILY          ; Cyclone III ; Untyped                                      ;
; CBXI_PARAMETER         ; NOTHING     ; Untyped                                      ;
; AUTO_CARRY_CHAINS      ; ON          ; AUTO_CARRY                                   ;
; IGNORE_CARRY_BUFFERS   ; OFF         ; IGNORE_CARRY                                 ;
; AUTO_CASCADE_CHAINS    ; ON          ; AUTO_CASCADE                                 ;
; IGNORE_CASCADE_BUFFERS ; OFF         ; IGNORE_CASCADE                               ;
+------------------------+-------------+----------------------------------------------+
Note: In order to hide this table in the UI and the text report file, please set the "Show Parameter Settings Tables in Synthesis Report" option in "Analysis and Synthesis Settings -> More Settings" to "Off".


+-------------------------------------------------------------------------------------+
; Parameter Settings for User Entity Instance: lpm_or6:inst13|lpm_or:lpm_or_component ;
+------------------------+-------------+----------------------------------------------+
; Parameter Name         ; Value       ; Type                                         ;
+------------------------+-------------+----------------------------------------------+
; AUTO_CARRY_CHAINS      ; ON          ; AUTO_CARRY                                   ;
; IGNORE_CARRY_BUFFERS   ; OFF         ; IGNORE_CARRY                                 ;
; AUTO_CASCADE_CHAINS    ; ON          ; AUTO_CASCADE                                 ;
; IGNORE_CASCADE_BUFFERS ; OFF         ; IGNORE_CASCADE                               ;
; LPM_WIDTH              ; 1           ; Untyped                                      ;
; LPM_SIZE               ; 24          ; Untyped                                      ;
; CARRY_CHAIN_LENGTH     ; 48          ; CARRY_CHAIN_LENGTH                           ;
; CARRY_CHAIN            ; MANUAL      ; Untyped                                      ;
; CASCADE_CHAIN          ; MANUAL      ; Untyped                                      ;
; DEVICE_FAMILY          ; Cyclone III ; Untyped                                      ;
+------------------------+-------------+----------------------------------------------+
Note: In order to hide this table in the UI and the text report file, please set the "Show Parameter Settings Tables in Synthesis Report" option in "Analysis and Synthesis Settings -> More Settings" to "Off".


+-----------------------------------------------------------------------------------------------------+
; Parameter Settings for User Entity Instance: lpm_counter31:inst16|lpm_counter:lpm_counter_component ;
+------------------------+-------------+--------------------------------------------------------------+
; Parameter Name         ; Value       ; Type                                                         ;
+------------------------+-------------+--------------------------------------------------------------+
; AUTO_CARRY_CHAINS      ; ON          ; AUTO_CARRY                                                   ;
; IGNORE_CARRY_BUFFERS   ; OFF         ; IGNORE_CARRY                                                 ;
; AUTO_CASCADE_CHAINS    ; ON          ; AUTO_CASCADE                                                 ;
; IGNORE_CASCADE_BUFFERS ; OFF         ; IGNORE_CASCADE                                               ;
; LPM_WIDTH              ; 12          ; Signed Integer                                               ;
; LPM_DIRECTION          ; DOWN        ; Untyped                                                      ;
; LPM_MODULUS            ; 0           ; Untyped                                                      ;
; LPM_AVALUE             ; UNUSED      ; Untyped                                                      ;
; LPM_SVALUE             ; UNUSED      ; Untyped                                                      ;
; LPM_PORT_UPDOWN        ; PORT_UNUSED ; Untyped                                                      ;
; DEVICE_FAMILY          ; Cyclone III ; Untyped                                                      ;
; CARRY_CHAIN            ; MANUAL      ; Untyped                                                      ;
; CARRY_CHAIN_LENGTH     ; 48          ; CARRY_CHAIN_LENGTH                                           ;
; NOT_GATE_PUSH_BACK     ; ON          ; NOT_GATE_PUSH_BACK                                           ;
; CARRY_CNT_EN           ; SMART       ; Untyped                                                      ;
; LABWIDE_SCLR           ; ON          ; Untyped                                                      ;
; USE_NEW_VERSION        ; TRUE        ; Untyped                                                      ;
; CBXI_PARAMETER         ; cntr_4hk    ; Untyped                                                      ;
+------------------------+-------------+--------------------------------------------------------------+
Note: In order to hide this table in the UI and the text report file, please set the "Show Parameter Settings Tables in Synthesis Report" option in "Analysis and Synthesis Settings -> More Settings" to "Off".


+---------------------------------------------------------------------------------------+
; Parameter Settings for User Entity Instance: lpm_dff20:inst17|lpm_ff:lpm_ff_component ;
+------------------------+-------------+------------------------------------------------+
; Parameter Name         ; Value       ; Type                                           ;
+------------------------+-------------+------------------------------------------------+
; LPM_WIDTH              ; 12          ; Signed Integer                                 ;
; LPM_AVALUE             ; UNUSED      ; Untyped                                        ;
; LPM_SVALUE             ; UNUSED      ; Untyped                                        ;
; LPM_FFTYPE             ; DFF         ; Untyped                                        ;
; DEVICE_FAMILY          ; Cyclone III ; Untyped                                        ;
; CBXI_PARAMETER         ; NOTHING     ; Untyped                                        ;
; AUTO_CARRY_CHAINS      ; ON          ; AUTO_CARRY                                     ;
; IGNORE_CARRY_BUFFERS   ; OFF         ; IGNORE_CARRY                                   ;
; AUTO_CASCADE_CHAINS    ; ON          ; AUTO_CASCADE                                   ;
; IGNORE_CASCADE_BUFFERS ; OFF         ; IGNORE_CASCADE                                 ;
+------------------------+-------------+------------------------------------------------+
Note: In order to hide this table in the UI and the text report file, please set the "Show Parameter Settings Tables in Synthesis Report" option in "Analysis and Synthesis Settings -> More Settings" to "Off".


+-------------------------------+
; Analysis & Synthesis Messages ;
+-------------------------------+
Info: *******************************************************************
Info: Running Quartus II Analysis & Synthesis
    Info: Version 9.0 Build 132 02/25/2009 SJ Full Version
    Info: Processing started: Thu May 28 11:46:40 2009
Info: Command: quartus_map --read_settings_files=on --write_settings_files=off Exposure_Control_Module -c Exposure_Control_Module
Warning: Using design file Exposure_Control_Module.bdf, which is not specified as a design file for the current project, but contains definitions for 1 design units and 1 entities in project
    Info: Found entity 1: Exposure_Control_Module
Info: Elaborating entity "Exposure_Control_Module" for the top level hierarchy
Warning: Using design file lpm_counter30.v, which is not specified as a design file for the current project, but contains definitions for 1 design units and 1 entities in project
    Info: Found entity 1: lpm_counter30
Info: Elaborating entity "lpm_counter30" for hierarchy "lpm_counter30:inst4"
Info: Elaborating entity "lpm_counter" for hierarchy "lpm_counter30:inst4|lpm_counter:lpm_counter_component"
Info: Elaborated megafunction instantiation "lpm_counter30:inst4|lpm_counter:lpm_counter_component"
Info: Instantiated megafunction "lpm_counter30:inst4|lpm_counter:lpm_counter_component" with the following parameter:
    Info: Parameter "lpm_direction" = "DOWN"
    Info: Parameter "lpm_port_updown" = "PORT_UNUSED"
    Info: Parameter "lpm_type" = "LPM_COUNTER"
    Info: Parameter "lpm_width" = "24"
Info: Found 1 design units, including 1 entities, in source file db/cntr_7hk.tdf
    Info: Found entity 1: cntr_7hk
Info: Elaborating entity "cntr_7hk" for hierarchy "lpm_counter30:inst4|lpm_counter:lpm_counter_component|cntr_7hk:auto_generated"
Warning: Using design file lpm_ff0.v, which is not specified as a design file for the current project, but contains definitions for 1 design units and 1 entities in project
    Info: Found entity 1: lpm_ff0
Info: Elaborating entity "lpm_ff0" for hierarchy "lpm_ff0:inst1"
Info: Elaborating entity "lpm_ff" for hierarchy "lpm_ff0:inst1|lpm_ff:lpm_ff_component"
Info: Elaborated megafunction instantiation "lpm_ff0:inst1|lpm_ff:lpm_ff_component"
Info: Instantiated megafunction "lpm_ff0:inst1|lpm_ff:lpm_ff_component" with the following parameter:
    Info: Parameter "lpm_fftype" = "DFF"
    Info: Parameter "lpm_type" = "LPM_FF"
    Info: Parameter "lpm_width" = "8"
Warning: Using design file lpm_decode5.v, which is not specified as a design file for the current project, but contains definitions for 1 design units and 1 entities in project
    Info: Found entity 1: lpm_decode5
Info: Elaborating entity "lpm_decode5" for hierarchy "lpm_decode5:inst2"
Info: Elaborating entity "lpm_decode" for hierarchy "lpm_decode5:inst2|lpm_decode:lpm_decode_component"
Info: Elaborated megafunction instantiation "lpm_decode5:inst2|lpm_decode:lpm_decode_component"
Info: Instantiated megafunction "lpm_decode5:inst2|lpm_decode:lpm_decode_component" with the following parameter:
    Info: Parameter "lpm_decodes" = "4"
    Info: Parameter "lpm_type" = "LPM_DECODE"
    Info: Parameter "lpm_width" = "2"
Info: Found 1 design units, including 1 entities, in source file db/decode_7uf.tdf
    Info: Found entity 1: decode_7uf
Info: Elaborating entity "decode_7uf" for hierarchy "lpm_decode5:inst2|lpm_decode:lpm_decode_component|decode_7uf:auto_generated"
Warning: Using design file lpm_dff19.v, which is not specified as a design file for the current project, but contains definitions for 1 design units and 1 entities in project
    Info: Found entity 1: lpm_dff19
Info: Elaborating entity "lpm_dff19" for hierarchy "lpm_dff19:inst"
Info: Elaborating entity "lpm_ff" for hierarchy "lpm_dff19:inst|lpm_ff:lpm_ff_component"
Info: Elaborated megafunction instantiation "lpm_dff19:inst|lpm_ff:lpm_ff_component"
Info: Instantiated megafunction "lpm_dff19:inst|lpm_ff:lpm_ff_component" with the following parameter:
    Info: Parameter "lpm_fftype" = "DFF"
    Info: Parameter "lpm_type" = "LPM_FF"
    Info: Parameter "lpm_width" = "16"
Warning: Using design file lpm_or6.tdf, which is not specified as a design file for the current project, but contains definitions for 1 design units and 1 entities in project
    Info: Found entity 1: lpm_or6
Info: Elaborating entity "lpm_or6" for hierarchy "lpm_or6:inst13"
Info: Elaborating entity "lpm_or" for hierarchy "lpm_or6:inst13|lpm_or:lpm_or_component"
Info: Elaborated megafunction instantiation "lpm_or6:inst13|lpm_or:lpm_or_component"
Info: Instantiated megafunction "lpm_or6:inst13|lpm_or:lpm_or_component" with the following parameter:
    Info: Parameter "LPM_TYPE" = "LPM_OR"
    Info: Parameter "LPM_WIDTH" = "1"
    Info: Parameter "LPM_SIZE" = "24"
Warning: Using design file lpm_counter31.v, which is not specified as a design file for the current project, but contains definitions for 1 design units and 1 entities in project
    Info: Found entity 1: lpm_counter31
Info: Elaborating entity "lpm_counter31" for hierarchy "lpm_counter31:inst16"
Info: Elaborating entity "lpm_counter" for hierarchy "lpm_counter31:inst16|lpm_counter:lpm_counter_component"
Info: Elaborated megafunction instantiation "lpm_counter31:inst16|lpm_counter:lpm_counter_component"
Info: Instantiated megafunction "lpm_counter31:inst16|lpm_counter:lpm_counter_component" with the following parameter:
    Info: Parameter "lpm_direction" = "DOWN"
    Info: Parameter "lpm_port_updown" = "PORT_UNUSED"
    Info: Parameter "lpm_type" = "LPM_COUNTER"
    Info: Parameter "lpm_width" = "12"
Info: Found 1 design units, including 1 entities, in source file db/cntr_4hk.tdf
    Info: Found entity 1: cntr_4hk
Info: Elaborating entity "cntr_4hk" for hierarchy "lpm_counter31:inst16|lpm_counter:lpm_counter_component|cntr_4hk:auto_generated"
Warning: Using design file lpm_dff20.v, which is not specified as a design file for the current project, but contains definitions for 1 design units and 1 entities in project
    Info: Found entity 1: lpm_dff20
Info: Elaborating entity "lpm_dff20" for hierarchy "lpm_dff20:inst17"
Info: Elaborating entity "lpm_ff" for hierarchy "lpm_dff20:inst17|lpm_ff:lpm_ff_component"
Info: Elaborated megafunction instantiation "lpm_dff20:inst17|lpm_ff:lpm_ff_component"
Info: Instantiated megafunction "lpm_dff20:inst17|lpm_ff:lpm_ff_component" with the following parameter:
    Info: Parameter "lpm_fftype" = "DFF"
    Info: Parameter "lpm_type" = "LPM_FF"
    Info: Parameter "lpm_width" = "12"
Info: Implemented 142 device resources after synthesis - the final resource count might be different
    Info: Implemented 24 input pins
    Info: Implemented 28 output pins
    Info: Implemented 90 logic cells
Info: Quartus II Analysis & Synthesis was successful. 0 errors, 8 warnings
    Info: Peak virtual memory: 175 megabytes
    Info: Processing ended: Thu May 28 11:46:44 2009
    Info: Elapsed time: 00:00:04
    Info: Total CPU time (on all processors): 00:00:03


