Flow report for Exposure_Control_Module
Thu May 28 11:47:12 2009
Quartus II Version 9.0 Build 132 02/25/2009 SJ Full Version


---------------------
; Table of Contents ;
---------------------
  1. Legal Notice
  2. Flow Summary
  3. Flow Settings
  4. Flow Non-Default Global Settings
  5. Flow Elapsed Time
  6. Flow OS Summary
  7. Flow Log



----------------
; Legal Notice ;
----------------
Copyright (C) 1991-2009 Altera Corporation
Your use of Altera Corporation's design tools, logic functions 
and other software and tools, and its AMPP partner logic 
functions, and any output files from any of the foregoing 
(including device programming or simulation files), and any 
associated documentation or information are expressly subject 
to the terms and conditions of the Altera Program License 
Subscription Agreement, Altera MegaCore Function License 
Agreement, or other applicable license agreement, including, 
without limitation, that your use is for the sole purpose of 
programming logic devices manufactured by Altera and sold by 
Altera or its authorized distributors.  Please refer to the 
applicable agreement for further details.



+-------------------------------------------------------------------------------+
; Flow Summary                                                                  ;
+------------------------------------+------------------------------------------+
; Flow Status                        ; Successful - Thu May 28 11:47:05 2009    ;
; Quartus II Version                 ; 9.0 Build 132 02/25/2009 SJ Full Version ;
; Revision Name                      ; Exposure_Control_Module                  ;
; Top-level Entity Name              ; Exposure_Control_Module                  ;
; Family                             ; Cyclone III                              ;
; Device                             ; EP3C16F256C6                             ;
; Timing Models                      ; Final                                    ;
; Met timing requirements            ; N/A                                      ;
; Total logic elements               ; 84 / 15,408 ( < 1 % )                    ;
;     Total combinational functions  ; 54 / 15,408 ( < 1 % )                    ;
;     Dedicated logic registers      ; 77 / 15,408 ( < 1 % )                    ;
; Total registers                    ; 77                                       ;
; Total pins                         ; 52 / 169 ( 31 % )                        ;
; Total virtual pins                 ; 0                                        ;
; Total memory bits                  ; 0 / 516,096 ( 0 % )                      ;
; Embedded Multiplier 9-bit elements ; 0 / 112 ( 0 % )                          ;
; Total PLLs                         ; 0 / 4 ( 0 % )                            ;
+------------------------------------+------------------------------------------+


+---------------------------------------------+
; Flow Settings                               ;
+-------------------+-------------------------+
; Option            ; Setting                 ;
+-------------------+-------------------------+
; Start date & time ; 05/28/2009 11:46:42     ;
; Main task         ; Compilation             ;
; Revision Name     ; Exposure_Control_Module ;
+-------------------+-------------------------+


+--------------------------------------------------------------------------------------------------------------------+
; Flow Non-Default Global Settings                                                                                   ;
+------------------------------------+--------------------------------+---------------+-------------+----------------+
; Assignment Name                    ; Value                          ; Default Value ; Entity Name ; Section Id     ;
+------------------------------------+--------------------------------+---------------+-------------+----------------+
; COMPILER_SIGNATURE_ID              ; 92725177504264.124353640204840 ; --            ; --          ; --             ;
; MAX_CORE_JUNCTION_TEMP             ; 85                             ; --            ; --          ; --             ;
; MIN_CORE_JUNCTION_TEMP             ; 0                              ; --            ; --          ; --             ;
; NOMINAL_CORE_SUPPLY_VOLTAGE        ; 1.2V                           ; --            ; --          ; --             ;
; PARTITION_COLOR                    ; 16764057                       ; --            ; --          ; Top            ;
; PARTITION_NETLIST_TYPE             ; SOURCE                         ; --            ; --          ; Top            ;
; USE_GENERATED_PHYSICAL_CONSTRAINTS ; Off                            ; --            ; --          ; eda_blast_fpga ;
+------------------------------------+--------------------------------+---------------+-------------+----------------+


+-------------------------------------------------------------------------------------------------------------------------------+
; Flow Elapsed Time                                                                                                             ;
+---------------------------+--------------+-------------------------+---------------------+------------------------------------+
; Module Name               ; Elapsed Time ; Average Processors Used ; Peak Virtual Memory ; Total CPU Time (on all processors) ;
+---------------------------+--------------+-------------------------+---------------------+------------------------------------+
; Analysis & Synthesis      ; 00:00:04     ; 1.0                     ; 175 MB              ; 00:00:02                           ;
; Fitter                    ; 00:00:11     ; 1.2                     ; 260 MB              ; 00:00:08                           ;
; Assembler                 ; 00:00:06     ; 1.0                     ; 180 MB              ; 00:00:04                           ;
; TimeQuest Timing Analyzer ; 00:00:06     ; 1.0                     ; 198 MB              ; 00:00:04                           ;
; Total                     ; 00:00:27     ; --                      ; --                  ; 00:00:18                           ;
+---------------------------+--------------+-------------------------+---------------------+------------------------------------+


+-----------------------------------------------------------------------------------------+
; Flow OS Summary                                                                         ;
+---------------------------+------------------+------------+------------+----------------+
; Module Name               ; Machine Hostname ; OS Name    ; OS Version ; Processor type ;
+---------------------------+------------------+------------+------------+----------------+
; Analysis & Synthesis      ; YRoll-svlt       ; Windows XP ; 5.1        ; i686           ;
; Fitter                    ; YRoll-svlt       ; Windows XP ; 5.1        ; i686           ;
; Assembler                 ; YRoll-svlt       ; Windows XP ; 5.1        ; i686           ;
; TimeQuest Timing Analyzer ; YRoll-svlt       ; Windows XP ; 5.1        ; i686           ;
+---------------------------+------------------+------------+------------+----------------+


------------
; Flow Log ;
------------
quartus_map --read_settings_files=on --write_settings_files=off Exposure_Control_Module -c Exposure_Control_Module
quartus_fit --read_settings_files=off --write_settings_files=off Exposure_Control_Module -c Exposure_Control_Module
quartus_asm --read_settings_files=off --write_settings_files=off Exposure_Control_Module -c Exposure_Control_Module
quartus_sta Exposure_Control_Module -c Exposure_Control_Module



