Flow report for FIFO_CONTROLLER
Tue Jul 21 10:29:17 2009
Quartus II Version 9.0 Build 132 02/25/2009 SJ Full Version


---------------------
; Table of Contents ;
---------------------
  1. Legal Notice
  2. Flow Summary
  3. Flow Settings
  4. Flow Non-Default Global Settings
  5. Flow Elapsed Time
  6. Flow OS Summary
  7. Flow Log



----------------
; Legal Notice ;
----------------
Copyright (C) 1991-2009 Altera Corporation
Your use of Altera Corporation's design tools, logic functions 
and other software and tools, and its AMPP partner logic 
functions, and any output files from any of the foregoing 
(including device programming or simulation files), and any 
associated documentation or information are expressly subject 
to the terms and conditions of the Altera Program License 
Subscription Agreement, Altera MegaCore Function License 
Agreement, or other applicable license agreement, including, 
without limitation, that your use is for the sole purpose of 
programming logic devices manufactured by Altera and sold by 
Altera or its authorized distributors.  Please refer to the 
applicable agreement for further details.



+-------------------------------------------------------------------------------+
; Flow Summary                                                                  ;
+------------------------------------+------------------------------------------+
; Flow Status                        ; Successful - Tue Jul 21 10:29:17 2009    ;
; Quartus II Version                 ; 9.0 Build 132 02/25/2009 SJ Full Version ;
; Revision Name                      ; FIFO_CONTROLLER                          ;
; Top-level Entity Name              ; fifo_controller                          ;
; Family                             ; Cyclone III                              ;
; Device                             ; EP3C16F256C6                             ;
; Timing Models                      ; Final                                    ;
; Met timing requirements            ; Yes                                      ;
; Total logic elements               ; 34 / 15,408 ( < 1 % )                    ;
;     Total combinational functions  ; 33 / 15,408 ( < 1 % )                    ;
;     Dedicated logic registers      ; 19 / 15,408 ( < 1 % )                    ;
; Total registers                    ; 19                                       ;
; Total pins                         ; 7 / 169 ( 4 % )                          ;
; Total virtual pins                 ; 0                                        ;
; Total memory bits                  ; 0 / 516,096 ( 0 % )                      ;
; Embedded Multiplier 9-bit elements ; 0 / 112 ( 0 % )                          ;
; Total PLLs                         ; 0 / 4 ( 0 % )                            ;
+------------------------------------+------------------------------------------+


+-----------------------------------------+
; Flow Settings                           ;
+-------------------+---------------------+
; Option            ; Setting             ;
+-------------------+---------------------+
; Start date & time ; 07/21/2009 10:29:04 ;
; Main task         ; Compilation         ;
; Revision Name     ; FIFO_CONTROLLER     ;
+-------------------+---------------------+


+------------------------------------------------------------------------------------------------------------------+
; Flow Non-Default Global Settings                                                                                 ;
+------------------------------------+------------------------------+---------------+-------------+----------------+
; Assignment Name                    ; Value                        ; Default Value ; Entity Name ; Section Id     ;
+------------------------------------+------------------------------+---------------+-------------+----------------+
; COMPILER_SIGNATURE_ID              ; 158512167330.124819734406856 ; --            ; --          ; --             ;
; CYCLONEII_OPTIMIZATION_TECHNIQUE   ; Area                         ; Balanced      ; --          ; --             ;
; ENABLE_ADVANCED_IO_TIMING          ; On                           ; --            ; --          ; --             ;
; MAX_CORE_JUNCTION_TEMP             ; 85                           ; --            ; --          ; --             ;
; MIN_CORE_JUNCTION_TEMP             ; 0                            ; --            ; --          ; --             ;
; NOMINAL_CORE_SUPPLY_VOLTAGE        ; 1.2V                         ; --            ; --          ; --             ;
; PARTITION_COLOR                    ; 16764057                     ; --            ; --          ; Top            ;
; PARTITION_NETLIST_TYPE             ; SOURCE                       ; --            ; --          ; Top            ;
; USE_GENERATED_PHYSICAL_CONSTRAINTS ; Off                          ; --            ; --          ; eda_blast_fpga ;
; USE_TIMEQUEST_TIMING_ANALYZER      ; Off                          ; On            ; --          ; --             ;
+------------------------------------+------------------------------+---------------+-------------+----------------+


+-----------------------------------------------------------------------------------------------------------------------------+
; Flow Elapsed Time                                                                                                           ;
+-------------------------+--------------+-------------------------+---------------------+------------------------------------+
; Module Name             ; Elapsed Time ; Average Processors Used ; Peak Virtual Memory ; Total CPU Time (on all processors) ;
+-------------------------+--------------+-------------------------+---------------------+------------------------------------+
; Analysis & Synthesis    ; 00:00:02     ; 1.0                     ; 228 MB              ; 00:00:01                           ;
; Fitter                  ; 00:00:05     ; 1.0                     ; 293 MB              ; 00:00:05                           ;
; Assembler               ; 00:00:03     ; 1.0                     ; 221 MB              ; 00:00:03                           ;
; Classic Timing Analyzer ; 00:00:01     ; 1.0                     ; 172 MB              ; 00:00:01                           ;
; Total                   ; 00:00:11     ; --                      ; --                  ; 00:00:10                           ;
+-------------------------+--------------+-------------------------+---------------------+------------------------------------+


+------------------------------------------------------------------------------------------+
; Flow OS Summary                                                                          ;
+-------------------------+------------------+---------------+------------+----------------+
; Module Name             ; Machine Hostname ; OS Name       ; OS Version ; Processor type ;
+-------------------------+------------------+---------------+------------+----------------+
; Analysis & Synthesis    ; Yuriy-PC         ; Windows Vista ; 6.0        ; x86_64         ;
; Fitter                  ; Yuriy-PC         ; Windows Vista ; 6.0        ; x86_64         ;
; Assembler               ; Yuriy-PC         ; Windows Vista ; 6.0        ; x86_64         ;
; Classic Timing Analyzer ; Yuriy-PC         ; Windows Vista ; 6.0        ; x86_64         ;
+-------------------------+------------------+---------------+------------+----------------+


------------
; Flow Log ;
------------
quartus_map --read_settings_files=on --write_settings_files=off FIFO_CONTROLLER -c FIFO_CONTROLLER
quartus_fit --read_settings_files=off --write_settings_files=off FIFO_CONTROLLER -c FIFO_CONTROLLER
quartus_asm --read_settings_files=off --write_settings_files=off FIFO_CONTROLLER -c FIFO_CONTROLLER
quartus_tan --read_settings_files=off --write_settings_files=off FIFO_CONTROLLER -c FIFO_CONTROLLER --timing_analysis_only



