Flow report for Filter_DCDS_Module
Tue Feb 23 09:39:19 2010
Quartus II Version 9.1 Build 222 10/21/2009 SJ Full Version


---------------------
; Table of Contents ;
---------------------
  1. Legal Notice
  2. Flow Summary
  3. Flow Settings
  4. Flow Non-Default Global Settings
  5. Flow Elapsed Time
  6. Flow OS Summary
  7. Flow Log



----------------
; Legal Notice ;
----------------
Copyright (C) 1991-2009 Altera Corporation
Your use of Altera Corporation's design tools, logic functions 
and other software and tools, and its AMPP partner logic 
functions, and any output files from any of the foregoing 
(including device programming or simulation files), and any 
associated documentation or information are expressly subject 
to the terms and conditions of the Altera Program License 
Subscription Agreement, Altera MegaCore Function License 
Agreement, or other applicable license agreement, including, 
without limitation, that your use is for the sole purpose of 
programming logic devices manufactured by Altera and sold by 
Altera or its authorized distributors.  Please refer to the 
applicable agreement for further details.



+-------------------------------------------------------------------------------+
; Flow Summary                                                                  ;
+------------------------------------+------------------------------------------+
; Flow Status                        ; Successful - Tue Feb 23 09:39:19 2010    ;
; Quartus II Version                 ; 9.1 Build 222 10/21/2009 SJ Full Version ;
; Revision Name                      ; Filter_DCDS_Module                       ;
; Top-level Entity Name              ; Filter_DCDS_Module                       ;
; Family                             ; Cyclone III                              ;
; Device                             ; EP3C25F324C7                             ;
; Timing Models                      ; Final                                    ;
; Met timing requirements            ; Yes                                      ;
; Total logic elements               ; 97 / 24,624 ( < 1 % )                    ;
;     Total combinational functions  ; 97 / 24,624 ( < 1 % )                    ;
;     Dedicated logic registers      ; 80 / 24,624 ( < 1 % )                    ;
; Total registers                    ; 80                                       ;
; Total pins                         ; 109 / 216 ( 50 % )                       ;
; Total virtual pins                 ; 0                                        ;
; Total memory bits                  ; 0 / 608,256 ( 0 % )                      ;
; Embedded Multiplier 9-bit elements ; 0 / 132 ( 0 % )                          ;
; Total PLLs                         ; 0 / 4 ( 0 % )                            ;
+------------------------------------+------------------------------------------+


+-----------------------------------------+
; Flow Settings                           ;
+-------------------+---------------------+
; Option            ; Setting             ;
+-------------------+---------------------+
; Start date & time ; 02/23/2010 09:38:32 ;
; Main task         ; Compilation         ;
; Revision Name     ; Filter_DCDS_Module  ;
+-------------------+---------------------+


+--------------------------------------------------------------------------------------------------------------+
; Flow Non-Default Global Settings                                                                             ;
+------------------------------------+------------------------------+---------------+-------------+------------+
; Assignment Name                    ; Value                        ; Default Value ; Entity Name ; Section Id ;
+------------------------------------+------------------------------+---------------+-------------+------------+
; COMPILER_SIGNATURE_ID              ; 124706763637.126694671202996 ; --            ; --          ; --         ;
; CYCLONEII_OPTIMIZATION_TECHNIQUE   ; Area                         ; Balanced      ; --          ; --         ;
; ENABLE_ADVANCED_IO_TIMING          ; On                           ; --            ; --          ; --         ;
; NOMINAL_CORE_SUPPLY_VOLTAGE        ; 1.2V                         ; --            ; --          ; --         ;
; PARTITION_COLOR                    ; 14622752                     ; --            ; --          ; Top        ;
; PARTITION_NETLIST_TYPE             ; SOURCE                       ; --            ; --          ; Top        ;
; USE_GENERATED_PHYSICAL_CONSTRAINTS ; Off                          ; --            ; --          ; eda_palace ;
; USE_TIMEQUEST_TIMING_ANALYZER      ; Off                          ; On            ; --          ; --         ;
+------------------------------------+------------------------------+---------------+-------------+------------+


+-----------------------------------------------------------------------------------------------------------------------------+
; Flow Elapsed Time                                                                                                           ;
+-------------------------+--------------+-------------------------+---------------------+------------------------------------+
; Module Name             ; Elapsed Time ; Average Processors Used ; Peak Virtual Memory ; Total CPU Time (on all processors) ;
+-------------------------+--------------+-------------------------+---------------------+------------------------------------+
; Analysis & Synthesis    ; 00:00:05     ; 1.0                     ; 173 MB              ; 00:00:05                           ;
; Fitter                  ; 00:00:26     ; 1.0                     ; 211 MB              ; 00:00:22                           ;
; Assembler               ; 00:00:06     ; 1.0                     ; 195 MB              ; 00:00:05                           ;
; Classic Timing Analyzer ; 00:00:03     ; 1.0                     ; 128 MB              ; 00:00:02                           ;
; Total                   ; 00:00:40     ; --                      ; --                  ; 00:00:34                           ;
+-------------------------+--------------+-------------------------+---------------------+------------------------------------+


+---------------------------------------------------------------------------------------+
; Flow OS Summary                                                                       ;
+-------------------------+------------------+------------+------------+----------------+
; Module Name             ; Machine Hostname ; OS Name    ; OS Version ; Processor type ;
+-------------------------+------------------+------------+------------+----------------+
; Analysis & Synthesis    ; amsnvd-725jyb1   ; Windows XP ; 5.1        ; i1586          ;
; Fitter                  ; amsnvd-725jyb1   ; Windows XP ; 5.1        ; i1586          ;
; Assembler               ; amsnvd-725jyb1   ; Windows XP ; 5.1        ; i1586          ;
; Classic Timing Analyzer ; amsnvd-725jyb1   ; Windows XP ; 5.1        ; i1586          ;
+-------------------------+------------------+------------+------------+----------------+


------------
; Flow Log ;
------------
quartus_map --read_settings_files=on --write_settings_files=off Filter_DCDS_Module -c Filter_DCDS_Module
quartus_fit --read_settings_files=off --write_settings_files=off Filter_DCDS_Module -c Filter_DCDS_Module
quartus_asm --read_settings_files=off --write_settings_files=off Filter_DCDS_Module -c Filter_DCDS_Module
quartus_tan --read_settings_files=off --write_settings_files=off Filter_DCDS_Module -c Filter_DCDS_Module --timing_analysis_only



