Flow report for I_O_Control_Module
Wed May 20 19:02:14 2009
Quartus II Version 8.1 Build 163 10/28/2008 SJ Full Version


---------------------
; Table of Contents ;
---------------------
  1. Legal Notice
  2. Flow Summary
  3. Flow Settings
  4. Flow Non-Default Global Settings
  5. Flow Elapsed Time
  6. Flow OS Summary
  7. Flow Log



----------------
; Legal Notice ;
----------------
Copyright (C) 1991-2008 Altera Corporation
Your use of Altera Corporation's design tools, logic functions 
and other software and tools, and its AMPP partner logic 
functions, and any output files from any of the foregoing 
(including device programming or simulation files), and any 
associated documentation or information are expressly subject 
to the terms and conditions of the Altera Program License 
Subscription Agreement, Altera MegaCore Function License 
Agreement, or other applicable license agreement, including, 
without limitation, that your use is for the sole purpose of 
programming logic devices manufactured by Altera and sold by 
Altera or its authorized distributors.  Please refer to the 
applicable agreement for further details.



+-------------------------------------------------------------------------------+
; Flow Summary                                                                  ;
+------------------------------------+------------------------------------------+
; Flow Status                        ; Successful - Wed May 20 19:02:10 2009    ;
; Quartus II Version                 ; 8.1 Build 163 10/28/2008 SJ Full Version ;
; Revision Name                      ; I_O_Control_Module                       ;
; Top-level Entity Name              ; I_O_Control_Module                       ;
; Family                             ; Cyclone III                              ;
; Device                             ; EP3C16F256C6                             ;
; Timing Models                      ; Final                                    ;
; Met timing requirements            ; N/A                                      ;
; Total logic elements               ; 45 / 15,408 ( < 1 % )                    ;
;     Total combinational functions  ; 25 / 15,408 ( < 1 % )                    ;
;     Dedicated logic registers      ; 21 / 15,408 ( < 1 % )                    ;
; Total registers                    ; 21                                       ;
; Total pins                         ; 59 / 169 ( 35 % )                        ;
; Total virtual pins                 ; 0                                        ;
; Total memory bits                  ; 0 / 516,096 ( 0 % )                      ;
; Embedded Multiplier 9-bit elements ; 0 / 112 ( 0 % )                          ;
; Total PLLs                         ; 0 / 4 ( 0 % )                            ;
+------------------------------------+------------------------------------------+


+-----------------------------------------+
; Flow Settings                           ;
+-------------------+---------------------+
; Option            ; Setting             ;
+-------------------+---------------------+
; Start date & time ; 05/20/2009 19:02:00 ;
; Main task         ; Compilation         ;
; Revision Name     ; I_O_Control_Module  ;
+-------------------+---------------------+


+------------------------------------------------------------------------------------------------------------------+
; Flow Non-Default Global Settings                                                                                 ;
+------------------------------------+------------------------------+---------------+-------------+----------------+
; Assignment Name                    ; Value                        ; Default Value ; Entity Name ; Section Id     ;
+------------------------------------+------------------------------+---------------+-------------+----------------+
; COMPILER_SIGNATURE_ID              ; 158512167330.124287132001444 ; --            ; --          ; --             ;
; CYCLONEII_OPTIMIZATION_TECHNIQUE   ; Area                         ; Balanced      ; --          ; --             ;
; IP_TOOL_NAME                       ; LPM_DECODE                   ; --            ; --          ; --             ;
; IP_TOOL_NAME                       ; LPM_FF                       ; --            ; --          ; --             ;
; IP_TOOL_NAME                       ; LPM_BUSTRI                   ; --            ; --          ; --             ;
; IP_TOOL_VERSION                    ; 8.1                          ; --            ; --          ; --             ;
; IP_TOOL_VERSION                    ; 8.1                          ; --            ; --          ; --             ;
; IP_TOOL_VERSION                    ; 8.1                          ; --            ; --          ; --             ;
; MAX_CORE_JUNCTION_TEMP             ; 85                           ; --            ; --          ; --             ;
; MIN_CORE_JUNCTION_TEMP             ; 0                            ; --            ; --          ; --             ;
; MISC_FILE                          ; lpm_decode3.bsf              ; --            ; --          ; --             ;
; MISC_FILE                          ; lpm_decode3_bb.v             ; --            ; --          ; --             ;
; MISC_FILE                          ; lpm_decode3.inc              ; --            ; --          ; --             ;
; MISC_FILE                          ; lpm_dff14.bsf                ; --            ; --          ; --             ;
; MISC_FILE                          ; lpm_dff14_bb.v               ; --            ; --          ; --             ;
; MISC_FILE                          ; lpm_dff14.inc                ; --            ; --          ; --             ;
; MISC_FILE                          ; lpm_bustri1.bsf              ; --            ; --          ; --             ;
; MISC_FILE                          ; lpm_bustri1_bb.v             ; --            ; --          ; --             ;
; MISC_FILE                          ; lpm_bustri1.inc              ; --            ; --          ; --             ;
; NOMINAL_CORE_SUPPLY_VOLTAGE        ; 1.2V                         ; --            ; --          ; --             ;
; PARTITION_COLOR                    ; 16764057                     ; --            ; --          ; Top            ;
; PARTITION_NETLIST_TYPE             ; SOURCE                       ; --            ; --          ; Top            ;
; USE_GENERATED_PHYSICAL_CONSTRAINTS ; Off                          ; --            ; --          ; eda_blast_fpga ;
+------------------------------------+------------------------------+---------------+-------------+----------------+


+-------------------------------------------------------------------------------------------------------------------------------+
; Flow Elapsed Time                                                                                                             ;
+---------------------------+--------------+-------------------------+---------------------+------------------------------------+
; Module Name               ; Elapsed Time ; Average Processors Used ; Peak Virtual Memory ; Total CPU Time (on all processors) ;
+---------------------------+--------------+-------------------------+---------------------+------------------------------------+
; Analysis & Synthesis      ; 00:00:02     ; 1.0                     ; 208 MB              ; 00:00:01                           ;
; Fitter                    ; 00:00:05     ; 1.0                     ; 311 MB              ; 00:00:05                           ;
; Assembler                 ; 00:00:02     ; 1.0                     ; 217 MB              ; 00:00:02                           ;
; TimeQuest Timing Analyzer ; 00:00:03     ; 1.0                     ; 246 MB              ; 00:00:02                           ;
; Total                     ; 00:00:12     ; --                      ; --                  ; 00:00:10                           ;
+---------------------------+--------------+-------------------------+---------------------+------------------------------------+


+--------------------------------------------------------------------------------------------+
; Flow OS Summary                                                                            ;
+---------------------------+------------------+---------------+------------+----------------+
; Module Name               ; Machine Hostname ; OS Name       ; OS Version ; Processor type ;
+---------------------------+------------------+---------------+------------+----------------+
; Analysis & Synthesis      ; Yuriy-PC         ; Windows Vista ; 6.0        ; x86_64         ;
; Fitter                    ; Yuriy-PC         ; Windows Vista ; 6.0        ; x86_64         ;
; Assembler                 ; Yuriy-PC         ; Windows Vista ; 6.0        ; x86_64         ;
; TimeQuest Timing Analyzer ; Yuriy-PC         ; Windows Vista ; 6.0        ; x86_64         ;
+---------------------------+------------------+---------------+------------+----------------+


------------
; Flow Log ;
------------
quartus_map --read_settings_files=on --write_settings_files=off I_O_Control_Module -c I_O_Control_Module
quartus_fit --read_settings_files=off --write_settings_files=off I_O_Control_Module -c I_O_Control_Module
quartus_asm --read_settings_files=off --write_settings_files=off I_O_Control_Module -c I_O_Control_Module
quartus_sta I_O_Control_Module -c I_O_Control_Module



