Analysis & Synthesis report for I_O_Control_Module
Wed May 20 19:02:01 2009
Quartus II Version 8.1 Build 163 10/28/2008 SJ Full Version


---------------------
; Table of Contents ;
---------------------
  1. Legal Notice
  2. Analysis & Synthesis Summary
  3. Analysis & Synthesis Settings
  4. Analysis & Synthesis Source Files Read
  5. Analysis & Synthesis Resource Usage Summary
  6. Analysis & Synthesis Resource Utilization by Entity
  7. General Register Statistics
  8. Parameter Settings for User Entity Instance: lpm_decode3:inst|lpm_decode:lpm_decode_component
  9. Parameter Settings for User Entity Instance: lpm_decode3:inst21|lpm_decode:lpm_decode_component
 10. Parameter Settings for User Entity Instance: lpm_or5:inst8|lpm_or:lpm_or_component
 11. Parameter Settings for User Entity Instance: lpm_shiftreg8:inst6|lpm_shiftreg:lpm_shiftreg_component
 12. Parameter Settings for User Entity Instance: lpm_dff14:inst11|lpm_ff:lpm_ff_component
 13. Parameter Settings for User Entity Instance: lpm_dff14:inst3|lpm_ff:lpm_ff_component
 14. lpm_shiftreg Parameter Settings by Entity Instance
 15. Analysis & Synthesis Messages



----------------
; Legal Notice ;
----------------
Copyright (C) 1991-2008 Altera Corporation
Your use of Altera Corporation's design tools, logic functions 
and other software and tools, and its AMPP partner logic 
functions, and any output files from any of the foregoing 
(including device programming or simulation files), and any 
associated documentation or information are expressly subject 
to the terms and conditions of the Altera Program License 
Subscription Agreement, Altera MegaCore Function License 
Agreement, or other applicable license agreement, including, 
without limitation, that your use is for the sole purpose of 
programming logic devices manufactured by Altera and sold by 
Altera or its authorized distributors.  Please refer to the 
applicable agreement for further details.



+-------------------------------------------------------------------------------+
; Analysis & Synthesis Summary                                                  ;
+------------------------------------+------------------------------------------+
; Analysis & Synthesis Status        ; Successful - Wed May 20 19:02:01 2009    ;
; Quartus II Version                 ; 8.1 Build 163 10/28/2008 SJ Full Version ;
; Revision Name                      ; I_O_Control_Module                       ;
; Top-level Entity Name              ; I_O_Control_Module                       ;
; Family                             ; Cyclone III                              ;
; Total logic elements               ; 25                                       ;
;     Total combinational functions  ; 25                                       ;
;     Dedicated logic registers      ; 21                                       ;
; Total registers                    ; 21                                       ;
; Total pins                         ; 59                                       ;
; Total virtual pins                 ; 0                                        ;
; Total memory bits                  ; 0                                        ;
; Embedded Multiplier 9-bit elements ; 0                                        ;
; Total PLLs                         ; 0                                        ;
+------------------------------------+------------------------------------------+


+----------------------------------------------------------------------------------------------------------+
; Analysis & Synthesis Settings                                                                            ;
+----------------------------------------------------------------+--------------------+--------------------+
; Option                                                         ; Setting            ; Default Value      ;
+----------------------------------------------------------------+--------------------+--------------------+
; Device                                                         ; EP3C16F256C6       ;                    ;
; Top-level entity name                                          ; I_O_Control_Module ; I_O_Control_Module ;
; Family name                                                    ; Cyclone III        ; Stratix II         ;
; Optimization Technique                                         ; Area               ; Balanced           ;
; Use Generated Physical Constraints File                        ; Off                ;                    ;
; Use smart compilation                                          ; Off                ; Off                ;
; Restructure Multiplexers                                       ; Auto               ; Auto               ;
; Create Debugging Nodes for IP Cores                            ; Off                ; Off                ;
; Preserve fewer node names                                      ; On                 ; On                 ;
; Disable OpenCore Plus hardware evaluation                      ; Off                ; Off                ;
; Verilog Version                                                ; Verilog_2001       ; Verilog_2001       ;
; VHDL Version                                                   ; VHDL93             ; VHDL93             ;
; State Machine Processing                                       ; Auto               ; Auto               ;
; Safe State Machine                                             ; Off                ; Off                ;
; Extract Verilog State Machines                                 ; On                 ; On                 ;
; Extract VHDL State Machines                                    ; On                 ; On                 ;
; Ignore Verilog initial constructs                              ; Off                ; Off                ;
; Iteration limit for constant Verilog loops                     ; 5000               ; 5000               ;
; Iteration limit for non-constant Verilog loops                 ; 250                ; 250                ;
; Add Pass-Through Logic to Inferred RAMs                        ; On                 ; On                 ;
; Parallel Synthesis                                             ; Off                ; Off                ;
; DSP Block Balancing                                            ; Auto               ; Auto               ;
; NOT Gate Push-Back                                             ; On                 ; On                 ;
; Power-Up Don't Care                                            ; On                 ; On                 ;
; Remove Redundant Logic Cells                                   ; Off                ; Off                ;
; Remove Duplicate Registers                                     ; On                 ; On                 ;
; Ignore CARRY Buffers                                           ; Off                ; Off                ;
; Ignore CASCADE Buffers                                         ; Off                ; Off                ;
; Ignore GLOBAL Buffers                                          ; Off                ; Off                ;
; Ignore ROW GLOBAL Buffers                                      ; Off                ; Off                ;
; Ignore LCELL Buffers                                           ; Off                ; Off                ;
; Ignore SOFT Buffers                                            ; On                 ; On                 ;
; Limit AHDL Integers to 32 Bits                                 ; Off                ; Off                ;
; Carry Chain Length                                             ; 70                 ; 70                 ;
; Auto Carry Chains                                              ; On                 ; On                 ;
; Auto Open-Drain Pins                                           ; On                 ; On                 ;
; Perform WYSIWYG Primitive Resynthesis                          ; Off                ; Off                ;
; Perform gate-level register retiming                           ; Off                ; Off                ;
; Allow register retiming to trade off Tsu/Tco with Fmax         ; On                 ; On                 ;
; Auto ROM Replacement                                           ; On                 ; On                 ;
; Auto RAM Replacement                                           ; On                 ; On                 ;
; Auto DSP Block Replacement                                     ; On                 ; On                 ;
; Auto Shift Register Replacement                                ; Auto               ; Auto               ;
; Auto Clock Enable Replacement                                  ; On                 ; On                 ;
; Strict RAM Replacement                                         ; Off                ; Off                ;
; Allow Synchronous Control Signals                              ; On                 ; On                 ;
; Force Use of Synchronous Clear Signals                         ; Off                ; Off                ;
; Auto RAM Block Balancing                                       ; On                 ; On                 ;
; Auto RAM to Logic Cell Conversion                              ; Off                ; Off                ;
; Auto Resource Sharing                                          ; Off                ; Off                ;
; Allow Any RAM Size For Recognition                             ; Off                ; Off                ;
; Allow Any ROM Size For Recognition                             ; Off                ; Off                ;
; Allow Any Shift Register Size For Recognition                  ; Off                ; Off                ;
; Use LogicLock Constraints during Resource Balancing            ; On                 ; On                 ;
; Ignore translate_off and synthesis_off directives              ; Off                ; Off                ;
; Show Parameter Settings Tables in Synthesis Report             ; On                 ; On                 ;
; Ignore Maximum Fan-Out Assignments                             ; Off                ; Off                ;
; Synchronization Register Chain Length                          ; 2                  ; 2                  ;
; PowerPlay Power Optimization                                   ; Normal compilation ; Normal compilation ;
; HDL message level                                              ; Level2             ; Level2             ;
; Suppress Register Optimization Related Messages                ; Off                ; Off                ;
; Number of Removed Registers Reported in Synthesis Report       ; 100                ; 100                ;
; Number of Inverted Registers Reported in Synthesis Report      ; 100                ; 100                ;
; Clock MUX Protection                                           ; On                 ; On                 ;
; Auto Gated Clock Conversion                                    ; Off                ; Off                ;
; Block Design Naming                                            ; Auto               ; Auto               ;
; SDC constraint protection                                      ; Off                ; Off                ;
; Synthesis Effort                                               ; Auto               ; Auto               ;
; Allows Asynchronous Clear Usage For Shift Register Replacement ; On                 ; On                 ;
; Analysis & Synthesis Message Level                             ; Medium             ; Medium             ;
+----------------------------------------------------------------+--------------------+--------------------+


+---------------------------------------------------------------------------------------------------------------------------------------------------------+
; Analysis & Synthesis Source Files Read                                                                                                                  ;
+----------------------------------+-----------------+------------------------------------+---------------------------------------------------------------+
; File Name with User-Entered Path ; Used in Netlist ; File Type                          ; File Name with Absolute Path                                  ;
+----------------------------------+-----------------+------------------------------------+---------------------------------------------------------------+
; I_O_Control_Module.bdf           ; yes             ; User Block Diagram/Schematic File  ; C:/altera/81/qdesigns/Main_05_20/Main/I_O_Control_Module.bdf  ;
; lpm_decode3.v                    ; yes             ; User Wizard-Generated File         ; C:/altera/81/qdesigns/Main_05_20/Main/lpm_decode3.v           ;
; lpm_dff14.v                      ; yes             ; User Wizard-Generated File         ; C:/altera/81/qdesigns/Main_05_20/Main/lpm_dff14.v             ;
; lpm_decode.tdf                   ; yes             ; Megafunction                       ; c:/altera/81/quartus/libraries/megafunctions/lpm_decode.tdf   ;
; declut.inc                       ; yes             ; Megafunction                       ; c:/altera/81/quartus/libraries/megafunctions/declut.inc       ;
; altshift.inc                     ; yes             ; Megafunction                       ; c:/altera/81/quartus/libraries/megafunctions/altshift.inc     ;
; lpm_compare.inc                  ; yes             ; Megafunction                       ; c:/altera/81/quartus/libraries/megafunctions/lpm_compare.inc  ;
; lpm_constant.inc                 ; yes             ; Megafunction                       ; c:/altera/81/quartus/libraries/megafunctions/lpm_constant.inc ;
; aglobal81.inc                    ; yes             ; Megafunction                       ; c:/altera/81/quartus/libraries/megafunctions/aglobal81.inc    ;
; db/decode_svf.tdf                ; yes             ; Auto-Generated Megafunction        ; C:/altera/81/qdesigns/Main_05_20/Main/db/decode_svf.tdf       ;
; lpm_or5.tdf                      ; yes             ; Auto-Found Wizard-Generated File   ; C:/altera/81/qdesigns/Main_05_20/Main/lpm_or5.tdf             ;
; lpm_or.inc                       ; yes             ; Auto-Found AHDL File               ; c:/altera/81/quartus/libraries/megafunctions/lpm_or.inc       ;
; lpm_or.tdf                       ; yes             ; Megafunction                       ; c:/altera/81/quartus/libraries/megafunctions/lpm_or.tdf       ;
; lpm_shiftreg8.v                  ; yes             ; Auto-Found Wizard-Generated File   ; C:/altera/81/qdesigns/Main_05_20/Main/lpm_shiftreg8.v         ;
; lpm_shiftreg.tdf                 ; yes             ; Megafunction                       ; c:/altera/81/quartus/libraries/megafunctions/lpm_shiftreg.tdf ;
; dffeea.inc                       ; yes             ; Megafunction                       ; c:/altera/81/quartus/libraries/megafunctions/dffeea.inc       ;
; lpm_ff.tdf                       ; yes             ; Megafunction                       ; c:/altera/81/quartus/libraries/megafunctions/lpm_ff.tdf       ;
; 74244b.bdf                       ; yes             ; Megafunction                       ; c:/altera/81/quartus/libraries/others/maxplus2/74244b.bdf     ;
+----------------------------------+-----------------+------------------------------------+---------------------------------------------------------------+


+-------------------------------------------------------------+
; Analysis & Synthesis Resource Usage Summary                 ;
+---------------------------------------------+---------------+
; Resource                                    ; Usage         ;
+---------------------------------------------+---------------+
; Estimated Total logic elements              ; 25            ;
;                                             ;               ;
; Total combinational functions               ; 25            ;
; Logic element usage by number of LUT inputs ;               ;
;     -- 4 input functions                    ; 17            ;
;     -- 3 input functions                    ; 6             ;
;     -- <=2 input functions                  ; 2             ;
;                                             ;               ;
; Logic elements by mode                      ;               ;
;     -- normal mode                          ; 25            ;
;     -- arithmetic mode                      ; 0             ;
;                                             ;               ;
; Total registers                             ; 21            ;
;     -- Dedicated logic registers            ; 21            ;
;     -- I/O registers                        ; 0             ;
;                                             ;               ;
; I/O pins                                    ; 59            ;
; Maximum fan-out node                        ; Reset_n~input ;
; Maximum fan-out                             ; 21            ;
; Total fan-out                               ; 266           ;
; Average fan-out                             ; 1.62          ;
+---------------------------------------------+---------------+


+---------------------------------------------------------------------------------------------------------------------------------------------------------------------------------------------------------------------------------------------------------------------------+
; Analysis & Synthesis Resource Utilization by Entity                                                                                                                                                                                                                       ;
+---------------------------------------------+-------------------+--------------+-------------+--------------+---------+-----------+------+--------------+--------------------------------------------------------------------------------------------------+--------------+
; Compilation Hierarchy Node                  ; LC Combinationals ; LC Registers ; Memory Bits ; DSP Elements ; DSP 9x9 ; DSP 18x18 ; Pins ; Virtual Pins ; Full Hierarchy Name                                                                              ; Library Name ;
+---------------------------------------------+-------------------+--------------+-------------+--------------+---------+-----------+------+--------------+--------------------------------------------------------------------------------------------------+--------------+
; |I_O_Control_Module                         ; 25 (8)            ; 21 (1)       ; 0           ; 0            ; 0       ; 0         ; 59   ; 0            ; |I_O_Control_Module                                                                              ; work         ;
;    |lpm_decode3:inst21|                     ; 11 (0)            ; 0 (0)        ; 0           ; 0            ; 0       ; 0         ; 0    ; 0            ; |I_O_Control_Module|lpm_decode3:inst21                                                           ; work         ;
;       |lpm_decode:lpm_decode_component|     ; 11 (0)            ; 0 (0)        ; 0           ; 0            ; 0       ; 0         ; 0    ; 0            ; |I_O_Control_Module|lpm_decode3:inst21|lpm_decode:lpm_decode_component                           ; work         ;
;          |decode_svf:auto_generated|        ; 11 (11)           ; 0 (0)        ; 0           ; 0            ; 0       ; 0         ; 0    ; 0            ; |I_O_Control_Module|lpm_decode3:inst21|lpm_decode:lpm_decode_component|decode_svf:auto_generated ; work         ;
;    |lpm_decode3:inst|                       ; 5 (0)             ; 0 (0)        ; 0           ; 0            ; 0       ; 0         ; 0    ; 0            ; |I_O_Control_Module|lpm_decode3:inst                                                             ; work         ;
;       |lpm_decode:lpm_decode_component|     ; 5 (0)             ; 0 (0)        ; 0           ; 0            ; 0       ; 0         ; 0    ; 0            ; |I_O_Control_Module|lpm_decode3:inst|lpm_decode:lpm_decode_component                             ; work         ;
;          |decode_svf:auto_generated|        ; 5 (5)             ; 0 (0)        ; 0           ; 0            ; 0       ; 0         ; 0    ; 0            ; |I_O_Control_Module|lpm_decode3:inst|lpm_decode:lpm_decode_component|decode_svf:auto_generated   ; work         ;
;    |lpm_dff14:inst11|                       ; 0 (0)             ; 8 (0)        ; 0           ; 0            ; 0       ; 0         ; 0    ; 0            ; |I_O_Control_Module|lpm_dff14:inst11                                                             ; work         ;
;       |lpm_ff:lpm_ff_component|             ; 0 (0)             ; 8 (8)        ; 0           ; 0            ; 0       ; 0         ; 0    ; 0            ; |I_O_Control_Module|lpm_dff14:inst11|lpm_ff:lpm_ff_component                                     ; work         ;
;    |lpm_dff14:inst3|                        ; 0 (0)             ; 8 (0)        ; 0           ; 0            ; 0       ; 0         ; 0    ; 0            ; |I_O_Control_Module|lpm_dff14:inst3                                                              ; work         ;
;       |lpm_ff:lpm_ff_component|             ; 0 (0)             ; 8 (8)        ; 0           ; 0            ; 0       ; 0         ; 0    ; 0            ; |I_O_Control_Module|lpm_dff14:inst3|lpm_ff:lpm_ff_component                                      ; work         ;
;    |lpm_or5:inst8|                          ; 1 (0)             ; 0 (0)        ; 0           ; 0            ; 0       ; 0         ; 0    ; 0            ; |I_O_Control_Module|lpm_or5:inst8                                                                ; work         ;
;       |lpm_or:lpm_or_component|             ; 1 (1)             ; 0 (0)        ; 0           ; 0            ; 0       ; 0         ; 0    ; 0            ; |I_O_Control_Module|lpm_or5:inst8|lpm_or:lpm_or_component                                        ; work         ;
;    |lpm_shiftreg8:inst6|                    ; 0 (0)             ; 4 (0)        ; 0           ; 0            ; 0       ; 0         ; 0    ; 0            ; |I_O_Control_Module|lpm_shiftreg8:inst6                                                          ; work         ;
;       |lpm_shiftreg:lpm_shiftreg_component| ; 0 (0)             ; 4 (4)        ; 0           ; 0            ; 0       ; 0         ; 0    ; 0            ; |I_O_Control_Module|lpm_shiftreg8:inst6|lpm_shiftreg:lpm_shiftreg_component                      ; work         ;
+---------------------------------------------+-------------------+--------------+-------------+--------------+---------+-----------+------+--------------+--------------------------------------------------------------------------------------------------+--------------+
Note: For table entries with two numbers listed, the numbers in parentheses indicate the number of resources of the given type used by the specific entity alone. The numbers listed outside of parentheses indicate the total resources of the given type used by the specific entity and all of its sub-entities in the hierarchy.


+------------------------------------------------------+
; General Register Statistics                          ;
+----------------------------------------------+-------+
; Statistic                                    ; Value ;
+----------------------------------------------+-------+
; Total registers                              ; 21    ;
; Number of registers using Synchronous Clear  ; 0     ;
; Number of registers using Synchronous Load   ; 0     ;
; Number of registers using Asynchronous Clear ; 21    ;
; Number of registers using Asynchronous Load  ; 0     ;
; Number of registers using Clock Enable       ; 16    ;
; Number of registers using Preset             ; 0     ;
+----------------------------------------------+-------+


+-----------------------------------------------------------------------------------------------+
; Parameter Settings for User Entity Instance: lpm_decode3:inst|lpm_decode:lpm_decode_component ;
+------------------------+-------------+--------------------------------------------------------+
; Parameter Name         ; Value       ; Type                                                   ;
+------------------------+-------------+--------------------------------------------------------+
; LPM_WIDTH              ; 4           ; Signed Integer                                         ;
; LPM_DECODES            ; 16          ; Signed Integer                                         ;
; LPM_PIPELINE           ; 0           ; Untyped                                                ;
; CASCADE_CHAIN          ; MANUAL      ; Untyped                                                ;
; DEVICE_FAMILY          ; Cyclone III ; Untyped                                                ;
; CBXI_PARAMETER         ; decode_svf  ; Untyped                                                ;
; AUTO_CARRY_CHAINS      ; ON          ; AUTO_CARRY                                             ;
; IGNORE_CARRY_BUFFERS   ; OFF         ; IGNORE_CARRY                                           ;
; AUTO_CASCADE_CHAINS    ; ON          ; AUTO_CASCADE                                           ;
; IGNORE_CASCADE_BUFFERS ; OFF         ; IGNORE_CASCADE                                         ;
+------------------------+-------------+--------------------------------------------------------+
Note: In order to hide this table in the UI and the text report file, please set the "Show Parameter Settings Tables in Synthesis Report" option in "Analysis and Synthesis Settings -> More Settings" to "Off".


+-------------------------------------------------------------------------------------------------+
; Parameter Settings for User Entity Instance: lpm_decode3:inst21|lpm_decode:lpm_decode_component ;
+------------------------+-------------+----------------------------------------------------------+
; Parameter Name         ; Value       ; Type                                                     ;
+------------------------+-------------+----------------------------------------------------------+
; LPM_WIDTH              ; 4           ; Signed Integer                                           ;
; LPM_DECODES            ; 16          ; Signed Integer                                           ;
; LPM_PIPELINE           ; 0           ; Untyped                                                  ;
; CASCADE_CHAIN          ; MANUAL      ; Untyped                                                  ;
; DEVICE_FAMILY          ; Cyclone III ; Untyped                                                  ;
; CBXI_PARAMETER         ; decode_svf  ; Untyped                                                  ;
; AUTO_CARRY_CHAINS      ; ON          ; AUTO_CARRY                                               ;
; IGNORE_CARRY_BUFFERS   ; OFF         ; IGNORE_CARRY                                             ;
; AUTO_CASCADE_CHAINS    ; ON          ; AUTO_CASCADE                                             ;
; IGNORE_CASCADE_BUFFERS ; OFF         ; IGNORE_CASCADE                                           ;
+------------------------+-------------+----------------------------------------------------------+
Note: In order to hide this table in the UI and the text report file, please set the "Show Parameter Settings Tables in Synthesis Report" option in "Analysis and Synthesis Settings -> More Settings" to "Off".


+------------------------------------------------------------------------------------+
; Parameter Settings for User Entity Instance: lpm_or5:inst8|lpm_or:lpm_or_component ;
+------------------------+-------------+---------------------------------------------+
; Parameter Name         ; Value       ; Type                                        ;
+------------------------+-------------+---------------------------------------------+
; AUTO_CARRY_CHAINS      ; ON          ; AUTO_CARRY                                  ;
; IGNORE_CARRY_BUFFERS   ; OFF         ; IGNORE_CARRY                                ;
; AUTO_CASCADE_CHAINS    ; ON          ; AUTO_CASCADE                                ;
; IGNORE_CASCADE_BUFFERS ; OFF         ; IGNORE_CASCADE                              ;
; LPM_WIDTH              ; 1           ; Untyped                                     ;
; LPM_SIZE               ; 4           ; Untyped                                     ;
; CARRY_CHAIN_LENGTH     ; 48          ; CARRY_CHAIN_LENGTH                          ;
; CARRY_CHAIN            ; MANUAL      ; Untyped                                     ;
; CASCADE_CHAIN          ; MANUAL      ; Untyped                                     ;
; DEVICE_FAMILY          ; Cyclone III ; Untyped                                     ;
+------------------------+-------------+---------------------------------------------+
Note: In order to hide this table in the UI and the text report file, please set the "Show Parameter Settings Tables in Synthesis Report" option in "Analysis and Synthesis Settings -> More Settings" to "Off".


+------------------------------------------------------------------------------------------------------+
; Parameter Settings for User Entity Instance: lpm_shiftreg8:inst6|lpm_shiftreg:lpm_shiftreg_component ;
+------------------------+-------------+---------------------------------------------------------------+
; Parameter Name         ; Value       ; Type                                                          ;
+------------------------+-------------+---------------------------------------------------------------+
; LPM_WIDTH              ; 4           ; Signed Integer                                                ;
; LPM_DIRECTION          ; LEFT        ; Untyped                                                       ;
; LPM_AVALUE             ; UNUSED      ; Untyped                                                       ;
; LPM_SVALUE             ; UNUSED      ; Untyped                                                       ;
; DEVICE_FAMILY          ; Cyclone III ; Untyped                                                       ;
; AUTO_CARRY_CHAINS      ; ON          ; AUTO_CARRY                                                    ;
; IGNORE_CARRY_BUFFERS   ; OFF         ; IGNORE_CARRY                                                  ;
; AUTO_CASCADE_CHAINS    ; ON          ; AUTO_CASCADE                                                  ;
; IGNORE_CASCADE_BUFFERS ; OFF         ; IGNORE_CASCADE                                                ;
+------------------------+-------------+---------------------------------------------------------------+
Note: In order to hide this table in the UI and the text report file, please set the "Show Parameter Settings Tables in Synthesis Report" option in "Analysis and Synthesis Settings -> More Settings" to "Off".


+---------------------------------------------------------------------------------------+
; Parameter Settings for User Entity Instance: lpm_dff14:inst11|lpm_ff:lpm_ff_component ;
+------------------------+-------------+------------------------------------------------+
; Parameter Name         ; Value       ; Type                                           ;
+------------------------+-------------+------------------------------------------------+
; LPM_WIDTH              ; 8           ; Signed Integer                                 ;
; LPM_AVALUE             ; UNUSED      ; Untyped                                        ;
; LPM_SVALUE             ; UNUSED      ; Untyped                                        ;
; LPM_FFTYPE             ; DFF         ; Untyped                                        ;
; DEVICE_FAMILY          ; Cyclone III ; Untyped                                        ;
; CBXI_PARAMETER         ; NOTHING     ; Untyped                                        ;
; AUTO_CARRY_CHAINS      ; ON          ; AUTO_CARRY                                     ;
; IGNORE_CARRY_BUFFERS   ; OFF         ; IGNORE_CARRY                                   ;
; AUTO_CASCADE_CHAINS    ; ON          ; AUTO_CASCADE                                   ;
; IGNORE_CASCADE_BUFFERS ; OFF         ; IGNORE_CASCADE                                 ;
+------------------------+-------------+------------------------------------------------+
Note: In order to hide this table in the UI and the text report file, please set the "Show Parameter Settings Tables in Synthesis Report" option in "Analysis and Synthesis Settings -> More Settings" to "Off".


+--------------------------------------------------------------------------------------+
; Parameter Settings for User Entity Instance: lpm_dff14:inst3|lpm_ff:lpm_ff_component ;
+------------------------+-------------+-----------------------------------------------+
; Parameter Name         ; Value       ; Type                                          ;
+------------------------+-------------+-----------------------------------------------+
; LPM_WIDTH              ; 8           ; Signed Integer                                ;
; LPM_AVALUE             ; UNUSED      ; Untyped                                       ;
; LPM_SVALUE             ; UNUSED      ; Untyped                                       ;
; LPM_FFTYPE             ; DFF         ; Untyped                                       ;
; DEVICE_FAMILY          ; Cyclone III ; Untyped                                       ;
; CBXI_PARAMETER         ; NOTHING     ; Untyped                                       ;
; AUTO_CARRY_CHAINS      ; ON          ; AUTO_CARRY                                    ;
; IGNORE_CARRY_BUFFERS   ; OFF         ; IGNORE_CARRY                                  ;
; AUTO_CASCADE_CHAINS    ; ON          ; AUTO_CASCADE                                  ;
; IGNORE_CASCADE_BUFFERS ; OFF         ; IGNORE_CASCADE                                ;
+------------------------+-------------+-----------------------------------------------+
Note: In order to hide this table in the UI and the text report file, please set the "Show Parameter Settings Tables in Synthesis Report" option in "Analysis and Synthesis Settings -> More Settings" to "Off".


+--------------------------------------------------------------------------------------+
; lpm_shiftreg Parameter Settings by Entity Instance                                   ;
+----------------------------+---------------------------------------------------------+
; Name                       ; Value                                                   ;
+----------------------------+---------------------------------------------------------+
; Number of entity instances ; 1                                                       ;
; Entity Instance            ; lpm_shiftreg8:inst6|lpm_shiftreg:lpm_shiftreg_component ;
;     -- LPM_WIDTH           ; 4                                                       ;
;     -- LPM_DIRECTION       ; LEFT                                                    ;
+----------------------------+---------------------------------------------------------+


+-------------------------------+
; Analysis & Synthesis Messages ;
+-------------------------------+
Info: *******************************************************************
Info: Running Quartus II Analysis & Synthesis
    Info: Version 8.1 Build 163 10/28/2008 SJ Full Version
    Info: Processing started: Wed May 20 19:01:59 2009
Info: Command: quartus_map --read_settings_files=on --write_settings_files=off I_O_Control_Module -c I_O_Control_Module
Info: Found 1 design units, including 1 entities, in source file I_O_Control_Module.bdf
    Info: Found entity 1: I_O_Control_Module
Info: Found 1 design units, including 1 entities, in source file lpm_decode3.v
    Info: Found entity 1: lpm_decode3
Info: Found 1 design units, including 1 entities, in source file lpm_dff14.v
    Info: Found entity 1: lpm_dff14
Info: Found 1 design units, including 1 entities, in source file lpm_bustri1.v
    Info: Found entity 1: lpm_bustri1
Info: Elaborating entity "I_O_Control_Module" for the top level hierarchy
Warning: Not all bits in bus "Addr[15..0]" are used
Info: Elaborating entity "lpm_decode3" for hierarchy "lpm_decode3:inst"
Info: Elaborating entity "lpm_decode" for hierarchy "lpm_decode3:inst|lpm_decode:lpm_decode_component"
Info: Elaborated megafunction instantiation "lpm_decode3:inst|lpm_decode:lpm_decode_component"
Info: Instantiated megafunction "lpm_decode3:inst|lpm_decode:lpm_decode_component" with the following parameter:
    Info: Parameter "lpm_decodes" = "16"
    Info: Parameter "lpm_type" = "LPM_DECODE"
    Info: Parameter "lpm_width" = "4"
Info: Found 1 design units, including 1 entities, in source file db/decode_svf.tdf
    Info: Found entity 1: decode_svf
Info: Elaborating entity "decode_svf" for hierarchy "lpm_decode3:inst|lpm_decode:lpm_decode_component|decode_svf:auto_generated"
Warning: Using design file lpm_or5.tdf, which is not specified as a design file for the current project, but contains definitions for 1 design units and 1 entities in project
    Info: Found entity 1: lpm_or5
Info: Elaborating entity "lpm_or5" for hierarchy "lpm_or5:inst8"
Info: Elaborating entity "lpm_or" for hierarchy "lpm_or5:inst8|lpm_or:lpm_or_component"
Info: Elaborated megafunction instantiation "lpm_or5:inst8|lpm_or:lpm_or_component"
Info: Instantiated megafunction "lpm_or5:inst8|lpm_or:lpm_or_component" with the following parameter:
    Info: Parameter "LPM_TYPE" = "LPM_OR"
    Info: Parameter "LPM_WIDTH" = "1"
    Info: Parameter "LPM_SIZE" = "4"
Warning: Using design file lpm_shiftreg8.v, which is not specified as a design file for the current project, but contains definitions for 1 design units and 1 entities in project
    Info: Found entity 1: lpm_shiftreg8
Info: Elaborating entity "lpm_shiftreg8" for hierarchy "lpm_shiftreg8:inst6"
Info: Elaborating entity "lpm_shiftreg" for hierarchy "lpm_shiftreg8:inst6|lpm_shiftreg:lpm_shiftreg_component"
Info: Elaborated megafunction instantiation "lpm_shiftreg8:inst6|lpm_shiftreg:lpm_shiftreg_component"
Info: Instantiated megafunction "lpm_shiftreg8:inst6|lpm_shiftreg:lpm_shiftreg_component" with the following parameter:
    Info: Parameter "lpm_direction" = "LEFT"
    Info: Parameter "lpm_type" = "LPM_SHIFTREG"
    Info: Parameter "lpm_width" = "4"
Info: Elaborating entity "lpm_dff14" for hierarchy "lpm_dff14:inst11"
Info: Elaborating entity "lpm_ff" for hierarchy "lpm_dff14:inst11|lpm_ff:lpm_ff_component"
Info: Elaborated megafunction instantiation "lpm_dff14:inst11|lpm_ff:lpm_ff_component"
Info: Instantiated megafunction "lpm_dff14:inst11|lpm_ff:lpm_ff_component" with the following parameter:
    Info: Parameter "lpm_fftype" = "DFF"
    Info: Parameter "lpm_type" = "LPM_FF"
    Info: Parameter "lpm_width" = "8"
Info: Elaborating entity "74244b" for hierarchy "74244b:inst7"
Info: Elaborated megafunction instantiation "74244b:inst7"
Warning: Always-enabled tri-state buffer(s) removed
    Warning: Converted the fanout from the always-enabled tri-state buffer "74244b:inst7|26" to the node "L_Dat[7]" into a wire
    Warning: Converted the fanout from the always-enabled tri-state buffer "74244b:inst7|27" to the node "L_Dat[6]" into a wire
    Warning: Converted the fanout from the always-enabled tri-state buffer "74244b:inst7|31" to the node "L_Dat[5]" into a wire
    Warning: Converted the fanout from the always-enabled tri-state buffer "74244b:inst7|36" to the node "L_Dat[4]" into a wire
    Warning: Converted the fanout from the always-enabled tri-state buffer "74244b:inst7|11" to the node "L_Dat[3]" into a wire
    Warning: Converted the fanout from the always-enabled tri-state buffer "74244b:inst7|10" to the node "L_Dat[2]" into a wire
    Warning: Converted the fanout from the always-enabled tri-state buffer "74244b:inst7|6" to the node "L_Dat[1]" into a wire
    Warning: Converted the fanout from the always-enabled tri-state buffer "74244b:inst7|1" to the node "L_Dat[0]" into a wire
Info: Implemented 103 device resources after synthesis - the final resource count might be different
    Info: Implemented 21 input pins
    Info: Implemented 38 output pins
    Info: Implemented 44 logic cells
Info: Quartus II Analysis & Synthesis was successful. 0 errors, 12 warnings
    Info: Peak virtual memory: 208 megabytes
    Info: Processing ended: Wed May 20 19:02:01 2009
    Info: Elapsed time: 00:00:02
    Info: Total CPU time (on all processors): 00:00:02


