Analysis & Synthesis report for Init_Module
Fri Jun 19 11:35:54 2009
Quartus II Version 9.0 Build 132 02/25/2009 SJ Full Version


---------------------
; Table of Contents ;
---------------------
  1. Legal Notice
  2. Analysis & Synthesis Summary
  3. Analysis & Synthesis Settings
  4. Analysis & Synthesis Source Files Read
  5. Analysis & Synthesis Resource Usage Summary
  6. Analysis & Synthesis Resource Utilization by Entity
  7. Analysis & Synthesis RAM Summary
  8. Logic Cells Representing Combinational Loops
  9. General Register Statistics
 10. Inverted Register Statistics
 11. Source assignments for lpm_counter35:inst2|lpm_counter:lpm_counter_component
 12. Source assignments for lpm_counter36:inst54|lpm_counter:lpm_counter_component
 13. Source assignments for lpm_counter36:inst54|lpm_counter:lpm_counter_component|cntr_ojk:auto_generated
 14. Source assignments for lpm_rom0:inst14|altsyncram:altsyncram_component|altsyncram_s631:auto_generated
 15. Parameter Settings for User Entity Instance: lpm_counter35:inst2|lpm_counter:lpm_counter_component
 16. Parameter Settings for User Entity Instance: lpm_decode6:inst1|lpm_decode:lpm_decode_component
 17. Parameter Settings for User Entity Instance: lpm_counter36:inst54|lpm_counter:lpm_counter_component
 18. Parameter Settings for User Entity Instance: lpm_decode1:inst4|lpm_decode:lpm_decode_component
 19. Parameter Settings for User Entity Instance: lpm_dff21:inst8|lpm_ff:lpm_ff_component
 20. Parameter Settings for User Entity Instance: lpm_rom0:inst14|altsyncram:altsyncram_component
 21. altsyncram Parameter Settings by Entity Instance
 22. Analysis & Synthesis Messages



----------------
; Legal Notice ;
----------------
Copyright (C) 1991-2009 Altera Corporation
Your use of Altera Corporation's design tools, logic functions 
and other software and tools, and its AMPP partner logic 
functions, and any output files from any of the foregoing 
(including device programming or simulation files), and any 
associated documentation or information are expressly subject 
to the terms and conditions of the Altera Program License 
Subscription Agreement, Altera MegaCore Function License 
Agreement, or other applicable license agreement, including, 
without limitation, that your use is for the sole purpose of 
programming logic devices manufactured by Altera and sold by 
Altera or its authorized distributors.  Please refer to the 
applicable agreement for further details.



+-------------------------------------------------------------------------------+
; Analysis & Synthesis Summary                                                  ;
+------------------------------------+------------------------------------------+
; Analysis & Synthesis Status        ; Successful - Fri Jun 19 11:35:54 2009    ;
; Quartus II Version                 ; 9.0 Build 132 02/25/2009 SJ Full Version ;
; Revision Name                      ; Init_Module                              ;
; Top-level Entity Name              ; Init_Module                              ;
; Family                             ; Cyclone III                              ;
; Total logic elements               ; 95                                       ;
;     Total combinational functions  ; 86                                       ;
;     Dedicated logic registers      ; 40                                       ;
; Total registers                    ; 40                                       ;
; Total pins                         ; 57                                       ;
; Total virtual pins                 ; 0                                        ;
; Total memory bits                  ; 1,024                                    ;
; Embedded Multiplier 9-bit elements ; 0                                        ;
; Total PLLs                         ; 0                                        ;
+------------------------------------+------------------------------------------+


+----------------------------------------------------------------------------------------------------------+
; Analysis & Synthesis Settings                                                                            ;
+----------------------------------------------------------------+--------------------+--------------------+
; Option                                                         ; Setting            ; Default Value      ;
+----------------------------------------------------------------+--------------------+--------------------+
; Device                                                         ; EP3C16F256C6       ;                    ;
; Top-level entity name                                          ; Init_Module        ; Init_Module        ;
; Family name                                                    ; Cyclone III        ; Stratix II         ;
; Optimization Technique                                         ; Area               ; Balanced           ;
; Use Generated Physical Constraints File                        ; Off                ;                    ;
; Use smart compilation                                          ; Off                ; Off                ;
; Restructure Multiplexers                                       ; Auto               ; Auto               ;
; Create Debugging Nodes for IP Cores                            ; Off                ; Off                ;
; Preserve fewer node names                                      ; On                 ; On                 ;
; Disable OpenCore Plus hardware evaluation                      ; Off                ; Off                ;
; Verilog Version                                                ; Verilog_2001       ; Verilog_2001       ;
; VHDL Version                                                   ; VHDL93             ; VHDL93             ;
; State Machine Processing                                       ; Auto               ; Auto               ;
; Safe State Machine                                             ; Off                ; Off                ;
; Extract Verilog State Machines                                 ; On                 ; On                 ;
; Extract VHDL State Machines                                    ; On                 ; On                 ;
; Ignore Verilog initial constructs                              ; Off                ; Off                ;
; Iteration limit for constant Verilog loops                     ; 5000               ; 5000               ;
; Iteration limit for non-constant Verilog loops                 ; 250                ; 250                ;
; Add Pass-Through Logic to Inferred RAMs                        ; On                 ; On                 ;
; Parallel Synthesis                                             ; Off                ; Off                ;
; DSP Block Balancing                                            ; Auto               ; Auto               ;
; NOT Gate Push-Back                                             ; On                 ; On                 ;
; Power-Up Don't Care                                            ; On                 ; On                 ;
; Remove Redundant Logic Cells                                   ; Off                ; Off                ;
; Remove Duplicate Registers                                     ; On                 ; On                 ;
; Ignore CARRY Buffers                                           ; Off                ; Off                ;
; Ignore CASCADE Buffers                                         ; Off                ; Off                ;
; Ignore GLOBAL Buffers                                          ; Off                ; Off                ;
; Ignore ROW GLOBAL Buffers                                      ; Off                ; Off                ;
; Ignore LCELL Buffers                                           ; Off                ; Off                ;
; Ignore SOFT Buffers                                            ; On                 ; On                 ;
; Limit AHDL Integers to 32 Bits                                 ; Off                ; Off                ;
; Carry Chain Length                                             ; 70                 ; 70                 ;
; Auto Carry Chains                                              ; On                 ; On                 ;
; Auto Open-Drain Pins                                           ; On                 ; On                 ;
; Perform WYSIWYG Primitive Resynthesis                          ; Off                ; Off                ;
; Auto ROM Replacement                                           ; On                 ; On                 ;
; Auto RAM Replacement                                           ; On                 ; On                 ;
; Auto DSP Block Replacement                                     ; On                 ; On                 ;
; Auto Shift Register Replacement                                ; Auto               ; Auto               ;
; Auto Clock Enable Replacement                                  ; On                 ; On                 ;
; Strict RAM Replacement                                         ; Off                ; Off                ;
; Allow Synchronous Control Signals                              ; On                 ; On                 ;
; Force Use of Synchronous Clear Signals                         ; Off                ; Off                ;
; Auto RAM Block Balancing                                       ; On                 ; On                 ;
; Auto RAM to Logic Cell Conversion                              ; Off                ; Off                ;
; Auto Resource Sharing                                          ; Off                ; Off                ;
; Allow Any RAM Size For Recognition                             ; Off                ; Off                ;
; Allow Any ROM Size For Recognition                             ; Off                ; Off                ;
; Allow Any Shift Register Size For Recognition                  ; Off                ; Off                ;
; Use LogicLock Constraints during Resource Balancing            ; On                 ; On                 ;
; Ignore translate_off and synthesis_off directives              ; Off                ; Off                ;
; Timing-Driven Synthesis                                        ; Off                ; Off                ;
; Show Parameter Settings Tables in Synthesis Report             ; On                 ; On                 ;
; Ignore Maximum Fan-Out Assignments                             ; Off                ; Off                ;
; Synchronization Register Chain Length                          ; 2                  ; 2                  ;
; PowerPlay Power Optimization                                   ; Normal compilation ; Normal compilation ;
; HDL message level                                              ; Level2             ; Level2             ;
; Suppress Register Optimization Related Messages                ; Off                ; Off                ;
; Number of Removed Registers Reported in Synthesis Report       ; 100                ; 100                ;
; Number of Inverted Registers Reported in Synthesis Report      ; 100                ; 100                ;
; Clock MUX Protection                                           ; On                 ; On                 ;
; Auto Gated Clock Conversion                                    ; Off                ; Off                ;
; Block Design Naming                                            ; Auto               ; Auto               ;
; SDC constraint protection                                      ; Off                ; Off                ;
; Synthesis Effort                                               ; Auto               ; Auto               ;
; Allows Asynchronous Clear Usage For Shift Register Replacement ; On                 ; On                 ;
; Analysis & Synthesis Message Level                             ; Medium             ; Medium             ;
+----------------------------------------------------------------+--------------------+--------------------+


+----------------------------------------------------------------------------------------------------------------------------------------------------------------+
; Analysis & Synthesis Source Files Read                                                                                                                         ;
+----------------------------------+-----------------+------------------------------------+----------------------------------------------------------------------+
; File Name with User-Entered Path ; Used in Netlist ; File Type                          ; File Name with Absolute Path                                         ;
+----------------------------------+-----------------+------------------------------------+----------------------------------------------------------------------+
; Init_Module.bdf                  ; yes             ; User Block Diagram/Schematic File  ; C:/altera/90/qdesigns/Main_Test_01/Init_Module.bdf                   ;
; lpm_dff21.v                      ; yes             ; User Wizard-Generated File         ; C:/altera/90/qdesigns/Main_Test_01/lpm_dff21.v                       ;
; lpm_counter35.v                  ; yes             ; Auto-Found Wizard-Generated File   ; C:/altera/90/qdesigns/Main_Test_01/lpm_counter35.v                   ;
; lpm_counter.tdf                  ; yes             ; Megafunction                       ; c:/altera/90/quartus/libraries/megafunctions/lpm_counter.tdf         ;
; lpm_constant.inc                 ; yes             ; Megafunction                       ; c:/altera/90/quartus/libraries/megafunctions/lpm_constant.inc        ;
; lpm_decode.inc                   ; yes             ; Megafunction                       ; c:/altera/90/quartus/libraries/megafunctions/lpm_decode.inc          ;
; lpm_add_sub.inc                  ; yes             ; Megafunction                       ; c:/altera/90/quartus/libraries/megafunctions/lpm_add_sub.inc         ;
; cmpconst.inc                     ; yes             ; Megafunction                       ; c:/altera/90/quartus/libraries/megafunctions/cmpconst.inc            ;
; lpm_compare.inc                  ; yes             ; Megafunction                       ; c:/altera/90/quartus/libraries/megafunctions/lpm_compare.inc         ;
; lpm_counter.inc                  ; yes             ; Megafunction                       ; c:/altera/90/quartus/libraries/megafunctions/lpm_counter.inc         ;
; dffeea.inc                       ; yes             ; Megafunction                       ; c:/altera/90/quartus/libraries/megafunctions/dffeea.inc              ;
; alt_synch_counter.inc            ; yes             ; Megafunction                       ; c:/altera/90/quartus/libraries/megafunctions/alt_synch_counter.inc   ;
; alt_synch_counter_f.inc          ; yes             ; Megafunction                       ; c:/altera/90/quartus/libraries/megafunctions/alt_synch_counter_f.inc ;
; alt_counter_f10ke.inc            ; yes             ; Megafunction                       ; c:/altera/90/quartus/libraries/megafunctions/alt_counter_f10ke.inc   ;
; alt_counter_stratix.inc          ; yes             ; Megafunction                       ; c:/altera/90/quartus/libraries/megafunctions/alt_counter_stratix.inc ;
; aglobal90.inc                    ; yes             ; Megafunction                       ; c:/altera/90/quartus/libraries/megafunctions/aglobal90.inc           ;
; db/cntr_baj.tdf                  ; yes             ; Auto-Generated Megafunction        ; C:/altera/90/qdesigns/Main_Test_01/db/cntr_baj.tdf                   ;
; lpm_decode6.v                    ; yes             ; Auto-Found Wizard-Generated File   ; C:/altera/90/qdesigns/Main_Test_01/lpm_decode6.v                     ;
; lpm_decode.tdf                   ; yes             ; Megafunction                       ; c:/altera/90/quartus/libraries/megafunctions/lpm_decode.tdf          ;
; declut.inc                       ; yes             ; Megafunction                       ; c:/altera/90/quartus/libraries/megafunctions/declut.inc              ;
; altshift.inc                     ; yes             ; Megafunction                       ; c:/altera/90/quartus/libraries/megafunctions/altshift.inc            ;
; db/decode_vrh.tdf                ; yes             ; Auto-Generated Megafunction        ; C:/altera/90/qdesigns/Main_Test_01/db/decode_vrh.tdf                 ;
; lpm_counter36.v                  ; yes             ; Auto-Found Wizard-Generated File   ; C:/altera/90/qdesigns/Main_Test_01/lpm_counter36.v                   ;
; db/cntr_ojk.tdf                  ; yes             ; Auto-Generated Megafunction        ; C:/altera/90/qdesigns/Main_Test_01/db/cntr_ojk.tdf                   ;
; lpm_decode1.v                    ; yes             ; Auto-Found Wizard-Generated File   ; C:/altera/90/qdesigns/Main_Test_01/lpm_decode1.v                     ;
; db/decode_svf.tdf                ; yes             ; Auto-Generated Megafunction        ; C:/altera/90/qdesigns/Main_Test_01/db/decode_svf.tdf                 ;
; lpm_ff.tdf                       ; yes             ; Megafunction                       ; c:/altera/90/quartus/libraries/megafunctions/lpm_ff.tdf              ;
; lpm_rom0.v                       ; yes             ; Auto-Found Wizard-Generated File   ; C:/altera/90/qdesigns/Main_Test_01/lpm_rom0.v                        ;
; altsyncram.tdf                   ; yes             ; Megafunction                       ; c:/altera/90/quartus/libraries/megafunctions/altsyncram.tdf          ;
; stratix_ram_block.inc            ; yes             ; Megafunction                       ; c:/altera/90/quartus/libraries/megafunctions/stratix_ram_block.inc   ;
; lpm_mux.inc                      ; yes             ; Megafunction                       ; c:/altera/90/quartus/libraries/megafunctions/lpm_mux.inc             ;
; a_rdenreg.inc                    ; yes             ; Megafunction                       ; c:/altera/90/quartus/libraries/megafunctions/a_rdenreg.inc           ;
; altrom.inc                       ; yes             ; Megafunction                       ; c:/altera/90/quartus/libraries/megafunctions/altrom.inc              ;
; altram.inc                       ; yes             ; Megafunction                       ; c:/altera/90/quartus/libraries/megafunctions/altram.inc              ;
; altdpram.inc                     ; yes             ; Megafunction                       ; c:/altera/90/quartus/libraries/megafunctions/altdpram.inc            ;
; altqpram.inc                     ; yes             ; Megafunction                       ; c:/altera/90/quartus/libraries/megafunctions/altqpram.inc            ;
; db/altsyncram_s631.tdf           ; yes             ; Auto-Generated Megafunction        ; C:/altera/90/qdesigns/Main_Test_01/db/altsyncram_s631.tdf            ;
+----------------------------------+-----------------+------------------------------------+----------------------------------------------------------------------+


+------------------------------------------------------------+
; Analysis & Synthesis Resource Usage Summary                ;
+---------------------------------------------+--------------+
; Resource                                    ; Usage        ;
+---------------------------------------------+--------------+
; Estimated Total logic elements              ; 95           ;
;                                             ;              ;
; Total combinational functions               ; 86           ;
; Logic element usage by number of LUT inputs ;              ;
;     -- 4 input functions                    ; 2            ;
;     -- 3 input functions                    ; 21           ;
;     -- <=2 input functions                  ; 63           ;
;                                             ;              ;
; Logic elements by mode                      ;              ;
;     -- normal mode                          ; 66           ;
;     -- arithmetic mode                      ; 20           ;
;                                             ;              ;
; Total registers                             ; 40           ;
;     -- Dedicated logic registers            ; 40           ;
;     -- I/O registers                        ; 0            ;
;                                             ;              ;
; I/O pins                                    ; 57           ;
; Total memory bits                           ; 1024         ;
; Maximum fan-out node                        ; Clk_50~input ;
; Maximum fan-out                             ; 41           ;
; Total fan-out                               ; 557          ;
; Average fan-out                             ; 2.18         ;
+---------------------------------------------+--------------+


+--------------------------------------------------------------------------------------------------------------------------------------------------------------------------------------------------------------------------------------------------------------------+
; Analysis & Synthesis Resource Utilization by Entity                                                                                                                                                                                                                ;
+-------------------------------------------+-------------------+--------------+-------------+--------------+---------+-----------+------+--------------+---------------------------------------------------------------------------------------------+--------------+
; Compilation Hierarchy Node                ; LC Combinationals ; LC Registers ; Memory Bits ; DSP Elements ; DSP 9x9 ; DSP 18x18 ; Pins ; Virtual Pins ; Full Hierarchy Name                                                                         ; Library Name ;
+-------------------------------------------+-------------------+--------------+-------------+--------------+---------+-----------+------+--------------+---------------------------------------------------------------------------------------------+--------------+
; |Init_Module                              ; 86 (8)            ; 40 (12)      ; 1024        ; 0            ; 0       ; 0         ; 57   ; 0            ; |Init_Module                                                                                ; work         ;
;    |lpm_counter35:inst2|                  ; 9 (0)             ; 8 (0)        ; 0           ; 0            ; 0       ; 0         ; 0    ; 0            ; |Init_Module|lpm_counter35:inst2                                                            ; work         ;
;       |lpm_counter:lpm_counter_component| ; 9 (0)             ; 8 (0)        ; 0           ; 0            ; 0       ; 0         ; 0    ; 0            ; |Init_Module|lpm_counter35:inst2|lpm_counter:lpm_counter_component                          ; work         ;
;          |cntr_baj:auto_generated|        ; 9 (9)             ; 8 (8)        ; 0           ; 0            ; 0       ; 0         ; 0    ; 0            ; |Init_Module|lpm_counter35:inst2|lpm_counter:lpm_counter_component|cntr_baj:auto_generated  ; work         ;
;    |lpm_counter36:inst54|                 ; 61 (0)            ; 12 (0)       ; 0           ; 0            ; 0       ; 0         ; 0    ; 0            ; |Init_Module|lpm_counter36:inst54                                                           ; work         ;
;       |lpm_counter:lpm_counter_component| ; 61 (0)            ; 12 (0)       ; 0           ; 0            ; 0       ; 0         ; 0    ; 0            ; |Init_Module|lpm_counter36:inst54|lpm_counter:lpm_counter_component                         ; work         ;
;          |cntr_ojk:auto_generated|        ; 61 (61)           ; 12 (12)      ; 0           ; 0            ; 0       ; 0         ; 0    ; 0            ; |Init_Module|lpm_counter36:inst54|lpm_counter:lpm_counter_component|cntr_ojk:auto_generated ; work         ;
;    |lpm_decode1:inst4|                    ; 4 (0)             ; 0 (0)        ; 0           ; 0            ; 0       ; 0         ; 0    ; 0            ; |Init_Module|lpm_decode1:inst4                                                              ; work         ;
;       |lpm_decode:lpm_decode_component|   ; 4 (0)             ; 0 (0)        ; 0           ; 0            ; 0       ; 0         ; 0    ; 0            ; |Init_Module|lpm_decode1:inst4|lpm_decode:lpm_decode_component                              ; work         ;
;          |decode_svf:auto_generated|      ; 4 (4)             ; 0 (0)        ; 0           ; 0            ; 0       ; 0         ; 0    ; 0            ; |Init_Module|lpm_decode1:inst4|lpm_decode:lpm_decode_component|decode_svf:auto_generated    ; work         ;
;    |lpm_decode6:inst1|                    ; 4 (0)             ; 4 (0)        ; 0           ; 0            ; 0       ; 0         ; 0    ; 0            ; |Init_Module|lpm_decode6:inst1                                                              ; work         ;
;       |lpm_decode:lpm_decode_component|   ; 4 (0)             ; 4 (0)        ; 0           ; 0            ; 0       ; 0         ; 0    ; 0            ; |Init_Module|lpm_decode6:inst1|lpm_decode:lpm_decode_component                              ; work         ;
;          |decode_vrh:auto_generated|      ; 4 (4)             ; 4 (4)        ; 0           ; 0            ; 0       ; 0         ; 0    ; 0            ; |Init_Module|lpm_decode6:inst1|lpm_decode:lpm_decode_component|decode_vrh:auto_generated    ; work         ;
;    |lpm_dff21:inst8|                      ; 0 (0)             ; 4 (0)        ; 0           ; 0            ; 0       ; 0         ; 0    ; 0            ; |Init_Module|lpm_dff21:inst8                                                                ; work         ;
;       |lpm_ff:lpm_ff_component|           ; 0 (0)             ; 4 (4)        ; 0           ; 0            ; 0       ; 0         ; 0    ; 0            ; |Init_Module|lpm_dff21:inst8|lpm_ff:lpm_ff_component                                        ; work         ;
;    |lpm_rom0:inst14|                      ; 0 (0)             ; 0 (0)        ; 1024        ; 0            ; 0       ; 0         ; 0    ; 0            ; |Init_Module|lpm_rom0:inst14                                                                ; work         ;
;       |altsyncram:altsyncram_component|   ; 0 (0)             ; 0 (0)        ; 1024        ; 0            ; 0       ; 0         ; 0    ; 0            ; |Init_Module|lpm_rom0:inst14|altsyncram:altsyncram_component                                ; work         ;
;          |altsyncram_s631:auto_generated| ; 0 (0)             ; 0 (0)        ; 1024        ; 0            ; 0       ; 0         ; 0    ; 0            ; |Init_Module|lpm_rom0:inst14|altsyncram:altsyncram_component|altsyncram_s631:auto_generated ; work         ;
+-------------------------------------------+-------------------+--------------+-------------+--------------+---------+-----------+------+--------------+---------------------------------------------------------------------------------------------+--------------+
Note: For table entries with two numbers listed, the numbers in parentheses indicate the number of resources of the given type used by the specific entity alone. The numbers listed outside of parentheses indicate the total resources of the given type used by the specific entity and all of its sub-entities in the hierarchy.


+---------------------------------------------------------------------------------------------------------------------------------------------------------------------------------------+
; Analysis & Synthesis RAM Summary                                                                                                                                                      ;
+-------------------------------------------------------------------------------------------+------+------+--------------+--------------+--------------+--------------+------+----------+
; Name                                                                                      ; Type ; Mode ; Port A Depth ; Port A Width ; Port B Depth ; Port B Width ; Size ; MIF      ;
+-------------------------------------------------------------------------------------------+------+------+--------------+--------------+--------------+--------------+------+----------+
; lpm_rom0:inst14|altsyncram:altsyncram_component|altsyncram_s631:auto_generated|ALTSYNCRAM ; AUTO ; ROM  ; 64           ; 16           ; --           ; --           ; 1024 ; Init.mif ;
+-------------------------------------------------------------------------------------------+------+------+--------------+--------------+--------------+--------------+------+----------+


+--------------------------------------------------------------------------------------------------------+
; Logic Cells Representing Combinational Loops                                                           ;
+---------------------------------------------------------------------------------------------------+----+
; Logic Cell Name                                                                                   ;    ;
+---------------------------------------------------------------------------------------------------+----+
; lpm_counter36:inst54|lpm_counter:lpm_counter_component|cntr_ojk:auto_generated|latch_signal[11]~0 ;    ;
; lpm_counter36:inst54|lpm_counter:lpm_counter_component|cntr_ojk:auto_generated|latch_signal[10]~1 ;    ;
; lpm_counter36:inst54|lpm_counter:lpm_counter_component|cntr_ojk:auto_generated|latch_signal[9]~2  ;    ;
; lpm_counter36:inst54|lpm_counter:lpm_counter_component|cntr_ojk:auto_generated|latch_signal[8]~3  ;    ;
; lpm_counter36:inst54|lpm_counter:lpm_counter_component|cntr_ojk:auto_generated|latch_signal[7]~4  ;    ;
; lpm_counter36:inst54|lpm_counter:lpm_counter_component|cntr_ojk:auto_generated|latch_signal[6]~5  ;    ;
; lpm_counter36:inst54|lpm_counter:lpm_counter_component|cntr_ojk:auto_generated|latch_signal[5]~6  ;    ;
; lpm_counter36:inst54|lpm_counter:lpm_counter_component|cntr_ojk:auto_generated|latch_signal[4]~7  ;    ;
; lpm_counter36:inst54|lpm_counter:lpm_counter_component|cntr_ojk:auto_generated|latch_signal[3]~8  ;    ;
; lpm_counter36:inst54|lpm_counter:lpm_counter_component|cntr_ojk:auto_generated|latch_signal[2]~9  ;    ;
; lpm_counter36:inst54|lpm_counter:lpm_counter_component|cntr_ojk:auto_generated|latch_signal[1]~10 ;    ;
; lpm_counter36:inst54|lpm_counter:lpm_counter_component|cntr_ojk:auto_generated|latch_signal[0]~11 ;    ;
; Number of logic cells representing combinational loops                                            ; 12 ;
+---------------------------------------------------------------------------------------------------+----+
Note: All cells listed above may not be present at the end of synthesis due to various synthesis optimizations.


+------------------------------------------------------+
; General Register Statistics                          ;
+----------------------------------------------+-------+
; Statistic                                    ; Value ;
+----------------------------------------------+-------+
; Total registers                              ; 40    ;
; Number of registers using Synchronous Clear  ; 0     ;
; Number of registers using Synchronous Load   ; 20    ;
; Number of registers using Asynchronous Clear ; 28    ;
; Number of registers using Asynchronous Load  ; 0     ;
; Number of registers using Clock Enable       ; 12    ;
; Number of registers using Preset             ; 0     ;
+----------------------------------------------+-------+


+--------------------------------------------------+
; Inverted Register Statistics                     ;
+----------------------------------------+---------+
; Inverted Register                      ; Fan out ;
+----------------------------------------+---------+
; inst39                                 ; 1       ;
; inst35                                 ; 1       ;
; Total number of inverted registers = 2 ;         ;
+----------------------------------------+---------+


+------------------------------------------------------------------------------+
; Source assignments for lpm_counter35:inst2|lpm_counter:lpm_counter_component ;
+---------------------------+-------+------+-----------------------------------+
; Assignment                ; Value ; From ; To                                ;
+---------------------------+-------+------+-----------------------------------+
; SUPPRESS_DA_RULE_INTERNAL ; a101  ; -    ; -                                 ;
; SUPPRESS_DA_RULE_INTERNAL ; s102  ; -    ; -                                 ;
; SUPPRESS_DA_RULE_INTERNAL ; s103  ; -    ; -                                 ;
+---------------------------+-------+------+-----------------------------------+


+-------------------------------------------------------------------------------+
; Source assignments for lpm_counter36:inst54|lpm_counter:lpm_counter_component ;
+---------------------------+-------+------+------------------------------------+
; Assignment                ; Value ; From ; To                                 ;
+---------------------------+-------+------+------------------------------------+
; SUPPRESS_DA_RULE_INTERNAL ; a101  ; -    ; -                                  ;
; SUPPRESS_DA_RULE_INTERNAL ; s102  ; -    ; -                                  ;
; SUPPRESS_DA_RULE_INTERNAL ; s103  ; -    ; -                                  ;
+---------------------------+-------+------+------------------------------------+


+-------------------------------------------------------------------------------------------------------+
; Source assignments for lpm_counter36:inst54|lpm_counter:lpm_counter_component|cntr_ojk:auto_generated ;
+---------------------------+-------+------+------------------------------------------------------------+
; Assignment                ; Value ; From ; To                                                         ;
+---------------------------+-------+------+------------------------------------------------------------+
; SUPPRESS_DA_RULE_INTERNAL ; a101  ; -    ; -                                                          ;
; SUPPRESS_DA_RULE_INTERNAL ; s102  ; -    ; -                                                          ;
; SUPPRESS_DA_RULE_INTERNAL ; s103  ; -    ; -                                                          ;
+---------------------------+-------+------+------------------------------------------------------------+


+-------------------------------------------------------------------------------------------------------+
; Source assignments for lpm_rom0:inst14|altsyncram:altsyncram_component|altsyncram_s631:auto_generated ;
+---------------------------------+--------------------+------+-----------------------------------------+
; Assignment                      ; Value              ; From ; To                                      ;
+---------------------------------+--------------------+------+-----------------------------------------+
; OPTIMIZE_POWER_DURING_SYNTHESIS ; NORMAL_COMPILATION ; -    ; -                                       ;
+---------------------------------+--------------------+------+-----------------------------------------+


+----------------------------------------------------------------------------------------------------+
; Parameter Settings for User Entity Instance: lpm_counter35:inst2|lpm_counter:lpm_counter_component ;
+------------------------+-------------+-------------------------------------------------------------+
; Parameter Name         ; Value       ; Type                                                        ;
+------------------------+-------------+-------------------------------------------------------------+
; AUTO_CARRY_CHAINS      ; ON          ; AUTO_CARRY                                                  ;
; IGNORE_CARRY_BUFFERS   ; OFF         ; IGNORE_CARRY                                                ;
; AUTO_CASCADE_CHAINS    ; ON          ; AUTO_CASCADE                                                ;
; IGNORE_CASCADE_BUFFERS ; OFF         ; IGNORE_CASCADE                                              ;
; LPM_WIDTH              ; 8           ; Signed Integer                                              ;
; LPM_DIRECTION          ; UP          ; Untyped                                                     ;
; LPM_MODULUS            ; 0           ; Untyped                                                     ;
; LPM_AVALUE             ; UNUSED      ; Untyped                                                     ;
; LPM_SVALUE             ; UNUSED      ; Untyped                                                     ;
; LPM_PORT_UPDOWN        ; PORT_UNUSED ; Untyped                                                     ;
; DEVICE_FAMILY          ; Cyclone III ; Untyped                                                     ;
; CARRY_CHAIN            ; MANUAL      ; Untyped                                                     ;
; CARRY_CHAIN_LENGTH     ; 48          ; CARRY_CHAIN_LENGTH                                          ;
; NOT_GATE_PUSH_BACK     ; ON          ; NOT_GATE_PUSH_BACK                                          ;
; CARRY_CNT_EN           ; SMART       ; Untyped                                                     ;
; LABWIDE_SCLR           ; ON          ; Untyped                                                     ;
; USE_NEW_VERSION        ; TRUE        ; Untyped                                                     ;
; CBXI_PARAMETER         ; cntr_baj    ; Untyped                                                     ;
+------------------------+-------------+-------------------------------------------------------------+
Note: In order to hide this table in the UI and the text report file, please set the "Show Parameter Settings Tables in Synthesis Report" option in "Analysis and Synthesis Settings -> More Settings" to "Off".


+------------------------------------------------------------------------------------------------+
; Parameter Settings for User Entity Instance: lpm_decode6:inst1|lpm_decode:lpm_decode_component ;
+------------------------+-------------+---------------------------------------------------------+
; Parameter Name         ; Value       ; Type                                                    ;
+------------------------+-------------+---------------------------------------------------------+
; LPM_WIDTH              ; 2           ; Signed Integer                                          ;
; LPM_DECODES            ; 4           ; Signed Integer                                          ;
; LPM_PIPELINE           ; 1           ; Signed Integer                                          ;
; CASCADE_CHAIN          ; MANUAL      ; Untyped                                                 ;
; DEVICE_FAMILY          ; Cyclone III ; Untyped                                                 ;
; CBXI_PARAMETER         ; decode_vrh  ; Untyped                                                 ;
; AUTO_CARRY_CHAINS      ; ON          ; AUTO_CARRY                                              ;
; IGNORE_CARRY_BUFFERS   ; OFF         ; IGNORE_CARRY                                            ;
; AUTO_CASCADE_CHAINS    ; ON          ; AUTO_CASCADE                                            ;
; IGNORE_CASCADE_BUFFERS ; OFF         ; IGNORE_CASCADE                                          ;
+------------------------+-------------+---------------------------------------------------------+
Note: In order to hide this table in the UI and the text report file, please set the "Show Parameter Settings Tables in Synthesis Report" option in "Analysis and Synthesis Settings -> More Settings" to "Off".


+-----------------------------------------------------------------------------------------------------+
; Parameter Settings for User Entity Instance: lpm_counter36:inst54|lpm_counter:lpm_counter_component ;
+------------------------+-------------+--------------------------------------------------------------+
; Parameter Name         ; Value       ; Type                                                         ;
+------------------------+-------------+--------------------------------------------------------------+
; AUTO_CARRY_CHAINS      ; ON          ; AUTO_CARRY                                                   ;
; IGNORE_CARRY_BUFFERS   ; OFF         ; IGNORE_CARRY                                                 ;
; AUTO_CASCADE_CHAINS    ; ON          ; AUTO_CASCADE                                                 ;
; IGNORE_CASCADE_BUFFERS ; OFF         ; IGNORE_CASCADE                                               ;
; LPM_WIDTH              ; 12          ; Signed Integer                                               ;
; LPM_DIRECTION          ; DOWN        ; Untyped                                                      ;
; LPM_MODULUS            ; 0           ; Untyped                                                      ;
; LPM_AVALUE             ; UNUSED      ; Untyped                                                      ;
; LPM_SVALUE             ; UNUSED      ; Untyped                                                      ;
; LPM_PORT_UPDOWN        ; PORT_UNUSED ; Untyped                                                      ;
; DEVICE_FAMILY          ; Cyclone III ; Untyped                                                      ;
; CARRY_CHAIN            ; MANUAL      ; Untyped                                                      ;
; CARRY_CHAIN_LENGTH     ; 48          ; CARRY_CHAIN_LENGTH                                           ;
; NOT_GATE_PUSH_BACK     ; ON          ; NOT_GATE_PUSH_BACK                                           ;
; CARRY_CNT_EN           ; SMART       ; Untyped                                                      ;
; LABWIDE_SCLR           ; ON          ; Untyped                                                      ;
; USE_NEW_VERSION        ; TRUE        ; Untyped                                                      ;
; CBXI_PARAMETER         ; cntr_ojk    ; Untyped                                                      ;
+------------------------+-------------+--------------------------------------------------------------+
Note: In order to hide this table in the UI and the text report file, please set the "Show Parameter Settings Tables in Synthesis Report" option in "Analysis and Synthesis Settings -> More Settings" to "Off".


+------------------------------------------------------------------------------------------------+
; Parameter Settings for User Entity Instance: lpm_decode1:inst4|lpm_decode:lpm_decode_component ;
+------------------------+-------------+---------------------------------------------------------+
; Parameter Name         ; Value       ; Type                                                    ;
+------------------------+-------------+---------------------------------------------------------+
; LPM_WIDTH              ; 4           ; Signed Integer                                          ;
; LPM_DECODES            ; 16          ; Signed Integer                                          ;
; LPM_PIPELINE           ; 0           ; Untyped                                                 ;
; CASCADE_CHAIN          ; MANUAL      ; Untyped                                                 ;
; DEVICE_FAMILY          ; Cyclone III ; Untyped                                                 ;
; CBXI_PARAMETER         ; decode_svf  ; Untyped                                                 ;
; AUTO_CARRY_CHAINS      ; ON          ; AUTO_CARRY                                              ;
; IGNORE_CARRY_BUFFERS   ; OFF         ; IGNORE_CARRY                                            ;
; AUTO_CASCADE_CHAINS    ; ON          ; AUTO_CASCADE                                            ;
; IGNORE_CASCADE_BUFFERS ; OFF         ; IGNORE_CASCADE                                          ;
+------------------------+-------------+---------------------------------------------------------+
Note: In order to hide this table in the UI and the text report file, please set the "Show Parameter Settings Tables in Synthesis Report" option in "Analysis and Synthesis Settings -> More Settings" to "Off".


+--------------------------------------------------------------------------------------+
; Parameter Settings for User Entity Instance: lpm_dff21:inst8|lpm_ff:lpm_ff_component ;
+------------------------+-------------+-----------------------------------------------+
; Parameter Name         ; Value       ; Type                                          ;
+------------------------+-------------+-----------------------------------------------+
; LPM_WIDTH              ; 4           ; Signed Integer                                ;
; LPM_AVALUE             ; UNUSED      ; Untyped                                       ;
; LPM_SVALUE             ; UNUSED      ; Untyped                                       ;
; LPM_FFTYPE             ; DFF         ; Untyped                                       ;
; DEVICE_FAMILY          ; Cyclone III ; Untyped                                       ;
; CBXI_PARAMETER         ; NOTHING     ; Untyped                                       ;
; AUTO_CARRY_CHAINS      ; ON          ; AUTO_CARRY                                    ;
; IGNORE_CARRY_BUFFERS   ; OFF         ; IGNORE_CARRY                                  ;
; AUTO_CASCADE_CHAINS    ; ON          ; AUTO_CASCADE                                  ;
; IGNORE_CASCADE_BUFFERS ; OFF         ; IGNORE_CASCADE                                ;
+------------------------+-------------+-----------------------------------------------+
Note: In order to hide this table in the UI and the text report file, please set the "Show Parameter Settings Tables in Synthesis Report" option in "Analysis and Synthesis Settings -> More Settings" to "Off".


+----------------------------------------------------------------------------------------------+
; Parameter Settings for User Entity Instance: lpm_rom0:inst14|altsyncram:altsyncram_component ;
+------------------------------------+----------------------+----------------------------------+
; Parameter Name                     ; Value                ; Type                             ;
+------------------------------------+----------------------+----------------------------------+
; BYTE_SIZE_BLOCK                    ; 8                    ; Untyped                          ;
; AUTO_CARRY_CHAINS                  ; ON                   ; AUTO_CARRY                       ;
; IGNORE_CARRY_BUFFERS               ; OFF                  ; IGNORE_CARRY                     ;
; AUTO_CASCADE_CHAINS                ; ON                   ; AUTO_CASCADE                     ;
; IGNORE_CASCADE_BUFFERS             ; OFF                  ; IGNORE_CASCADE                   ;
; WIDTH_BYTEENA                      ; 1                    ; Untyped                          ;
; OPERATION_MODE                     ; ROM                  ; Untyped                          ;
; WIDTH_A                            ; 16                   ; Signed Integer                   ;
; WIDTHAD_A                          ; 6                    ; Signed Integer                   ;
; NUMWORDS_A                         ; 64                   ; Signed Integer                   ;
; OUTDATA_REG_A                      ; CLOCK0               ; Untyped                          ;
; ADDRESS_ACLR_A                     ; NONE                 ; Untyped                          ;
; OUTDATA_ACLR_A                     ; NONE                 ; Untyped                          ;
; WRCONTROL_ACLR_A                   ; NONE                 ; Untyped                          ;
; INDATA_ACLR_A                      ; NONE                 ; Untyped                          ;
; BYTEENA_ACLR_A                     ; NONE                 ; Untyped                          ;
; WIDTH_B                            ; 1                    ; Untyped                          ;
; WIDTHAD_B                          ; 1                    ; Untyped                          ;
; NUMWORDS_B                         ; 1                    ; Untyped                          ;
; INDATA_REG_B                       ; CLOCK1               ; Untyped                          ;
; WRCONTROL_WRADDRESS_REG_B          ; CLOCK1               ; Untyped                          ;
; RDCONTROL_REG_B                    ; CLOCK1               ; Untyped                          ;
; ADDRESS_REG_B                      ; CLOCK1               ; Untyped                          ;
; OUTDATA_REG_B                      ; UNREGISTERED         ; Untyped                          ;
; BYTEENA_REG_B                      ; CLOCK1               ; Untyped                          ;
; INDATA_ACLR_B                      ; NONE                 ; Untyped                          ;
; WRCONTROL_ACLR_B                   ; NONE                 ; Untyped                          ;
; ADDRESS_ACLR_B                     ; NONE                 ; Untyped                          ;
; OUTDATA_ACLR_B                     ; NONE                 ; Untyped                          ;
; RDCONTROL_ACLR_B                   ; NONE                 ; Untyped                          ;
; BYTEENA_ACLR_B                     ; NONE                 ; Untyped                          ;
; WIDTH_BYTEENA_A                    ; 1                    ; Signed Integer                   ;
; WIDTH_BYTEENA_B                    ; 1                    ; Untyped                          ;
; RAM_BLOCK_TYPE                     ; AUTO                 ; Untyped                          ;
; BYTE_SIZE                          ; 8                    ; Untyped                          ;
; READ_DURING_WRITE_MODE_MIXED_PORTS ; DONT_CARE            ; Untyped                          ;
; READ_DURING_WRITE_MODE_PORT_A      ; NEW_DATA_NO_NBE_READ ; Untyped                          ;
; READ_DURING_WRITE_MODE_PORT_B      ; NEW_DATA_NO_NBE_READ ; Untyped                          ;
; INIT_FILE                          ; Init.mif             ; Untyped                          ;
; INIT_FILE_LAYOUT                   ; PORT_A               ; Untyped                          ;
; MAXIMUM_DEPTH                      ; 0                    ; Untyped                          ;
; CLOCK_ENABLE_INPUT_A               ; NORMAL               ; Untyped                          ;
; CLOCK_ENABLE_INPUT_B               ; NORMAL               ; Untyped                          ;
; CLOCK_ENABLE_OUTPUT_A              ; NORMAL               ; Untyped                          ;
; CLOCK_ENABLE_OUTPUT_B              ; NORMAL               ; Untyped                          ;
; CLOCK_ENABLE_CORE_A                ; USE_INPUT_CLKEN      ; Untyped                          ;
; CLOCK_ENABLE_CORE_B                ; USE_INPUT_CLKEN      ; Untyped                          ;
; ENABLE_ECC                         ; FALSE                ; Untyped                          ;
; DEVICE_FAMILY                      ; Cyclone III          ; Untyped                          ;
; CBXI_PARAMETER                     ; altsyncram_s631      ; Untyped                          ;
+------------------------------------+----------------------+----------------------------------+
Note: In order to hide this table in the UI and the text report file, please set the "Show Parameter Settings Tables in Synthesis Report" option in "Analysis and Synthesis Settings -> More Settings" to "Off".


+---------------------------------------------------------------------------------------------+
; altsyncram Parameter Settings by Entity Instance                                            ;
+-------------------------------------------+-------------------------------------------------+
; Name                                      ; Value                                           ;
+-------------------------------------------+-------------------------------------------------+
; Number of entity instances                ; 1                                               ;
; Entity Instance                           ; lpm_rom0:inst14|altsyncram:altsyncram_component ;
;     -- OPERATION_MODE                     ; ROM                                             ;
;     -- WIDTH_A                            ; 16                                              ;
;     -- NUMWORDS_A                         ; 64                                              ;
;     -- OUTDATA_REG_A                      ; CLOCK0                                          ;
;     -- WIDTH_B                            ; 1                                               ;
;     -- NUMWORDS_B                         ; 1                                               ;
;     -- ADDRESS_REG_B                      ; CLOCK1                                          ;
;     -- OUTDATA_REG_B                      ; UNREGISTERED                                    ;
;     -- RAM_BLOCK_TYPE                     ; AUTO                                            ;
;     -- READ_DURING_WRITE_MODE_MIXED_PORTS ; DONT_CARE                                       ;
+-------------------------------------------+-------------------------------------------------+


+-------------------------------+
; Analysis & Synthesis Messages ;
+-------------------------------+
Info: *******************************************************************
Info: Running Quartus II Analysis & Synthesis
    Info: Version 9.0 Build 132 02/25/2009 SJ Full Version
    Info: Processing started: Fri Jun 19 11:35:49 2009
Info: Command: quartus_map --read_settings_files=on --write_settings_files=off Init_Module -c Init_Module
Info: Found 1 design units, including 1 entities, in source file Init_Module.bdf
    Info: Found entity 1: Init_Module
Info: Found 1 design units, including 1 entities, in source file lpm_dff21.v
    Info: Found entity 1: lpm_dff21
Info: Elaborating entity "Init_Module" for the top level hierarchy
Warning: Using design file lpm_counter35.v, which is not specified as a design file for the current project, but contains definitions for 1 design units and 1 entities in project
    Info: Found entity 1: lpm_counter35
Info: Elaborating entity "lpm_counter35" for hierarchy "lpm_counter35:inst2"
Info: Elaborating entity "lpm_counter" for hierarchy "lpm_counter35:inst2|lpm_counter:lpm_counter_component"
Info: Elaborated megafunction instantiation "lpm_counter35:inst2|lpm_counter:lpm_counter_component"
Info: Instantiated megafunction "lpm_counter35:inst2|lpm_counter:lpm_counter_component" with the following parameter:
    Info: Parameter "lpm_direction" = "UP"
    Info: Parameter "lpm_port_updown" = "PORT_UNUSED"
    Info: Parameter "lpm_type" = "LPM_COUNTER"
    Info: Parameter "lpm_width" = "8"
Info: Found 1 design units, including 1 entities, in source file db/cntr_baj.tdf
    Info: Found entity 1: cntr_baj
Info: Elaborating entity "cntr_baj" for hierarchy "lpm_counter35:inst2|lpm_counter:lpm_counter_component|cntr_baj:auto_generated"
Warning: Using design file lpm_decode6.v, which is not specified as a design file for the current project, but contains definitions for 1 design units and 1 entities in project
    Info: Found entity 1: lpm_decode6
Info: Elaborating entity "lpm_decode6" for hierarchy "lpm_decode6:inst1"
Info: Elaborating entity "lpm_decode" for hierarchy "lpm_decode6:inst1|lpm_decode:lpm_decode_component"
Info: Elaborated megafunction instantiation "lpm_decode6:inst1|lpm_decode:lpm_decode_component"
Info: Instantiated megafunction "lpm_decode6:inst1|lpm_decode:lpm_decode_component" with the following parameter:
    Info: Parameter "lpm_decodes" = "4"
    Info: Parameter "lpm_pipeline" = "1"
    Info: Parameter "lpm_type" = "LPM_DECODE"
    Info: Parameter "lpm_width" = "2"
Info: Found 1 design units, including 1 entities, in source file db/decode_vrh.tdf
    Info: Found entity 1: decode_vrh
Info: Elaborating entity "decode_vrh" for hierarchy "lpm_decode6:inst1|lpm_decode:lpm_decode_component|decode_vrh:auto_generated"
Warning: Using design file lpm_counter36.v, which is not specified as a design file for the current project, but contains definitions for 1 design units and 1 entities in project
    Info: Found entity 1: lpm_counter36
Info: Elaborating entity "lpm_counter36" for hierarchy "lpm_counter36:inst54"
Info: Elaborating entity "lpm_counter" for hierarchy "lpm_counter36:inst54|lpm_counter:lpm_counter_component"
Info: Elaborated megafunction instantiation "lpm_counter36:inst54|lpm_counter:lpm_counter_component"
Info: Instantiated megafunction "lpm_counter36:inst54|lpm_counter:lpm_counter_component" with the following parameter:
    Info: Parameter "lpm_direction" = "DOWN"
    Info: Parameter "lpm_port_updown" = "PORT_UNUSED"
    Info: Parameter "lpm_type" = "LPM_COUNTER"
    Info: Parameter "lpm_width" = "12"
Warning: Assertion warning: Counter will power up to an undefined state.  An asynchronous signal should be asserted before the counter reaches a known state.
Info: Found 1 design units, including 1 entities, in source file db/cntr_ojk.tdf
    Info: Found entity 1: cntr_ojk
Info: Elaborating entity "cntr_ojk" for hierarchy "lpm_counter36:inst54|lpm_counter:lpm_counter_component|cntr_ojk:auto_generated"
Warning: Using design file lpm_decode1.v, which is not specified as a design file for the current project, but contains definitions for 1 design units and 1 entities in project
    Info: Found entity 1: lpm_decode1
Info: Elaborating entity "lpm_decode1" for hierarchy "lpm_decode1:inst4"
Info: Elaborating entity "lpm_decode" for hierarchy "lpm_decode1:inst4|lpm_decode:lpm_decode_component"
Info: Elaborated megafunction instantiation "lpm_decode1:inst4|lpm_decode:lpm_decode_component"
Info: Instantiated megafunction "lpm_decode1:inst4|lpm_decode:lpm_decode_component" with the following parameter:
    Info: Parameter "lpm_decodes" = "16"
    Info: Parameter "lpm_type" = "LPM_DECODE"
    Info: Parameter "lpm_width" = "4"
Info: Found 1 design units, including 1 entities, in source file db/decode_svf.tdf
    Info: Found entity 1: decode_svf
Info: Elaborating entity "decode_svf" for hierarchy "lpm_decode1:inst4|lpm_decode:lpm_decode_component|decode_svf:auto_generated"
Info: Elaborating entity "lpm_dff21" for hierarchy "lpm_dff21:inst8"
Info: Elaborating entity "lpm_ff" for hierarchy "lpm_dff21:inst8|lpm_ff:lpm_ff_component"
Info: Elaborated megafunction instantiation "lpm_dff21:inst8|lpm_ff:lpm_ff_component"
Info: Instantiated megafunction "lpm_dff21:inst8|lpm_ff:lpm_ff_component" with the following parameter:
    Info: Parameter "lpm_fftype" = "DFF"
    Info: Parameter "lpm_type" = "LPM_FF"
    Info: Parameter "lpm_width" = "4"
Warning: Using design file lpm_rom0.v, which is not specified as a design file for the current project, but contains definitions for 1 design units and 1 entities in project
    Info: Found entity 1: lpm_rom0
Info: Elaborating entity "lpm_rom0" for hierarchy "lpm_rom0:inst14"
Info: Elaborating entity "altsyncram" for hierarchy "lpm_rom0:inst14|altsyncram:altsyncram_component"
Info: Elaborated megafunction instantiation "lpm_rom0:inst14|altsyncram:altsyncram_component"
Info: Instantiated megafunction "lpm_rom0:inst14|altsyncram:altsyncram_component" with the following parameter:
    Info: Parameter "address_aclr_a" = "NONE"
    Info: Parameter "init_file" = "Init.mif"
    Info: Parameter "intended_device_family" = "Cyclone"
    Info: Parameter "lpm_hint" = "ENABLE_RUNTIME_MOD=NO"
    Info: Parameter "lpm_type" = "altsyncram"
    Info: Parameter "numwords_a" = "64"
    Info: Parameter "operation_mode" = "ROM"
    Info: Parameter "outdata_aclr_a" = "NONE"
    Info: Parameter "outdata_reg_a" = "CLOCK0"
    Info: Parameter "widthad_a" = "6"
    Info: Parameter "width_a" = "16"
    Info: Parameter "width_byteena_a" = "1"
Info: Found 1 design units, including 1 entities, in source file db/altsyncram_s631.tdf
    Info: Found entity 1: altsyncram_s631
Info: Elaborating entity "altsyncram_s631" for hierarchy "lpm_rom0:inst14|altsyncram:altsyncram_component|altsyncram_s631:auto_generated"
Info: Registers with preset signals will power-up high
Info: DEV_CLRn pin will set, and not reset, register with preset signal due to NOT Gate Push-Back
Info: Implemented 169 device resources after synthesis - the final resource count might be different
    Info: Implemented 18 input pins
    Info: Implemented 39 output pins
    Info: Implemented 96 logic cells
    Info: Implemented 16 RAM segments
Info: Quartus II Analysis & Synthesis was successful. 0 errors, 6 warnings
    Info: Peak virtual memory: 177 megabytes
    Info: Processing ended: Fri Jun 19 11:35:54 2009
    Info: Elapsed time: 00:00:05
    Info: Total CPU time (on all processors): 00:00:03


