Assembler report for Main
Wed Jul 27 08:32:09 2016
Quartus II Version 9.1 Build 222 10/21/2009 SJ Web Edition


---------------------
; Table of Contents ;
---------------------
  1. Legal Notice
  2. Assembler Summary
  3. Assembler Settings
  4. Assembler Generated Files
  5. Assembler Device Options: C:/altera/91/Main_02_18_2016/Main_02_18_2016/Main.sof
  6. Assembler Device Options: C:/altera/91/Main_02_18_2016/Main_02_18_2016/Main.pof
  7. Assembler Device Options: C:/altera/91/Main_02_18_2016/Main_02_18_2016/Main.rbf
  8. Assembler Messages



----------------
; Legal Notice ;
----------------
Copyright (C) 1991-2009 Altera Corporation
Your use of Altera Corporation's design tools, logic functions 
and other software and tools, and its AMPP partner logic 
functions, and any output files from any of the foregoing 
(including device programming or simulation files), and any 
associated documentation or information are expressly subject 
to the terms and conditions of the Altera Program License 
Subscription Agreement, Altera MegaCore Function License 
Agreement, or other applicable license agreement, including, 
without limitation, that your use is for the sole purpose of 
programming logic devices manufactured by Altera and sold by 
Altera or its authorized distributors.  Please refer to the 
applicable agreement for further details.



+---------------------------------------------------------------+
; Assembler Summary                                             ;
+-----------------------+---------------------------------------+
; Assembler Status      ; Successful - Wed Jul 27 08:32:09 2016 ;
; Revision Name         ; Main                                  ;
; Top-level Entity Name ; Main                                  ;
; Family                ; Cyclone III                           ;
; Device                ; EP3C16F256C6                          ;
+-----------------------+---------------------------------------+


+--------------------------------------------------------------------------------------------------------+
; Assembler Settings                                                                                     ;
+-----------------------------------------------------------------------------+----------+---------------+
; Option                                                                      ; Setting  ; Default Value ;
+-----------------------------------------------------------------------------+----------+---------------+
; Generate compressed bitstreams                                              ; Off      ; On            ;
; Use configuration device                                                    ; On       ; Off           ;
; Configuration device                                                        ; Epcs4    ; Auto          ;
; Generate Tabular Text File (.ttf) For Target Device                         ; On       ; Off           ;
; Generate Raw Binary File (.rbf) For Target Device                           ; On       ; Off           ;
; Generate Serial Vector Format File (.svf) for Target Device                 ; On       ; Off           ;
; Use smart compilation                                                       ; Off      ; Off           ;
; Enable parallel Assembler and TimeQuest Timing Analyzer during compilation  ; On       ; On            ;
; Enable compact report table                                                 ; Off      ; Off           ;
; Compression mode                                                            ; Off      ; Off           ;
; Clock source for configuration device                                       ; Internal ; Internal      ;
; Clock frequency of the configuration device                                 ; 10 MHZ   ; 10 MHz        ;
; Divide clock frequency by                                                   ; 1        ; 1             ;
; Auto user code                                                              ; Off      ; Off           ;
; Configuration device auto user code                                         ; Off      ; Off           ;
; Generate Hexadecimal (Intel-Format) Output File (.hexout) for Target Device ; Off      ; Off           ;
; Hexadecimal Output File start address                                       ; 0        ; 0             ;
; Hexadecimal Output File count direction                                     ; Up       ; Up            ;
; Release clears before tri-states                                            ; Off      ; Off           ;
; Auto-restart configuration after error                                      ; On       ; On            ;
; Enable OCT_DONE                                                             ; Off      ; Off           ;
; Generate a JEDEC STAPL Format File (.jam) for Target Device                 ; Off      ; Off           ;
; Generate a compressed Jam STAPL Byte Code 2.0 File (.jbc) for Target Device ; Off      ; Off           ;
; Generate a compressed Jam STAPL Byte Code 2.0 File (.jbc) for Target Device ; On       ; On            ;
+-----------------------------------------------------------------------------+----------+---------------+


+-------------------------------------------------------+
; Assembler Generated Files                             ;
+-------------------------------------------------------+
; File Name                                             ;
+-------------------------------------------------------+
; C:/altera/91/Main_02_18_2016/Main_02_18_2016/Main.sof ;
; C:/altera/91/Main_02_18_2016/Main_02_18_2016/Main.svf ;
; C:/altera/91/Main_02_18_2016/Main_02_18_2016/Main.pof ;
; C:/altera/91/Main_02_18_2016/Main_02_18_2016/Main.ttf ;
; C:/altera/91/Main_02_18_2016/Main_02_18_2016/Main.rbf ;
+-------------------------------------------------------+


+---------------------------------------------------------------------------------+
; Assembler Device Options: C:/altera/91/Main_02_18_2016/Main_02_18_2016/Main.sof ;
+----------------+----------------------------------------------------------------+
; Option         ; Setting                                                        ;
+----------------+----------------------------------------------------------------+
; Device         ; EP3C16F256C6                                                   ;
; JTAG usercode  ; 0xFFFFFFFF                                                     ;
; Checksum       ; 0x002B1A12                                                     ;
+----------------+----------------------------------------------------------------+


+---------------------------------------------------------------------------------+
; Assembler Device Options: C:/altera/91/Main_02_18_2016/Main_02_18_2016/Main.pof ;
+--------------------+------------------------------------------------------------+
; Option             ; Setting                                                    ;
+--------------------+------------------------------------------------------------+
; Device             ; EPCS4                                                      ;
; JTAG usercode      ; 0x00000000                                                 ;
; Checksum           ; 0x005CECAA                                                 ;
; Compression Ratio  ; 1                                                          ;
+--------------------+------------------------------------------------------------+


+---------------------------------------------------------------------------------+
; Assembler Device Options: C:/altera/91/Main_02_18_2016/Main_02_18_2016/Main.rbf ;
+---------------------+-----------------------------------------------------------+
; Option              ; Setting                                                   ;
+---------------------+-----------------------------------------------------------+
; Raw Binary File     ;                                                           ;
;  Compression Ratio  ; 1                                                         ;
+---------------------+-----------------------------------------------------------+


+--------------------+
; Assembler Messages ;
+--------------------+
Info: *******************************************************************
Info: Running Quartus II Assembler
    Info: Version 9.1 Build 222 10/21/2009 SJ Web Edition
    Info: Processing started: Wed Jul 27 08:32:02 2016
Info: Command: quartus_asm --read_settings_files=off --write_settings_files=off Main -c Main
Info: Writing out detailed assembly data for power analysis
Info: Assembler is generating device programming files
Info: Quartus II Assembler was successful. 0 errors, 0 warnings
    Info: Peak virtual memory: 244 megabytes
    Info: Processing ended: Wed Jul 27 08:32:09 2016
    Info: Elapsed time: 00:00:07
    Info: Total CPU time (on all processors): 00:00:07


