Analysis & Synthesis report for Mirror
Sun Jul 26 10:43:19 2009
Quartus II Version 9.0 Build 132 02/25/2009 SJ Full Version


---------------------
; Table of Contents ;
---------------------
  1. Legal Notice
  2. Analysis & Synthesis Summary
  3. Analysis & Synthesis Settings
  4. Analysis & Synthesis Source Files Read
  5. Analysis & Synthesis Resource Usage Summary
  6. Analysis & Synthesis Resource Utilization by Entity
  7. General Register Statistics
  8. Source assignments for lpm_counter10:inst5|lpm_counter:lpm_counter_component
  9. Source assignments for lpm_counter11:inst7|lpm_counter:lpm_counter_component
 10. Parameter Settings for User Entity Instance: lpm_counter10:inst5|lpm_counter:lpm_counter_component
 11. Parameter Settings for User Entity Instance: lpm_shiftreg12:inst12|lpm_shiftreg:lpm_shiftreg_component
 12. Parameter Settings for User Entity Instance: lpm_counter11:inst7|lpm_counter:lpm_counter_component
 13. Parameter Settings for User Entity Instance: lpm_shiftreg1:inst1|lpm_shiftreg:lpm_shiftreg_component
 14. Parameter Settings for User Entity Instance: lpm_dff10:inst4|lpm_ff:lpm_ff_component
 15. Parameter Settings for User Entity Instance: lpm_dff10:inst3|lpm_ff:lpm_ff_component
 16. Parameter Settings for User Entity Instance: lpm_dff10:inst2|lpm_ff:lpm_ff_component
 17. lpm_shiftreg Parameter Settings by Entity Instance
 18. Analysis & Synthesis Messages



----------------
; Legal Notice ;
----------------
Copyright (C) 1991-2009 Altera Corporation
Your use of Altera Corporation's design tools, logic functions 
and other software and tools, and its AMPP partner logic 
functions, and any output files from any of the foregoing 
(including device programming or simulation files), and any 
associated documentation or information are expressly subject 
to the terms and conditions of the Altera Program License 
Subscription Agreement, Altera MegaCore Function License 
Agreement, or other applicable license agreement, including, 
without limitation, that your use is for the sole purpose of 
programming logic devices manufactured by Altera and sold by 
Altera or its authorized distributors.  Please refer to the 
applicable agreement for further details.



+-------------------------------------------------------------------------------+
; Analysis & Synthesis Summary                                                  ;
+------------------------------------+------------------------------------------+
; Analysis & Synthesis Status        ; Successful - Sun Jul 26 10:43:19 2009    ;
; Quartus II Version                 ; 9.0 Build 132 02/25/2009 SJ Full Version ;
; Revision Name                      ; Mirror                                   ;
; Top-level Entity Name              ; Mirror                                   ;
; Family                             ; Cyclone III                              ;
; Total logic elements               ; 51                                       ;
;     Total combinational functions  ; 19                                       ;
;     Dedicated logic registers      ; 46                                       ;
; Total registers                    ; 46                                       ;
; Total pins                         ; 48                                       ;
; Total virtual pins                 ; 0                                        ;
; Total memory bits                  ; 0                                        ;
; Embedded Multiplier 9-bit elements ; 0                                        ;
; Total PLLs                         ; 0                                        ;
+------------------------------------+------------------------------------------+


+----------------------------------------------------------------------------------------------------------+
; Analysis & Synthesis Settings                                                                            ;
+----------------------------------------------------------------+--------------------+--------------------+
; Option                                                         ; Setting            ; Default Value      ;
+----------------------------------------------------------------+--------------------+--------------------+
; Device                                                         ; EP3C5F256C6        ;                    ;
; Top-level entity name                                          ; Mirror             ; Mirror             ;
; Family name                                                    ; Cyclone III        ; Stratix II         ;
; Use Generated Physical Constraints File                        ; Off                ;                    ;
; Use smart compilation                                          ; Off                ; Off                ;
; Restructure Multiplexers                                       ; Auto               ; Auto               ;
; Create Debugging Nodes for IP Cores                            ; Off                ; Off                ;
; Preserve fewer node names                                      ; On                 ; On                 ;
; Disable OpenCore Plus hardware evaluation                      ; Off                ; Off                ;
; Verilog Version                                                ; Verilog_2001       ; Verilog_2001       ;
; VHDL Version                                                   ; VHDL93             ; VHDL93             ;
; State Machine Processing                                       ; Auto               ; Auto               ;
; Safe State Machine                                             ; Off                ; Off                ;
; Extract Verilog State Machines                                 ; On                 ; On                 ;
; Extract VHDL State Machines                                    ; On                 ; On                 ;
; Ignore Verilog initial constructs                              ; Off                ; Off                ;
; Iteration limit for constant Verilog loops                     ; 5000               ; 5000               ;
; Iteration limit for non-constant Verilog loops                 ; 250                ; 250                ;
; Add Pass-Through Logic to Inferred RAMs                        ; On                 ; On                 ;
; Parallel Synthesis                                             ; Off                ; Off                ;
; DSP Block Balancing                                            ; Auto               ; Auto               ;
; NOT Gate Push-Back                                             ; On                 ; On                 ;
; Power-Up Don't Care                                            ; On                 ; On                 ;
; Remove Redundant Logic Cells                                   ; Off                ; Off                ;
; Remove Duplicate Registers                                     ; On                 ; On                 ;
; Ignore CARRY Buffers                                           ; Off                ; Off                ;
; Ignore CASCADE Buffers                                         ; Off                ; Off                ;
; Ignore GLOBAL Buffers                                          ; Off                ; Off                ;
; Ignore ROW GLOBAL Buffers                                      ; Off                ; Off                ;
; Ignore LCELL Buffers                                           ; Off                ; Off                ;
; Ignore SOFT Buffers                                            ; On                 ; On                 ;
; Limit AHDL Integers to 32 Bits                                 ; Off                ; Off                ;
; Optimization Technique                                         ; Balanced           ; Balanced           ;
; Carry Chain Length                                             ; 70                 ; 70                 ;
; Auto Carry Chains                                              ; On                 ; On                 ;
; Auto Open-Drain Pins                                           ; On                 ; On                 ;
; Perform WYSIWYG Primitive Resynthesis                          ; Off                ; Off                ;
; Auto ROM Replacement                                           ; On                 ; On                 ;
; Auto RAM Replacement                                           ; On                 ; On                 ;
; Auto DSP Block Replacement                                     ; On                 ; On                 ;
; Auto Shift Register Replacement                                ; Auto               ; Auto               ;
; Auto Clock Enable Replacement                                  ; On                 ; On                 ;
; Strict RAM Replacement                                         ; Off                ; Off                ;
; Allow Synchronous Control Signals                              ; On                 ; On                 ;
; Force Use of Synchronous Clear Signals                         ; Off                ; Off                ;
; Auto RAM Block Balancing                                       ; On                 ; On                 ;
; Auto RAM to Logic Cell Conversion                              ; Off                ; Off                ;
; Auto Resource Sharing                                          ; Off                ; Off                ;
; Allow Any RAM Size For Recognition                             ; Off                ; Off                ;
; Allow Any ROM Size For Recognition                             ; Off                ; Off                ;
; Allow Any Shift Register Size For Recognition                  ; Off                ; Off                ;
; Use LogicLock Constraints during Resource Balancing            ; On                 ; On                 ;
; Ignore translate_off and synthesis_off directives              ; Off                ; Off                ;
; Timing-Driven Synthesis                                        ; Off                ; Off                ;
; Show Parameter Settings Tables in Synthesis Report             ; On                 ; On                 ;
; Ignore Maximum Fan-Out Assignments                             ; Off                ; Off                ;
; Synchronization Register Chain Length                          ; 2                  ; 2                  ;
; PowerPlay Power Optimization                                   ; Normal compilation ; Normal compilation ;
; HDL message level                                              ; Level2             ; Level2             ;
; Suppress Register Optimization Related Messages                ; Off                ; Off                ;
; Number of Removed Registers Reported in Synthesis Report       ; 100                ; 100                ;
; Number of Inverted Registers Reported in Synthesis Report      ; 100                ; 100                ;
; Clock MUX Protection                                           ; On                 ; On                 ;
; Auto Gated Clock Conversion                                    ; Off                ; Off                ;
; Block Design Naming                                            ; Auto               ; Auto               ;
; SDC constraint protection                                      ; Off                ; Off                ;
; Synthesis Effort                                               ; Auto               ; Auto               ;
; Allows Asynchronous Clear Usage For Shift Register Replacement ; On                 ; On                 ;
; Analysis & Synthesis Message Level                             ; Medium             ; Medium             ;
+----------------------------------------------------------------+--------------------+--------------------+


+----------------------------------------------------------------------------------------------------------------------------------------------------------------+
; Analysis & Synthesis Source Files Read                                                                                                                         ;
+----------------------------------+-----------------+------------------------------------+----------------------------------------------------------------------+
; File Name with User-Entered Path ; Used in Netlist ; File Type                          ; File Name with Absolute Path                                         ;
+----------------------------------+-----------------+------------------------------------+----------------------------------------------------------------------+
; Mirror.bdf                       ; yes             ; User Block Diagram/Schematic File  ; C:/altera/90/qdesigns/Main_04_Base/Mirror.bdf                        ;
; lpm_dff10.v                      ; yes             ; User Wizard-Generated File         ; C:/altera/90/qdesigns/Main_04_Base/lpm_dff10.v                       ;
; lpm_shiftreg1.v                  ; yes             ; User Wizard-Generated File         ; C:/altera/90/qdesigns/Main_04_Base/lpm_shiftreg1.v                   ;
; lpm_counter10.v                  ; yes             ; User Wizard-Generated File         ; C:/altera/90/qdesigns/Main_04_Base/lpm_counter10.v                   ;
; lpm_counter11.v                  ; yes             ; User Wizard-Generated File         ; C:/altera/90/qdesigns/Main_04_Base/lpm_counter11.v                   ;
; lpm_counter.tdf                  ; yes             ; Megafunction                       ; c:/altera/90/quartus/libraries/megafunctions/lpm_counter.tdf         ;
; lpm_constant.inc                 ; yes             ; Megafunction                       ; c:/altera/90/quartus/libraries/megafunctions/lpm_constant.inc        ;
; lpm_decode.inc                   ; yes             ; Megafunction                       ; c:/altera/90/quartus/libraries/megafunctions/lpm_decode.inc          ;
; lpm_add_sub.inc                  ; yes             ; Megafunction                       ; c:/altera/90/quartus/libraries/megafunctions/lpm_add_sub.inc         ;
; cmpconst.inc                     ; yes             ; Megafunction                       ; c:/altera/90/quartus/libraries/megafunctions/cmpconst.inc            ;
; lpm_compare.inc                  ; yes             ; Megafunction                       ; c:/altera/90/quartus/libraries/megafunctions/lpm_compare.inc         ;
; lpm_counter.inc                  ; yes             ; Megafunction                       ; c:/altera/90/quartus/libraries/megafunctions/lpm_counter.inc         ;
; dffeea.inc                       ; yes             ; Megafunction                       ; c:/altera/90/quartus/libraries/megafunctions/dffeea.inc              ;
; alt_synch_counter.inc            ; yes             ; Megafunction                       ; c:/altera/90/quartus/libraries/megafunctions/alt_synch_counter.inc   ;
; alt_synch_counter_f.inc          ; yes             ; Megafunction                       ; c:/altera/90/quartus/libraries/megafunctions/alt_synch_counter_f.inc ;
; alt_counter_f10ke.inc            ; yes             ; Megafunction                       ; c:/altera/90/quartus/libraries/megafunctions/alt_counter_f10ke.inc   ;
; alt_counter_stratix.inc          ; yes             ; Megafunction                       ; c:/altera/90/quartus/libraries/megafunctions/alt_counter_stratix.inc ;
; aglobal90.inc                    ; yes             ; Megafunction                       ; c:/altera/90/quartus/libraries/megafunctions/aglobal90.inc           ;
; db/cntr_0fm.tdf                  ; yes             ; Auto-Generated Megafunction        ; C:/altera/90/qdesigns/Main_04_Base/db/cntr_0fm.tdf                   ;
; lpm_shiftreg12.tdf               ; yes             ; Auto-Found Wizard-Generated File   ; C:/altera/90/qdesigns/Main_04_Base/lpm_shiftreg12.tdf                ;
; lpm_shiftreg.inc                 ; yes             ; Auto-Found AHDL File               ; c:/altera/90/quartus/libraries/megafunctions/lpm_shiftreg.inc        ;
; lpm_shiftreg.tdf                 ; yes             ; Megafunction                       ; c:/altera/90/quartus/libraries/megafunctions/lpm_shiftreg.tdf        ;
; db/cntr_22k.tdf                  ; yes             ; Auto-Generated Megafunction        ; C:/altera/90/qdesigns/Main_04_Base/db/cntr_22k.tdf                   ;
; lpm_ff.tdf                       ; yes             ; Megafunction                       ; c:/altera/90/quartus/libraries/megafunctions/lpm_ff.tdf              ;
+----------------------------------+-----------------+------------------------------------+----------------------------------------------------------------------+


+-------------------------------------------------------------+
; Analysis & Synthesis Resource Usage Summary                 ;
+---------------------------------------------+---------------+
; Resource                                    ; Usage         ;
+---------------------------------------------+---------------+
; Estimated Total logic elements              ; 51            ;
;                                             ;               ;
; Total combinational functions               ; 19            ;
; Logic element usage by number of LUT inputs ;               ;
;     -- 4 input functions                    ; 3             ;
;     -- 3 input functions                    ; 2             ;
;     -- <=2 input functions                  ; 14            ;
;                                             ;               ;
; Logic elements by mode                      ;               ;
;     -- normal mode                          ; 15            ;
;     -- arithmetic mode                      ; 4             ;
;                                             ;               ;
; Total registers                             ; 46            ;
;     -- Dedicated logic registers            ; 46            ;
;     -- I/O registers                        ; 0             ;
;                                             ;               ;
; I/O pins                                    ; 48            ;
; Maximum fan-out node                        ; Clk_100~input ;
; Maximum fan-out                             ; 46            ;
; Total fan-out                               ; 278           ;
; Average fan-out                             ; 1.73          ;
+---------------------------------------------+---------------+


+----------------------------------------------------------------------------------------------------------------------------------------------------------------------------------------------------------------------------------------------------------------+
; Analysis & Synthesis Resource Utilization by Entity                                                                                                                                                                                                            ;
+---------------------------------------------+-------------------+--------------+-------------+--------------+---------+-----------+------+--------------+---------------------------------------------------------------------------------------+--------------+
; Compilation Hierarchy Node                  ; LC Combinationals ; LC Registers ; Memory Bits ; DSP Elements ; DSP 9x9 ; DSP 18x18 ; Pins ; Virtual Pins ; Full Hierarchy Name                                                                   ; Library Name ;
+---------------------------------------------+-------------------+--------------+-------------+--------------+---------+-----------+------+--------------+---------------------------------------------------------------------------------------+--------------+
; |Mirror                                     ; 19 (10)           ; 46 (11)      ; 0           ; 0            ; 0       ; 0         ; 48   ; 0            ; |Mirror                                                                               ; work         ;
;    |lpm_counter10:inst5|                    ; 4 (0)             ; 2 (0)        ; 0           ; 0            ; 0       ; 0         ; 0    ; 0            ; |Mirror|lpm_counter10:inst5                                                           ; work         ;
;       |lpm_counter:lpm_counter_component|   ; 4 (0)             ; 2 (0)        ; 0           ; 0            ; 0       ; 0         ; 0    ; 0            ; |Mirror|lpm_counter10:inst5|lpm_counter:lpm_counter_component                         ; work         ;
;          |cntr_0fm:auto_generated|          ; 4 (4)             ; 2 (2)        ; 0           ; 0            ; 0       ; 0         ; 0    ; 0            ; |Mirror|lpm_counter10:inst5|lpm_counter:lpm_counter_component|cntr_0fm:auto_generated ; work         ;
;    |lpm_counter11:inst7|                    ; 4 (0)             ; 3 (0)        ; 0           ; 0            ; 0       ; 0         ; 0    ; 0            ; |Mirror|lpm_counter11:inst7                                                           ; work         ;
;       |lpm_counter:lpm_counter_component|   ; 4 (0)             ; 3 (0)        ; 0           ; 0            ; 0       ; 0         ; 0    ; 0            ; |Mirror|lpm_counter11:inst7|lpm_counter:lpm_counter_component                         ; work         ;
;          |cntr_22k:auto_generated|          ; 4 (4)             ; 3 (3)        ; 0           ; 0            ; 0       ; 0         ; 0    ; 0            ; |Mirror|lpm_counter11:inst7|lpm_counter:lpm_counter_component|cntr_22k:auto_generated ; work         ;
;    |lpm_dff10:inst2|                        ; 0 (0)             ; 8 (0)        ; 0           ; 0            ; 0       ; 0         ; 0    ; 0            ; |Mirror|lpm_dff10:inst2                                                               ; work         ;
;       |lpm_ff:lpm_ff_component|             ; 0 (0)             ; 8 (8)        ; 0           ; 0            ; 0       ; 0         ; 0    ; 0            ; |Mirror|lpm_dff10:inst2|lpm_ff:lpm_ff_component                                       ; work         ;
;    |lpm_dff10:inst3|                        ; 0 (0)             ; 8 (0)        ; 0           ; 0            ; 0       ; 0         ; 0    ; 0            ; |Mirror|lpm_dff10:inst3                                                               ; work         ;
;       |lpm_ff:lpm_ff_component|             ; 0 (0)             ; 8 (8)        ; 0           ; 0            ; 0       ; 0         ; 0    ; 0            ; |Mirror|lpm_dff10:inst3|lpm_ff:lpm_ff_component                                       ; work         ;
;    |lpm_dff10:inst4|                        ; 0 (0)             ; 8 (0)        ; 0           ; 0            ; 0       ; 0         ; 0    ; 0            ; |Mirror|lpm_dff10:inst4                                                               ; work         ;
;       |lpm_ff:lpm_ff_component|             ; 0 (0)             ; 8 (8)        ; 0           ; 0            ; 0       ; 0         ; 0    ; 0            ; |Mirror|lpm_dff10:inst4|lpm_ff:lpm_ff_component                                       ; work         ;
;    |lpm_shiftreg12:inst12|                  ; 1 (0)             ; 3 (0)        ; 0           ; 0            ; 0       ; 0         ; 0    ; 0            ; |Mirror|lpm_shiftreg12:inst12                                                         ; work         ;
;       |lpm_shiftreg:lpm_shiftreg_component| ; 1 (1)             ; 3 (3)        ; 0           ; 0            ; 0       ; 0         ; 0    ; 0            ; |Mirror|lpm_shiftreg12:inst12|lpm_shiftreg:lpm_shiftreg_component                     ; work         ;
;    |lpm_shiftreg1:inst1|                    ; 0 (0)             ; 3 (0)        ; 0           ; 0            ; 0       ; 0         ; 0    ; 0            ; |Mirror|lpm_shiftreg1:inst1                                                           ; work         ;
;       |lpm_shiftreg:lpm_shiftreg_component| ; 0 (0)             ; 3 (3)        ; 0           ; 0            ; 0       ; 0         ; 0    ; 0            ; |Mirror|lpm_shiftreg1:inst1|lpm_shiftreg:lpm_shiftreg_component                       ; work         ;
+---------------------------------------------+-------------------+--------------+-------------+--------------+---------+-----------+------+--------------+---------------------------------------------------------------------------------------+--------------+
Note: For table entries with two numbers listed, the numbers in parentheses indicate the number of resources of the given type used by the specific entity alone. The numbers listed outside of parentheses indicate the total resources of the given type used by the specific entity and all of its sub-entities in the hierarchy.


+------------------------------------------------------+
; General Register Statistics                          ;
+----------------------------------------------+-------+
; Statistic                                    ; Value ;
+----------------------------------------------+-------+
; Total registers                              ; 46    ;
; Number of registers using Synchronous Clear  ; 0     ;
; Number of registers using Synchronous Load   ; 5     ;
; Number of registers using Asynchronous Clear ; 40    ;
; Number of registers using Asynchronous Load  ; 0     ;
; Number of registers using Clock Enable       ; 29    ;
; Number of registers using Preset             ; 0     ;
+----------------------------------------------+-------+


+------------------------------------------------------------------------------+
; Source assignments for lpm_counter10:inst5|lpm_counter:lpm_counter_component ;
+---------------------------+-------+------+-----------------------------------+
; Assignment                ; Value ; From ; To                                ;
+---------------------------+-------+------+-----------------------------------+
; SUPPRESS_DA_RULE_INTERNAL ; a101  ; -    ; -                                 ;
; SUPPRESS_DA_RULE_INTERNAL ; s102  ; -    ; -                                 ;
; SUPPRESS_DA_RULE_INTERNAL ; s103  ; -    ; -                                 ;
+---------------------------+-------+------+-----------------------------------+


+------------------------------------------------------------------------------+
; Source assignments for lpm_counter11:inst7|lpm_counter:lpm_counter_component ;
+---------------------------+-------+------+-----------------------------------+
; Assignment                ; Value ; From ; To                                ;
+---------------------------+-------+------+-----------------------------------+
; SUPPRESS_DA_RULE_INTERNAL ; a101  ; -    ; -                                 ;
; SUPPRESS_DA_RULE_INTERNAL ; s102  ; -    ; -                                 ;
; SUPPRESS_DA_RULE_INTERNAL ; s103  ; -    ; -                                 ;
+---------------------------+-------+------+-----------------------------------+


+----------------------------------------------------------------------------------------------------+
; Parameter Settings for User Entity Instance: lpm_counter10:inst5|lpm_counter:lpm_counter_component ;
+------------------------+-------------+-------------------------------------------------------------+
; Parameter Name         ; Value       ; Type                                                        ;
+------------------------+-------------+-------------------------------------------------------------+
; AUTO_CARRY_CHAINS      ; ON          ; AUTO_CARRY                                                  ;
; IGNORE_CARRY_BUFFERS   ; OFF         ; IGNORE_CARRY                                                ;
; AUTO_CASCADE_CHAINS    ; ON          ; AUTO_CASCADE                                                ;
; IGNORE_CASCADE_BUFFERS ; OFF         ; IGNORE_CASCADE                                              ;
; LPM_WIDTH              ; 2           ; Signed Integer                                              ;
; LPM_DIRECTION          ; DOWN        ; Untyped                                                     ;
; LPM_MODULUS            ; 3           ; Signed Integer                                              ;
; LPM_AVALUE             ; UNUSED      ; Untyped                                                     ;
; LPM_SVALUE             ; 0           ; Untyped                                                     ;
; LPM_PORT_UPDOWN        ; PORT_UNUSED ; Untyped                                                     ;
; DEVICE_FAMILY          ; Cyclone III ; Untyped                                                     ;
; CARRY_CHAIN            ; MANUAL      ; Untyped                                                     ;
; CARRY_CHAIN_LENGTH     ; 48          ; CARRY_CHAIN_LENGTH                                          ;
; NOT_GATE_PUSH_BACK     ; ON          ; NOT_GATE_PUSH_BACK                                          ;
; CARRY_CNT_EN           ; SMART       ; Untyped                                                     ;
; LABWIDE_SCLR           ; ON          ; Untyped                                                     ;
; USE_NEW_VERSION        ; TRUE        ; Untyped                                                     ;
; CBXI_PARAMETER         ; cntr_0fm    ; Untyped                                                     ;
+------------------------+-------------+-------------------------------------------------------------+
Note: In order to hide this table in the UI and the text report file, please set the "Show Parameter Settings Tables in Synthesis Report" option in "Analysis and Synthesis Settings -> More Settings" to "Off".


+--------------------------------------------------------------------------------------------------------+
; Parameter Settings for User Entity Instance: lpm_shiftreg12:inst12|lpm_shiftreg:lpm_shiftreg_component ;
+------------------------+-------------+-----------------------------------------------------------------+
; Parameter Name         ; Value       ; Type                                                            ;
+------------------------+-------------+-----------------------------------------------------------------+
; LPM_WIDTH              ; 3           ; Untyped                                                         ;
; LPM_DIRECTION          ; LEFT        ; Untyped                                                         ;
; LPM_AVALUE             ; UNUSED      ; Untyped                                                         ;
; LPM_SVALUE             ; UNUSED      ; Untyped                                                         ;
; DEVICE_FAMILY          ; Cyclone III ; Untyped                                                         ;
; AUTO_CARRY_CHAINS      ; ON          ; AUTO_CARRY                                                      ;
; IGNORE_CARRY_BUFFERS   ; OFF         ; IGNORE_CARRY                                                    ;
; AUTO_CASCADE_CHAINS    ; ON          ; AUTO_CASCADE                                                    ;
; IGNORE_CASCADE_BUFFERS ; OFF         ; IGNORE_CASCADE                                                  ;
+------------------------+-------------+-----------------------------------------------------------------+
Note: In order to hide this table in the UI and the text report file, please set the "Show Parameter Settings Tables in Synthesis Report" option in "Analysis and Synthesis Settings -> More Settings" to "Off".


+----------------------------------------------------------------------------------------------------+
; Parameter Settings for User Entity Instance: lpm_counter11:inst7|lpm_counter:lpm_counter_component ;
+------------------------+-------------+-------------------------------------------------------------+
; Parameter Name         ; Value       ; Type                                                        ;
+------------------------+-------------+-------------------------------------------------------------+
; AUTO_CARRY_CHAINS      ; ON          ; AUTO_CARRY                                                  ;
; IGNORE_CARRY_BUFFERS   ; OFF         ; IGNORE_CARRY                                                ;
; AUTO_CASCADE_CHAINS    ; ON          ; AUTO_CASCADE                                                ;
; IGNORE_CASCADE_BUFFERS ; OFF         ; IGNORE_CASCADE                                              ;
; LPM_WIDTH              ; 3           ; Signed Integer                                              ;
; LPM_DIRECTION          ; UP          ; Untyped                                                     ;
; LPM_MODULUS            ; 0           ; Untyped                                                     ;
; LPM_AVALUE             ; UNUSED      ; Untyped                                                     ;
; LPM_SVALUE             ; 7           ; Untyped                                                     ;
; LPM_PORT_UPDOWN        ; PORT_UNUSED ; Untyped                                                     ;
; DEVICE_FAMILY          ; Cyclone III ; Untyped                                                     ;
; CARRY_CHAIN            ; MANUAL      ; Untyped                                                     ;
; CARRY_CHAIN_LENGTH     ; 48          ; CARRY_CHAIN_LENGTH                                          ;
; NOT_GATE_PUSH_BACK     ; ON          ; NOT_GATE_PUSH_BACK                                          ;
; CARRY_CNT_EN           ; SMART       ; Untyped                                                     ;
; LABWIDE_SCLR           ; ON          ; Untyped                                                     ;
; USE_NEW_VERSION        ; TRUE        ; Untyped                                                     ;
; CBXI_PARAMETER         ; cntr_22k    ; Untyped                                                     ;
+------------------------+-------------+-------------------------------------------------------------+
Note: In order to hide this table in the UI and the text report file, please set the "Show Parameter Settings Tables in Synthesis Report" option in "Analysis and Synthesis Settings -> More Settings" to "Off".


+------------------------------------------------------------------------------------------------------+
; Parameter Settings for User Entity Instance: lpm_shiftreg1:inst1|lpm_shiftreg:lpm_shiftreg_component ;
+------------------------+-------------+---------------------------------------------------------------+
; Parameter Name         ; Value       ; Type                                                          ;
+------------------------+-------------+---------------------------------------------------------------+
; LPM_WIDTH              ; 3           ; Signed Integer                                                ;
; LPM_DIRECTION          ; LEFT        ; Untyped                                                       ;
; LPM_AVALUE             ; UNUSED      ; Untyped                                                       ;
; LPM_SVALUE             ; UNUSED      ; Untyped                                                       ;
; DEVICE_FAMILY          ; Cyclone III ; Untyped                                                       ;
; AUTO_CARRY_CHAINS      ; ON          ; AUTO_CARRY                                                    ;
; IGNORE_CARRY_BUFFERS   ; OFF         ; IGNORE_CARRY                                                  ;
; AUTO_CASCADE_CHAINS    ; ON          ; AUTO_CASCADE                                                  ;
; IGNORE_CASCADE_BUFFERS ; OFF         ; IGNORE_CASCADE                                                ;
+------------------------+-------------+---------------------------------------------------------------+
Note: In order to hide this table in the UI and the text report file, please set the "Show Parameter Settings Tables in Synthesis Report" option in "Analysis and Synthesis Settings -> More Settings" to "Off".


+--------------------------------------------------------------------------------------+
; Parameter Settings for User Entity Instance: lpm_dff10:inst4|lpm_ff:lpm_ff_component ;
+------------------------+-------------+-----------------------------------------------+
; Parameter Name         ; Value       ; Type                                          ;
+------------------------+-------------+-----------------------------------------------+
; LPM_WIDTH              ; 8           ; Signed Integer                                ;
; LPM_AVALUE             ; UNUSED      ; Untyped                                       ;
; LPM_SVALUE             ; UNUSED      ; Untyped                                       ;
; LPM_FFTYPE             ; DFF         ; Untyped                                       ;
; DEVICE_FAMILY          ; Cyclone III ; Untyped                                       ;
; CBXI_PARAMETER         ; NOTHING     ; Untyped                                       ;
; AUTO_CARRY_CHAINS      ; ON          ; AUTO_CARRY                                    ;
; IGNORE_CARRY_BUFFERS   ; OFF         ; IGNORE_CARRY                                  ;
; AUTO_CASCADE_CHAINS    ; ON          ; AUTO_CASCADE                                  ;
; IGNORE_CASCADE_BUFFERS ; OFF         ; IGNORE_CASCADE                                ;
+------------------------+-------------+-----------------------------------------------+
Note: In order to hide this table in the UI and the text report file, please set the "Show Parameter Settings Tables in Synthesis Report" option in "Analysis and Synthesis Settings -> More Settings" to "Off".


+--------------------------------------------------------------------------------------+
; Parameter Settings for User Entity Instance: lpm_dff10:inst3|lpm_ff:lpm_ff_component ;
+------------------------+-------------+-----------------------------------------------+
; Parameter Name         ; Value       ; Type                                          ;
+------------------------+-------------+-----------------------------------------------+
; LPM_WIDTH              ; 8           ; Signed Integer                                ;
; LPM_AVALUE             ; UNUSED      ; Untyped                                       ;
; LPM_SVALUE             ; UNUSED      ; Untyped                                       ;
; LPM_FFTYPE             ; DFF         ; Untyped                                       ;
; DEVICE_FAMILY          ; Cyclone III ; Untyped                                       ;
; CBXI_PARAMETER         ; NOTHING     ; Untyped                                       ;
; AUTO_CARRY_CHAINS      ; ON          ; AUTO_CARRY                                    ;
; IGNORE_CARRY_BUFFERS   ; OFF         ; IGNORE_CARRY                                  ;
; AUTO_CASCADE_CHAINS    ; ON          ; AUTO_CASCADE                                  ;
; IGNORE_CASCADE_BUFFERS ; OFF         ; IGNORE_CASCADE                                ;
+------------------------+-------------+-----------------------------------------------+
Note: In order to hide this table in the UI and the text report file, please set the "Show Parameter Settings Tables in Synthesis Report" option in "Analysis and Synthesis Settings -> More Settings" to "Off".


+--------------------------------------------------------------------------------------+
; Parameter Settings for User Entity Instance: lpm_dff10:inst2|lpm_ff:lpm_ff_component ;
+------------------------+-------------+-----------------------------------------------+
; Parameter Name         ; Value       ; Type                                          ;
+------------------------+-------------+-----------------------------------------------+
; LPM_WIDTH              ; 8           ; Signed Integer                                ;
; LPM_AVALUE             ; UNUSED      ; Untyped                                       ;
; LPM_SVALUE             ; UNUSED      ; Untyped                                       ;
; LPM_FFTYPE             ; DFF         ; Untyped                                       ;
; DEVICE_FAMILY          ; Cyclone III ; Untyped                                       ;
; CBXI_PARAMETER         ; NOTHING     ; Untyped                                       ;
; AUTO_CARRY_CHAINS      ; ON          ; AUTO_CARRY                                    ;
; IGNORE_CARRY_BUFFERS   ; OFF         ; IGNORE_CARRY                                  ;
; AUTO_CASCADE_CHAINS    ; ON          ; AUTO_CASCADE                                  ;
; IGNORE_CASCADE_BUFFERS ; OFF         ; IGNORE_CASCADE                                ;
+------------------------+-------------+-----------------------------------------------+
Note: In order to hide this table in the UI and the text report file, please set the "Show Parameter Settings Tables in Synthesis Report" option in "Analysis and Synthesis Settings -> More Settings" to "Off".


+----------------------------------------------------------------------------------------+
; lpm_shiftreg Parameter Settings by Entity Instance                                     ;
+----------------------------+-----------------------------------------------------------+
; Name                       ; Value                                                     ;
+----------------------------+-----------------------------------------------------------+
; Number of entity instances ; 2                                                         ;
; Entity Instance            ; lpm_shiftreg12:inst12|lpm_shiftreg:lpm_shiftreg_component ;
;     -- LPM_WIDTH           ; 3                                                         ;
;     -- LPM_DIRECTION       ; LEFT                                                      ;
; Entity Instance            ; lpm_shiftreg1:inst1|lpm_shiftreg:lpm_shiftreg_component   ;
;     -- LPM_WIDTH           ; 3                                                         ;
;     -- LPM_DIRECTION       ; LEFT                                                      ;
+----------------------------+-----------------------------------------------------------+


+-------------------------------+
; Analysis & Synthesis Messages ;
+-------------------------------+
Info: *******************************************************************
Info: Running Quartus II Analysis & Synthesis
    Info: Version 9.0 Build 132 02/25/2009 SJ Full Version
    Info: Processing started: Sun Jul 26 10:43:17 2009
Info: Command: quartus_map --read_settings_files=on --write_settings_files=off Mirror -c Mirror
Info: Found 1 design units, including 1 entities, in source file Mirror.bdf
    Info: Found entity 1: Mirror
Info: Found 1 design units, including 1 entities, in source file lpm_dff10.v
    Info: Found entity 1: lpm_dff10
Info: Found 1 design units, including 1 entities, in source file lpm_shiftreg1.v
    Info: Found entity 1: lpm_shiftreg1
Info: Found 1 design units, including 1 entities, in source file lpm_shiftreg2.v
    Info: Found entity 1: lpm_shiftreg2
Info: Found 1 design units, including 1 entities, in source file lpm_counter10.v
    Info: Found entity 1: lpm_counter10
Info: Found 1 design units, including 1 entities, in source file lpm_counter11.v
    Info: Found entity 1: lpm_counter11
Info: Elaborating entity "Mirror" for the top level hierarchy
Warning: Pin "Acquisition_Delay" not connected
Info: Elaborating entity "lpm_counter10" for hierarchy "lpm_counter10:inst5"
Info: Elaborating entity "lpm_counter" for hierarchy "lpm_counter10:inst5|lpm_counter:lpm_counter_component"
Info: Elaborated megafunction instantiation "lpm_counter10:inst5|lpm_counter:lpm_counter_component"
Info: Instantiated megafunction "lpm_counter10:inst5|lpm_counter:lpm_counter_component" with the following parameter:
    Info: Parameter "lpm_direction" = "DOWN"
    Info: Parameter "lpm_modulus" = "3"
    Info: Parameter "lpm_port_updown" = "PORT_UNUSED"
    Info: Parameter "lpm_svalue" = "0"
    Info: Parameter "lpm_type" = "LPM_COUNTER"
    Info: Parameter "lpm_width" = "2"
Info: Found 1 design units, including 1 entities, in source file db/cntr_0fm.tdf
    Info: Found entity 1: cntr_0fm
Info: Elaborating entity "cntr_0fm" for hierarchy "lpm_counter10:inst5|lpm_counter:lpm_counter_component|cntr_0fm:auto_generated"
Warning: Using design file lpm_shiftreg12.tdf, which is not specified as a design file for the current project, but contains definitions for 1 design units and 1 entities in project
    Info: Found entity 1: lpm_shiftreg12
Info: Elaborating entity "lpm_shiftreg12" for hierarchy "lpm_shiftreg12:inst12"
Info: Elaborating entity "lpm_shiftreg" for hierarchy "lpm_shiftreg12:inst12|lpm_shiftreg:lpm_shiftreg_component"
Info: Elaborated megafunction instantiation "lpm_shiftreg12:inst12|lpm_shiftreg:lpm_shiftreg_component"
Info: Instantiated megafunction "lpm_shiftreg12:inst12|lpm_shiftreg:lpm_shiftreg_component" with the following parameter:
    Info: Parameter "LPM_TYPE" = "LPM_SHIFTREG"
    Info: Parameter "LPM_WIDTH" = "3"
    Info: Parameter "LPM_DIRECTION" = "LEFT"
Info: Elaborating entity "lpm_counter11" for hierarchy "lpm_counter11:inst7"
Info: Elaborating entity "lpm_counter" for hierarchy "lpm_counter11:inst7|lpm_counter:lpm_counter_component"
Info: Elaborated megafunction instantiation "lpm_counter11:inst7|lpm_counter:lpm_counter_component"
Info: Instantiated megafunction "lpm_counter11:inst7|lpm_counter:lpm_counter_component" with the following parameter:
    Info: Parameter "lpm_direction" = "UP"
    Info: Parameter "lpm_port_updown" = "PORT_UNUSED"
    Info: Parameter "lpm_svalue" = "7"
    Info: Parameter "lpm_type" = "LPM_COUNTER"
    Info: Parameter "lpm_width" = "3"
Info: Found 1 design units, including 1 entities, in source file db/cntr_22k.tdf
    Info: Found entity 1: cntr_22k
Info: Elaborating entity "cntr_22k" for hierarchy "lpm_counter11:inst7|lpm_counter:lpm_counter_component|cntr_22k:auto_generated"
Info: Elaborating entity "lpm_shiftreg1" for hierarchy "lpm_shiftreg1:inst1"
Info: Elaborating entity "lpm_shiftreg" for hierarchy "lpm_shiftreg1:inst1|lpm_shiftreg:lpm_shiftreg_component"
Info: Elaborated megafunction instantiation "lpm_shiftreg1:inst1|lpm_shiftreg:lpm_shiftreg_component"
Info: Instantiated megafunction "lpm_shiftreg1:inst1|lpm_shiftreg:lpm_shiftreg_component" with the following parameter:
    Info: Parameter "lpm_direction" = "LEFT"
    Info: Parameter "lpm_type" = "LPM_SHIFTREG"
    Info: Parameter "lpm_width" = "3"
Info: Elaborating entity "lpm_dff10" for hierarchy "lpm_dff10:inst4"
Info: Elaborating entity "lpm_ff" for hierarchy "lpm_dff10:inst4|lpm_ff:lpm_ff_component"
Info: Elaborated megafunction instantiation "lpm_dff10:inst4|lpm_ff:lpm_ff_component"
Info: Instantiated megafunction "lpm_dff10:inst4|lpm_ff:lpm_ff_component" with the following parameter:
    Info: Parameter "lpm_fftype" = "DFF"
    Info: Parameter "lpm_type" = "LPM_FF"
    Info: Parameter "lpm_width" = "8"
Warning: Design contains 13 input pin(s) that do not drive logic
    Warning (15610): No output dependent on input pin "Acquisition_Delay[12]"
    Warning (15610): No output dependent on input pin "Acquisition_Delay[11]"
    Warning (15610): No output dependent on input pin "Acquisition_Delay[10]"
    Warning (15610): No output dependent on input pin "Acquisition_Delay[9]"
    Warning (15610): No output dependent on input pin "Acquisition_Delay[8]"
    Warning (15610): No output dependent on input pin "Acquisition_Delay[7]"
    Warning (15610): No output dependent on input pin "Acquisition_Delay[6]"
    Warning (15610): No output dependent on input pin "Acquisition_Delay[5]"
    Warning (15610): No output dependent on input pin "Acquisition_Delay[4]"
    Warning (15610): No output dependent on input pin "Acquisition_Delay[3]"
    Warning (15610): No output dependent on input pin "Acquisition_Delay[2]"
    Warning (15610): No output dependent on input pin "Acquisition_Delay[1]"
    Warning (15610): No output dependent on input pin "Acquisition_Delay[0]"
Info: Implemented 101 device resources after synthesis - the final resource count might be different
    Info: Implemented 24 input pins
    Info: Implemented 24 output pins
    Info: Implemented 53 logic cells
Info: Quartus II Analysis & Synthesis was successful. 0 errors, 16 warnings
    Info: Peak virtual memory: 219 megabytes
    Info: Processing ended: Sun Jul 26 10:43:19 2009
    Info: Elapsed time: 00:00:02
    Info: Total CPU time (on all processors): 00:00:02


