Flow report for Mirror
Sun Jul 26 10:43:29 2009
Quartus II Version 9.0 Build 132 02/25/2009 SJ Full Version


---------------------
; Table of Contents ;
---------------------
  1. Legal Notice
  2. Flow Summary
  3. Flow Settings
  4. Flow Non-Default Global Settings
  5. Flow Elapsed Time
  6. Flow OS Summary
  7. Flow Log



----------------
; Legal Notice ;
----------------
Copyright (C) 1991-2009 Altera Corporation
Your use of Altera Corporation's design tools, logic functions 
and other software and tools, and its AMPP partner logic 
functions, and any output files from any of the foregoing 
(including device programming or simulation files), and any 
associated documentation or information are expressly subject 
to the terms and conditions of the Altera Program License 
Subscription Agreement, Altera MegaCore Function License 
Agreement, or other applicable license agreement, including, 
without limitation, that your use is for the sole purpose of 
programming logic devices manufactured by Altera and sold by 
Altera or its authorized distributors.  Please refer to the 
applicable agreement for further details.



+-------------------------------------------------------------------------------+
; Flow Summary                                                                  ;
+------------------------------------+------------------------------------------+
; Flow Status                        ; Successful - Sun Jul 26 10:43:29 2009    ;
; Quartus II Version                 ; 9.0 Build 132 02/25/2009 SJ Full Version ;
; Revision Name                      ; Mirror                                   ;
; Top-level Entity Name              ; Mirror                                   ;
; Family                             ; Cyclone III                              ;
; Device                             ; EP3C5F256C6                              ;
; Timing Models                      ; Final                                    ;
; Met timing requirements            ; Yes                                      ;
; Total logic elements               ; 50 / 5,136 ( < 1 % )                     ;
;     Total combinational functions  ; 19 / 5,136 ( < 1 % )                     ;
;     Dedicated logic registers      ; 46 / 5,136 ( < 1 % )                     ;
; Total registers                    ; 46                                       ;
; Total pins                         ; 48 / 183 ( 26 % )                        ;
; Total virtual pins                 ; 0                                        ;
; Total memory bits                  ; 0 / 423,936 ( 0 % )                      ;
; Embedded Multiplier 9-bit elements ; 0 / 46 ( 0 % )                           ;
; Total PLLs                         ; 0 / 2 ( 0 % )                            ;
+------------------------------------+------------------------------------------+


+-----------------------------------------+
; Flow Settings                           ;
+-------------------+---------------------+
; Option            ; Setting             ;
+-------------------+---------------------+
; Start date & time ; 07/26/2009 10:43:18 ;
; Main task         ; Compilation         ;
; Revision Name     ; Mirror              ;
+-------------------+---------------------+


+------------------------------------------------------------------------------------------------------------------+
; Flow Non-Default Global Settings                                                                                 ;
+------------------------------------+------------------------------+---------------+-------------+----------------+
; Assignment Name                    ; Value                        ; Default Value ; Entity Name ; Section Id     ;
+------------------------------------+------------------------------+---------------+-------------+----------------+
; COMPILER_SIGNATURE_ID              ; 158512167330.124863019805148 ; --            ; --          ; --             ;
; ENABLE_ADVANCED_IO_TIMING          ; On                           ; --            ; --          ; --             ;
; IP_TOOL_NAME                       ; LPM_FF                       ; --            ; --          ; --             ;
; IP_TOOL_NAME                       ; LPM_SHIFTREG                 ; --            ; --          ; --             ;
; IP_TOOL_NAME                       ; LPM_SHIFTREG                 ; --            ; --          ; --             ;
; IP_TOOL_NAME                       ; LPM_COUNTER                  ; --            ; --          ; --             ;
; IP_TOOL_NAME                       ; LPM_COUNTER                  ; --            ; --          ; --             ;
; IP_TOOL_VERSION                    ; 8.1                          ; --            ; --          ; --             ;
; IP_TOOL_VERSION                    ; 8.1                          ; --            ; --          ; --             ;
; IP_TOOL_VERSION                    ; 8.1                          ; --            ; --          ; --             ;
; IP_TOOL_VERSION                    ; 8.1                          ; --            ; --          ; --             ;
; IP_TOOL_VERSION                    ; 8.1                          ; --            ; --          ; --             ;
; MAX_CORE_JUNCTION_TEMP             ; 85                           ; --            ; --          ; --             ;
; MIN_CORE_JUNCTION_TEMP             ; 0                            ; --            ; --          ; --             ;
; MISC_FILE                          ; lpm_dff10.bsf                ; --            ; --          ; --             ;
; MISC_FILE                          ; lpm_dff10_bb.v               ; --            ; --          ; --             ;
; MISC_FILE                          ; lpm_dff10.inc                ; --            ; --          ; --             ;
; MISC_FILE                          ; lpm_shiftreg1.bsf            ; --            ; --          ; --             ;
; MISC_FILE                          ; lpm_shiftreg1_bb.v           ; --            ; --          ; --             ;
; MISC_FILE                          ; lpm_shiftreg1.inc            ; --            ; --          ; --             ;
; MISC_FILE                          ; lpm_shiftreg2.bsf            ; --            ; --          ; --             ;
; MISC_FILE                          ; lpm_shiftreg2_bb.v           ; --            ; --          ; --             ;
; MISC_FILE                          ; lpm_shiftreg2.inc            ; --            ; --          ; --             ;
; MISC_FILE                          ; lpm_counter10.bsf            ; --            ; --          ; --             ;
; MISC_FILE                          ; lpm_counter10_bb.v           ; --            ; --          ; --             ;
; MISC_FILE                          ; lpm_counter10.inc            ; --            ; --          ; --             ;
; MISC_FILE                          ; lpm_counter11.bsf            ; --            ; --          ; --             ;
; MISC_FILE                          ; lpm_counter11_bb.v           ; --            ; --          ; --             ;
; MISC_FILE                          ; lpm_counter11.inc            ; --            ; --          ; --             ;
; NOMINAL_CORE_SUPPLY_VOLTAGE        ; 1.2V                         ; --            ; --          ; --             ;
; PARTITION_COLOR                    ; 16764057                     ; --            ; --          ; Top            ;
; PARTITION_NETLIST_TYPE             ; SOURCE                       ; --            ; --          ; Top            ;
; USE_GENERATED_PHYSICAL_CONSTRAINTS ; Off                          ; --            ; --          ; eda_blast_fpga ;
; USE_TIMEQUEST_TIMING_ANALYZER      ; Off                          ; On            ; --          ; --             ;
+------------------------------------+------------------------------+---------------+-------------+----------------+


+-----------------------------------------------------------------------------------------------------------------------------+
; Flow Elapsed Time                                                                                                           ;
+-------------------------+--------------+-------------------------+---------------------+------------------------------------+
; Module Name             ; Elapsed Time ; Average Processors Used ; Peak Virtual Memory ; Total CPU Time (on all processors) ;
+-------------------------+--------------+-------------------------+---------------------+------------------------------------+
; Analysis & Synthesis    ; 00:00:02     ; 1.0                     ; 219 MB              ; 00:00:01                           ;
; Fitter                  ; 00:00:04     ; 1.0                     ; 289 MB              ; 00:00:04                           ;
; Assembler               ; 00:00:03     ; 1.0                     ; 209 MB              ; 00:00:02                           ;
; Classic Timing Analyzer ; 00:00:00     ; 1.0                     ; 172 MB              ; 00:00:01                           ;
; Total                   ; 00:00:09     ; --                      ; --                  ; 00:00:08                           ;
+-------------------------+--------------+-------------------------+---------------------+------------------------------------+


+------------------------------------------------------------------------------------------+
; Flow OS Summary                                                                          ;
+-------------------------+------------------+---------------+------------+----------------+
; Module Name             ; Machine Hostname ; OS Name       ; OS Version ; Processor type ;
+-------------------------+------------------+---------------+------------+----------------+
; Analysis & Synthesis    ; Yuriy-PC         ; Windows Vista ; 6.0        ; x86_64         ;
; Fitter                  ; Yuriy-PC         ; Windows Vista ; 6.0        ; x86_64         ;
; Assembler               ; Yuriy-PC         ; Windows Vista ; 6.0        ; x86_64         ;
; Classic Timing Analyzer ; Yuriy-PC         ; Windows Vista ; 6.0        ; x86_64         ;
+-------------------------+------------------+---------------+------------+----------------+


------------
; Flow Log ;
------------
quartus_map --read_settings_files=on --write_settings_files=off Mirror -c Mirror
quartus_fit --read_settings_files=off --write_settings_files=off Mirror -c Mirror
quartus_asm --read_settings_files=off --write_settings_files=off Mirror -c Mirror
quartus_tan --read_settings_files=off --write_settings_files=off Mirror -c Mirror --timing_analysis_only



