Flow report for Parallel_Clocks_Generator
Wed Mar 16 15:24:22 2011
Quartus II Version 9.1 Build 222 10/21/2009 SJ Full Version


---------------------
; Table of Contents ;
---------------------
  1. Legal Notice
  2. Flow Summary
  3. Flow Settings
  4. Flow Non-Default Global Settings
  5. Flow Elapsed Time
  6. Flow OS Summary
  7. Flow Log



----------------
; Legal Notice ;
----------------
Copyright (C) 1991-2009 Altera Corporation
Your use of Altera Corporation's design tools, logic functions 
and other software and tools, and its AMPP partner logic 
functions, and any output files from any of the foregoing 
(including device programming or simulation files), and any 
associated documentation or information are expressly subject 
to the terms and conditions of the Altera Program License 
Subscription Agreement, Altera MegaCore Function License 
Agreement, or other applicable license agreement, including, 
without limitation, that your use is for the sole purpose of 
programming logic devices manufactured by Altera and sold by 
Altera or its authorized distributors.  Please refer to the 
applicable agreement for further details.



+-------------------------------------------------------------------------------+
; Flow Summary                                                                  ;
+------------------------------------+------------------------------------------+
; Flow Status                        ; Successful - Wed Mar 16 15:24:22 2011    ;
; Quartus II Version                 ; 9.1 Build 222 10/21/2009 SJ Full Version ;
; Revision Name                      ; Parallel_Clocks_Generator                ;
; Top-level Entity Name              ; Parallel_Clocks_Generator                ;
; Family                             ; Cyclone III                              ;
; Device                             ; EP3C25F324C7                             ;
; Timing Models                      ; Final                                    ;
; Met timing requirements            ; Yes                                      ;
; Total logic elements               ; 301 / 24,624 ( 1 % )                     ;
;     Total combinational functions  ; 227 / 24,624 ( < 1 % )                   ;
;     Dedicated logic registers      ; 263 / 24,624 ( 1 % )                     ;
; Total registers                    ; 263                                      ;
; Total pins                         ; 83 / 216 ( 38 % )                        ;
; Total virtual pins                 ; 0                                        ;
; Total memory bits                  ; 32,768 / 608,256 ( 5 % )                 ;
; Embedded Multiplier 9-bit elements ; 0 / 132 ( 0 % )                          ;
; Total PLLs                         ; 0 / 4 ( 0 % )                            ;
+------------------------------------+------------------------------------------+


+-----------------------------------------------+
; Flow Settings                                 ;
+-------------------+---------------------------+
; Option            ; Setting                   ;
+-------------------+---------------------------+
; Start date & time ; 03/16/2011 15:23:43       ;
; Main task         ; Compilation               ;
; Revision Name     ; Parallel_Clocks_Generator ;
+-------------------+---------------------------+


+------------------------------------------------------------------------------------------------------------------+
; Flow Non-Default Global Settings                                                                                 ;
+------------------------------------+------------------------------+---------------+-------------+----------------+
; Assignment Name                    ; Value                        ; Default Value ; Entity Name ; Section Id     ;
+------------------------------------+------------------------------+---------------+-------------+----------------+
; COMPILER_SIGNATURE_ID              ; 124706763637.130031422303624 ; --            ; --          ; --             ;
; CYCLONEII_OPTIMIZATION_TECHNIQUE   ; Area                         ; Balanced      ; --          ; --             ;
; ENABLE_ADVANCED_IO_TIMING          ; On                           ; --            ; --          ; --             ;
; IP_TOOL_NAME                       ; LPM_FF                       ; --            ; --          ; --             ;
; IP_TOOL_NAME                       ; LPM_COUNTER                  ; --            ; --          ; --             ;
; IP_TOOL_NAME                       ; LPM_CONSTANT                 ; --            ; --          ; --             ;
; IP_TOOL_NAME                       ; LPM_COUNTER                  ; --            ; --          ; --             ;
; IP_TOOL_NAME                       ; LPM_SHIFTREG                 ; --            ; --          ; --             ;
; IP_TOOL_VERSION                    ; 8.1                          ; --            ; --          ; --             ;
; IP_TOOL_VERSION                    ; 8.1                          ; --            ; --          ; --             ;
; IP_TOOL_VERSION                    ; 8.1                          ; --            ; --          ; --             ;
; IP_TOOL_VERSION                    ; 8.1                          ; --            ; --          ; --             ;
; IP_TOOL_VERSION                    ; 8.1                          ; --            ; --          ; --             ;
; MAX_CORE_JUNCTION_TEMP             ; 85                           ; --            ; --          ; --             ;
; MIN_CORE_JUNCTION_TEMP             ; 0                            ; --            ; --          ; --             ;
; MISC_FILE                          ; lpm_dff13.bsf                ; --            ; --          ; --             ;
; MISC_FILE                          ; lpm_dff13_bb.v               ; --            ; --          ; --             ;
; MISC_FILE                          ; lpm_dff13.inc                ; --            ; --          ; --             ;
; MISC_FILE                          ; lpm_counter18.bsf            ; --            ; --          ; --             ;
; MISC_FILE                          ; lpm_counter18_bb.v           ; --            ; --          ; --             ;
; MISC_FILE                          ; lpm_counter18.inc            ; --            ; --          ; --             ;
; MISC_FILE                          ; lpm_constant3.bsf            ; --            ; --          ; --             ;
; MISC_FILE                          ; lpm_constant3_bb.v           ; --            ; --          ; --             ;
; MISC_FILE                          ; lpm_constant3.inc            ; --            ; --          ; --             ;
; MISC_FILE                          ; lpm_counter19.bsf            ; --            ; --          ; --             ;
; MISC_FILE                          ; lpm_counter19_bb.v           ; --            ; --          ; --             ;
; MISC_FILE                          ; lpm_counter19.inc            ; --            ; --          ; --             ;
; MISC_FILE                          ; lpm_shiftreg7.bsf            ; --            ; --          ; --             ;
; MISC_FILE                          ; lpm_shiftreg7_bb.v           ; --            ; --          ; --             ;
; MISC_FILE                          ; lpm_shiftreg7.inc            ; --            ; --          ; --             ;
; NOMINAL_CORE_SUPPLY_VOLTAGE        ; 1.2V                         ; --            ; --          ; --             ;
; PARTITION_COLOR                    ; 16764057                     ; --            ; --          ; Top            ;
; PARTITION_NETLIST_TYPE             ; SOURCE                       ; --            ; --          ; Top            ;
; USE_GENERATED_PHYSICAL_CONSTRAINTS ; Off                          ; --            ; --          ; eda_blast_fpga ;
; USE_TIMEQUEST_TIMING_ANALYZER      ; Off                          ; On            ; --          ; --             ;
+------------------------------------+------------------------------+---------------+-------------+----------------+


+-----------------------------------------------------------------------------------------------------------------------------+
; Flow Elapsed Time                                                                                                           ;
+-------------------------+--------------+-------------------------+---------------------+------------------------------------+
; Module Name             ; Elapsed Time ; Average Processors Used ; Peak Virtual Memory ; Total CPU Time (on all processors) ;
+-------------------------+--------------+-------------------------+---------------------+------------------------------------+
; Analysis & Synthesis    ; 00:00:08     ; 1.0                     ; 184 MB              ; 00:00:07                           ;
; Fitter                  ; 00:00:20     ; 1.0                     ; 210 MB              ; 00:00:19                           ;
; Assembler               ; 00:00:05     ; 1.0                     ; 194 MB              ; 00:00:05                           ;
; Classic Timing Analyzer ; 00:00:02     ; 1.0                     ; 128 MB              ; 00:00:02                           ;
; Total                   ; 00:00:35     ; --                      ; --                  ; 00:00:33                           ;
+-------------------------+--------------+-------------------------+---------------------+------------------------------------+


+---------------------------------------------------------------------------------------+
; Flow OS Summary                                                                       ;
+-------------------------+------------------+------------+------------+----------------+
; Module Name             ; Machine Hostname ; OS Name    ; OS Version ; Processor type ;
+-------------------------+------------------+------------+------------+----------------+
; Analysis & Synthesis    ; AMSNVD-725JYB1   ; Windows XP ; 5.1        ; i1586          ;
; Fitter                  ; AMSNVD-725JYB1   ; Windows XP ; 5.1        ; i1586          ;
; Assembler               ; AMSNVD-725JYB1   ; Windows XP ; 5.1        ; i1586          ;
; Classic Timing Analyzer ; AMSNVD-725JYB1   ; Windows XP ; 5.1        ; i1586          ;
+-------------------------+------------------+------------+------------+----------------+


------------
; Flow Log ;
------------
quartus_map --read_settings_files=on --write_settings_files=off Parallel_Clocks_Generator -c Parallel_Clocks_Generator
quartus_fit --read_settings_files=off --write_settings_files=off Parallel_Clocks_Generator -c Parallel_Clocks_Generator
quartus_asm --read_settings_files=off --write_settings_files=off Parallel_Clocks_Generator -c Parallel_Clocks_Generator
quartus_tan --read_settings_files=off --write_settings_files=off Parallel_Clocks_Generator -c Parallel_Clocks_Generator --timing_analysis_only



