Analysis & Synthesis report for Serial_Control_Module
Mon Mar 14 13:24:14 2011
Quartus II Version 9.1 Build 222 10/21/2009 SJ Full Version


---------------------
; Table of Contents ;
---------------------
  1. Legal Notice
  2. Analysis & Synthesis Summary
  3. Analysis & Synthesis Settings
  4. Analysis & Synthesis Source Files Read
  5. Analysis & Synthesis Resource Usage Summary
  6. Analysis & Synthesis Resource Utilization by Entity
  7. Analysis & Synthesis RAM Summary
  8. General Register Statistics
  9. Source assignments for lpm_ram_dq0:inst53|altsyncram:altsyncram_component|altsyncram_c7j1:auto_generated
 10. Source assignments for lpm_counter5:inst36|lpm_counter:lpm_counter_component
 11. Parameter Settings for User Entity Instance: lpm_ram_dq0:inst53|altsyncram:altsyncram_component
 12. Parameter Settings for User Entity Instance: lpm_counter5:inst36|lpm_counter:lpm_counter_component
 13. Parameter Settings for User Entity Instance: lpm_mux2:inst11|lpm_mux:lpm_mux_component
 14. Parameter Settings for User Entity Instance: lpm_mux2:inst15|lpm_mux:lpm_mux_component
 15. Parameter Settings for User Entity Instance: lpm_mux2:inst16|lpm_mux:lpm_mux_component
 16. Parameter Settings for User Entity Instance: lpm_shiftreg15:inst|lpm_shiftreg:lpm_shiftreg_component
 17. altsyncram Parameter Settings by Entity Instance
 18. lpm_shiftreg Parameter Settings by Entity Instance
 19. Analysis & Synthesis Messages



----------------
; Legal Notice ;
----------------
Copyright (C) 1991-2009 Altera Corporation
Your use of Altera Corporation's design tools, logic functions 
and other software and tools, and its AMPP partner logic 
functions, and any output files from any of the foregoing 
(including device programming or simulation files), and any 
associated documentation or information are expressly subject 
to the terms and conditions of the Altera Program License 
Subscription Agreement, Altera MegaCore Function License 
Agreement, or other applicable license agreement, including, 
without limitation, that your use is for the sole purpose of 
programming logic devices manufactured by Altera and sold by 
Altera or its authorized distributors.  Please refer to the 
applicable agreement for further details.



+-------------------------------------------------------------------------------+
; Analysis & Synthesis Summary                                                  ;
+------------------------------------+------------------------------------------+
; Analysis & Synthesis Status        ; Successful - Mon Mar 14 13:24:14 2011    ;
; Quartus II Version                 ; 9.1 Build 222 10/21/2009 SJ Full Version ;
; Revision Name                      ; Serial_Control_Module                    ;
; Top-level Entity Name              ; Serial_Control_Module                    ;
; Family                             ; Cyclone III                              ;
; Total logic elements               ; 47                                       ;
;     Total combinational functions  ; 33                                       ;
;     Dedicated logic registers      ; 37                                       ;
; Total registers                    ; 37                                       ;
; Total pins                         ; 42                                       ;
; Total virtual pins                 ; 0                                        ;
; Total memory bits                  ; 32,768                                   ;
; Embedded Multiplier 9-bit elements ; 0                                        ;
; Total PLLs                         ; 0                                        ;
+------------------------------------+------------------------------------------+


+----------------------------------------------------------------------------------------------------------------------------+
; Analysis & Synthesis Settings                                                                                              ;
+----------------------------------------------------------------------------+-----------------------+-----------------------+
; Option                                                                     ; Setting               ; Default Value         ;
+----------------------------------------------------------------------------+-----------------------+-----------------------+
; Device                                                                     ; EP3C5F256C6           ;                       ;
; Top-level entity name                                                      ; Serial_Control_Module ; Serial_Control_Module ;
; Family name                                                                ; Cyclone III           ; Stratix II            ;
; Optimization Technique                                                     ; Area                  ; Balanced              ;
; Use Generated Physical Constraints File                                    ; Off                   ;                       ;
; Use smart compilation                                                      ; Off                   ; Off                   ;
; Enable parallel Assembler and TimeQuest Timing Analyzer during compilation ; On                    ; On                    ;
; Enable compact report table                                                ; Off                   ; Off                   ;
; Restructure Multiplexers                                                   ; Auto                  ; Auto                  ;
; Create Debugging Nodes for IP Cores                                        ; Off                   ; Off                   ;
; Preserve fewer node names                                                  ; On                    ; On                    ;
; Disable OpenCore Plus hardware evaluation                                  ; Off                   ; Off                   ;
; Verilog Version                                                            ; Verilog_2001          ; Verilog_2001          ;
; VHDL Version                                                               ; VHDL_1993             ; VHDL_1993             ;
; State Machine Processing                                                   ; Auto                  ; Auto                  ;
; Safe State Machine                                                         ; Off                   ; Off                   ;
; Extract Verilog State Machines                                             ; On                    ; On                    ;
; Extract VHDL State Machines                                                ; On                    ; On                    ;
; Ignore Verilog initial constructs                                          ; Off                   ; Off                   ;
; Iteration limit for constant Verilog loops                                 ; 5000                  ; 5000                  ;
; Iteration limit for non-constant Verilog loops                             ; 250                   ; 250                   ;
; Add Pass-Through Logic to Inferred RAMs                                    ; On                    ; On                    ;
; Parallel Synthesis                                                         ; Off                   ; Off                   ;
; DSP Block Balancing                                                        ; Auto                  ; Auto                  ;
; NOT Gate Push-Back                                                         ; On                    ; On                    ;
; Power-Up Don't Care                                                        ; On                    ; On                    ;
; Remove Redundant Logic Cells                                               ; Off                   ; Off                   ;
; Remove Duplicate Registers                                                 ; On                    ; On                    ;
; Ignore CARRY Buffers                                                       ; Off                   ; Off                   ;
; Ignore CASCADE Buffers                                                     ; Off                   ; Off                   ;
; Ignore GLOBAL Buffers                                                      ; Off                   ; Off                   ;
; Ignore ROW GLOBAL Buffers                                                  ; Off                   ; Off                   ;
; Ignore LCELL Buffers                                                       ; Off                   ; Off                   ;
; Ignore SOFT Buffers                                                        ; On                    ; On                    ;
; Limit AHDL Integers to 32 Bits                                             ; Off                   ; Off                   ;
; Carry Chain Length                                                         ; 70                    ; 70                    ;
; Auto Carry Chains                                                          ; On                    ; On                    ;
; Auto Open-Drain Pins                                                       ; On                    ; On                    ;
; Perform WYSIWYG Primitive Resynthesis                                      ; Off                   ; Off                   ;
; Auto ROM Replacement                                                       ; On                    ; On                    ;
; Auto RAM Replacement                                                       ; On                    ; On                    ;
; Auto DSP Block Replacement                                                 ; On                    ; On                    ;
; Auto Shift Register Replacement                                            ; Auto                  ; Auto                  ;
; Auto Clock Enable Replacement                                              ; On                    ; On                    ;
; Strict RAM Replacement                                                     ; Off                   ; Off                   ;
; Allow Synchronous Control Signals                                          ; On                    ; On                    ;
; Force Use of Synchronous Clear Signals                                     ; Off                   ; Off                   ;
; Auto RAM Block Balancing                                                   ; On                    ; On                    ;
; Auto RAM to Logic Cell Conversion                                          ; Off                   ; Off                   ;
; Auto Resource Sharing                                                      ; Off                   ; Off                   ;
; Allow Any RAM Size For Recognition                                         ; Off                   ; Off                   ;
; Allow Any ROM Size For Recognition                                         ; Off                   ; Off                   ;
; Allow Any Shift Register Size For Recognition                              ; Off                   ; Off                   ;
; Use LogicLock Constraints during Resource Balancing                        ; On                    ; On                    ;
; Ignore translate_off and synthesis_off directives                          ; Off                   ; Off                   ;
; Timing-Driven Synthesis                                                    ; On                    ; On                    ;
; Show Parameter Settings Tables in Synthesis Report                         ; On                    ; On                    ;
; Ignore Maximum Fan-Out Assignments                                         ; Off                   ; Off                   ;
; Synchronization Register Chain Length                                      ; 2                     ; 2                     ;
; PowerPlay Power Optimization                                               ; Normal compilation    ; Normal compilation    ;
; HDL message level                                                          ; Level2                ; Level2                ;
; Suppress Register Optimization Related Messages                            ; Off                   ; Off                   ;
; Number of Removed Registers Reported in Synthesis Report                   ; 100                   ; 100                   ;
; Number of Inverted Registers Reported in Synthesis Report                  ; 100                   ; 100                   ;
; Clock MUX Protection                                                       ; On                    ; On                    ;
; Auto Gated Clock Conversion                                                ; Off                   ; Off                   ;
; Block Design Naming                                                        ; Auto                  ; Auto                  ;
; SDC constraint protection                                                  ; Off                   ; Off                   ;
; Synthesis Effort                                                           ; Auto                  ; Auto                  ;
; Shift Register Replacement - Allow Asynchronous Clear Signal               ; On                    ; On                    ;
; Analysis & Synthesis Message Level                                         ; Medium                ; Medium                ;
; Disable Register Merging Across Hierarchies                                ; Auto                  ; Auto                  ;
; Resource Aware Inference For Block RAM                                     ; On                    ; On                    ;
+----------------------------------------------------------------------------+-----------------------+-----------------------+


+-----------------------------------------------------------------------------------------------------------------------------------------------------------------+
; Analysis & Synthesis Source Files Read                                                                                                                          ;
+----------------------------------+-----------------+----------------------------------------+-------------------------------------------------------------------+
; File Name with User-Entered Path ; Used in Netlist ; File Type                              ; File Name with Absolute Path                                      ;
+----------------------------------+-----------------+----------------------------------------+-------------------------------------------------------------------+
; Serial_Control_Module.bdf        ; yes             ; User Block Diagram/Schematic File      ; C:/altera/91/qdesigns/Main_03_11_2011_A/Serial_Control_Module.bdf ;
; lpm_ram_dq0.v                    ; yes             ; Auto-Found Wizard-Generated File       ; C:/altera/91/qdesigns/Main_03_11_2011_A/lpm_ram_dq0.v             ;
; altsyncram.tdf                   ; yes             ; Megafunction                           ; c:/altera/91/quartus/libraries/megafunctions/altsyncram.tdf       ;
; db/altsyncram_c7j1.tdf           ; yes             ; Auto-Generated Megafunction            ; C:/altera/91/qdesigns/Main_03_11_2011_A/db/altsyncram_c7j1.tdf    ;
; ser_ram.mif                      ; yes             ; Auto-Found Memory Initialization File  ; C:/altera/91/qdesigns/Main_03_11_2011_A/ser_ram.mif               ;
; lpm_counter5.v                   ; yes             ; Auto-Found Wizard-Generated File       ; C:/altera/91/qdesigns/Main_03_11_2011_A/lpm_counter5.v            ;
; lpm_counter.tdf                  ; yes             ; Megafunction                           ; c:/altera/91/quartus/libraries/megafunctions/lpm_counter.tdf      ;
; db/cntr_uaj.tdf                  ; yes             ; Auto-Generated Megafunction            ; C:/altera/91/qdesigns/Main_03_11_2011_A/db/cntr_uaj.tdf           ;
; lpm_mux2.v                       ; yes             ; Auto-Found Wizard-Generated File       ; C:/altera/91/qdesigns/Main_03_11_2011_A/lpm_mux2.v                ;
; lpm_mux.tdf                      ; yes             ; Megafunction                           ; c:/altera/91/quartus/libraries/megafunctions/lpm_mux.tdf          ;
; db/mux_1qc.tdf                   ; yes             ; Auto-Generated Megafunction            ; C:/altera/91/qdesigns/Main_03_11_2011_A/db/mux_1qc.tdf            ;
; lpm_shiftreg15.v                 ; yes             ; Auto-Found Wizard-Generated File       ; C:/altera/91/qdesigns/Main_03_11_2011_A/lpm_shiftreg15.v          ;
; lpm_shiftreg.tdf                 ; yes             ; Megafunction                           ; c:/altera/91/quartus/libraries/megafunctions/lpm_shiftreg.tdf     ;
+----------------------------------+-----------------+----------------------------------------+-------------------------------------------------------------------+


+-------------------------------------------------------------+
; Analysis & Synthesis Resource Usage Summary                 ;
+---------------------------------------------+---------------+
; Resource                                    ; Usage         ;
+---------------------------------------------+---------------+
; Estimated Total logic elements              ; 47            ;
;                                             ;               ;
; Total combinational functions               ; 33            ;
; Logic element usage by number of LUT inputs ;               ;
;     -- 4 input functions                    ; 2             ;
;     -- 3 input functions                    ; 7             ;
;     -- <=2 input functions                  ; 24            ;
;                                             ;               ;
; Logic elements by mode                      ;               ;
;     -- normal mode                          ; 21            ;
;     -- arithmetic mode                      ; 12            ;
;                                             ;               ;
; Total registers                             ; 37            ;
;     -- Dedicated logic registers            ; 37            ;
;     -- I/O registers                        ; 0             ;
;                                             ;               ;
; I/O pins                                    ; 42            ;
; Total memory bits                           ; 32768         ;
; Maximum fan-out node                        ; Clk_100~input ;
; Maximum fan-out                             ; 41            ;
; Total fan-out                               ; 346           ;
; Average fan-out                             ; 2.19          ;
+---------------------------------------------+---------------+


+-----------------------------------------------------------------------------------------------------------------------------------------------------------------------------------------------------------------------------------------------------------------------------------+
; Analysis & Synthesis Resource Utilization by Entity                                                                                                                                                                                                                               ;
+---------------------------------------------+-------------------+--------------+-------------+--------------+---------+-----------+------+--------------+----------------------------------------------------------------------------------------------------------+--------------+
; Compilation Hierarchy Node                  ; LC Combinationals ; LC Registers ; Memory Bits ; DSP Elements ; DSP 9x9 ; DSP 18x18 ; Pins ; Virtual Pins ; Full Hierarchy Name                                                                                      ; Library Name ;
+---------------------------------------------+-------------------+--------------+-------------+--------------+---------+-----------+------+--------------+----------------------------------------------------------------------------------------------------------+--------------+
; |Serial_Control_Module                      ; 33 (16)           ; 37 (12)      ; 32768       ; 0            ; 0       ; 0         ; 42   ; 0            ; |Serial_Control_Module                                                                                   ; work         ;
;    |lpm_counter5:inst36|                    ; 14 (0)            ; 13 (0)       ; 0           ; 0            ; 0       ; 0         ; 0    ; 0            ; |Serial_Control_Module|lpm_counter5:inst36                                                               ; work         ;
;       |lpm_counter:lpm_counter_component|   ; 14 (0)            ; 13 (0)       ; 0           ; 0            ; 0       ; 0         ; 0    ; 0            ; |Serial_Control_Module|lpm_counter5:inst36|lpm_counter:lpm_counter_component                             ;              ;
;          |cntr_uaj:auto_generated|          ; 14 (14)           ; 13 (13)      ; 0           ; 0            ; 0       ; 0         ; 0    ; 0            ; |Serial_Control_Module|lpm_counter5:inst36|lpm_counter:lpm_counter_component|cntr_uaj:auto_generated     ;              ;
;    |lpm_mux2:inst11|                        ; 1 (0)             ; 0 (0)        ; 0           ; 0            ; 0       ; 0         ; 0    ; 0            ; |Serial_Control_Module|lpm_mux2:inst11                                                                   ;              ;
;       |lpm_mux:lpm_mux_component|           ; 1 (0)             ; 0 (0)        ; 0           ; 0            ; 0       ; 0         ; 0    ; 0            ; |Serial_Control_Module|lpm_mux2:inst11|lpm_mux:lpm_mux_component                                         ;              ;
;          |mux_1qc:auto_generated|           ; 1 (1)             ; 0 (0)        ; 0           ; 0            ; 0       ; 0         ; 0    ; 0            ; |Serial_Control_Module|lpm_mux2:inst11|lpm_mux:lpm_mux_component|mux_1qc:auto_generated                  ; work         ;
;    |lpm_mux2:inst15|                        ; 1 (0)             ; 0 (0)        ; 0           ; 0            ; 0       ; 0         ; 0    ; 0            ; |Serial_Control_Module|lpm_mux2:inst15                                                                   ; work         ;
;       |lpm_mux:lpm_mux_component|           ; 1 (0)             ; 0 (0)        ; 0           ; 0            ; 0       ; 0         ; 0    ; 0            ; |Serial_Control_Module|lpm_mux2:inst15|lpm_mux:lpm_mux_component                                         ; work         ;
;          |mux_1qc:auto_generated|           ; 1 (1)             ; 0 (0)        ; 0           ; 0            ; 0       ; 0         ; 0    ; 0            ; |Serial_Control_Module|lpm_mux2:inst15|lpm_mux:lpm_mux_component|mux_1qc:auto_generated                  ; work         ;
;    |lpm_mux2:inst16|                        ; 1 (0)             ; 0 (0)        ; 0           ; 0            ; 0       ; 0         ; 0    ; 0            ; |Serial_Control_Module|lpm_mux2:inst16                                                                   ; work         ;
;       |lpm_mux:lpm_mux_component|           ; 1 (0)             ; 0 (0)        ; 0           ; 0            ; 0       ; 0         ; 0    ; 0            ; |Serial_Control_Module|lpm_mux2:inst16|lpm_mux:lpm_mux_component                                         ; work         ;
;          |mux_1qc:auto_generated|           ; 1 (1)             ; 0 (0)        ; 0           ; 0            ; 0       ; 0         ; 0    ; 0            ; |Serial_Control_Module|lpm_mux2:inst16|lpm_mux:lpm_mux_component|mux_1qc:auto_generated                  ; work         ;
;    |lpm_ram_dq0:inst53|                     ; 0 (0)             ; 0 (0)        ; 32768       ; 0            ; 0       ; 0         ; 0    ; 0            ; |Serial_Control_Module|lpm_ram_dq0:inst53                                                                ;              ;
;       |altsyncram:altsyncram_component|     ; 0 (0)             ; 0 (0)        ; 32768       ; 0            ; 0       ; 0         ; 0    ; 0            ; |Serial_Control_Module|lpm_ram_dq0:inst53|altsyncram:altsyncram_component                                ; work         ;
;          |altsyncram_c7j1:auto_generated|   ; 0 (0)             ; 0 (0)        ; 32768       ; 0            ; 0       ; 0         ; 0    ; 0            ; |Serial_Control_Module|lpm_ram_dq0:inst53|altsyncram:altsyncram_component|altsyncram_c7j1:auto_generated ; work         ;
;    |lpm_shiftreg15:inst|                    ; 0 (0)             ; 12 (0)       ; 0           ; 0            ; 0       ; 0         ; 0    ; 0            ; |Serial_Control_Module|lpm_shiftreg15:inst                                                               ; work         ;
;       |lpm_shiftreg:lpm_shiftreg_component| ; 0 (0)             ; 12 (12)      ; 0           ; 0            ; 0       ; 0         ; 0    ; 0            ; |Serial_Control_Module|lpm_shiftreg15:inst|lpm_shiftreg:lpm_shiftreg_component                           ; work         ;
+---------------------------------------------+-------------------+--------------+-------------+--------------+---------+-----------+------+--------------+----------------------------------------------------------------------------------------------------------+--------------+
Note: For table entries with two numbers listed, the numbers in parentheses indicate the number of resources of the given type used by the specific entity alone. The numbers listed outside of parentheses indicate the total resources of the given type used by the specific entity and all of its sub-entities in the hierarchy.


+-----------------------------------------------------------------------------------------------------------------------------------------------------------------------------------------------------+
; Analysis & Synthesis RAM Summary                                                                                                                                                                    ;
+----------------------------------------------------------------------------------------------+------+-------------+--------------+--------------+--------------+--------------+-------+-------------+
; Name                                                                                         ; Type ; Mode        ; Port A Depth ; Port A Width ; Port B Depth ; Port B Width ; Size  ; MIF         ;
+----------------------------------------------------------------------------------------------+------+-------------+--------------+--------------+--------------+--------------+-------+-------------+
; lpm_ram_dq0:inst53|altsyncram:altsyncram_component|altsyncram_c7j1:auto_generated|ALTSYNCRAM ; AUTO ; Single Port ; 8192         ; 4            ; --           ; --           ; 32768 ; Ser_RAM.mif ;
+----------------------------------------------------------------------------------------------+------+-------------+--------------+--------------+--------------+--------------+-------+-------------+


+------------------------------------------------------+
; General Register Statistics                          ;
+----------------------------------------------+-------+
; Statistic                                    ; Value ;
+----------------------------------------------+-------+
; Total registers                              ; 37    ;
; Number of registers using Synchronous Clear  ; 0     ;
; Number of registers using Synchronous Load   ; 13    ;
; Number of registers using Asynchronous Clear ; 25    ;
; Number of registers using Asynchronous Load  ; 0     ;
; Number of registers using Clock Enable       ; 13    ;
; Number of registers using Preset             ; 0     ;
+----------------------------------------------+-------+


+----------------------------------------------------------------------------------------------------------+
; Source assignments for lpm_ram_dq0:inst53|altsyncram:altsyncram_component|altsyncram_c7j1:auto_generated ;
+---------------------------------+--------------------+------+--------------------------------------------+
; Assignment                      ; Value              ; From ; To                                         ;
+---------------------------------+--------------------+------+--------------------------------------------+
; OPTIMIZE_POWER_DURING_SYNTHESIS ; NORMAL_COMPILATION ; -    ; -                                          ;
+---------------------------------+--------------------+------+--------------------------------------------+


+------------------------------------------------------------------------------+
; Source assignments for lpm_counter5:inst36|lpm_counter:lpm_counter_component ;
+---------------------------+-------+------+-----------------------------------+
; Assignment                ; Value ; From ; To                                ;
+---------------------------+-------+------+-----------------------------------+
; SUPPRESS_DA_RULE_INTERNAL ; a101  ; -    ; -                                 ;
; SUPPRESS_DA_RULE_INTERNAL ; s102  ; -    ; -                                 ;
; SUPPRESS_DA_RULE_INTERNAL ; s103  ; -    ; -                                 ;
+---------------------------+-------+------+-----------------------------------+


+-------------------------------------------------------------------------------------------------+
; Parameter Settings for User Entity Instance: lpm_ram_dq0:inst53|altsyncram:altsyncram_component ;
+------------------------------------+------------------------+-----------------------------------+
; Parameter Name                     ; Value                  ; Type                              ;
+------------------------------------+------------------------+-----------------------------------+
; BYTE_SIZE_BLOCK                    ; 8                      ; Untyped                           ;
; AUTO_CARRY_CHAINS                  ; ON                     ; AUTO_CARRY                        ;
; IGNORE_CARRY_BUFFERS               ; OFF                    ; IGNORE_CARRY                      ;
; AUTO_CASCADE_CHAINS                ; ON                     ; AUTO_CASCADE                      ;
; IGNORE_CASCADE_BUFFERS             ; OFF                    ; IGNORE_CASCADE                    ;
; WIDTH_BYTEENA                      ; 1                      ; Untyped                           ;
; OPERATION_MODE                     ; SINGLE_PORT            ; Untyped                           ;
; WIDTH_A                            ; 4                      ; Signed Integer                    ;
; WIDTHAD_A                          ; 13                     ; Signed Integer                    ;
; NUMWORDS_A                         ; 8192                   ; Signed Integer                    ;
; OUTDATA_REG_A                      ; UNREGISTERED           ; Untyped                           ;
; ADDRESS_ACLR_A                     ; NONE                   ; Untyped                           ;
; OUTDATA_ACLR_A                     ; NONE                   ; Untyped                           ;
; WRCONTROL_ACLR_A                   ; NONE                   ; Untyped                           ;
; INDATA_ACLR_A                      ; NONE                   ; Untyped                           ;
; BYTEENA_ACLR_A                     ; NONE                   ; Untyped                           ;
; WIDTH_B                            ; 1                      ; Untyped                           ;
; WIDTHAD_B                          ; 1                      ; Untyped                           ;
; NUMWORDS_B                         ; 1                      ; Untyped                           ;
; INDATA_REG_B                       ; CLOCK1                 ; Untyped                           ;
; WRCONTROL_WRADDRESS_REG_B          ; CLOCK1                 ; Untyped                           ;
; RDCONTROL_REG_B                    ; CLOCK1                 ; Untyped                           ;
; ADDRESS_REG_B                      ; CLOCK1                 ; Untyped                           ;
; OUTDATA_REG_B                      ; UNREGISTERED           ; Untyped                           ;
; BYTEENA_REG_B                      ; CLOCK1                 ; Untyped                           ;
; INDATA_ACLR_B                      ; NONE                   ; Untyped                           ;
; WRCONTROL_ACLR_B                   ; NONE                   ; Untyped                           ;
; ADDRESS_ACLR_B                     ; NONE                   ; Untyped                           ;
; OUTDATA_ACLR_B                     ; NONE                   ; Untyped                           ;
; RDCONTROL_ACLR_B                   ; NONE                   ; Untyped                           ;
; BYTEENA_ACLR_B                     ; NONE                   ; Untyped                           ;
; WIDTH_BYTEENA_A                    ; 1                      ; Signed Integer                    ;
; WIDTH_BYTEENA_B                    ; 1                      ; Untyped                           ;
; RAM_BLOCK_TYPE                     ; AUTO                   ; Untyped                           ;
; BYTE_SIZE                          ; 8                      ; Untyped                           ;
; READ_DURING_WRITE_MODE_MIXED_PORTS ; DONT_CARE              ; Untyped                           ;
; READ_DURING_WRITE_MODE_PORT_A      ; NEW_DATA_WITH_NBE_READ ; Untyped                           ;
; READ_DURING_WRITE_MODE_PORT_B      ; NEW_DATA_NO_NBE_READ   ; Untyped                           ;
; INIT_FILE                          ; Ser_RAM.mif            ; Untyped                           ;
; INIT_FILE_LAYOUT                   ; PORT_A                 ; Untyped                           ;
; MAXIMUM_DEPTH                      ; 0                      ; Untyped                           ;
; CLOCK_ENABLE_INPUT_A               ; BYPASS                 ; Untyped                           ;
; CLOCK_ENABLE_INPUT_B               ; NORMAL                 ; Untyped                           ;
; CLOCK_ENABLE_OUTPUT_A              ; BYPASS                 ; Untyped                           ;
; CLOCK_ENABLE_OUTPUT_B              ; NORMAL                 ; Untyped                           ;
; CLOCK_ENABLE_CORE_A                ; USE_INPUT_CLKEN        ; Untyped                           ;
; CLOCK_ENABLE_CORE_B                ; USE_INPUT_CLKEN        ; Untyped                           ;
; ENABLE_ECC                         ; FALSE                  ; Untyped                           ;
; DEVICE_FAMILY                      ; Cyclone III            ; Untyped                           ;
; CBXI_PARAMETER                     ; altsyncram_c7j1        ; Untyped                           ;
+------------------------------------+------------------------+-----------------------------------+
Note: In order to hide this table in the UI and the text report file, please set the "Show Parameter Settings Tables in Synthesis Report" option in "Analysis and Synthesis Settings -> More Settings" to "Off".


+----------------------------------------------------------------------------------------------------+
; Parameter Settings for User Entity Instance: lpm_counter5:inst36|lpm_counter:lpm_counter_component ;
+------------------------+-------------+-------------------------------------------------------------+
; Parameter Name         ; Value       ; Type                                                        ;
+------------------------+-------------+-------------------------------------------------------------+
; AUTO_CARRY_CHAINS      ; ON          ; AUTO_CARRY                                                  ;
; IGNORE_CARRY_BUFFERS   ; OFF         ; IGNORE_CARRY                                                ;
; AUTO_CASCADE_CHAINS    ; ON          ; AUTO_CASCADE                                                ;
; IGNORE_CASCADE_BUFFERS ; OFF         ; IGNORE_CASCADE                                              ;
; LPM_WIDTH              ; 13          ; Signed Integer                                              ;
; LPM_DIRECTION          ; UP          ; Untyped                                                     ;
; LPM_MODULUS            ; 0           ; Untyped                                                     ;
; LPM_AVALUE             ; UNUSED      ; Untyped                                                     ;
; LPM_SVALUE             ; UNUSED      ; Untyped                                                     ;
; LPM_PORT_UPDOWN        ; PORT_UNUSED ; Untyped                                                     ;
; DEVICE_FAMILY          ; Cyclone III ; Untyped                                                     ;
; CARRY_CHAIN            ; MANUAL      ; Untyped                                                     ;
; CARRY_CHAIN_LENGTH     ; 48          ; CARRY_CHAIN_LENGTH                                          ;
; NOT_GATE_PUSH_BACK     ; ON          ; NOT_GATE_PUSH_BACK                                          ;
; CARRY_CNT_EN           ; SMART       ; Untyped                                                     ;
; LABWIDE_SCLR           ; ON          ; Untyped                                                     ;
; USE_NEW_VERSION        ; TRUE        ; Untyped                                                     ;
; CBXI_PARAMETER         ; cntr_uaj    ; Untyped                                                     ;
+------------------------+-------------+-------------------------------------------------------------+
Note: In order to hide this table in the UI and the text report file, please set the "Show Parameter Settings Tables in Synthesis Report" option in "Analysis and Synthesis Settings -> More Settings" to "Off".


+----------------------------------------------------------------------------------------+
; Parameter Settings for User Entity Instance: lpm_mux2:inst11|lpm_mux:lpm_mux_component ;
+------------------------+-------------+-------------------------------------------------+
; Parameter Name         ; Value       ; Type                                            ;
+------------------------+-------------+-------------------------------------------------+
; AUTO_CARRY_CHAINS      ; ON          ; AUTO_CARRY                                      ;
; IGNORE_CARRY_BUFFERS   ; OFF         ; IGNORE_CARRY                                    ;
; AUTO_CASCADE_CHAINS    ; ON          ; AUTO_CASCADE                                    ;
; IGNORE_CASCADE_BUFFERS ; OFF         ; IGNORE_CASCADE                                  ;
; LPM_WIDTH              ; 1           ; Signed Integer                                  ;
; LPM_SIZE               ; 4           ; Signed Integer                                  ;
; LPM_WIDTHS             ; 2           ; Signed Integer                                  ;
; LPM_PIPELINE           ; 0           ; Untyped                                         ;
; CBXI_PARAMETER         ; mux_1qc     ; Untyped                                         ;
; DEVICE_FAMILY          ; Cyclone III ; Untyped                                         ;
+------------------------+-------------+-------------------------------------------------+
Note: In order to hide this table in the UI and the text report file, please set the "Show Parameter Settings Tables in Synthesis Report" option in "Analysis and Synthesis Settings -> More Settings" to "Off".


+----------------------------------------------------------------------------------------+
; Parameter Settings for User Entity Instance: lpm_mux2:inst15|lpm_mux:lpm_mux_component ;
+------------------------+-------------+-------------------------------------------------+
; Parameter Name         ; Value       ; Type                                            ;
+------------------------+-------------+-------------------------------------------------+
; AUTO_CARRY_CHAINS      ; ON          ; AUTO_CARRY                                      ;
; IGNORE_CARRY_BUFFERS   ; OFF         ; IGNORE_CARRY                                    ;
; AUTO_CASCADE_CHAINS    ; ON          ; AUTO_CASCADE                                    ;
; IGNORE_CASCADE_BUFFERS ; OFF         ; IGNORE_CASCADE                                  ;
; LPM_WIDTH              ; 1           ; Signed Integer                                  ;
; LPM_SIZE               ; 4           ; Signed Integer                                  ;
; LPM_WIDTHS             ; 2           ; Signed Integer                                  ;
; LPM_PIPELINE           ; 0           ; Untyped                                         ;
; CBXI_PARAMETER         ; mux_1qc     ; Untyped                                         ;
; DEVICE_FAMILY          ; Cyclone III ; Untyped                                         ;
+------------------------+-------------+-------------------------------------------------+
Note: In order to hide this table in the UI and the text report file, please set the "Show Parameter Settings Tables in Synthesis Report" option in "Analysis and Synthesis Settings -> More Settings" to "Off".


+----------------------------------------------------------------------------------------+
; Parameter Settings for User Entity Instance: lpm_mux2:inst16|lpm_mux:lpm_mux_component ;
+------------------------+-------------+-------------------------------------------------+
; Parameter Name         ; Value       ; Type                                            ;
+------------------------+-------------+-------------------------------------------------+
; AUTO_CARRY_CHAINS      ; ON          ; AUTO_CARRY                                      ;
; IGNORE_CARRY_BUFFERS   ; OFF         ; IGNORE_CARRY                                    ;
; AUTO_CASCADE_CHAINS    ; ON          ; AUTO_CASCADE                                    ;
; IGNORE_CASCADE_BUFFERS ; OFF         ; IGNORE_CASCADE                                  ;
; LPM_WIDTH              ; 1           ; Signed Integer                                  ;
; LPM_SIZE               ; 4           ; Signed Integer                                  ;
; LPM_WIDTHS             ; 2           ; Signed Integer                                  ;
; LPM_PIPELINE           ; 0           ; Untyped                                         ;
; CBXI_PARAMETER         ; mux_1qc     ; Untyped                                         ;
; DEVICE_FAMILY          ; Cyclone III ; Untyped                                         ;
+------------------------+-------------+-------------------------------------------------+
Note: In order to hide this table in the UI and the text report file, please set the "Show Parameter Settings Tables in Synthesis Report" option in "Analysis and Synthesis Settings -> More Settings" to "Off".


+------------------------------------------------------------------------------------------------------+
; Parameter Settings for User Entity Instance: lpm_shiftreg15:inst|lpm_shiftreg:lpm_shiftreg_component ;
+------------------------+-------------+---------------------------------------------------------------+
; Parameter Name         ; Value       ; Type                                                          ;
+------------------------+-------------+---------------------------------------------------------------+
; LPM_WIDTH              ; 12          ; Signed Integer                                                ;
; LPM_DIRECTION          ; LEFT        ; Untyped                                                       ;
; LPM_AVALUE             ; UNUSED      ; Untyped                                                       ;
; LPM_SVALUE             ; UNUSED      ; Untyped                                                       ;
; DEVICE_FAMILY          ; Cyclone III ; Untyped                                                       ;
; AUTO_CARRY_CHAINS      ; ON          ; AUTO_CARRY                                                    ;
; IGNORE_CARRY_BUFFERS   ; OFF         ; IGNORE_CARRY                                                  ;
; AUTO_CASCADE_CHAINS    ; ON          ; AUTO_CASCADE                                                  ;
; IGNORE_CASCADE_BUFFERS ; OFF         ; IGNORE_CASCADE                                                ;
+------------------------+-------------+---------------------------------------------------------------+
Note: In order to hide this table in the UI and the text report file, please set the "Show Parameter Settings Tables in Synthesis Report" option in "Analysis and Synthesis Settings -> More Settings" to "Off".


+------------------------------------------------------------------------------------------------+
; altsyncram Parameter Settings by Entity Instance                                               ;
+-------------------------------------------+----------------------------------------------------+
; Name                                      ; Value                                              ;
+-------------------------------------------+----------------------------------------------------+
; Number of entity instances                ; 1                                                  ;
; Entity Instance                           ; lpm_ram_dq0:inst53|altsyncram:altsyncram_component ;
;     -- OPERATION_MODE                     ; SINGLE_PORT                                        ;
;     -- WIDTH_A                            ; 4                                                  ;
;     -- NUMWORDS_A                         ; 8192                                               ;
;     -- OUTDATA_REG_A                      ; UNREGISTERED                                       ;
;     -- WIDTH_B                            ; 1                                                  ;
;     -- NUMWORDS_B                         ; 1                                                  ;
;     -- ADDRESS_REG_B                      ; CLOCK1                                             ;
;     -- OUTDATA_REG_B                      ; UNREGISTERED                                       ;
;     -- RAM_BLOCK_TYPE                     ; AUTO                                               ;
;     -- READ_DURING_WRITE_MODE_MIXED_PORTS ; DONT_CARE                                          ;
+-------------------------------------------+----------------------------------------------------+


+--------------------------------------------------------------------------------------+
; lpm_shiftreg Parameter Settings by Entity Instance                                   ;
+----------------------------+---------------------------------------------------------+
; Name                       ; Value                                                   ;
+----------------------------+---------------------------------------------------------+
; Number of entity instances ; 1                                                       ;
; Entity Instance            ; lpm_shiftreg15:inst|lpm_shiftreg:lpm_shiftreg_component ;
;     -- LPM_WIDTH           ; 12                                                      ;
;     -- LPM_DIRECTION       ; LEFT                                                    ;
+----------------------------+---------------------------------------------------------+


+-------------------------------+
; Analysis & Synthesis Messages ;
+-------------------------------+
Info: *******************************************************************
Info: Running Quartus II Analysis & Synthesis
    Info: Version 9.1 Build 222 10/21/2009 SJ Full Version
    Info: Processing started: Mon Mar 14 13:24:09 2011
Info: Command: quartus_map --read_settings_files=on --write_settings_files=off Serial_Control_Module -c Serial_Control_Module
Info: Only one processor detected - disabling parallel compilation
Info: Found 1 design units, including 1 entities, in source file serial_control_module.bdf
    Info: Found entity 1: Serial_Control_Module
Info: Elaborating entity "Serial_Control_Module" for the top level hierarchy
Warning: Pin "Rd_n" not connected
Warning: Using design file lpm_ram_dq0.v, which is not specified as a design file for the current project, but contains definitions for 1 design units and 1 entities in project
    Info: Found entity 1: lpm_ram_dq0
Info: Elaborating entity "lpm_ram_dq0" for hierarchy "lpm_ram_dq0:inst53"
Info: Elaborating entity "altsyncram" for hierarchy "lpm_ram_dq0:inst53|altsyncram:altsyncram_component"
Info: Elaborated megafunction instantiation "lpm_ram_dq0:inst53|altsyncram:altsyncram_component"
Info: Instantiated megafunction "lpm_ram_dq0:inst53|altsyncram:altsyncram_component" with the following parameter:
    Info: Parameter "clock_enable_input_a" = "BYPASS"
    Info: Parameter "clock_enable_output_a" = "BYPASS"
    Info: Parameter "init_file" = "Ser_RAM.mif"
    Info: Parameter "intended_device_family" = "Cyclone III"
    Info: Parameter "lpm_hint" = "ENABLE_RUNTIME_MOD=NO"
    Info: Parameter "lpm_type" = "altsyncram"
    Info: Parameter "numwords_a" = "8192"
    Info: Parameter "operation_mode" = "SINGLE_PORT"
    Info: Parameter "outdata_aclr_a" = "NONE"
    Info: Parameter "outdata_reg_a" = "UNREGISTERED"
    Info: Parameter "power_up_uninitialized" = "FALSE"
    Info: Parameter "read_during_write_mode_port_a" = "NEW_DATA_WITH_NBE_READ"
    Info: Parameter "widthad_a" = "13"
    Info: Parameter "width_a" = "4"
    Info: Parameter "width_byteena_a" = "1"
Info: Found 1 design units, including 1 entities, in source file db/altsyncram_c7j1.tdf
    Info: Found entity 1: altsyncram_c7j1
Info: Elaborating entity "altsyncram_c7j1" for hierarchy "lpm_ram_dq0:inst53|altsyncram:altsyncram_component|altsyncram_c7j1:auto_generated"
Warning: Using design file lpm_counter5.v, which is not specified as a design file for the current project, but contains definitions for 1 design units and 1 entities in project
    Info: Found entity 1: lpm_counter5
Info: Elaborating entity "lpm_counter5" for hierarchy "lpm_counter5:inst36"
Info: Elaborating entity "lpm_counter" for hierarchy "lpm_counter5:inst36|lpm_counter:lpm_counter_component"
Info: Elaborated megafunction instantiation "lpm_counter5:inst36|lpm_counter:lpm_counter_component"
Info: Instantiated megafunction "lpm_counter5:inst36|lpm_counter:lpm_counter_component" with the following parameter:
    Info: Parameter "lpm_direction" = "UP"
    Info: Parameter "lpm_port_updown" = "PORT_UNUSED"
    Info: Parameter "lpm_type" = "LPM_COUNTER"
    Info: Parameter "lpm_width" = "13"
Info: Found 1 design units, including 1 entities, in source file db/cntr_uaj.tdf
    Info: Found entity 1: cntr_uaj
Info: Elaborating entity "cntr_uaj" for hierarchy "lpm_counter5:inst36|lpm_counter:lpm_counter_component|cntr_uaj:auto_generated"
Warning: Using design file lpm_mux2.v, which is not specified as a design file for the current project, but contains definitions for 1 design units and 1 entities in project
    Info: Found entity 1: lpm_mux2
Info: Elaborating entity "lpm_mux2" for hierarchy "lpm_mux2:inst11"
Info: Elaborating entity "lpm_mux" for hierarchy "lpm_mux2:inst11|lpm_mux:lpm_mux_component"
Info: Elaborated megafunction instantiation "lpm_mux2:inst11|lpm_mux:lpm_mux_component"
Info: Instantiated megafunction "lpm_mux2:inst11|lpm_mux:lpm_mux_component" with the following parameter:
    Info: Parameter "lpm_size" = "4"
    Info: Parameter "lpm_type" = "LPM_MUX"
    Info: Parameter "lpm_width" = "1"
    Info: Parameter "lpm_widths" = "2"
Info: Found 1 design units, including 1 entities, in source file db/mux_1qc.tdf
    Info: Found entity 1: mux_1qc
Info: Elaborating entity "mux_1qc" for hierarchy "lpm_mux2:inst11|lpm_mux:lpm_mux_component|mux_1qc:auto_generated"
Warning: Using design file lpm_shiftreg15.v, which is not specified as a design file for the current project, but contains definitions for 1 design units and 1 entities in project
    Info: Found entity 1: lpm_shiftreg15
Info: Elaborating entity "lpm_shiftreg15" for hierarchy "lpm_shiftreg15:inst"
Info: Elaborating entity "lpm_shiftreg" for hierarchy "lpm_shiftreg15:inst|lpm_shiftreg:lpm_shiftreg_component"
Info: Elaborated megafunction instantiation "lpm_shiftreg15:inst|lpm_shiftreg:lpm_shiftreg_component"
Info: Instantiated megafunction "lpm_shiftreg15:inst|lpm_shiftreg:lpm_shiftreg_component" with the following parameter:
    Info: Parameter "lpm_direction" = "LEFT"
    Info: Parameter "lpm_type" = "LPM_SHIFTREG"
    Info: Parameter "lpm_width" = "12"
Warning: Timing-Driven Synthesis is skipped because the Classic Timing Analyzer is turned on
Warning: Design contains 1 input pin(s) that do not drive logic
    Warning (15610): No output dependent on input pin "Rd_n"
Info: Implemented 93 device resources after synthesis - the final resource count might be different
    Info: Implemented 15 input pins
    Info: Implemented 27 output pins
    Info: Implemented 47 logic cells
    Info: Implemented 4 RAM segments
Info: Quartus II Analysis & Synthesis was successful. 0 errors, 8 warnings
    Info: Peak virtual memory: 179 megabytes
    Info: Processing ended: Mon Mar 14 13:24:14 2011
    Info: Elapsed time: 00:00:05
    Info: Total CPU time (on all processors): 00:00:03


