Flow report for Serial_Control_Module
Mon Mar 14 13:24:36 2011
Quartus II Version 9.1 Build 222 10/21/2009 SJ Full Version


---------------------
; Table of Contents ;
---------------------
  1. Legal Notice
  2. Flow Summary
  3. Flow Settings
  4. Flow Non-Default Global Settings
  5. Flow Elapsed Time
  6. Flow OS Summary
  7. Flow Log



----------------
; Legal Notice ;
----------------
Copyright (C) 1991-2009 Altera Corporation
Your use of Altera Corporation's design tools, logic functions 
and other software and tools, and its AMPP partner logic 
functions, and any output files from any of the foregoing 
(including device programming or simulation files), and any 
associated documentation or information are expressly subject 
to the terms and conditions of the Altera Program License 
Subscription Agreement, Altera MegaCore Function License 
Agreement, or other applicable license agreement, including, 
without limitation, that your use is for the sole purpose of 
programming logic devices manufactured by Altera and sold by 
Altera or its authorized distributors.  Please refer to the 
applicable agreement for further details.



+-------------------------------------------------------------------------------+
; Flow Summary                                                                  ;
+------------------------------------+------------------------------------------+
; Flow Status                        ; Successful - Mon Mar 14 13:24:35 2011    ;
; Quartus II Version                 ; 9.1 Build 222 10/21/2009 SJ Full Version ;
; Revision Name                      ; Serial_Control_Module                    ;
; Top-level Entity Name              ; Serial_Control_Module                    ;
; Family                             ; Cyclone III                              ;
; Device                             ; EP3C5F256C6                              ;
; Timing Models                      ; Final                                    ;
; Met timing requirements            ; Yes                                      ;
; Total logic elements               ; 46 / 5,136 ( < 1 % )                     ;
;     Total combinational functions  ; 33 / 5,136 ( < 1 % )                     ;
;     Dedicated logic registers      ; 37 / 5,136 ( < 1 % )                     ;
; Total registers                    ; 37                                       ;
; Total pins                         ; 42 / 183 ( 23 % )                        ;
; Total virtual pins                 ; 0                                        ;
; Total memory bits                  ; 32,768 / 423,936 ( 8 % )                 ;
; Embedded Multiplier 9-bit elements ; 0 / 46 ( 0 % )                           ;
; Total PLLs                         ; 0 / 2 ( 0 % )                            ;
+------------------------------------+------------------------------------------+


+-------------------------------------------+
; Flow Settings                             ;
+-------------------+-----------------------+
; Option            ; Setting               ;
+-------------------+-----------------------+
; Start date & time ; 03/14/2011 13:24:10   ;
; Main task         ; Compilation           ;
; Revision Name     ; Serial_Control_Module ;
+-------------------+-----------------------+


+------------------------------------------------------------------------------------------------------------------+
; Flow Non-Default Global Settings                                                                                 ;
+------------------------------------+------------------------------+---------------+-------------+----------------+
; Assignment Name                    ; Value                        ; Default Value ; Entity Name ; Section Id     ;
+------------------------------------+------------------------------+---------------+-------------+----------------+
; COMPILER_SIGNATURE_ID              ; 124706763637.130013425003116 ; --            ; --          ; --             ;
; CYCLONEII_OPTIMIZATION_TECHNIQUE   ; Area                         ; Balanced      ; --          ; --             ;
; ENABLE_ADVANCED_IO_TIMING          ; On                           ; --            ; --          ; --             ;
; MAX_CORE_JUNCTION_TEMP             ; 85                           ; --            ; --          ; --             ;
; MIN_CORE_JUNCTION_TEMP             ; 0                            ; --            ; --          ; --             ;
; NOMINAL_CORE_SUPPLY_VOLTAGE        ; 1.2V                         ; --            ; --          ; --             ;
; PARTITION_COLOR                    ; 16764057                     ; --            ; --          ; Top            ;
; PARTITION_NETLIST_TYPE             ; SOURCE                       ; --            ; --          ; Top            ;
; USE_GENERATED_PHYSICAL_CONSTRAINTS ; Off                          ; --            ; --          ; eda_blast_fpga ;
; USE_TIMEQUEST_TIMING_ANALYZER      ; Off                          ; On            ; --          ; --             ;
+------------------------------------+------------------------------+---------------+-------------+----------------+


+-----------------------------------------------------------------------------------------------------------------------------+
; Flow Elapsed Time                                                                                                           ;
+-------------------------+--------------+-------------------------+---------------------+------------------------------------+
; Module Name             ; Elapsed Time ; Average Processors Used ; Peak Virtual Memory ; Total CPU Time (on all processors) ;
+-------------------------+--------------+-------------------------+---------------------+------------------------------------+
; Analysis & Synthesis    ; 00:00:04     ; 1.0                     ; 179 MB              ; 00:00:03                           ;
; Fitter                  ; 00:00:12     ; 1.0                     ; 194 MB              ; 00:00:10                           ;
; Assembler               ; 00:00:03     ; 1.0                     ; 164 MB              ; 00:00:03                           ;
; Classic Timing Analyzer ; 00:00:01     ; 1.0                     ; 125 MB              ; 00:00:01                           ;
; Total                   ; 00:00:20     ; --                      ; --                  ; 00:00:17                           ;
+-------------------------+--------------+-------------------------+---------------------+------------------------------------+


+---------------------------------------------------------------------------------------+
; Flow OS Summary                                                                       ;
+-------------------------+------------------+------------+------------+----------------+
; Module Name             ; Machine Hostname ; OS Name    ; OS Version ; Processor type ;
+-------------------------+------------------+------------+------------+----------------+
; Analysis & Synthesis    ; AMSNVD-725JYB1   ; Windows XP ; 5.1        ; i1586          ;
; Fitter                  ; AMSNVD-725JYB1   ; Windows XP ; 5.1        ; i1586          ;
; Assembler               ; AMSNVD-725JYB1   ; Windows XP ; 5.1        ; i1586          ;
; Classic Timing Analyzer ; AMSNVD-725JYB1   ; Windows XP ; 5.1        ; i1586          ;
+-------------------------+------------------+------------+------------+----------------+


------------
; Flow Log ;
------------
quartus_map --read_settings_files=on --write_settings_files=off Serial_Control_Module -c Serial_Control_Module
quartus_fit --read_settings_files=off --write_settings_files=off Serial_Control_Module -c Serial_Control_Module
quartus_asm --read_settings_files=off --write_settings_files=off Serial_Control_Module -c Serial_Control_Module
quartus_tan --read_settings_files=off --write_settings_files=off Serial_Control_Module -c Serial_Control_Module --timing_analysis_only



