Flow report for Serial_Clocks_Generator
Tue Mar 15 15:49:46 2011
Quartus II Version 9.1 Build 222 10/21/2009 SJ Full Version


---------------------
; Table of Contents ;
---------------------
  1. Legal Notice
  2. Flow Summary
  3. Flow Settings
  4. Flow Non-Default Global Settings
  5. Flow Elapsed Time
  6. Flow OS Summary
  7. Flow Log



----------------
; Legal Notice ;
----------------
Copyright (C) 1991-2009 Altera Corporation
Your use of Altera Corporation's design tools, logic functions 
and other software and tools, and its AMPP partner logic 
functions, and any output files from any of the foregoing 
(including device programming or simulation files), and any 
associated documentation or information are expressly subject 
to the terms and conditions of the Altera Program License 
Subscription Agreement, Altera MegaCore Function License 
Agreement, or other applicable license agreement, including, 
without limitation, that your use is for the sole purpose of 
programming logic devices manufactured by Altera and sold by 
Altera or its authorized distributors.  Please refer to the 
applicable agreement for further details.



+-------------------------------------------------------------------------------+
; Flow Summary                                                                  ;
+------------------------------------+------------------------------------------+
; Flow Status                        ; Successful - Tue Mar 15 15:49:40 2011    ;
; Quartus II Version                 ; 9.1 Build 222 10/21/2009 SJ Full Version ;
; Revision Name                      ; Serial_Clocks_Generator                  ;
; Top-level Entity Name              ; serial_clocks_generator                  ;
; Family                             ; Cyclone III                              ;
; Met timing requirements            ; N/A                                      ;
; Total logic elements               ; 351 / 5,136 ( 7 % )                      ;
;     Total combinational functions  ; 246 / 5,136 ( 5 % )                      ;
;     Dedicated logic registers      ; 300 / 5,136 ( 6 % )                      ;
; Total registers                    ; 300                                      ;
; Total pins                         ; 58 / 183 ( 32 % )                        ;
; Total virtual pins                 ; 0                                        ;
; Total memory bits                  ; 0 / 423,936 ( 0 % )                      ;
; Embedded Multiplier 9-bit elements ; 0 / 46 ( 0 % )                           ;
; Total PLLs                         ; 0 / 2 ( 0 % )                            ;
; Device                             ; EP3C5F256C6                              ;
; Timing Models                      ; Final                                    ;
+------------------------------------+------------------------------------------+


+---------------------------------------------+
; Flow Settings                               ;
+-------------------+-------------------------+
; Option            ; Setting                 ;
+-------------------+-------------------------+
; Start date & time ; 03/15/2011 15:49:11     ;
; Main task         ; Compilation             ;
; Revision Name     ; Serial_Clocks_Generator ;
+-------------------+-------------------------+


+------------------------------------------------------------------------------------------------------------------+
; Flow Non-Default Global Settings                                                                                 ;
+------------------------------------+------------------------------+---------------+-------------+----------------+
; Assignment Name                    ; Value                        ; Default Value ; Entity Name ; Section Id     ;
+------------------------------------+------------------------------+---------------+-------------+----------------+
; COMPILER_SIGNATURE_ID              ; 124706763637.130022935002196 ; --            ; --          ; --             ;
; IP_TOOL_NAME                       ; LPM_COUNTER                  ; --            ; --          ; --             ;
; IP_TOOL_VERSION                    ; 9.0                          ; --            ; --          ; --             ;
; MAX_CORE_JUNCTION_TEMP             ; 85                           ; --            ; --          ; --             ;
; MIN_CORE_JUNCTION_TEMP             ; 0                            ; --            ; --          ; --             ;
; MISC_FILE                          ; lpm_counter33.tdf            ; --            ; --          ; --             ;
; MISC_FILE                          ; lpm_counter33.bsf            ; --            ; --          ; --             ;
; MISC_FILE                          ; lpm_counter33.inc            ; --            ; --          ; --             ;
; PARTITION_COLOR                    ; 16764057                     ; --            ; --          ; Top            ;
; PARTITION_NETLIST_TYPE             ; SOURCE                       ; --            ; --          ; Top            ;
; USE_GENERATED_PHYSICAL_CONSTRAINTS ; Off                          ; --            ; --          ; eda_blast_fpga ;
+------------------------------------+------------------------------+---------------+-------------+----------------+


+-------------------------------------------------------------------------------------------------------------------------------+
; Flow Elapsed Time                                                                                                             ;
+---------------------------+--------------+-------------------------+---------------------+------------------------------------+
; Module Name               ; Elapsed Time ; Average Processors Used ; Peak Virtual Memory ; Total CPU Time (on all processors) ;
+---------------------------+--------------+-------------------------+---------------------+------------------------------------+
; Analysis & Synthesis      ; 00:00:07     ; 1.0                     ; 180 MB              ; 00:00:07                           ;
; Fitter                    ; 00:00:14     ; 1.0                     ; 220 MB              ; 00:00:13                           ;
; TimeQuest Timing Analyzer ; 00:00:10     ; 1.0                     ; 163 MB              ; 00:00:06                           ;
; Assembler                 ; 00:00:04     ; 1.0                     ; 164 MB              ; 00:00:03                           ;
; Total                     ; 00:00:31     ; --                      ; --                  ; 00:00:26                           ;
+---------------------------+--------------+-------------------------+---------------------+------------------------------------+


+-----------------------------------------------------------------------------------------+
; Flow OS Summary                                                                         ;
+---------------------------+------------------+------------+------------+----------------+
; Module Name               ; Machine Hostname ; OS Name    ; OS Version ; Processor type ;
+---------------------------+------------------+------------+------------+----------------+
; Analysis & Synthesis      ; AMSNVD-725JYB1   ; Windows XP ; 5.1        ; i1586          ;
; Fitter                    ; AMSNVD-725JYB1   ; Windows XP ; 5.1        ; i1586          ;
; Assembler                 ; AMSNVD-725JYB1   ; Windows XP ; 5.1        ; i1586          ;
; TimeQuest Timing Analyzer ; AMSNVD-725JYB1   ; Windows XP ; 5.1        ; i1586          ;
+---------------------------+------------------+------------+------------+----------------+


------------
; Flow Log ;
------------
quartus_map --read_settings_files=on --write_settings_files=off Serial_Clocks_Generator -c Serial_Clocks_Generator
quartus_fit --read_settings_files=off --write_settings_files=off Serial_Clocks_Generator -c Serial_Clocks_Generator
quartus_asm --read_settings_files=off --write_settings_files=off Serial_Clocks_Generator -c Serial_Clocks_Generator
quartus_sta Serial_Clocks_Generator -c Serial_Clocks_Generator



