Analysis & Synthesis report for SRG_Flashing_Module
Fri May 22 15:21:54 2009
Quartus II Version 8.1 Build 163 10/28/2008 SJ Full Version


---------------------
; Table of Contents ;
---------------------
  1. Legal Notice
  2. Analysis & Synthesis Summary
  3. Analysis & Synthesis Settings
  4. Analysis & Synthesis Source Files Read
  5. Analysis & Synthesis Resource Usage Summary
  6. Analysis & Synthesis Resource Utilization by Entity
  7. Registers Removed During Synthesis
  8. General Register Statistics
  9. Inverted Register Statistics
 10. Source assignments for lpm_counter20:inst|lpm_counter:lpm_counter_component
 11. Source assignments for lpm_counter27:inst10|lpm_counter:lpm_counter_component
 12. Source assignments for lpm_counter28:inst11|lpm_counter:lpm_counter_component
 13. Parameter Settings for User Entity Instance: lpm_counter20:inst|lpm_counter:lpm_counter_component
 14. Parameter Settings for User Entity Instance: lpm_constant4:inst3|lpm_constant:lpm_constant_component
 15. Parameter Settings for User Entity Instance: lpm_shiftreg6:inst7|lpm_shiftreg:lpm_shiftreg_component
 16. Parameter Settings for User Entity Instance: lpm_counter27:inst10|lpm_counter:lpm_counter_component
 17. Parameter Settings for User Entity Instance: lpm_counter28:inst11|lpm_counter:lpm_counter_component
 18. lpm_shiftreg Parameter Settings by Entity Instance
 19. Analysis & Synthesis Messages



----------------
; Legal Notice ;
----------------
Copyright (C) 1991-2008 Altera Corporation
Your use of Altera Corporation's design tools, logic functions 
and other software and tools, and its AMPP partner logic 
functions, and any output files from any of the foregoing 
(including device programming or simulation files), and any 
associated documentation or information are expressly subject 
to the terms and conditions of the Altera Program License 
Subscription Agreement, Altera MegaCore Function License 
Agreement, or other applicable license agreement, including, 
without limitation, that your use is for the sole purpose of 
programming logic devices manufactured by Altera and sold by 
Altera or its authorized distributors.  Please refer to the 
applicable agreement for further details.



+-------------------------------------------------------------------------------+
; Analysis & Synthesis Summary                                                  ;
+------------------------------------+------------------------------------------+
; Analysis & Synthesis Status        ; Successful - Fri May 22 15:21:54 2009    ;
; Quartus II Version                 ; 8.1 Build 163 10/28/2008 SJ Full Version ;
; Revision Name                      ; SRG_Flashing_Module                      ;
; Top-level Entity Name              ; SRG_Flashing_Module                      ;
; Family                             ; Cyclone III                              ;
; Total logic elements               ; 47                                       ;
;     Total combinational functions  ; 46                                       ;
;     Dedicated logic registers      ; 47                                       ;
; Total registers                    ; 47                                       ;
; Total pins                         ; 18                                       ;
; Total virtual pins                 ; 0                                        ;
; Total memory bits                  ; 0                                        ;
; Embedded Multiplier 9-bit elements ; 0                                        ;
; Total PLLs                         ; 0                                        ;
+------------------------------------+------------------------------------------+


+------------------------------------------------------------------------------------------------------------+
; Analysis & Synthesis Settings                                                                              ;
+----------------------------------------------------------------+---------------------+---------------------+
; Option                                                         ; Setting             ; Default Value       ;
+----------------------------------------------------------------+---------------------+---------------------+
; Device                                                         ; EP3C16F256C6        ;                     ;
; Top-level entity name                                          ; SRG_Flashing_Module ; SRG_Flashing_Module ;
; Family name                                                    ; Cyclone III         ; Stratix II          ;
; Use Generated Physical Constraints File                        ; Off                 ;                     ;
; Use smart compilation                                          ; Off                 ; Off                 ;
; Restructure Multiplexers                                       ; Auto                ; Auto                ;
; Create Debugging Nodes for IP Cores                            ; Off                 ; Off                 ;
; Preserve fewer node names                                      ; On                  ; On                  ;
; Disable OpenCore Plus hardware evaluation                      ; Off                 ; Off                 ;
; Verilog Version                                                ; Verilog_2001        ; Verilog_2001        ;
; VHDL Version                                                   ; VHDL93              ; VHDL93              ;
; State Machine Processing                                       ; Auto                ; Auto                ;
; Safe State Machine                                             ; Off                 ; Off                 ;
; Extract Verilog State Machines                                 ; On                  ; On                  ;
; Extract VHDL State Machines                                    ; On                  ; On                  ;
; Ignore Verilog initial constructs                              ; Off                 ; Off                 ;
; Iteration limit for constant Verilog loops                     ; 5000                ; 5000                ;
; Iteration limit for non-constant Verilog loops                 ; 250                 ; 250                 ;
; Add Pass-Through Logic to Inferred RAMs                        ; On                  ; On                  ;
; Parallel Synthesis                                             ; Off                 ; Off                 ;
; DSP Block Balancing                                            ; Auto                ; Auto                ;
; NOT Gate Push-Back                                             ; On                  ; On                  ;
; Power-Up Don't Care                                            ; On                  ; On                  ;
; Remove Redundant Logic Cells                                   ; Off                 ; Off                 ;
; Remove Duplicate Registers                                     ; On                  ; On                  ;
; Ignore CARRY Buffers                                           ; Off                 ; Off                 ;
; Ignore CASCADE Buffers                                         ; Off                 ; Off                 ;
; Ignore GLOBAL Buffers                                          ; Off                 ; Off                 ;
; Ignore ROW GLOBAL Buffers                                      ; Off                 ; Off                 ;
; Ignore LCELL Buffers                                           ; Off                 ; Off                 ;
; Ignore SOFT Buffers                                            ; On                  ; On                  ;
; Limit AHDL Integers to 32 Bits                                 ; Off                 ; Off                 ;
; Optimization Technique                                         ; Balanced            ; Balanced            ;
; Carry Chain Length                                             ; 70                  ; 70                  ;
; Auto Carry Chains                                              ; On                  ; On                  ;
; Auto Open-Drain Pins                                           ; On                  ; On                  ;
; Perform WYSIWYG Primitive Resynthesis                          ; Off                 ; Off                 ;
; Perform gate-level register retiming                           ; Off                 ; Off                 ;
; Allow register retiming to trade off Tsu/Tco with Fmax         ; On                  ; On                  ;
; Auto ROM Replacement                                           ; On                  ; On                  ;
; Auto RAM Replacement                                           ; On                  ; On                  ;
; Auto DSP Block Replacement                                     ; On                  ; On                  ;
; Auto Shift Register Replacement                                ; Auto                ; Auto                ;
; Auto Clock Enable Replacement                                  ; On                  ; On                  ;
; Strict RAM Replacement                                         ; Off                 ; Off                 ;
; Allow Synchronous Control Signals                              ; On                  ; On                  ;
; Force Use of Synchronous Clear Signals                         ; Off                 ; Off                 ;
; Auto RAM Block Balancing                                       ; On                  ; On                  ;
; Auto RAM to Logic Cell Conversion                              ; Off                 ; Off                 ;
; Auto Resource Sharing                                          ; Off                 ; Off                 ;
; Allow Any RAM Size For Recognition                             ; Off                 ; Off                 ;
; Allow Any ROM Size For Recognition                             ; Off                 ; Off                 ;
; Allow Any Shift Register Size For Recognition                  ; Off                 ; Off                 ;
; Use LogicLock Constraints during Resource Balancing            ; On                  ; On                  ;
; Ignore translate_off and synthesis_off directives              ; Off                 ; Off                 ;
; Show Parameter Settings Tables in Synthesis Report             ; On                  ; On                  ;
; Ignore Maximum Fan-Out Assignments                             ; Off                 ; Off                 ;
; Synchronization Register Chain Length                          ; 2                   ; 2                   ;
; PowerPlay Power Optimization                                   ; Normal compilation  ; Normal compilation  ;
; HDL message level                                              ; Level2              ; Level2              ;
; Suppress Register Optimization Related Messages                ; Off                 ; Off                 ;
; Number of Removed Registers Reported in Synthesis Report       ; 100                 ; 100                 ;
; Number of Inverted Registers Reported in Synthesis Report      ; 100                 ; 100                 ;
; Clock MUX Protection                                           ; On                  ; On                  ;
; Auto Gated Clock Conversion                                    ; Off                 ; Off                 ;
; Block Design Naming                                            ; Auto                ; Auto                ;
; SDC constraint protection                                      ; Off                 ; Off                 ;
; Synthesis Effort                                               ; Auto                ; Auto                ;
; Allows Asynchronous Clear Usage For Shift Register Replacement ; On                  ; On                  ;
; Analysis & Synthesis Message Level                             ; Medium              ; Medium              ;
+----------------------------------------------------------------+---------------------+---------------------+


+----------------------------------------------------------------------------------------------------------------------------------------------------------------+
; Analysis & Synthesis Source Files Read                                                                                                                         ;
+----------------------------------+-----------------+------------------------------------+----------------------------------------------------------------------+
; File Name with User-Entered Path ; Used in Netlist ; File Type                          ; File Name with Absolute Path                                         ;
+----------------------------------+-----------------+------------------------------------+----------------------------------------------------------------------+
; SRG_Flashing_Module.bdf          ; yes             ; User Block Diagram/Schematic File  ; C:/altera/81/qdesigns/Main_05_22/Main/SRG_Flashing_Module.bdf        ;
; 21mux.bdf                        ; yes             ; Megafunction                       ; c:/altera/81/quartus/libraries/others/maxplus2/21mux.bdf             ;
; lpm_counter20.v                  ; yes             ; Auto-Found Wizard-Generated File   ; C:/altera/81/qdesigns/Main_05_22/Main/lpm_counter20.v                ;
; lpm_counter.tdf                  ; yes             ; Megafunction                       ; c:/altera/81/quartus/libraries/megafunctions/lpm_counter.tdf         ;
; lpm_constant.inc                 ; yes             ; Megafunction                       ; c:/altera/81/quartus/libraries/megafunctions/lpm_constant.inc        ;
; lpm_decode.inc                   ; yes             ; Megafunction                       ; c:/altera/81/quartus/libraries/megafunctions/lpm_decode.inc          ;
; lpm_add_sub.inc                  ; yes             ; Megafunction                       ; c:/altera/81/quartus/libraries/megafunctions/lpm_add_sub.inc         ;
; cmpconst.inc                     ; yes             ; Megafunction                       ; c:/altera/81/quartus/libraries/megafunctions/cmpconst.inc            ;
; lpm_compare.inc                  ; yes             ; Megafunction                       ; c:/altera/81/quartus/libraries/megafunctions/lpm_compare.inc         ;
; lpm_counter.inc                  ; yes             ; Megafunction                       ; c:/altera/81/quartus/libraries/megafunctions/lpm_counter.inc         ;
; dffeea.inc                       ; yes             ; Megafunction                       ; c:/altera/81/quartus/libraries/megafunctions/dffeea.inc              ;
; alt_synch_counter.inc            ; yes             ; Megafunction                       ; c:/altera/81/quartus/libraries/megafunctions/alt_synch_counter.inc   ;
; alt_synch_counter_f.inc          ; yes             ; Megafunction                       ; c:/altera/81/quartus/libraries/megafunctions/alt_synch_counter_f.inc ;
; alt_counter_f10ke.inc            ; yes             ; Megafunction                       ; c:/altera/81/quartus/libraries/megafunctions/alt_counter_f10ke.inc   ;
; alt_counter_stratix.inc          ; yes             ; Megafunction                       ; c:/altera/81/quartus/libraries/megafunctions/alt_counter_stratix.inc ;
; aglobal81.inc                    ; yes             ; Megafunction                       ; c:/altera/81/quartus/libraries/megafunctions/aglobal81.inc           ;
; db/cntr_jll.tdf                  ; yes             ; Auto-Generated Megafunction        ; C:/altera/81/qdesigns/Main_05_22/Main/db/cntr_jll.tdf                ;
; lpm_constant4.v                  ; yes             ; Auto-Found Wizard-Generated File   ; C:/altera/81/qdesigns/Main_05_22/Main/lpm_constant4.v                ;
; lpm_constant.tdf                 ; yes             ; Megafunction                       ; c:/altera/81/quartus/libraries/megafunctions/lpm_constant.tdf        ;
; lpm_shiftreg6.v                  ; yes             ; Auto-Found Wizard-Generated File   ; C:/altera/81/qdesigns/Main_05_22/Main/lpm_shiftreg6.v                ;
; lpm_shiftreg.tdf                 ; yes             ; Megafunction                       ; c:/altera/81/quartus/libraries/megafunctions/lpm_shiftreg.tdf        ;
; lpm_counter27.v                  ; yes             ; Auto-Found Wizard-Generated File   ; C:/altera/81/qdesigns/Main_05_22/Main/lpm_counter27.v                ;
; db/cntr_j0k.tdf                  ; yes             ; Auto-Generated Megafunction        ; C:/altera/81/qdesigns/Main_05_22/Main/db/cntr_j0k.tdf                ;
; db/cmpr_jfc.tdf                  ; yes             ; Auto-Generated Megafunction        ; C:/altera/81/qdesigns/Main_05_22/Main/db/cmpr_jfc.tdf                ;
; lpm_counter28.v                  ; yes             ; Auto-Found Wizard-Generated File   ; C:/altera/81/qdesigns/Main_05_22/Main/lpm_counter28.v                ;
; db/cntr_o3l.tdf                  ; yes             ; Auto-Generated Megafunction        ; C:/altera/81/qdesigns/Main_05_22/Main/db/cntr_o3l.tdf                ;
; db/cmpr_hfc.tdf                  ; yes             ; Auto-Generated Megafunction        ; C:/altera/81/qdesigns/Main_05_22/Main/db/cmpr_hfc.tdf                ;
+----------------------------------+-----------------+------------------------------------+----------------------------------------------------------------------+


+-------------------------------------------------------------+
; Analysis & Synthesis Resource Usage Summary                 ;
+---------------------------------------------+---------------+
; Resource                                    ; Usage         ;
+---------------------------------------------+---------------+
; Estimated Total logic elements              ; 47            ;
;                                             ;               ;
; Total combinational functions               ; 46            ;
; Logic element usage by number of LUT inputs ;               ;
;     -- 4 input functions                    ; 11            ;
;     -- 3 input functions                    ; 6             ;
;     -- <=2 input functions                  ; 29            ;
;                                             ;               ;
; Logic elements by mode                      ;               ;
;     -- normal mode                          ; 32            ;
;     -- arithmetic mode                      ; 14            ;
;                                             ;               ;
; Total registers                             ; 47            ;
;     -- Dedicated logic registers            ; 47            ;
;     -- I/O registers                        ; 0             ;
;                                             ;               ;
; I/O pins                                    ; 18            ;
; Maximum fan-out node                        ; Reset_n~input ;
; Maximum fan-out                             ; 47            ;
; Total fan-out                               ; 308           ;
; Average fan-out                             ; 2.39          ;
+---------------------------------------------+---------------+


+---------------------------------------------------------------------------------------------------------------------------------------------------------------------------------------------------------------------------------------------------------------------------------------------+
; Analysis & Synthesis Resource Utilization by Entity                                                                                                                                                                                                                                         ;
+---------------------------------------------+-------------------+--------------+-------------+--------------+---------+-----------+------+--------------+--------------------------------------------------------------------------------------------------------------------+--------------+
; Compilation Hierarchy Node                  ; LC Combinationals ; LC Registers ; Memory Bits ; DSP Elements ; DSP 9x9 ; DSP 18x18 ; Pins ; Virtual Pins ; Full Hierarchy Name                                                                                                ; Library Name ;
+---------------------------------------------+-------------------+--------------+-------------+--------------+---------+-----------+------+--------------+--------------------------------------------------------------------------------------------------------------------+--------------+
; |SRG_Flashing_Module                        ; 46 (22)           ; 47 (26)      ; 0           ; 0            ; 0       ; 0         ; 18   ; 0            ; |SRG_Flashing_Module                                                                                               ; work         ;
;    |21mux:inst5|                            ; 2 (2)             ; 0 (0)        ; 0           ; 0            ; 0       ; 0         ; 0    ; 0            ; |SRG_Flashing_Module|21mux:inst5                                                                                   ; work         ;
;    |lpm_counter20:inst|                     ; 6 (0)             ; 4 (0)        ; 0           ; 0            ; 0       ; 0         ; 0    ; 0            ; |SRG_Flashing_Module|lpm_counter20:inst                                                                            ; work         ;
;       |lpm_counter:lpm_counter_component|   ; 6 (0)             ; 4 (0)        ; 0           ; 0            ; 0       ; 0         ; 0    ; 0            ; |SRG_Flashing_Module|lpm_counter20:inst|lpm_counter:lpm_counter_component                                          ; work         ;
;          |cntr_jll:auto_generated|          ; 6 (6)             ; 4 (4)        ; 0           ; 0            ; 0       ; 0         ; 0    ; 0            ; |SRG_Flashing_Module|lpm_counter20:inst|lpm_counter:lpm_counter_component|cntr_jll:auto_generated                  ; work         ;
;    |lpm_counter27:inst10|                   ; 9 (0)             ; 6 (0)        ; 0           ; 0            ; 0       ; 0         ; 0    ; 0            ; |SRG_Flashing_Module|lpm_counter27:inst10                                                                          ; work         ;
;       |lpm_counter:lpm_counter_component|   ; 9 (0)             ; 6 (0)        ; 0           ; 0            ; 0       ; 0         ; 0    ; 0            ; |SRG_Flashing_Module|lpm_counter27:inst10|lpm_counter:lpm_counter_component                                        ; work         ;
;          |cntr_j0k:auto_generated|          ; 9 (8)             ; 6 (6)        ; 0           ; 0            ; 0       ; 0         ; 0    ; 0            ; |SRG_Flashing_Module|lpm_counter27:inst10|lpm_counter:lpm_counter_component|cntr_j0k:auto_generated                ; work         ;
;             |cmpr_jfc:cmpr1|                ; 1 (1)             ; 0 (0)        ; 0           ; 0            ; 0       ; 0         ; 0    ; 0            ; |SRG_Flashing_Module|lpm_counter27:inst10|lpm_counter:lpm_counter_component|cntr_j0k:auto_generated|cmpr_jfc:cmpr1 ; work         ;
;    |lpm_counter28:inst11|                   ; 7 (0)             ; 4 (0)        ; 0           ; 0            ; 0       ; 0         ; 0    ; 0            ; |SRG_Flashing_Module|lpm_counter28:inst11                                                                          ; work         ;
;       |lpm_counter:lpm_counter_component|   ; 7 (0)             ; 4 (0)        ; 0           ; 0            ; 0       ; 0         ; 0    ; 0            ; |SRG_Flashing_Module|lpm_counter28:inst11|lpm_counter:lpm_counter_component                                        ; work         ;
;          |cntr_o3l:auto_generated|          ; 7 (7)             ; 4 (4)        ; 0           ; 0            ; 0       ; 0         ; 0    ; 0            ; |SRG_Flashing_Module|lpm_counter28:inst11|lpm_counter:lpm_counter_component|cntr_o3l:auto_generated                ; work         ;
;    |lpm_shiftreg6:inst7|                    ; 0 (0)             ; 7 (0)        ; 0           ; 0            ; 0       ; 0         ; 0    ; 0            ; |SRG_Flashing_Module|lpm_shiftreg6:inst7                                                                           ; work         ;
;       |lpm_shiftreg:lpm_shiftreg_component| ; 0 (0)             ; 7 (7)        ; 0           ; 0            ; 0       ; 0         ; 0    ; 0            ; |SRG_Flashing_Module|lpm_shiftreg6:inst7|lpm_shiftreg:lpm_shiftreg_component                                       ; work         ;
+---------------------------------------------+-------------------+--------------+-------------+--------------+---------+-----------+------+--------------+--------------------------------------------------------------------------------------------------------------------+--------------+
Note: For table entries with two numbers listed, the numbers in parentheses indicate the number of resources of the given type used by the specific entity alone. The numbers listed outside of parentheses indicate the total resources of the given type used by the specific entity and all of its sub-entities in the hierarchy.


+--------------------------------------------------------------------------------------+
; Registers Removed During Synthesis                                                   ;
+-----------------------------------------------------------------+--------------------+
; Register name                                                   ; Reason for Removal ;
+-----------------------------------------------------------------+--------------------+
; lpm_shiftreg6:inst7|lpm_shiftreg:lpm_shiftreg_component|dffs[0] ; Merged with inst60 ;
; Total Number of Removed Registers = 1                           ;                    ;
+-----------------------------------------------------------------+--------------------+


+------------------------------------------------------+
; General Register Statistics                          ;
+----------------------------------------------+-------+
; Statistic                                    ; Value ;
+----------------------------------------------+-------+
; Total registers                              ; 47    ;
; Number of registers using Synchronous Clear  ; 0     ;
; Number of registers using Synchronous Load   ; 14    ;
; Number of registers using Asynchronous Clear ; 47    ;
; Number of registers using Asynchronous Load  ; 0     ;
; Number of registers using Clock Enable       ; 8     ;
; Number of registers using Preset             ; 0     ;
+----------------------------------------------+-------+


+--------------------------------------------------+
; Inverted Register Statistics                     ;
+----------------------------------------+---------+
; Inverted Register                      ; Fan out ;
+----------------------------------------+---------+
; inst47                                 ; 2       ;
; Total number of inverted registers = 1 ;         ;
+----------------------------------------+---------+


+-----------------------------------------------------------------------------+
; Source assignments for lpm_counter20:inst|lpm_counter:lpm_counter_component ;
+---------------------------+-------+------+----------------------------------+
; Assignment                ; Value ; From ; To                               ;
+---------------------------+-------+------+----------------------------------+
; SUPPRESS_DA_RULE_INTERNAL ; a101  ; -    ; -                                ;
; SUPPRESS_DA_RULE_INTERNAL ; s102  ; -    ; -                                ;
; SUPPRESS_DA_RULE_INTERNAL ; s103  ; -    ; -                                ;
+---------------------------+-------+------+----------------------------------+


+-------------------------------------------------------------------------------+
; Source assignments for lpm_counter27:inst10|lpm_counter:lpm_counter_component ;
+---------------------------+-------+------+------------------------------------+
; Assignment                ; Value ; From ; To                                 ;
+---------------------------+-------+------+------------------------------------+
; SUPPRESS_DA_RULE_INTERNAL ; a101  ; -    ; -                                  ;
; SUPPRESS_DA_RULE_INTERNAL ; s102  ; -    ; -                                  ;
; SUPPRESS_DA_RULE_INTERNAL ; s103  ; -    ; -                                  ;
+---------------------------+-------+------+------------------------------------+


+-------------------------------------------------------------------------------+
; Source assignments for lpm_counter28:inst11|lpm_counter:lpm_counter_component ;
+---------------------------+-------+------+------------------------------------+
; Assignment                ; Value ; From ; To                                 ;
+---------------------------+-------+------+------------------------------------+
; SUPPRESS_DA_RULE_INTERNAL ; a101  ; -    ; -                                  ;
; SUPPRESS_DA_RULE_INTERNAL ; s102  ; -    ; -                                  ;
; SUPPRESS_DA_RULE_INTERNAL ; s103  ; -    ; -                                  ;
+---------------------------+-------+------+------------------------------------+


+---------------------------------------------------------------------------------------------------+
; Parameter Settings for User Entity Instance: lpm_counter20:inst|lpm_counter:lpm_counter_component ;
+------------------------+-------------+------------------------------------------------------------+
; Parameter Name         ; Value       ; Type                                                       ;
+------------------------+-------------+------------------------------------------------------------+
; AUTO_CARRY_CHAINS      ; ON          ; AUTO_CARRY                                                 ;
; IGNORE_CARRY_BUFFERS   ; OFF         ; IGNORE_CARRY                                               ;
; AUTO_CASCADE_CHAINS    ; ON          ; AUTO_CASCADE                                               ;
; IGNORE_CASCADE_BUFFERS ; OFF         ; IGNORE_CASCADE                                             ;
; LPM_WIDTH              ; 4           ; Signed Integer                                             ;
; LPM_DIRECTION          ; DOWN        ; Untyped                                                    ;
; LPM_MODULUS            ; 0           ; Untyped                                                    ;
; LPM_AVALUE             ; 0           ; Untyped                                                    ;
; LPM_SVALUE             ; UNUSED      ; Untyped                                                    ;
; LPM_PORT_UPDOWN        ; PORT_UNUSED ; Untyped                                                    ;
; DEVICE_FAMILY          ; Cyclone III ; Untyped                                                    ;
; CARRY_CHAIN            ; MANUAL      ; Untyped                                                    ;
; CARRY_CHAIN_LENGTH     ; 48          ; CARRY_CHAIN_LENGTH                                         ;
; NOT_GATE_PUSH_BACK     ; ON          ; NOT_GATE_PUSH_BACK                                         ;
; CARRY_CNT_EN           ; SMART       ; Untyped                                                    ;
; LABWIDE_SCLR           ; ON          ; Untyped                                                    ;
; USE_NEW_VERSION        ; TRUE        ; Untyped                                                    ;
; CBXI_PARAMETER         ; cntr_jll    ; Untyped                                                    ;
+------------------------+-------------+------------------------------------------------------------+
Note: In order to hide this table in the UI and the text report file, please set the "Show Parameter Settings Tables in Synthesis Report" option in "Analysis and Synthesis Settings -> More Settings" to "Off".


+------------------------------------------------------------------------------------------------------+
; Parameter Settings for User Entity Instance: lpm_constant4:inst3|lpm_constant:lpm_constant_component ;
+--------------------+------------------+--------------------------------------------------------------+
; Parameter Name     ; Value            ; Type                                                         ;
+--------------------+------------------+--------------------------------------------------------------+
; LPM_WIDTH          ; 4                ; Signed Integer                                               ;
; LPM_CVALUE         ; 2                ; Signed Integer                                               ;
; ENABLE_RUNTIME_MOD ; NO               ; Untyped                                                      ;
; CBXI_PARAMETER     ; lpm_constant_9e6 ; Untyped                                                      ;
+--------------------+------------------+--------------------------------------------------------------+
Note: In order to hide this table in the UI and the text report file, please set the "Show Parameter Settings Tables in Synthesis Report" option in "Analysis and Synthesis Settings -> More Settings" to "Off".


+------------------------------------------------------------------------------------------------------+
; Parameter Settings for User Entity Instance: lpm_shiftreg6:inst7|lpm_shiftreg:lpm_shiftreg_component ;
+------------------------+-------------+---------------------------------------------------------------+
; Parameter Name         ; Value       ; Type                                                          ;
+------------------------+-------------+---------------------------------------------------------------+
; LPM_WIDTH              ; 8           ; Signed Integer                                                ;
; LPM_DIRECTION          ; LEFT        ; Untyped                                                       ;
; LPM_AVALUE             ; UNUSED      ; Untyped                                                       ;
; LPM_SVALUE             ; UNUSED      ; Untyped                                                       ;
; DEVICE_FAMILY          ; Cyclone III ; Untyped                                                       ;
; AUTO_CARRY_CHAINS      ; ON          ; AUTO_CARRY                                                    ;
; IGNORE_CARRY_BUFFERS   ; OFF         ; IGNORE_CARRY                                                  ;
; AUTO_CASCADE_CHAINS    ; ON          ; AUTO_CASCADE                                                  ;
; IGNORE_CASCADE_BUFFERS ; OFF         ; IGNORE_CASCADE                                                ;
+------------------------+-------------+---------------------------------------------------------------+
Note: In order to hide this table in the UI and the text report file, please set the "Show Parameter Settings Tables in Synthesis Report" option in "Analysis and Synthesis Settings -> More Settings" to "Off".


+-----------------------------------------------------------------------------------------------------+
; Parameter Settings for User Entity Instance: lpm_counter27:inst10|lpm_counter:lpm_counter_component ;
+------------------------+-------------+--------------------------------------------------------------+
; Parameter Name         ; Value       ; Type                                                         ;
+------------------------+-------------+--------------------------------------------------------------+
; AUTO_CARRY_CHAINS      ; ON          ; AUTO_CARRY                                                   ;
; IGNORE_CARRY_BUFFERS   ; OFF         ; IGNORE_CARRY                                                 ;
; AUTO_CASCADE_CHAINS    ; ON          ; AUTO_CASCADE                                                 ;
; IGNORE_CASCADE_BUFFERS ; OFF         ; IGNORE_CASCADE                                               ;
; LPM_WIDTH              ; 6           ; Signed Integer                                               ;
; LPM_DIRECTION          ; UP          ; Untyped                                                      ;
; LPM_MODULUS            ; 50          ; Signed Integer                                               ;
; LPM_AVALUE             ; UNUSED      ; Untyped                                                      ;
; LPM_SVALUE             ; UNUSED      ; Untyped                                                      ;
; LPM_PORT_UPDOWN        ; PORT_UNUSED ; Untyped                                                      ;
; DEVICE_FAMILY          ; Cyclone III ; Untyped                                                      ;
; CARRY_CHAIN            ; MANUAL      ; Untyped                                                      ;
; CARRY_CHAIN_LENGTH     ; 48          ; CARRY_CHAIN_LENGTH                                           ;
; NOT_GATE_PUSH_BACK     ; ON          ; NOT_GATE_PUSH_BACK                                           ;
; CARRY_CNT_EN           ; SMART       ; Untyped                                                      ;
; LABWIDE_SCLR           ; ON          ; Untyped                                                      ;
; USE_NEW_VERSION        ; TRUE        ; Untyped                                                      ;
; CBXI_PARAMETER         ; cntr_j0k    ; Untyped                                                      ;
+------------------------+-------------+--------------------------------------------------------------+
Note: In order to hide this table in the UI and the text report file, please set the "Show Parameter Settings Tables in Synthesis Report" option in "Analysis and Synthesis Settings -> More Settings" to "Off".


+-----------------------------------------------------------------------------------------------------+
; Parameter Settings for User Entity Instance: lpm_counter28:inst11|lpm_counter:lpm_counter_component ;
+------------------------+-------------+--------------------------------------------------------------+
; Parameter Name         ; Value       ; Type                                                         ;
+------------------------+-------------+--------------------------------------------------------------+
; AUTO_CARRY_CHAINS      ; ON          ; AUTO_CARRY                                                   ;
; IGNORE_CARRY_BUFFERS   ; OFF         ; IGNORE_CARRY                                                 ;
; AUTO_CASCADE_CHAINS    ; ON          ; AUTO_CASCADE                                                 ;
; IGNORE_CASCADE_BUFFERS ; OFF         ; IGNORE_CASCADE                                               ;
; LPM_WIDTH              ; 4           ; Signed Integer                                               ;
; LPM_DIRECTION          ; UP          ; Untyped                                                      ;
; LPM_MODULUS            ; 10          ; Signed Integer                                               ;
; LPM_AVALUE             ; UNUSED      ; Untyped                                                      ;
; LPM_SVALUE             ; UNUSED      ; Untyped                                                      ;
; LPM_PORT_UPDOWN        ; PORT_UNUSED ; Untyped                                                      ;
; DEVICE_FAMILY          ; Cyclone III ; Untyped                                                      ;
; CARRY_CHAIN            ; MANUAL      ; Untyped                                                      ;
; CARRY_CHAIN_LENGTH     ; 48          ; CARRY_CHAIN_LENGTH                                           ;
; NOT_GATE_PUSH_BACK     ; ON          ; NOT_GATE_PUSH_BACK                                           ;
; CARRY_CNT_EN           ; SMART       ; Untyped                                                      ;
; LABWIDE_SCLR           ; ON          ; Untyped                                                      ;
; USE_NEW_VERSION        ; TRUE        ; Untyped                                                      ;
; CBXI_PARAMETER         ; cntr_o3l    ; Untyped                                                      ;
+------------------------+-------------+--------------------------------------------------------------+
Note: In order to hide this table in the UI and the text report file, please set the "Show Parameter Settings Tables in Synthesis Report" option in "Analysis and Synthesis Settings -> More Settings" to "Off".


+--------------------------------------------------------------------------------------+
; lpm_shiftreg Parameter Settings by Entity Instance                                   ;
+----------------------------+---------------------------------------------------------+
; Name                       ; Value                                                   ;
+----------------------------+---------------------------------------------------------+
; Number of entity instances ; 1                                                       ;
; Entity Instance            ; lpm_shiftreg6:inst7|lpm_shiftreg:lpm_shiftreg_component ;
;     -- LPM_WIDTH           ; 8                                                       ;
;     -- LPM_DIRECTION       ; LEFT                                                    ;
+----------------------------+---------------------------------------------------------+


+-------------------------------+
; Analysis & Synthesis Messages ;
+-------------------------------+
Info: *******************************************************************
Info: Running Quartus II Analysis & Synthesis
    Info: Version 8.1 Build 163 10/28/2008 SJ Full Version
    Info: Processing started: Fri May 22 15:21:52 2009
Info: Command: quartus_map --read_settings_files=on --write_settings_files=off SRG_Flashing_Module -c SRG_Flashing_Module
Info: Found 1 design units, including 1 entities, in source file SRG_Flashing_Module.bdf
    Info: Found entity 1: SRG_Flashing_Module
Info: Elaborating entity "SRG_Flashing_Module" for the top level hierarchy
Info: Elaborating entity "21mux" for hierarchy "21mux:inst5"
Info: Elaborated megafunction instantiation "21mux:inst5"
Warning: Using design file lpm_counter20.v, which is not specified as a design file for the current project, but contains definitions for 1 design units and 1 entities in project
    Info: Found entity 1: lpm_counter20
Info: Elaborating entity "lpm_counter20" for hierarchy "lpm_counter20:inst"
Info: Elaborating entity "lpm_counter" for hierarchy "lpm_counter20:inst|lpm_counter:lpm_counter_component"
Info: Elaborated megafunction instantiation "lpm_counter20:inst|lpm_counter:lpm_counter_component"
Info: Instantiated megafunction "lpm_counter20:inst|lpm_counter:lpm_counter_component" with the following parameter:
    Info: Parameter "lpm_avalue" = "0"
    Info: Parameter "lpm_direction" = "DOWN"
    Info: Parameter "lpm_port_updown" = "PORT_UNUSED"
    Info: Parameter "lpm_type" = "LPM_COUNTER"
    Info: Parameter "lpm_width" = "4"
Info: Found 1 design units, including 1 entities, in source file db/cntr_jll.tdf
    Info: Found entity 1: cntr_jll
Info: Elaborating entity "cntr_jll" for hierarchy "lpm_counter20:inst|lpm_counter:lpm_counter_component|cntr_jll:auto_generated"
Warning: Using design file lpm_constant4.v, which is not specified as a design file for the current project, but contains definitions for 1 design units and 1 entities in project
    Info: Found entity 1: lpm_constant4
Info: Elaborating entity "lpm_constant4" for hierarchy "lpm_constant4:inst3"
Info: Elaborating entity "lpm_constant" for hierarchy "lpm_constant4:inst3|lpm_constant:lpm_constant_component"
Info: Elaborated megafunction instantiation "lpm_constant4:inst3|lpm_constant:lpm_constant_component"
Info: Instantiated megafunction "lpm_constant4:inst3|lpm_constant:lpm_constant_component" with the following parameter:
    Info: Parameter "lpm_cvalue" = "2"
    Info: Parameter "lpm_hint" = "ENABLE_RUNTIME_MOD=NO"
    Info: Parameter "lpm_type" = "LPM_CONSTANT"
    Info: Parameter "lpm_width" = "4"
Warning: Using design file lpm_shiftreg6.v, which is not specified as a design file for the current project, but contains definitions for 1 design units and 1 entities in project
    Info: Found entity 1: lpm_shiftreg6
Info: Elaborating entity "lpm_shiftreg6" for hierarchy "lpm_shiftreg6:inst7"
Info: Elaborating entity "lpm_shiftreg" for hierarchy "lpm_shiftreg6:inst7|lpm_shiftreg:lpm_shiftreg_component"
Info: Elaborated megafunction instantiation "lpm_shiftreg6:inst7|lpm_shiftreg:lpm_shiftreg_component"
Info: Instantiated megafunction "lpm_shiftreg6:inst7|lpm_shiftreg:lpm_shiftreg_component" with the following parameter:
    Info: Parameter "lpm_direction" = "LEFT"
    Info: Parameter "lpm_type" = "LPM_SHIFTREG"
    Info: Parameter "lpm_width" = "8"
Warning: Using design file lpm_counter27.v, which is not specified as a design file for the current project, but contains definitions for 1 design units and 1 entities in project
    Info: Found entity 1: lpm_counter27
Info: Elaborating entity "lpm_counter27" for hierarchy "lpm_counter27:inst10"
Info: Elaborating entity "lpm_counter" for hierarchy "lpm_counter27:inst10|lpm_counter:lpm_counter_component"
Info: Elaborated megafunction instantiation "lpm_counter27:inst10|lpm_counter:lpm_counter_component"
Info: Instantiated megafunction "lpm_counter27:inst10|lpm_counter:lpm_counter_component" with the following parameter:
    Info: Parameter "lpm_direction" = "UP"
    Info: Parameter "lpm_modulus" = "50"
    Info: Parameter "lpm_port_updown" = "PORT_UNUSED"
    Info: Parameter "lpm_type" = "LPM_COUNTER"
    Info: Parameter "lpm_width" = "6"
Info: Found 1 design units, including 1 entities, in source file db/cntr_j0k.tdf
    Info: Found entity 1: cntr_j0k
Info: Elaborating entity "cntr_j0k" for hierarchy "lpm_counter27:inst10|lpm_counter:lpm_counter_component|cntr_j0k:auto_generated"
Info: Found 1 design units, including 1 entities, in source file db/cmpr_jfc.tdf
    Info: Found entity 1: cmpr_jfc
Info: Elaborating entity "cmpr_jfc" for hierarchy "lpm_counter27:inst10|lpm_counter:lpm_counter_component|cntr_j0k:auto_generated|cmpr_jfc:cmpr1"
Warning: Using design file lpm_counter28.v, which is not specified as a design file for the current project, but contains definitions for 1 design units and 1 entities in project
    Info: Found entity 1: lpm_counter28
Info: Elaborating entity "lpm_counter28" for hierarchy "lpm_counter28:inst11"
Info: Elaborating entity "lpm_counter" for hierarchy "lpm_counter28:inst11|lpm_counter:lpm_counter_component"
Info: Elaborated megafunction instantiation "lpm_counter28:inst11|lpm_counter:lpm_counter_component"
Info: Instantiated megafunction "lpm_counter28:inst11|lpm_counter:lpm_counter_component" with the following parameter:
    Info: Parameter "lpm_direction" = "UP"
    Info: Parameter "lpm_modulus" = "10"
    Info: Parameter "lpm_port_updown" = "PORT_UNUSED"
    Info: Parameter "lpm_type" = "LPM_COUNTER"
    Info: Parameter "lpm_width" = "4"
Info: Found 1 design units, including 1 entities, in source file db/cntr_o3l.tdf
    Info: Found entity 1: cntr_o3l
Info: Elaborating entity "cntr_o3l" for hierarchy "lpm_counter28:inst11|lpm_counter:lpm_counter_component|cntr_o3l:auto_generated"
Info: Found 1 design units, including 1 entities, in source file db/cmpr_hfc.tdf
    Info: Found entity 1: cmpr_hfc
Info: Elaborating entity "cmpr_hfc" for hierarchy "lpm_counter28:inst11|lpm_counter:lpm_counter_component|cntr_o3l:auto_generated|cmpr_hfc:cmpr1"
Info: Registers with preset signals will power-up high
Info: DEV_CLRn pin will set, and not reset, register with preset signal due to NOT Gate Push-Back
Info: Implemented 81 device resources after synthesis - the final resource count might be different
    Info: Implemented 7 input pins
    Info: Implemented 11 output pins
    Info: Implemented 63 logic cells
Info: Quartus II Analysis & Synthesis was successful. 0 errors, 5 warnings
    Info: Peak virtual memory: 166 megabytes
    Info: Processing ended: Fri May 22 15:21:54 2009
    Info: Elapsed time: 00:00:02
    Info: Total CPU time (on all processors): 00:00:02


