Removed Pin From Net: NetName=GND Pin=C2-1
Removed Pin From Net: NetName=-12V Pin=C2-2
Removed Pin From Net: NetName=+24V Pin=C5-1
Removed Pin From Net: NetName=GND Pin=C5-2
Removed Pin From Net: NetName=-12V Pin=TP4-1
Removed Pin From Net: NetName=+24V Pin=TP5-1
Removed Pin From Net: NetName=+12V Pin=TP6-1
Removed Pin From Net: NetName=+24V Pin=U3-1
Removed Pin From Net: NetName=+12V Pin=U3-3
Added Component: Designator=C10(2012[0805])
Added Component: Designator=C12(SMD_CAP_7343)
Added Component: Designator=TP17(SMD_TEST POINT)
Added Component: Designator=U20(PSIP_3_SMD)
Added Pin To Net: NetName=+24V Pin=C10-1
Added Pin To Net: NetName=GND Pin=C10-2
Added Pin To Net: NetName=GND Pin=C12-NEG
Added Pin To Net: NetName=+5V Pin=C12-POS
Added Pin To Net: NetName=GND Pin=C13-1
Added Pin To Net: NetName=+3.3V Pin=C13-2
Added Pin To Net: NetName=GND Pin=C14-1
Added Pin To Net: NetName=GND Pin=C15-1
Added Pin To Net: NetName=+24V Pin=C15-2
Added Pin To Net: NetName=GND Pin=C16-1
Added Pin To Net: NetName=-12V Pin=C16-2
Added Pin To Net: NetName=GND Pin=C18-1
Added Pin To Net: NetName=+24V Pin=C18-2
Added Pin To Net: NetName=GND Pin=C19-1
Added Pin To Net: NetName=+12V Pin=C19-2
Added Pin To Net: NetName=+12V Pin=C20-2
Added Pin To Net: NetName=+3.3V Pin=L2-2
Added Pin To Net: NetName=+12V Pin=L3-2
Added Pin To Net: NetName=+24V Pin=R29-1
Added Pin To Net: NetName=GND Pin=R30-1
Added Pin To Net: NetName=GND Pin=R31-1
Added Pin To Net: NetName=+3.3V Pin=R32-2
Added Pin To Net: NetName=GND Pin=R34-1
Added Pin To Net: NetName=+24V Pin=R35-2
Added Pin To Net: NetName=+12V Pin=R36-2
Added Pin To Net: NetName=GND Pin=R38-1
Added Pin To Net: NetName=+12V Pin=R38-2
Added Pin To Net: NetName=GND Pin=R39-1
Added Pin To Net: NetName=GND Pin=R40-1
Added Pin To Net: NetName=+5V Pin=TP17-1
Added Pin To Net: NetName=+3.3V Pin=TP27-1
Added Pin To Net: NetName=-12V Pin=TP28-1
Added Pin To Net: NetName=+12V Pin=TP29-1
Added Pin To Net: NetName=+24V Pin=U20-1
Added Pin To Net: NetName=GND Pin=U20-2
Added Pin To Net: NetName=+5V Pin=U20-3
Added Pin To Net: NetName=GND Pin=U21-4
Added Pin To Net: NetName=+3.3V Pin=U21-5
Added Pin To Net: NetName=+24V Pin=U21-12
Added Pin To Net: NetName=GND Pin=U21-13
Added Pin To Net: NetName=GND Pin=U22-3
Added Pin To Net: NetName=-12V Pin=U22-5
Added Pin To Net: NetName=+12V Pin=U22-8
Added Pin To Net: NetName=+24V Pin=U23-2
Added Pin To Net: NetName=GND Pin=U23-8
Added Pin To Net: NetName=GND Pin=U23-9
Added Pin To Net: NetName=NetC11_1 Pin=C11-1
Added Pin To Net: NetName=NetC11_1 Pin=D1-2
Added Pin To Net: NetName=NetC11_1 Pin=L2-1
Added Pin To Net: NetName=NetC11_1 Pin=U21-8
Added Net: Name=NetC11_1
Added Pin To Net: NetName=NetC11_2 Pin=C11-2
Added Pin To Net: NetName=NetC11_2 Pin=U21-6
Added Net: Name=NetC11_2
Added Pin To Net: NetName=NetC14_2 Pin=C14-2
Added Pin To Net: NetName=NetC14_2 Pin=R33-1
Added Net: Name=NetC14_2
Added Pin To Net: NetName=NetC17_1 Pin=C17-1
Added Pin To Net: NetName=NetC17_1 Pin=U22-2
Added Net: Name=NetC17_1
Added Pin To Net: NetName=NetC17_2 Pin=C17-2
Added Pin To Net: NetName=NetC17_2 Pin=U22-4
Added Net: Name=NetC17_2
Added Pin To Net: NetName=NetC20_1 Pin=C20-1
Added Pin To Net: NetName=NetC20_1 Pin=R36-1
Added Pin To Net: NetName=NetC20_1 Pin=R39-2
Added Pin To Net: NetName=NetC20_1 Pin=U23-6
Added Net: Name=NetC20_1
Added Pin To Net: NetName=NetD1_1 Pin=D1-1
Added Pin To Net: NetName=NetD1_1 Pin=U21-7
Added Net: Name=NetD1_1
Added Pin To Net: NetName=NetL3_1 Pin=L3-1
Added Pin To Net: NetName=NetL3_1 Pin=U23-1
Added Net: Name=NetL3_1
Added Pin To Net: NetName=NetR29_2 Pin=R29-2
Added Pin To Net: NetName=NetR29_2 Pin=R30-2
Added Pin To Net: NetName=NetR29_2 Pin=U21-9
Added Net: Name=NetR29_2
Added Pin To Net: NetName=NetR31_2 Pin=R31-2
Added Pin To Net: NetName=NetR31_2 Pin=U21-10
Added Net: Name=NetR31_2
Added Pin To Net: NetName=NetR32_1 Pin=R32-1
Added Pin To Net: NetName=NetR32_1 Pin=R34-2
Added Pin To Net: NetName=NetR32_1 Pin=U21-2
Added Net: Name=NetR32_1
Added Pin To Net: NetName=NetR33_2 Pin=R33-2
Added Pin To Net: NetName=NetR33_2 Pin=U21-1
Added Net: Name=NetR33_2
Added Pin To Net: NetName=NetR35_1 Pin=R35-1
Added Pin To Net: NetName=NetR35_1 Pin=R37-2
Added Pin To Net: NetName=NetR35_1 Pin=U23-5
Added Net: Name=NetR35_1
Added Pin To Net: NetName=NetR37_1 Pin=R37-1
Added Pin To Net: NetName=NetR37_1 Pin=R40-2
Added Pin To Net: NetName=NetR37_1 Pin=U23-7
Added Net: Name=NetR37_1
Added Pin To Net: NetName=SUPPORT Pin=U20-0
Added Pin To Net: NetName=SUPPORT Pin=U20-0
Added Net: Name=SUPPORT
Added Class: Name=Power Supplies
