Removed Pin From Net: NetName=GND Pin=U2-3
Removed Member From Class: ClassName=Power Supplies Member=U2
Added Component: Designator=C3(SMD_0805)
Added Component: Designator=C4(SMD_0805)
Added Component: Designator=P1(HDR1X4 for IDC)
Added Component: Designator=R8(SMD_0805)
Added Component: Designator=R9(SMD_0805)
Added Component: Designator=R10(SMD_0805)
Added Component: Designator=R11(SMD_0805)
Added Component: Designator=TP4(SMD_TEST POINT)
Added Component: Designator=TP5(SMD_TEST POINT)
Added Pin To Net: NetName=GND Pin=C3-1
Added Pin To Net: NetName=ANALOG_IN12 Pin=C3-2
Added Pin To Net: NetName=GND Pin=C4-1
Added Pin To Net: NetName=ANALOG_IN13 Pin=C4-2
Added Pin To Net: NetName=GND Pin=P1-2
Added Pin To Net: NetName=GND Pin=P1-4
Added Pin To Net: NetName=+12V Pin=R8-2
Added Pin To Net: NetName=ANALOG_IN12 Pin=R9-1
Added Pin To Net: NetName=+12V Pin=R10-2
Added Pin To Net: NetName=ANALOG_IN13 Pin=R11-1
Added Pin To Net: NetName=ANALOG_IN12 Pin=TP4-1
Added Pin To Net: NetName=ANALOG_IN13 Pin=TP5-1
Added Pin To Net: NetName=NetP1_1 Pin=P1-1
Added Pin To Net: NetName=NetP1_1 Pin=R8-1
Added Pin To Net: NetName=NetP1_1 Pin=R9-2
Added Net: Name=NetP1_1
Added Pin To Net: NetName=NetP1_3 Pin=P1-3
Added Pin To Net: NetName=NetP1_3 Pin=R10-1
Added Pin To Net: NetName=NetP1_3 Pin=R11-2
Added Net: Name=NetP1_3
Added Member To Class: ClassName=780-00029,rev1,Pg3,Backplane, 19-in Rackmount Enclosure Member=Component C3 Cap SMD
Added Member To Class: ClassName=780-00029,rev1,Pg3,Backplane, 19-in Rackmount Enclosure Member=Component C4 Cap SMD
Added Member To Class: ClassName=780-00029,rev1,Pg3,Backplane, 19-in Rackmount Enclosure Member=Component P1 Header 4
Added Member To Class: ClassName=780-00029,rev1,Pg3,Backplane, 19-in Rackmount Enclosure Member=Component R8 Res 0805
Added Member To Class: ClassName=780-00029,rev1,Pg3,Backplane, 19-in Rackmount Enclosure Member=Component R9 Res 0805
Added Member To Class: ClassName=780-00029,rev1,Pg3,Backplane, 19-in Rackmount Enclosure Member=Component R10 Res 0805
Added Member To Class: ClassName=780-00029,rev1,Pg3,Backplane, 19-in Rackmount Enclosure Member=Component R11 Res 0805
Added Member To Class: ClassName=780-00029,rev1,Pg3,Backplane, 19-in Rackmount Enclosure Member=Component TP4 Test Point SMD
Added Member To Class: ClassName=780-00029,rev1,Pg3,Backplane, 19-in Rackmount Enclosure Member=Component TP5 Test Point SMD
