Removed Pin From Net: NetName=I2C_SCL Pin=J1A-3
Removed Pin From Net: NetName=~CS_SLOT1 Pin=J1A-4
Removed Pin From Net: NetName=~CARD_PRESENT1 Pin=J1A-5
Removed Pin From Net: NetName=I2C_SCL Pin=J1B-3
Removed Pin From Net: NetName=~CS_SLOT2 Pin=J1B-4
Removed Pin From Net: NetName=~CARD_PRESENT2 Pin=J1B-5
Removed Pin From Net: NetName=I2C_SCL Pin=J1C-3
Removed Pin From Net: NetName=~CS_SLOT3 Pin=J1C-4
Removed Pin From Net: NetName=~CARD_PRESENT3 Pin=J1C-5
Removed Pin From Net: NetName=I2C_SCL Pin=J1D-3
Removed Pin From Net: NetName=~CS_SLOT4 Pin=J1D-4
Removed Pin From Net: NetName=~CARD_PRESENT4 Pin=J1D-5
Removed Pin From Net: NetName=I2C_SCL Pin=J1E-3
Removed Pin From Net: NetName=~CS_SLOT5 Pin=J1E-4
Removed Pin From Net: NetName=~CARD_PRESENT5 Pin=J1E-5
Removed Pin From Net: NetName=I2C_SCL Pin=J1F-3
Removed Pin From Net: NetName=~CS_SLOT6 Pin=J1F-4
Removed Pin From Net: NetName=~CARD_PRESENT6 Pin=J1F-5
Removed Pin From Net: NetName=I2C_SCL Pin=J1G-3
Removed Pin From Net: NetName=~CS_SLOT7 Pin=J1G-4
Removed Pin From Net: NetName=~CARD_PRESENT7 Pin=J1G-5
Removed Pin From Net: NetName=I2C_SCL Pin=J1H-3
Removed Pin From Net: NetName=~CS_SLOT8 Pin=J1H-4
Removed Pin From Net: NetName=~CARD_PRESENT8 Pin=J1H-5
Removed Pin From Net: NetName=I2C_SCL Pin=J1I-3
Removed Pin From Net: NetName=~CS_SLOT9 Pin=J1I-4
Removed Pin From Net: NetName=~CARD_PRESENT9 Pin=J1I-5
Removed Pin From Net: NetName=I2C_SCL Pin=J1J-3
Removed Pin From Net: NetName=~CS_SLOT10 Pin=J1J-4
Removed Pin From Net: NetName=~CARD_PRESENT10 Pin=J1J-5
Removed Pin From Net: NetName=I2C_SCL Pin=J1K-3
Removed Pin From Net: NetName=~CS_SLOT11 Pin=J1K-4
Removed Pin From Net: NetName=~CARD_PRESENT11 Pin=J1K-5
Removed Pin From Net: NetName=I2C_SCL Pin=J1L-3
Removed Pin From Net: NetName=~CS_SLOT12 Pin=J1L-4
Removed Pin From Net: NetName=~CARD_PRESENT12 Pin=J1L-5
Added Pin To Net: NetName=I2C_SCL Pin=J1A-5
Added Pin To Net: NetName=~CS_SLOT1 Pin=J1A-9
Added Pin To Net: NetName=~CARD_PRESENT1 Pin=J1A-10
Added Pin To Net: NetName=I2C_SCL Pin=J1B-5
Added Pin To Net: NetName=~CS_SLOT2 Pin=J1B-9
Added Pin To Net: NetName=~CARD_PRESENT2 Pin=J1B-10
Added Pin To Net: NetName=I2C_SCL Pin=J1C-5
Added Pin To Net: NetName=~CS_SLOT3 Pin=J1C-9
Added Pin To Net: NetName=~CARD_PRESENT3 Pin=J1C-10
Added Pin To Net: NetName=I2C_SCL Pin=J1D-5
Added Pin To Net: NetName=~CS_SLOT4 Pin=J1D-9
Added Pin To Net: NetName=~CARD_PRESENT4 Pin=J1D-10
Added Pin To Net: NetName=I2C_SCL Pin=J1E-5
Added Pin To Net: NetName=~CS_SLOT5 Pin=J1E-9
Added Pin To Net: NetName=~CARD_PRESENT5 Pin=J1E-10
Added Pin To Net: NetName=I2C_SCL Pin=J1F-5
Added Pin To Net: NetName=~CS_SLOT6 Pin=J1F-9
Added Pin To Net: NetName=~CARD_PRESENT6 Pin=J1F-10
Added Pin To Net: NetName=I2C_SCL Pin=J1G-5
Added Pin To Net: NetName=~CS_SLOT7 Pin=J1G-9
Added Pin To Net: NetName=~CARD_PRESENT7 Pin=J1G-10
Added Pin To Net: NetName=I2C_SCL Pin=J1H-5
Added Pin To Net: NetName=~CS_SLOT8 Pin=J1H-9
Added Pin To Net: NetName=~CARD_PRESENT8 Pin=J1H-10
Added Pin To Net: NetName=I2C_SCL Pin=J1I-5
Added Pin To Net: NetName=~CS_SLOT9 Pin=J1I-9
Added Pin To Net: NetName=~CARD_PRESENT9 Pin=J1I-10
Added Pin To Net: NetName=I2C_SCL Pin=J1J-5
Added Pin To Net: NetName=~CS_SLOT10 Pin=J1J-9
Added Pin To Net: NetName=~CARD_PRESENT10 Pin=J1J-10
Added Pin To Net: NetName=I2C_SCL Pin=J1K-5
Added Pin To Net: NetName=~CS_SLOT11 Pin=J1K-9
Added Pin To Net: NetName=~CARD_PRESENT11 Pin=J1K-10
Added Pin To Net: NetName=I2C_SCL Pin=J1L-5
Added Pin To Net: NetName=~CS_SLOT12 Pin=J1L-9
Added Pin To Net: NetName=~CARD_PRESENT12 Pin=J1L-10
