Removed Pin From Net: NetName=~CS_SLOT1 Pin=D2-3
Removed Pin From Net: NetName=~CS_SLOT3 Pin=D2-4
Removed Pin From Net: NetName=~CS_SLOT2 Pin=D2-5
Removed Pin From Net: NetName=~CS_SLOT8 Pin=D3-1
Removed Pin From Net: NetName=~CS_SLOT9 Pin=D3-3
Removed Pin From Net: NetName=~CS_SLOT11 Pin=D3-4
Removed Pin From Net: NetName=~CS_SLOT10 Pin=D3-5
Removed Pin From Net: NetName=~CS_SLOT4 Pin=D4-1
Removed Pin From Net: NetName=~CS_SLOT5 Pin=D4-3
Removed Pin From Net: NetName=~CS_SLOT7 Pin=D4-4
Removed Pin From Net: NetName=~CS_SLOT6 Pin=D4-5
Removed Pin From Net: NetName=~CARD_PRESENT3 Pin=RN1-1
Removed Pin From Net: NetName=~CARD_PRESENT2 Pin=RN1-3
Removed Pin From Net: NetName=~CARD_PRESENT1 Pin=RN1-5
Removed Pin From Net: NetName=~CARD_PRESENT7 Pin=RN2-1
Removed Pin From Net: NetName=~CARD_PRESENT6 Pin=RN2-3
Removed Pin From Net: NetName=~CARD_PRESENT5 Pin=RN2-5
Removed Pin From Net: NetName=~CARD_PRESENT4 Pin=RN2-7
Removed Pin From Net: NetName=~CARD_PRESENT11 Pin=RN3-1
Removed Pin From Net: NetName=~CARD_PRESENT10 Pin=RN3-3
Removed Pin From Net: NetName=~CARD_PRESENT9 Pin=RN3-5
Removed Pin From Net: NetName=~CARD_PRESENT8 Pin=RN3-7
Removed Pin From Net: NetName=IMON_SLOT7 Pin=U5-A7
Removed Pin From Net: NetName=IMON_SLOT6 Pin=U5-A9
Removed Pin From Net: NetName=IMON_SLOT5 Pin=U5-A11
Removed Pin From Net: NetName=IMON_SLOT4 Pin=U5-A13
Removed Pin From Net: NetName=IMON_SLOT3 Pin=U5-A15
Removed Pin From Net: NetName=IMON_SLOT2 Pin=U5-A17
Removed Pin From Net: NetName=IMON_SLOT1 Pin=U5-A19
Removed Pin From Net: NetName=IMON_SLOT11 Pin=U5-A23
Removed Pin From Net: NetName=IMON_SLOT10 Pin=U5-A25
Removed Pin From Net: NetName=IMON_SLOT9 Pin=U5-A27
Removed Pin From Net: NetName=IMON_SLOT8 Pin=U5-A29
Removed Pin From Net: NetName=~CS_SLOT1 Pin=U5-A73
Removed Pin From Net: NetName=~CS_SLOT2 Pin=U5-A75
Removed Pin From Net: NetName=~CS_SLOT3 Pin=U5-A77
Removed Pin From Net: NetName=~CS_SLOT4 Pin=U5-A79
Removed Pin From Net: NetName=~CS_SLOT5 Pin=U5-A81
Removed Pin From Net: NetName=~CS_SLOT6 Pin=U5-A83
Removed Pin From Net: NetName=~CS_SLOT7 Pin=U5-A85
Removed Pin From Net: NetName=~CS_SLOT8 Pin=U5-A87
Removed Pin From Net: NetName=~CS_SLOT9 Pin=U5-A89
Removed Pin From Net: NetName=~CS_SLOT10 Pin=U5-A91
Removed Pin From Net: NetName=~CS_SLOT11 Pin=U5-A93
Removed Pin From Net: NetName=PWR_ON2 Pin=U5-B2
Removed Pin From Net: NetName=PWR_ON3 Pin=U5-B6
Removed Pin From Net: NetName=PWR_ON4 Pin=U5-B10
Removed Pin From Net: NetName=PWR_ON5 Pin=U5-B14
Removed Pin From Net: NetName=PWR_ON6 Pin=U5-B18
Removed Pin From Net: NetName=PWR_ON7 Pin=U5-B22
Removed Pin From Net: NetName=PWR_ON9 Pin=U5-B30
Removed Pin From Net: NetName=PWR_ON10 Pin=U5-B34
Removed Pin From Net: NetName=PWR_ON11 Pin=U5-B38
Removed Pin From Net: NetName=PWR_OFF1 Pin=U5-B46
Removed Pin From Net: NetName=PWR_OFF2 Pin=U5-B50
Removed Pin From Net: NetName=PWR_ON1 Pin=U5-B51
Removed Pin From Net: NetName=PWR_OFF3 Pin=U5-B54
Removed Pin From Net: NetName=PWR_OFF4 Pin=U5-B58
Removed Pin From Net: NetName=PWR_OFF5 Pin=U5-B62
Removed Pin From Net: NetName=PWR_OFF6 Pin=U5-B66
Removed Pin From Net: NetName=PWR_OFF7 Pin=U5-B70
Removed Pin From Net: NetName=PWR_OFF8 Pin=U5-B74
Removed Pin From Net: NetName=PWR_OFF9 Pin=U5-B78
Removed Pin From Net: NetName=PWR_OFF10 Pin=U5-B82
Removed Pin From Net: NetName=PWR_OFF11 Pin=U5-B86
Removed Member From Class: ClassName=IMON_SLOT[0..11] Member=IMON_SLOT0
Removed Member From Class: ClassName=PWR_OFF[0..11] Member=PWR_OFF0
Removed Member From Class: ClassName=PWR_ON[0..11] Member=PWR_ON0
Added Pin To Net: NetName=~CS_SLOT1 Pin=D2-1
Added Pin To Net: NetName=~CS_SLOT2 Pin=D2-3
Added Pin To Net: NetName=~CS_SLOT4 Pin=D2-4
Added Pin To Net: NetName=~CS_SLOT3 Pin=D2-5
Added Pin To Net: NetName=~CS_SLOT9 Pin=D3-1
Added Pin To Net: NetName=~CS_SLOT10 Pin=D3-3
Added Pin To Net: NetName=~CS_SLOT12 Pin=D3-4
Added Pin To Net: NetName=~CS_SLOT11 Pin=D3-5
Added Pin To Net: NetName=~CS_SLOT5 Pin=D4-1
Added Pin To Net: NetName=~CS_SLOT6 Pin=D4-3
Added Pin To Net: NetName=~CS_SLOT8 Pin=D4-4
Added Pin To Net: NetName=~CS_SLOT7 Pin=D4-5
Added Pin To Net: NetName=~CARD_PRESENT4 Pin=RN1-1
Added Pin To Net: NetName=~CARD_PRESENT3 Pin=RN1-3
Added Pin To Net: NetName=~CARD_PRESENT2 Pin=RN1-5
Added Pin To Net: NetName=~CARD_PRESENT1 Pin=RN1-7
Added Pin To Net: NetName=~CARD_PRESENT8 Pin=RN2-1
Added Pin To Net: NetName=~CARD_PRESENT7 Pin=RN2-3
Added Pin To Net: NetName=~CARD_PRESENT6 Pin=RN2-5
Added Pin To Net: NetName=~CARD_PRESENT5 Pin=RN2-7
Added Pin To Net: NetName=~CARD_PRESENT12 Pin=RN3-1
Added Pin To Net: NetName=~CARD_PRESENT11 Pin=RN3-3
Added Pin To Net: NetName=~CARD_PRESENT10 Pin=RN3-5
Added Pin To Net: NetName=~CARD_PRESENT9 Pin=RN3-7
Added Pin To Net: NetName=IMON_SLOT8 Pin=U5-A7
Added Pin To Net: NetName=IMON_SLOT7 Pin=U5-A9
Added Pin To Net: NetName=IMON_SLOT6 Pin=U5-A11
Added Pin To Net: NetName=IMON_SLOT5 Pin=U5-A13
Added Pin To Net: NetName=IMON_SLOT4 Pin=U5-A15
Added Pin To Net: NetName=IMON_SLOT3 Pin=U5-A17
Added Pin To Net: NetName=IMON_SLOT2 Pin=U5-A19
Added Pin To Net: NetName=IMON_SLOT1 Pin=U5-A21
Added Pin To Net: NetName=IMON_SLOT12 Pin=U5-A23
Added Pin To Net: NetName=IMON_SLOT11 Pin=U5-A25
Added Pin To Net: NetName=IMON_SLOT10 Pin=U5-A27
Added Pin To Net: NetName=IMON_SLOT9 Pin=U5-A29
Added Pin To Net: NetName=~CS_SLOT1 Pin=U5-A71
Added Pin To Net: NetName=~CS_SLOT2 Pin=U5-A73
Added Pin To Net: NetName=~CS_SLOT3 Pin=U5-A75
Added Pin To Net: NetName=~CS_SLOT4 Pin=U5-A77
Added Pin To Net: NetName=~CS_SLOT5 Pin=U5-A79
Added Pin To Net: NetName=~CS_SLOT6 Pin=U5-A81
Added Pin To Net: NetName=~CS_SLOT7 Pin=U5-A83
Added Pin To Net: NetName=~CS_SLOT8 Pin=U5-A85
Added Pin To Net: NetName=~CS_SLOT9 Pin=U5-A87
Added Pin To Net: NetName=~CS_SLOT10 Pin=U5-A89
Added Pin To Net: NetName=~CS_SLOT11 Pin=U5-A91
Added Pin To Net: NetName=~CS_SLOT12 Pin=U5-A93
Added Pin To Net: NetName=PWR_ON3 Pin=U5-B2
Added Pin To Net: NetName=PWR_ON4 Pin=U5-B6
Added Pin To Net: NetName=PWR_ON5 Pin=U5-B10
Added Pin To Net: NetName=PWR_ON6 Pin=U5-B14
Added Pin To Net: NetName=PWR_ON7 Pin=U5-B18
Added Pin To Net: NetName=PWR_ON8 Pin=U5-B22
Added Pin To Net: NetName=PWR_ON9 Pin=U5-B26
Added Pin To Net: NetName=PWR_ON10 Pin=U5-B30
Added Pin To Net: NetName=PWR_ON11 Pin=U5-B34
Added Pin To Net: NetName=PWR_ON12 Pin=U5-B38
Added Pin To Net: NetName=PWR_OFF1 Pin=U5-B42
Added Pin To Net: NetName=PWR_OFF2 Pin=U5-B46
Added Pin To Net: NetName=PWR_ON1 Pin=U5-B47
Added Pin To Net: NetName=PWR_OFF3 Pin=U5-B50
Added Pin To Net: NetName=PWR_ON2 Pin=U5-B51
Added Pin To Net: NetName=PWR_OFF4 Pin=U5-B54
Added Pin To Net: NetName=PWR_OFF5 Pin=U5-B58
Added Pin To Net: NetName=PWR_OFF6 Pin=U5-B62
Added Pin To Net: NetName=PWR_OFF7 Pin=U5-B66
Added Pin To Net: NetName=PWR_OFF8 Pin=U5-B70
Added Pin To Net: NetName=PWR_OFF9 Pin=U5-B74
Added Pin To Net: NetName=PWR_OFF10 Pin=U5-B78
Added Pin To Net: NetName=PWR_OFF11 Pin=U5-B82
Added Pin To Net: NetName=PWR_OFF12 Pin=U5-B86
Change Class Name : Old Net Name=IMON_SLOT[0..11] New Net Name=IMON_SLOT[1..12]
Change Class Name : Old Net Name=PWR_OFF[0..11] New Net Name=PWR_OFF[1..12]
Change Class Name : Old Net Name=PWR_ON[0..11] New Net Name=PWR_ON[1..12]
