Change Port Electrical: Port=A0 Old Type=Input New Type=I/O
Change Port Electrical: Port=A1 Old Type=Input New Type=I/O
Change Port Electrical: Port=A2 Old Type=Input New Type=I/O
Change Port Electrical: Port=A3 Old Type=Input New Type=I/O
Change Port Electrical: Port=B0 Old Type=Input New Type=Output
Change Port Electrical: Port=B1 Old Type=Input New Type=I/O
Change Port Electrical: Port=DIN_FPGA Old Type=Input New Type=I/O
Change Port Electrical: Port=DIN Old Type=Output New Type=I/O
Change Port Electrical: Port=DOUT_2 Old Type=Input New Type=I/O
Change Port Electrical: Port=DOUT_3 Old Type=Input New Type=I/O
Change Port Electrical: Port=DOUT_4 Old Type=Input New Type=I/O
Change Port Electrical: Port=DOUT_5 Old Type=Input New Type=I/O
Change Port Electrical: Port=DOUT_6 Old Type=Input New Type=I/O
Change Port Electrical: Port=DOUT_7 Old Type=Input New Type=I/O
Change Port Electrical: Port=DOUT Old Type=Output New Type=I/O
Change Port Electrical: Port=SCLK_FPGA Old Type=Input New Type=I/O
Change Port Electrical: Port=SCLK Old Type=Output New Type=I/O
Change Port Electrical: Port=WSTRB Old Type=Input New Type=I/O
Change Port Electrical: Port=~CS_1 Old Type=Output New Type=Input
Change Port Electrical: Port=~CS_2 Old Type=Output New Type=Input
Change Port Electrical: Port=~CS_3 Old Type=Output New Type=I/O
Change Port Electrical: Port=~CS_4 Old Type=Output New Type=I/O
Change Port Electrical: Port=~CS_5 Old Type=Output New Type=I/O
Change Port Electrical: Port=~CS_6 Old Type=Output New Type=I/O
Change Port Electrical: Port=~CS_7 Old Type=Output New Type=I/O
Change Port Electrical: Port=~CS_8 Old Type=Output New Type=I/O
Change Port Electrical: Port=~CS_9 Old Type=Output New Type=I/O
Change Port Electrical: Port=~CS_10 Old Type=Output New Type=Input
Change Port Electrical: Port=~CS_11 Old Type=Output New Type=Input
Change Port Electrical: Port=~DRDY_2 Old Type=Input New Type=I/O
Change Port Electrical: Port=~DRDY_3 Old Type=Input New Type=I/O
Change Port Electrical: Port=~DRDY_4 Old Type=Input New Type=I/O
Change Port Electrical: Port=~DRDY_5 Old Type=Input New Type=I/O
Change Port Electrical: Port=~DRDY_6 Old Type=Input New Type=I/O
Change Port Electrical: Port=~DRDY_7 Old Type=Input New Type=I/O
Change Port Electrical: Port=~DRDY Old Type=Output New Type=I/O
Change Port Electrical: Port=~LVSHDN_0 Old Type=Output New Type=I/O
Change Port Electrical: Port=~LVSHDN_1 Old Type=Output New Type=I/O
Change Port Electrical: Port=~LVSHDN_2 Old Type=Output New Type=I/O
Change Port Electrical: Port=~LVSHDN_3 Old Type=Output New Type=I/O
Change Port Electrical: Port=~RESET_FPGA Old Type=Input New Type=I/O
Change Port Electrical: Port=~RESET Old Type=Output New Type=I/O
Change Port Electrical: Port=~SHDN Old Type=Input New Type=I/O
