Removed Pin From Net: NetName=+12V Pin=C1-1
Removed Pin From Net: NetName=MANUAL_PWR_OFF Pin=C1-2
Removed Pin From Net: NetName=MANUAL_PWR_OFF Pin=P1-1
Removed Pin From Net: NetName=+12V Pin=P1-2
Removed Pin From Net: NetName=MANUAL_PWR_ON Pin=P1-3
Removed Pin From Net: NetName=+12V Pin=P1-4
Removed Pin From Net: NetName=MANUAL_PWR_OFF Pin=R2-2
Removed Pin From Net: NetName=GND Pin=TP26-1
Removed Member From Class: ClassName=780-00029,rev1,Pg3,Backplane, 19-in Rackmount Enclosure Member=P1
Added Component: Designator=C2A(SMD_0805)
Added Component: Designator=C2B(SMD_0805)
Added Component: Designator=C2C(SMD_0805)
Added Component: Designator=C2D(SMD_0805)
Added Component: Designator=C2E(SMD_0805)
Added Component: Designator=C2F(SMD_0805)
Added Component: Designator=C2G(SMD_0805)
Added Component: Designator=C2H(SMD_0805)
Added Component: Designator=C2I(SMD_0805)
Added Component: Designator=C2J(SMD_0805)
Added Component: Designator=C2K(SMD_0805)
Added Component: Designator=C2L(SMD_0805)
Added Component: Designator=S1(B3U-1000P)
Added Component: Designator=S2(B3U-1000P)
Added Pin To Net: NetName=+5V Pin=C1-1
Added Pin To Net: NetName=GND Pin=C2A-1
Added Pin To Net: NetName=+12V Pin=C2A-2
Added Pin To Net: NetName=GND Pin=C2B-1
Added Pin To Net: NetName=+12V Pin=C2B-2
Added Pin To Net: NetName=GND Pin=C2C-1
Added Pin To Net: NetName=+12V Pin=C2C-2
Added Pin To Net: NetName=GND Pin=C2D-1
Added Pin To Net: NetName=+12V Pin=C2D-2
Added Pin To Net: NetName=GND Pin=C2E-1
Added Pin To Net: NetName=+12V Pin=C2E-2
Added Pin To Net: NetName=GND Pin=C2F-1
Added Pin To Net: NetName=+12V Pin=C2F-2
Added Pin To Net: NetName=GND Pin=C2G-1
Added Pin To Net: NetName=+12V Pin=C2G-2
Added Pin To Net: NetName=GND Pin=C2H-1
Added Pin To Net: NetName=+12V Pin=C2H-2
Added Pin To Net: NetName=GND Pin=C2I-1
Added Pin To Net: NetName=+12V Pin=C2I-2
Added Pin To Net: NetName=GND Pin=C2J-1
Added Pin To Net: NetName=+12V Pin=C2J-2
Added Pin To Net: NetName=GND Pin=C2K-1
Added Pin To Net: NetName=+12V Pin=C2K-2
Added Pin To Net: NetName=GND Pin=C2L-1
Added Pin To Net: NetName=+12V Pin=C2L-2
Added Pin To Net: NetName=+5V Pin=S1-1
Added Pin To Net: NetName=+5V Pin=S2-1
Added Pin To Net: NetName=MANUAL_PWR_ON Pin=S2-2
Added Pin To Net: NetName=NetC1_2 Pin=C1-2
Added Pin To Net: NetName=NetC1_2 Pin=R2-2
Added Pin To Net: NetName=NetC1_2 Pin=S1-2
Added Net: Name=NetC1_2
Added Class: Name=Power Supplies
Added Member To Class: ClassName=BackplaneSlot1 Member=Component C2A (C2) Cap SMD
Added Member To Class: ClassName=BackplaneSlot2 Member=Component C2B (C2) Cap SMD
Added Member To Class: ClassName=BackplaneSlot3 Member=Component C2C (C2) Cap SMD
Added Member To Class: ClassName=BackplaneSlot4 Member=Component C2D (C2) Cap SMD
Added Member To Class: ClassName=BackplaneSlot5 Member=Component C2E (C2) Cap SMD
Added Member To Class: ClassName=BackplaneSlot6 Member=Component C2F (C2) Cap SMD
Added Member To Class: ClassName=BackplaneSlot7 Member=Component C2G (C2) Cap SMD
Added Member To Class: ClassName=BackplaneSlot8 Member=Component C2H (C2) Cap SMD
Added Member To Class: ClassName=BackplaneSlot9 Member=Component C2I (C2) Cap SMD
Added Member To Class: ClassName=BackplaneSlot10 Member=Component C2J (C2) Cap SMD
Added Member To Class: ClassName=BackplaneSlot11 Member=Component C2K (C2) Cap SMD
Added Member To Class: ClassName=BackplaneSlot12 Member=Component C2L (C2) Cap SMD
Added Member To Class: ClassName=780-00029,rev1,Pg3,Backplane, 19-in Rackmount Enclosure Member=Component S1 B3U-1000P
Added Member To Class: ClassName=780-00029,rev1,Pg3,Backplane, 19-in Rackmount Enclosure Member=Component S2 B3U-1000P
