Added Component: Designator=BB1(Bus Bar 1.5" pitch)
Added Component: Designator=BB2(Bus Bar 1.5" pitch)
Added Component: Designator=BB3(Bus Bar 1.5" pitch)
Added Component: Designator=BB4(Bus Bar 1.5" pitch)
Added Component: Designator=BB5(Bus Bar 1.5" pitch)
Added Component: Designator=BB6(Bus Bar 1.5" pitch)
Added Component: Designator=P3(MMCX2.54-V5)
Added Component: Designator=U2(Z03A)
Added Component: Designator=U4A(SMD_SOT23_5)
Added Component: Designator=U4B(SMD_SOT23_5)
Added Component: Designator=U4C(SMD_SOT23_5)
Added Component: Designator=U4D(SMD_SOT23_5)
Added Component: Designator=U4E(SMD_SOT23_5)
Added Component: Designator=U4F(SMD_SOT23_5)
Added Component: Designator=U4G(SMD_SOT23_5)
Added Component: Designator=U4H(SMD_SOT23_5)
Added Component: Designator=U4I(SMD_SOT23_5)
Added Component: Designator=U4J(SMD_SOT23_5)
Added Component: Designator=U4K(SMD_SOT23_5)
Added Component: Designator=U4L(SMD_SOT23_5)
Added Pin To Net: NetName=+24V Pin=BB1-1
Added Pin To Net: NetName=+24V Pin=BB1-1
Added Pin To Net: NetName=+24V Pin=BB1-1
Added Pin To Net: NetName=+24V Pin=BB1-1
Added Pin To Net: NetName=+24V Pin=BB1-1
Added Pin To Net: NetName=+24V Pin=BB2-1
Added Pin To Net: NetName=+24V Pin=BB2-1
Added Pin To Net: NetName=+24V Pin=BB2-1
Added Pin To Net: NetName=+24V Pin=BB2-1
Added Pin To Net: NetName=+24V Pin=BB2-1
Added Pin To Net: NetName=+24V Pin=BB3-1
Added Pin To Net: NetName=+24V Pin=BB3-1
Added Pin To Net: NetName=+24V Pin=BB3-1
Added Pin To Net: NetName=+24V Pin=BB3-1
Added Pin To Net: NetName=+24V Pin=BB3-1
Added Pin To Net: NetName=RTN Pin=BB4-1
Added Pin To Net: NetName=RTN Pin=BB4-1
Added Pin To Net: NetName=RTN Pin=BB4-1
Added Pin To Net: NetName=RTN Pin=BB4-1
Added Pin To Net: NetName=RTN Pin=BB4-1
Added Pin To Net: NetName=RTN Pin=BB5-1
Added Pin To Net: NetName=RTN Pin=BB5-1
Added Pin To Net: NetName=RTN Pin=BB5-1
Added Pin To Net: NetName=RTN Pin=BB5-1
Added Pin To Net: NetName=RTN Pin=BB5-1
Added Pin To Net: NetName=RTN Pin=BB6-1
Added Pin To Net: NetName=RTN Pin=BB6-1
Added Pin To Net: NetName=RTN Pin=BB6-1
Added Pin To Net: NetName=RTN Pin=BB6-1
Added Pin To Net: NetName=RTN Pin=BB6-1
Added Pin To Net: NetName=MANUAL_PWR_OFF Pin=C1-2
Added Pin To Net: NetName=GPS_DATA Pin=P3-1
Added Pin To Net: NetName=GND Pin=P3-2
Added Pin To Net: NetName=GND Pin=P3-3
Added Pin To Net: NetName=GND Pin=P3-4
Added Pin To Net: NetName=GND Pin=P3-5
Added Pin To Net: NetName=MANUAL_PWR_OFF Pin=R2-2
Added Pin To Net: NetName=MANUAL_PWR_OFF Pin=S1-2
Added Pin To Net: NetName=PCB_TEMP Pin=U2-2
Added Pin To Net: NetName=GND Pin=U2-3
Added Pin To Net: NetName=IMON_SLOT1 Pin=U4A-1
Added Pin To Net: NetName=GND Pin=U4A-2
Added Pin To Net: NetName=+24V Pin=U4A-3
Added Pin To Net: NetName=NetK1A_11 Pin=U4A-4
Added Pin To Net: NetName=+12V Pin=U4A-5
Added Pin To Net: NetName=IMON_SLOT2 Pin=U4B-1
Added Pin To Net: NetName=GND Pin=U4B-2
Added Pin To Net: NetName=+24V Pin=U4B-3
Added Pin To Net: NetName=NetK1B_11 Pin=U4B-4
Added Pin To Net: NetName=+12V Pin=U4B-5
Added Pin To Net: NetName=IMON_SLOT3 Pin=U4C-1
Added Pin To Net: NetName=GND Pin=U4C-2
Added Pin To Net: NetName=+24V Pin=U4C-3
Added Pin To Net: NetName=NetK1C_11 Pin=U4C-4
Added Pin To Net: NetName=+12V Pin=U4C-5
Added Pin To Net: NetName=IMON_SLOT4 Pin=U4D-1
Added Pin To Net: NetName=GND Pin=U4D-2
Added Pin To Net: NetName=+24V Pin=U4D-3
Added Pin To Net: NetName=NetK1D_11 Pin=U4D-4
Added Pin To Net: NetName=+12V Pin=U4D-5
Added Pin To Net: NetName=IMON_SLOT5 Pin=U4E-1
Added Pin To Net: NetName=GND Pin=U4E-2
Added Pin To Net: NetName=+24V Pin=U4E-3
Added Pin To Net: NetName=NetK1E_11 Pin=U4E-4
Added Pin To Net: NetName=+12V Pin=U4E-5
Added Pin To Net: NetName=IMON_SLOT6 Pin=U4F-1
Added Pin To Net: NetName=GND Pin=U4F-2
Added Pin To Net: NetName=+24V Pin=U4F-3
Added Pin To Net: NetName=NetK1F_11 Pin=U4F-4
Added Pin To Net: NetName=+12V Pin=U4F-5
Added Pin To Net: NetName=IMON_SLOT7 Pin=U4G-1
Added Pin To Net: NetName=GND Pin=U4G-2
Added Pin To Net: NetName=+24V Pin=U4G-3
Added Pin To Net: NetName=NetK1G_11 Pin=U4G-4
Added Pin To Net: NetName=+12V Pin=U4G-5
Added Pin To Net: NetName=IMON_SLOT8 Pin=U4H-1
Added Pin To Net: NetName=GND Pin=U4H-2
Added Pin To Net: NetName=+24V Pin=U4H-3
Added Pin To Net: NetName=NetK1H_11 Pin=U4H-4
Added Pin To Net: NetName=+12V Pin=U4H-5
Added Pin To Net: NetName=IMON_SLOT9 Pin=U4I-1
Added Pin To Net: NetName=GND Pin=U4I-2
Added Pin To Net: NetName=+24V Pin=U4I-3
Added Pin To Net: NetName=NetK1I_11 Pin=U4I-4
Added Pin To Net: NetName=+12V Pin=U4I-5
Added Pin To Net: NetName=IMON_SLOT10 Pin=U4J-1
Added Pin To Net: NetName=GND Pin=U4J-2
Added Pin To Net: NetName=+24V Pin=U4J-3
Added Pin To Net: NetName=NetK1J_11 Pin=U4J-4
Added Pin To Net: NetName=+12V Pin=U4J-5
Added Pin To Net: NetName=IMON_SLOT11 Pin=U4K-1
Added Pin To Net: NetName=GND Pin=U4K-2
Added Pin To Net: NetName=+24V Pin=U4K-3
Added Pin To Net: NetName=NetK1K_11 Pin=U4K-4
Added Pin To Net: NetName=+12V Pin=U4K-5
Added Pin To Net: NetName=IMON_SLOT12 Pin=U4L-1
Added Pin To Net: NetName=GND Pin=U4L-2
Added Pin To Net: NetName=+24V Pin=U4L-3
Added Pin To Net: NetName=NetK1L_11 Pin=U4L-4
Added Pin To Net: NetName=+12V Pin=U4L-5
Added Member To Class: ClassName=Power Supplies Member=Component BB1 Bus Bar
Added Member To Class: ClassName=Power Supplies Member=Component BB2 Bus Bar
Added Member To Class: ClassName=Power Supplies Member=Component BB3 Bus Bar
Added Member To Class: ClassName=Power Supplies Member=Component BB4 Bus Bar
Added Member To Class: ClassName=Power Supplies Member=Component BB5 Bus Bar
Added Member To Class: ClassName=Power Supplies Member=Component BB6 Bus Bar
Added Member To Class: ClassName=780-00029,rev1,Pg3,Backplane, 19-in Rackmount Enclosure Member=Component P3 COAX MMCX
Added Member To Class: ClassName=Power Supplies Member=Component U2 LM335Z
Added Member To Class: ClassName=BackplaneSlot1 Member=Component U4A (U4) 100 V/V
Added Member To Class: ClassName=BackplaneSlot2 Member=Component U4B (U4) 100 V/V
Added Member To Class: ClassName=BackplaneSlot3 Member=Component U4C (U4) 100 V/V
Added Member To Class: ClassName=BackplaneSlot4 Member=Component U4D (U4) 100 V/V
Added Member To Class: ClassName=BackplaneSlot5 Member=Component U4E (U4) 100 V/V
Added Member To Class: ClassName=BackplaneSlot6 Member=Component U4F (U4) 100 V/V
Added Member To Class: ClassName=BackplaneSlot7 Member=Component U4G (U4) 100 V/V
Added Member To Class: ClassName=BackplaneSlot8 Member=Component U4H (U4) 100 V/V
Added Member To Class: ClassName=BackplaneSlot9 Member=Component U4I (U4) 100 V/V
Added Member To Class: ClassName=BackplaneSlot10 Member=Component U4J (U4) 100 V/V
Added Member To Class: ClassName=BackplaneSlot11 Member=Component U4K (U4) 100 V/V
Added Member To Class: ClassName=BackplaneSlot12 Member=Component U4L (U4) 100 V/V
