Removed Parameter Code_IPC:SOIC127P1030-20 from Part U1
Removed Parameter Code_IPC:SOIC127P1030-20 from Part U2
Removed Parameter Code_JEDEC:MS-013 from Part U1
Removed Parameter Code_JEDEC:MS-013 from Part U2
Removed Parameter ComponentLink1Description:Manufacturer Link from Part U1
Removed Parameter ComponentLink1Description:Manufacturer Link from Part U2
Removed Parameter ComponentLink1URL:http://www.ti.com/ from Part U1
Removed Parameter ComponentLink1URL:http://www.ti.com/ from Part U2
Removed Parameter ComponentLink2Description:Datasheet from Part U1
Removed Parameter ComponentLink2Description:Datasheet from Part U2
Removed Parameter ComponentLink2URL:http://www-s.ti.com/sc/ds/sn74hc541.pdf from Part U1
Removed Parameter ComponentLink2URL:http://www-s.ti.com/sc/ds/sn74hc541.pdf from Part U2
Removed Parameter DatasheetVersion:May-1997 from Part U1
Removed Parameter DatasheetVersion:May-1997 from Part U2
Removed Parameter LatestRevisionDate:13-Apr-2006 from Part U1
Removed Parameter LatestRevisionDate:13-Apr-2006 from Part U2
Removed Parameter LatestRevisionNote:IPC-7351 Footprint Added. from Part U1
Removed Parameter LatestRevisionNote:IPC-7351 Footprint Added. from Part U2
Removed Parameter PackageDescription:20-Pin Plastic Small Outline Integrated Circuit 1.27 mm Pitch from Part U1
Removed Parameter PackageDescription:20-Pin Plastic Small Outline Integrated Circuit 1.27 mm Pitch from Part U2
Removed Parameter PackageReference:DW020 from Part U1
Removed Parameter PackageReference:DW020 from Part U2
Removed Parameter PackageVersion:Mar-2000 from Part U1
Removed Parameter PackageVersion:Mar-2000 from Part U2
Removed Parameter Published:8-Jun-2000 from Part U1
Removed Parameter Published:8-Jun-2000 from Part U2
Removed Parameter Publisher:Altium Limited from Part U1
Removed Parameter Publisher:Altium Limited from Part U2
Added Parameter COST= to Part U1
Added Parameter COST= to Part U2
Added Parameter LCO p/n= to Part U1
Added Parameter LCO p/n= to Part U2
Added Parameter Manufacturer= to Part U1
Added Parameter Manufacturer= to Part U2
Added Parameter Manuf p/n= to Part U1
Added Parameter Manuf p/n= to Part U2
Added Parameter VALUE= to Part U1
Added Parameter VALUE= to Part U2
Added Parameter Vendor= to Part U1
Added Parameter Vendor= to Part U2
Added Parameter Vendor Mult.= to Part U1
Added Parameter Vendor Mult.= to Part U2
Added Parameter Vendor p/n= to Part U1
Added Parameter Vendor p/n= to Part U2
