Removed Parameter Arena Prefix: from Part C11
Removed Parameter Arena Prefix: from Part C13
Removed Parameter Arena Prefix: from Part C14
Removed Parameter Arena Prefix: from Part C15
Removed Parameter Arena Prefix: from Part C16
Removed Parameter Arena Prefix: from Part C17
Removed Parameter Arena Prefix: from Part C18
Removed Parameter Arena Prefix: from Part C19
Removed Parameter Arena Prefix: from Part C20
Removed Parameter Arena Prefix: from Part L2
Removed Parameter Arena Prefix: from Part L3
Removed Parameter Arena Prefix: from Part P2
Removed Parameter Arena Prefix: from Part R1
Removed Parameter Arena Prefix: from Part R29
Removed Parameter Arena Prefix: from Part R30
Removed Parameter Arena Prefix: from Part R31
Removed Parameter Arena Prefix: from Part R32
Removed Parameter Arena Prefix: from Part R33
Removed Parameter Arena Prefix: from Part R34
Removed Parameter Arena Prefix: from Part R35
Removed Parameter Arena Prefix: from Part R36
Removed Parameter Arena Prefix: from Part R37
Removed Parameter Arena Prefix: from Part R38
Removed Parameter Arena Prefix: from Part R39
Removed Parameter Arena Prefix: from Part R40
Removed Parameter Arena Prefix: from Part TP1
Removed Parameter Arena Prefix: from Part TP2
Removed Parameter Arena Prefix: from Part TP3
Removed Parameter Arena Prefix: from Part TP6
Removed Parameter Arena Prefix: from Part TP7
Removed Parameter Arena Prefix: from Part TP8
Removed Parameter Arena Prefix: from Part TP9
Removed Parameter Arena Prefix: from Part TP17
Removed Parameter Arena Prefix: from Part TP27
Removed Parameter Arena Prefix: from Part TP28
Removed Parameter Arena Prefix: from Part TP29
Removed Parameter Arena Prefix: from Part U21
Removed Parameter Arena Prefix: from Part U22
Removed Parameter Arena Prefix: from Part U23
Removed Parameter Arena Type:Diode from Part D1
Removed Parameter Arena Type: from Part C11
Removed Parameter Arena Type: from Part C13
Removed Parameter Arena Type: from Part C14
Removed Parameter Arena Type: from Part C15
Removed Parameter Arena Type: from Part C16
Removed Parameter Arena Type: from Part C17
Removed Parameter Arena Type: from Part C18
Removed Parameter Arena Type: from Part C19
Removed Parameter Arena Type: from Part C20
Removed Parameter Arena Type: from Part L2
Removed Parameter Arena Type: from Part L3
Removed Parameter Arena Type: from Part P2
Removed Parameter Arena Type: from Part R1
Removed Parameter Arena Type: from Part R29
Removed Parameter Arena Type: from Part R30
Removed Parameter Arena Type: from Part R31
Removed Parameter Arena Type: from Part R32
Removed Parameter Arena Type: from Part R33
Removed Parameter Arena Type: from Part R34
Removed Parameter Arena Type: from Part R35
Removed Parameter Arena Type: from Part R36
Removed Parameter Arena Type: from Part R37
Removed Parameter Arena Type: from Part R38
Removed Parameter Arena Type: from Part R39
Removed Parameter Arena Type: from Part R40
Removed Parameter Arena Type: from Part TP1
Removed Parameter Arena Type: from Part TP2
Removed Parameter Arena Type: from Part TP3
Removed Parameter Arena Type: from Part TP6
Removed Parameter Arena Type: from Part TP7
Removed Parameter Arena Type: from Part TP8
Removed Parameter Arena Type: from Part TP9
Removed Parameter Arena Type: from Part TP17
Removed Parameter Arena Type: from Part TP27
Removed Parameter Arena Type: from Part TP28
Removed Parameter Arena Type: from Part TP29
Removed Parameter Arena Type: from Part U21
Removed Parameter Arena Type: from Part U22
Removed Parameter Arena Type: from Part U23
Removed Parameter To Do list: from Part C10
Removed Parameter To Do list: from Part C11
Removed Parameter To Do list: from Part C12
Removed Parameter To Do list: from Part C13
Removed Parameter To Do list: from Part C14
Removed Parameter To Do list: from Part C15
Removed Parameter To Do list: from Part C16
Removed Parameter To Do list: from Part C17
Removed Parameter To Do list: from Part C18
Removed Parameter To Do list: from Part C19
Removed Parameter To Do list: from Part C20
Removed Parameter To Do list: from Part D1
Removed Parameter To Do list: from Part L2
Removed Parameter To Do list: from Part L3
Removed Parameter To Do list: from Part R29
Removed Parameter To Do list: from Part R30
Removed Parameter To Do list: from Part R31
Removed Parameter To Do list: from Part R32
Removed Parameter To Do list: from Part R33
Removed Parameter To Do list: from Part R34
Removed Parameter To Do list: from Part R35
Removed Parameter To Do list: from Part R36
Removed Parameter To Do list: from Part R37
Removed Parameter To Do list: from Part R38
Removed Parameter To Do list: from Part R39
Removed Parameter To Do list: from Part R40
Removed Parameter To Do list: from Part TP17
Removed Parameter To Do list: from Part TP27
Removed Parameter To Do list: from Part TP28
Removed Parameter To Do list: from Part TP29
Added Parameter COST= to Part BB1
Added Parameter COST= to Part BB2
Added Parameter COST= to Part BB3
Added Parameter COST= to Part BB4
Added Parameter COST= to Part BB5
Added Parameter COST= to Part BB6
Added Parameter LCO p/n= to Part BB1
Added Parameter LCO p/n= to Part BB2
Added Parameter LCO p/n= to Part BB3
Added Parameter LCO p/n= to Part BB4
Added Parameter LCO p/n= to Part BB5
Added Parameter LCO p/n= to Part BB6
Added Parameter Manufacturer= to Part BB1
Added Parameter Manufacturer= to Part BB2
Added Parameter Manufacturer= to Part BB3
Added Parameter Manufacturer= to Part BB4
Added Parameter Manufacturer= to Part BB5
Added Parameter Manufacturer= to Part BB6
Added Parameter Manuf p/n= to Part BB1
Added Parameter Manuf p/n= to Part BB2
Added Parameter Manuf p/n= to Part BB3
Added Parameter Manuf p/n= to Part BB4
Added Parameter Manuf p/n= to Part BB5
Added Parameter Manuf p/n= to Part BB6
Added Parameter Value= to Part BB1
Added Parameter Value= to Part BB2
Added Parameter Value= to Part BB3
Added Parameter Value= to Part BB4
Added Parameter Value= to Part BB5
Added Parameter Value= to Part BB6
Added Parameter Vendor= to Part BB1
Added Parameter Vendor= to Part BB2
Added Parameter Vendor= to Part BB3
Added Parameter Vendor= to Part BB4
Added Parameter Vendor= to Part BB5
Added Parameter Vendor= to Part BB6
Added Parameter Vendor Mult.= to Part BB1
Added Parameter Vendor Mult.= to Part BB2
Added Parameter Vendor Mult.= to Part BB3
Added Parameter Vendor Mult.= to Part BB4
Added Parameter Vendor Mult.= to Part BB5
Added Parameter Vendor Mult.= to Part BB6
Added Parameter Vendor p/n= to Part BB1
Added Parameter Vendor p/n= to Part BB2
Added Parameter Vendor p/n= to Part BB3
Added Parameter Vendor p/n= to Part BB4
Added Parameter Vendor p/n= to Part BB5
Added Parameter Vendor p/n= to Part BB6
