Removed Parameter Arena Prefix: from Part C3
Removed Parameter Arena Prefix: from Part C4
Removed Parameter Arena Prefix: from Part D2
Removed Parameter Arena Prefix: from Part D3
Removed Parameter Arena Prefix: from Part D4
Removed Parameter Arena Prefix: from Part D5
Removed Parameter Arena Prefix: from Part J2
Removed Parameter Arena Prefix: from Part J3
Removed Parameter Arena Prefix: from Part L1
Removed Parameter Arena Prefix: from Part P1
Removed Parameter Arena Prefix: from Part P3
Removed Parameter Arena Prefix: from Part R2
Removed Parameter Arena Prefix: from Part R3
Removed Parameter Arena Prefix: from Part R6
Removed Parameter Arena Prefix: from Part R7
Removed Parameter Arena Prefix: from Part R8
Removed Parameter Arena Prefix: from Part R9
Removed Parameter Arena Prefix: from Part R10
Removed Parameter Arena Prefix: from Part R11
Removed Parameter Arena Prefix: from Part RN1
Removed Parameter Arena Prefix: from Part RN2
Removed Parameter Arena Prefix: from Part RN3
Removed Parameter Arena Prefix: from Part S1
Removed Parameter Arena Prefix: from Part S2
Removed Parameter Arena Prefix: from Part TP4
Removed Parameter Arena Prefix: from Part TP5
Removed Parameter Arena Prefix: from Part TP12
Removed Parameter Arena Prefix: from Part TP13
Removed Parameter Arena Prefix: from Part U5
Removed Parameter Arena Prefix: from Part U5
Removed Parameter Arena Type:Connector from Part J4
Removed Parameter Arena Type: from Part C3
Removed Parameter Arena Type: from Part C4
Removed Parameter Arena Type: from Part D2
Removed Parameter Arena Type: from Part D3
Removed Parameter Arena Type: from Part D4
Removed Parameter Arena Type: from Part D5
Removed Parameter Arena Type: from Part J2
Removed Parameter Arena Type: from Part J3
Removed Parameter Arena Type: from Part L1
Removed Parameter Arena Type: from Part P1
Removed Parameter Arena Type: from Part P3
Removed Parameter Arena Type: from Part R2
Removed Parameter Arena Type: from Part R3
Removed Parameter Arena Type: from Part R6
Removed Parameter Arena Type: from Part R7
Removed Parameter Arena Type: from Part R8
Removed Parameter Arena Type: from Part R9
Removed Parameter Arena Type: from Part R10
Removed Parameter Arena Type: from Part R11
Removed Parameter Arena Type: from Part RN1
Removed Parameter Arena Type: from Part RN2
Removed Parameter Arena Type: from Part RN3
Removed Parameter Arena Type: from Part S1
Removed Parameter Arena Type: from Part S2
Removed Parameter Arena Type: from Part TP4
Removed Parameter Arena Type: from Part TP5
Removed Parameter Arena Type: from Part TP12
Removed Parameter Arena Type: from Part TP13
Removed Parameter Arena Type: from Part U5
Removed Parameter Arena Type: from Part U5
Removed Parameter To Do list: from Part J2
Removed Parameter To Do list: from Part J4
Removed Parameter To Do list: from Part R5
Removed Parameter To Do list: from Part R6
Removed Parameter To Do list: from Part R7
Removed Parameter To Do list: from Part S1
Removed Parameter To Do list: from Part S2
