Added Component: Designator=C19(SMD_CAP_3216)
Added Component: Designator=C20(SMD_CAP_6032)
Added Component: Designator=C21(SMD_CAP_3216)
Added Component: Designator=C22(SMD_CAP_3216)
Added Component: Designator=C23(SMD_CAP_3216)
Added Component: Designator=C24(SMD_CAP_3216)
Added Pin To Net: NetName=A Pin=C20-NEG
Added Pin To Net: NetName=+24V Pin=C20-POS
Added Pin To Net: NetName=+12V Pin=C21-1
Added Pin To Net: NetName=A Pin=C21-2
Added Pin To Net: NetName=A Pin=C22-1
Added Pin To Net: NetName=-12V Pin=C22-2
Added Pin To Net: NetName=VCC Pin=C23-1
Added Pin To Net: NetName=GND Pin=C23-2
Added Pin To Net: NetName=+5ANA Pin=C24-1
Added Pin To Net: NetName=A Pin=C24-2
Added Member To Class: ClassName=175-00053, rev1, Pg1, Sinistro Temp Telemetry Board Member=Component C19 15V
Added Member To Class: ClassName=175-00053, rev1, Pg1, Sinistro Temp Telemetry Board Member=Component C20 35V
Added Member To Class: ClassName=175-00053, rev1, Pg1, Sinistro Temp Telemetry Board Member=Component C21 15V
Added Member To Class: ClassName=175-00053, rev1, Pg1, Sinistro Temp Telemetry Board Member=Component C22 15V
Added Member To Class: ClassName=175-00053, rev1, Pg1, Sinistro Temp Telemetry Board Member=Component C23 15V
Added Member To Class: ClassName=175-00053, rev1, Pg1, Sinistro Temp Telemetry Board Member=Component C24 15V
