Removed Pin From Net: NetName=GND Pin=C1-1
Removed Pin From Net: NetName=+24V Pin=C1-2
Removed Pin From Net: NetName=GND Pin=C2-1
Removed Pin From Net: NetName=+24V Pin=C2-2
Removed Pin From Net: NetName=GND Pin=C3-1
Removed Pin From Net: NetName=+24V Pin=C3-2
Removed Pin From Net: NetName=GND Pin=C4-1
Removed Pin From Net: NetName=+24V Pin=C4-2
Removed Pin From Net: NetName=+12V_ION Pin=C5-1
Removed Pin From Net: NetName=GND Pin=C5-2
Removed Pin From Net: NetName=GND Pin=J1-PC08
Removed Pin From Net: NetName=GND Pin=P1-PC08
Removed Pin From Net: NetName=GND Pin=R4-1
Removed Pin From Net: NetName=GND Pin=U2-1
Removed Pin From Net: NetName=+24V Pin=U2-2
Removed Pin From Net: NetName=+12V_ION Pin=U2-6
Removed Pin From Net: NetName=GND Pin=U2-7
Removed Pin From Net: NetName=GND Pin=U5A-4
Removed Pin From Net: NetName=GND Pin=U5B-4
Removed Member From Class: ClassName=LM335 AND FAN Member=C3
Removed Member From Class: ClassName=LM335 AND FAN Member=C4
Removed Member From Class: ClassName=LM335 AND FAN Member=C5
Change Component DesignItemId : Designator=C1 Old DesignItemId=Cap SMD New DesignItemId=Cap Tant 35V
Change Component DesignItemId : Designator=C2 Old DesignItemId=Cap SMD New DesignItemId=Cap Tant 35V
Change Component DesignItemId : Designator=U2 Old DesignItemId=PTN78020W New DesignItemId=LM350T
Change Component Footprint: Designator=C1 Old Footprint=SMD_0805 New Footprint=SMD_CAP_6032
Change Component Footprint: Designator=C2 Old Footprint=SMD_0805 New Footprint=SMD_CAP_6032
Change Component Footprint: Designator=U2 Old Footprint=TEXAS Inst Switching Regulator New Footprint=TO-220 w/Heatsink 7136DG
Change Component Comment : Designator=U2 Old Comment=6A Pos Switching Regulator New Comment=LM350T
Change Component Comment : Designator=C1 Old Comment=35V CER New Comment=35V
Change Component Comment : Designator=C2 Old Comment=35V CER New Comment=35V
Added Component: Designator=R21(SMD_0805)
Added Pin To Net: NetName=GND Pin=C1-NEG
Added Pin To Net: NetName=+24V Pin=C1-POS
Added Pin To Net: NetName=GND Pin=C2-NEG
Added Pin To Net: NetName=+12V_ION Pin=C2-POS
Added Pin To Net: NetName=+12V_ION Pin=R4-2
Added Pin To Net: NetName=GND Pin=R21-1
Added Pin To Net: NetName=+12V_ION Pin=U2-2
Added Pin To Net: NetName=+24V Pin=U2-3
Change Net Name : Old Net Name=+12V_ION New Net Name=20V_ION
Added Pin To Net: NetName=+24RTN Pin=J1-PC08
Added Pin To Net: NetName=+24RTN Pin=P1-PC08
Added Net: Name=+24RTN
Added Pin To Net: NetName=24RTN Pin=U5A-4
Added Pin To Net: NetName=24RTN Pin=U5B-4
Added Net: Name=24RTN
Added Pin To Net: NetName=NetR4_1 Pin=R4-1
Added Pin To Net: NetName=NetR4_1 Pin=R21-2
Added Pin To Net: NetName=NetR4_1 Pin=U2-1
Added Net: Name=NetR4_1
Added Member To Class: ClassName=LM335 AND FAN Member=Component R21 Res 0805
