Added Pin To Net: NetName=GND Pin=C1-1
Added Pin To Net: NetName=GND Pin=C2-1
Added Pin To Net: NetName=GND Pin=C3-1
Added Pin To Net: NetName=GND Pin=C4-1
Added Pin To Net: NetName=GND Pin=C5-2
Added Pin To Net: NetName=GND Pin=C13A-1
Added Pin To Net: NetName=GND Pin=C13B-1
Added Pin To Net: NetName=GND Pin=C15A-2
Added Pin To Net: NetName=GND Pin=C15B-2
Added Pin To Net: NetName=GND Pin=R4-1
Added Pin To Net: NetName=GND Pin=R14A-2
Added Pin To Net: NetName=GND Pin=R14B-2
Added Pin To Net: NetName=GND Pin=R17A-1
Added Pin To Net: NetName=GND Pin=R17B-1
Added Pin To Net: NetName=GND Pin=U2-1
Added Pin To Net: NetName=GND Pin=U2-7
Added Pin To Net: NetName=GND Pin=U4A-2
Added Pin To Net: NetName=GND Pin=U4A-3
Added Pin To Net: NetName=GND Pin=U4B-2
Added Pin To Net: NetName=GND Pin=U4B-3
Added Pin To Net: NetName=GND Pin=U5A-4
Added Pin To Net: NetName=GND Pin=U5B-4
