Removed Pin From Net: NetName=GND Pin=C3-1
Removed Pin From Net: NetName=+24V Pin=C3-2
Removed Pin From Net: NetName=GND Pin=C4-1
Removed Pin From Net: NetName=+24V Pin=C4-2
Removed Pin From Net: NetName=+12V_ION Pin=C5-1
Removed Pin From Net: NetName=GND Pin=C5-2
Removed Pin From Net: NetName=GND Pin=J1-PC08
Removed Pin From Net: NetName=GND Pin=P1-PC08
Removed Pin From Net: NetName=GND Pin=R4-1
Removed Pin From Net: NetName=GND Pin=U5A-4
Removed Pin From Net: NetName=GND Pin=U5B-4
Added Component: Designator=C1(SMD_CAP_6032)
Added Component: Designator=C2(SMD_CAP_6032)
Added Component: Designator=R21(SMD_0805)
Added Component: Designator=U2(TO-220 w/Heatsink 7136DG)
Added Pin To Net: NetName=GND Pin=C1-NEG
Added Pin To Net: NetName=+24V Pin=C1-POS
Added Pin To Net: NetName=GND Pin=C2-NEG
Added Pin To Net: NetName=+12V_ION Pin=C2-POS
Added Pin To Net: NetName=+12V_ION Pin=R4-2
Added Pin To Net: NetName=GND Pin=R21-1
Added Pin To Net: NetName=+12V_ION Pin=U2-2
Added Pin To Net: NetName=+24V Pin=U2-3
Change Net Name : Old Net Name=+12V_ION New Net Name=20V_ION
Added Pin To Net: NetName=+24RTN Pin=J1-PC08
Added Pin To Net: NetName=+24RTN Pin=P1-PC08
Added Net: Name=+24RTN
Added Pin To Net: NetName=24RTN Pin=U5A-4
Added Pin To Net: NetName=24RTN Pin=U5B-4
Added Net: Name=24RTN
Added Pin To Net: NetName=NetR4_1 Pin=R4-1
Added Pin To Net: NetName=NetR4_1 Pin=R21-2
Added Pin To Net: NetName=NetR4_1 Pin=U2-1
Added Net: Name=NetR4_1
Added Member To Class: ClassName=LM335 AND FAN Member=Component C1 35V
Added Member To Class: ClassName=LM335 AND FAN Member=Component C2 35V
Added Member To Class: ClassName=LM335 AND FAN Member=Component R21 Res 0805
Added Member To Class: ClassName=LM335 AND FAN Member=Component U2 LM350T
