Removed Pin From Net: NetName=A Pin=C3-2
Removed Pin From Net: NetName=A Pin=C26-2
Removed Pin From Net: NetName=A Pin=C28-1
Removed Pin From Net: NetName=A Pin=C29-1
Removed Pin From Net: NetName=A Pin=C30-1
Removed Pin From Net: NetName=A Pin=C31-1
Removed Pin From Net: NetName=A Pin=C32-1
Removed Pin From Net: NetName=A Pin=C33-1
Removed Pin From Net: NetName=A Pin=C34-1
Removed Pin From Net: NetName=VAC_READ Pin=RN1-1
Removed Pin From Net: NetName=V_MON_MODION Pin=RN1-3
Removed Pin From Net: NetName=-12V_IMON Pin=RN1-5
Removed Pin From Net: NetName=-5ANA_IMON Pin=RN1-7
Removed Pin From Net: NetName=INLET_TEMP Pin=RN2-1
Removed Pin From Net: NetName=OUTLET_TEMP Pin=RN2-3
Removed Pin From Net: NetName=I_MON_VARIAN Pin=RN2-5
Removed Pin From Net: NetName=V_MON_VARIAN Pin=RN2-7
Removed Pin From Net: NetName=+12V_IMON Pin=RN3-1
Removed Pin From Net: NetName=+5ANA_IMON Pin=RN3-3
Removed Pin From Net: NetName=+28V_IMON Pin=RN3-5
Removed Pin From Net: NetName=VCC_IMON Pin=RN3-7
Removed Pin From Net: NetName=+24V_IMON Pin=RN4-7
Removed Member From Class: ClassName=SF CONNECTIONS Member=C3
Removed Member From Class: ClassName=SF CONNECTIONS Member=C26
Removed Member From Class: ClassName=SF CONNECTIONS Member=C27
Removed Member From Class: ClassName=SF CONNECTIONS Member=C28
Removed Member From Class: ClassName=SF CONNECTIONS Member=C29
Removed Member From Class: ClassName=SF CONNECTIONS Member=C30
Removed Member From Class: ClassName=SF CONNECTIONS Member=C31
Removed Member From Class: ClassName=SF CONNECTIONS Member=C32
Removed Member From Class: ClassName=SF CONNECTIONS Member=C33
Removed Member From Class: ClassName=SF CONNECTIONS Member=C34
Added Pin To Net: NetName=I_MON_VARIAN Pin=RN1-1
Added Pin To Net: NetName=V_MON_VARIAN Pin=RN1-3
Added Pin To Net: NetName=VAC_READ Pin=RN1-5
Added Pin To Net: NetName=V_MON_MODION Pin=RN1-7
Added Pin To Net: NetName=-5ANA_IMON Pin=U1-A7
Added Pin To Net: NetName=-12V_IMON Pin=U1-A9
Added Pin To Net: NetName=OUTLET_TEMP Pin=U1-A19
Added Pin To Net: NetName=INLET_TEMP Pin=U1-A21
Added Pin To Net: NetName=VCC_IMON Pin=U1-A23
Added Pin To Net: NetName=+28V_IMON Pin=U1-A25
Added Pin To Net: NetName=+5ANA_IMON Pin=U1-A27
Added Pin To Net: NetName=+12V_IMON Pin=U1-A29
Added Pin To Net: NetName=+24V_IMON Pin=U1-A37
