Removed Parameter Arena Type: from Part Q?
Removed Parameter Arena Type: from Part Q?
Removed Parameter Arena Type: from Part Q?
Removed Parameter Arena Type: from Part U?
Removed Parameter Arena Type: from Part U?
Removed Parameter Arena Type: from Part U?
Removed Parameter Arena Type: from Part U?
Removed Parameter Arena Type: from Part U?
Removed Parameter Arena Type: from Part P?
Removed Parameter Arena Type: from Part P?
Removed Parameter Arena Type: from Part C?
Removed Parameter Arena Type: from Part 
Removed Parameter Arena Type: from Part Q?
Removed Parameter Arena Type: from Part Q?
Removed Parameter Arena Type: from Part R?
Removed Parameter Arena Type: from Part J?
Removed Parameter Arena Type: from Part C?
Removed Parameter Arena Type: from Part C?
Removed Parameter Arena Type: from Part C?
Removed Parameter Arena Type: from Part C?
Removed Parameter Arena Type: from Part C?
Removed Parameter Arena Type: from Part C?
Removed Parameter Arena Type: from Part C?
Removed Parameter Arena Type: from Part C?
Removed Parameter Arena Type: from Part C?
Removed Parameter Arena Type: from Part *
Removed Parameter Arena Type: from Part P?
Removed Parameter Arena Type: from Part J?
Removed Parameter Arena Type: from Part P?
Removed Parameter Arena Type: from Part J?
Removed Parameter Arena Type: from Part J?
Removed Parameter Arena Type: from Part J?
Removed Parameter Arena Type: from Part J?
Removed Parameter Arena Type: from Part *
Removed Parameter Arena Type: from Part *
Removed Parameter Arena Type: from Part J?
Removed Parameter Arena Type: from Part U?
Removed Parameter Arena Type: from Part U?
Removed Parameter Arena Type: from Part U?
Removed Parameter Arena Type: from Part U?
Removed Parameter Arena Type: from Part U?
Removed Parameter Arena Type: from Part U?
Removed Parameter Arena Type: from Part U?
Removed Parameter Arena Type: from Part U?
Removed Parameter Arena Type: from Part U?
Removed Parameter Arena Type: from Part J?
Removed Parameter Arena Type: from Part D?
Removed Parameter Arena Type: from Part L?
Removed Parameter Arena Type: from Part CCD?
Removed Parameter Arena Type: from Part Q?
Removed Parameter Arena Type: from Part FB?
Removed Parameter Arena Type: from Part U?
Removed Parameter Arena Type: from Part U?
Removed Parameter Arena Type: from Part F?
Removed Parameter Arena Type: from Part F?
Removed Parameter Arena Type: from Part J?
Removed Parameter Arena Type: from Part P?
Removed Parameter Arena Type: from Part U?
Removed Parameter Arena Type: from Part *
Removed Parameter Arena Type: from Part U?
Removed Parameter Arena Type: from Part U?
Removed Parameter Arena Type: from Part P?
Removed Parameter Arena Type: from Part P?
Removed Parameter Arena Type: from Part P?
Removed Parameter Arena Type: from Part P?
Removed Parameter Arena Type: from Part P?
Removed Parameter Arena Type: from Part P?
Removed Parameter Arena Type: from Part P?
Removed Parameter Arena Type: from Part P?
Removed Parameter Arena Type: from Part P?
Removed Parameter Arena Type: from Part P?
Removed Parameter Arena Type: from Part P?
Removed Parameter Arena Type: from Part Q?
Removed Parameter Arena Type: from Part Q?
Removed Parameter Arena Type: from Part Q1
Removed Parameter Arena Type: from Part Q?
Removed Parameter Arena Type: from Part U?
Removed Parameter Arena Type: from Part L?
Removed Parameter Arena Type: from Part L?
Removed Parameter Arena Type: from Part L?
Removed Parameter Arena Type: from Part U?
Removed Parameter Arena Type: from Part Q?
Removed Parameter Arena Type: from Part Q?
Removed Parameter Arena Type: from Part Q?
Removed Parameter Arena Type: from Part D?
Removed Parameter Arena Type: from Part P?
Removed Parameter Arena Type: from Part U?
Removed Parameter Arena Type: from Part U?
Removed Parameter Arena Type: from Part U?
Removed Parameter Arena Type: from Part U?
Removed Parameter Arena Type: from Part U?
Removed Parameter Arena Type: from Part U?
Removed Parameter Arena Type: from Part U7
Removed Parameter Arena Type: from Part U?
Removed Parameter Arena Type: from Part U?
Removed Parameter Arena Type: from Part U?
Removed Parameter Arena Type: from Part U?
Removed Parameter Arena Type: from Part U?
Removed Parameter Arena Type: from Part U?
Removed Parameter Arena Type: from Part J?
Removed Parameter Arena Type: from Part J?
Removed Parameter Arena Type: from Part Q?
Removed Parameter Arena Type: from Part Q?
Removed Parameter Arena Type: from Part U?
Removed Parameter Arena Type: from Part U?
Removed Parameter Arena Type: from Part U?
Removed Parameter Arena Type: from Part U?
Removed Parameter Arena Type: from Part RT?
Removed Parameter Arena Type: from Part RT?
Removed Parameter Arena Type: from Part P?
Removed Parameter Arena Type: from Part P?
Removed Parameter Arena Type: from Part J?
Removed Parameter Arena Type: from Part J?
Removed Parameter Arena Type: from Part J?
Removed Parameter Arena Type: from Part P?
Removed Parameter Arena Type: from Part P?
Removed Parameter Arena Type: from Part U?
Removed Parameter Arena Type: from Part K?
Removed Parameter Arena Type: from Part K?
Removed Parameter Arena Type: from Part K?
Removed Parameter Arena Type: from Part K?
Removed Parameter Arena Type: from Part RN?
Removed Parameter Arena Type: from Part R?
Removed Parameter Arena Type: from Part R?
Removed Parameter Arena Type: from Part R?
Removed Parameter Arena Type: from Part R?
Removed Parameter Arena Type: from Part R?
Removed Parameter Arena Type: from Part RTD?
Removed Parameter Arena Type: from Part RTD?
Removed Parameter Arena Type: from Part *
Removed Parameter Arena Type: from Part U20
Removed Parameter Arena Type: from Part U?
Removed Parameter Arena Type: from Part U?
Removed Parameter Arena Type: from Part SW?
Removed Parameter Arena Type: from Part SW?
Removed Parameter Arena Type: from Part SW?
Removed Parameter Arena Type: from Part S?
Removed Parameter Arena Type: from Part S?
Removed Parameter Arena Type: from Part U?
Removed Parameter Arena Type: from Part TP?
Removed Parameter Arena Type: from Part TP?
Removed Parameter Arena Type: from Part TP?
Removed Parameter Arena Type: from Part J?
Removed Parameter Arena Type: from Part U?
Removed Parameter Arena Type: from Part U?
Removed Parameter Arena Type: from Part U?
Removed Parameter Arena Type: from Part U?
Removed Parameter Arena Type: from Part U?
Added Parameter COST= to Part KU?
Added Parameter LCO p/n= to Part KU?
Added Parameter Manufacturer= to Part KU?
Added Parameter Manuf p/n= to Part KU?
Added Parameter VALUE= to Part KU?
Added Parameter Vendor= to Part KU?
Added Parameter Vendor Mult.= to Part KU?
Added Parameter Vendor p/n= to Part KU?
