Removed Parameter Arena Prefix: from Part Q?
Removed Parameter Arena Prefix: from Part Q?
Removed Parameter Arena Prefix: from Part Q?
Removed Parameter Arena Prefix: from Part U?
Removed Parameter Arena Prefix: from Part U?
Removed Parameter Arena Prefix: from Part U?
Removed Parameter Arena Prefix: from Part U?
Removed Parameter Arena Prefix: from Part U?
Removed Parameter Arena Prefix: from Part P?
Removed Parameter Arena Prefix: from Part P?
Removed Parameter Arena Prefix: from Part C?
Removed Parameter Arena Prefix: from Part 
Removed Parameter Arena Prefix: from Part Q?
Removed Parameter Arena Prefix: from Part Q?
Removed Parameter Arena Prefix: from Part R?
Removed Parameter Arena Prefix: from Part J?
Removed Parameter Arena Prefix: from Part C?
Removed Parameter Arena Prefix: from Part C?
Removed Parameter Arena Prefix: from Part C?
Removed Parameter Arena Prefix: from Part C?
Removed Parameter Arena Prefix: from Part C?
Removed Parameter Arena Prefix: from Part C?
Removed Parameter Arena Prefix: from Part C?
Removed Parameter Arena Prefix: from Part C?
Removed Parameter Arena Prefix: from Part C?
Removed Parameter Arena Prefix: from Part *
Removed Parameter Arena Prefix: from Part P?
Removed Parameter Arena Prefix: from Part J?
Removed Parameter Arena Prefix: from Part P?
Removed Parameter Arena Prefix: from Part J?
Removed Parameter Arena Prefix: from Part J?
Removed Parameter Arena Prefix: from Part J?
Removed Parameter Arena Prefix: from Part J?
Removed Parameter Arena Prefix: from Part *
Removed Parameter Arena Prefix: from Part *
Removed Parameter Arena Prefix: from Part J?
Removed Parameter Arena Prefix: from Part U?
Removed Parameter Arena Prefix: from Part U?
Removed Parameter Arena Prefix: from Part U?
Removed Parameter Arena Prefix: from Part U?
Removed Parameter Arena Prefix: from Part U?
Removed Parameter Arena Prefix: from Part U?
Removed Parameter Arena Prefix: from Part U?
Removed Parameter Arena Prefix: from Part U?
Removed Parameter Arena Prefix: from Part U?
Removed Parameter Arena Prefix: from Part J?
Removed Parameter Arena Prefix: from Part D?
Removed Parameter Arena Prefix: from Part L?
Removed Parameter Arena Prefix: from Part CCD?
Removed Parameter Arena Prefix: from Part Q?
Removed Parameter Arena Prefix: from Part FB?
Removed Parameter Arena Prefix: from Part U?
Removed Parameter Arena Prefix: from Part U?
Removed Parameter Arena Prefix: from Part F?
Removed Parameter Arena Prefix: from Part F?
Removed Parameter Arena Prefix: from Part J?
Removed Parameter Arena Prefix: from Part P?
Removed Parameter Arena Prefix: from Part U?
Removed Parameter Arena Prefix: from Part *
Removed Parameter Arena Prefix: from Part U?
Removed Parameter Arena Prefix: from Part U?
Removed Parameter Arena Prefix: from Part P?
Removed Parameter Arena Prefix: from Part P?
Removed Parameter Arena Prefix: from Part P?
Removed Parameter Arena Prefix: from Part P?
Removed Parameter Arena Prefix: from Part P?
Removed Parameter Arena Prefix: from Part P?
Removed Parameter Arena Prefix: from Part P?
Removed Parameter Arena Prefix: from Part P?
Removed Parameter Arena Prefix: from Part P?
Removed Parameter Arena Prefix: from Part P?
Removed Parameter Arena Prefix: from Part P?
Removed Parameter Arena Prefix: from Part Q?
Removed Parameter Arena Prefix: from Part Q?
Removed Parameter Arena Prefix: from Part Q1
Removed Parameter Arena Prefix: from Part Q?
Removed Parameter Arena Prefix: from Part U?
Removed Parameter Arena Prefix: from Part L?
Removed Parameter Arena Prefix: from Part L?
Removed Parameter Arena Prefix: from Part L?
Removed Parameter Arena Prefix: from Part U?
Removed Parameter Arena Prefix: from Part Q?
Removed Parameter Arena Prefix: from Part Q?
Removed Parameter Arena Prefix: from Part Q?
Removed Parameter Arena Prefix: from Part D?
Removed Parameter Arena Prefix: from Part P?
Removed Parameter Arena Prefix: from Part U?
Removed Parameter Arena Prefix: from Part U?
Removed Parameter Arena Prefix: from Part U?
Removed Parameter Arena Prefix: from Part U?
Removed Parameter Arena Prefix: from Part U?
Removed Parameter Arena Prefix: from Part U?
Removed Parameter Arena Prefix: from Part U7
Removed Parameter Arena Prefix: from Part U?
Removed Parameter Arena Prefix: from Part U?
Removed Parameter Arena Prefix: from Part U?
Removed Parameter Arena Prefix: from Part U?
Removed Parameter Arena Prefix: from Part U?
Removed Parameter Arena Prefix: from Part U?
Removed Parameter Arena Prefix: from Part J?
Removed Parameter Arena Prefix: from Part J?
Removed Parameter Arena Prefix: from Part Q?
Removed Parameter Arena Prefix: from Part Q?
Removed Parameter Arena Prefix: from Part U?
Removed Parameter Arena Prefix: from Part U?
Removed Parameter Arena Prefix: from Part U?
Removed Parameter Arena Prefix: from Part U?
Removed Parameter Arena Prefix: from Part RT?
Removed Parameter Arena Prefix: from Part RT?
Removed Parameter Arena Prefix: from Part P?
Removed Parameter Arena Prefix: from Part P?
Removed Parameter Arena Prefix: from Part J?
Removed Parameter Arena Prefix: from Part J?
Removed Parameter Arena Prefix: from Part J?
Removed Parameter Arena Prefix: from Part P?
Removed Parameter Arena Prefix: from Part P?
Removed Parameter Arena Prefix: from Part U?
Removed Parameter Arena Prefix: from Part K?
Removed Parameter Arena Prefix: from Part K?
Removed Parameter Arena Prefix: from Part K?
Removed Parameter Arena Prefix: from Part K?
Removed Parameter Arena Prefix: from Part RN?
Removed Parameter Arena Prefix: from Part R?
Removed Parameter Arena Prefix: from Part R?
Removed Parameter Arena Prefix: from Part R?
Removed Parameter Arena Prefix: from Part R?
Removed Parameter Arena Prefix: from Part R?
Removed Parameter Arena Prefix: from Part RTD?
Removed Parameter Arena Prefix: from Part RTD?
Removed Parameter Arena Prefix: from Part *
Removed Parameter Arena Prefix: from Part U20
Removed Parameter Arena Prefix: from Part U?
Removed Parameter Arena Prefix: from Part U?
Removed Parameter Arena Prefix: from Part SW?
Removed Parameter Arena Prefix: from Part SW?
Removed Parameter Arena Prefix: from Part SW?
Removed Parameter Arena Prefix: from Part S?
Removed Parameter Arena Prefix: from Part S?
Removed Parameter Arena Prefix: from Part U?
Removed Parameter Arena Prefix: from Part TP?
Removed Parameter Arena Prefix: from Part TP?
Removed Parameter Arena Prefix: from Part TP?
Removed Parameter Arena Prefix: from Part J?
Removed Parameter Arena Prefix: from Part U?
Removed Parameter Arena Prefix: from Part U?
Removed Parameter Arena Prefix: from Part U?
Removed Parameter Arena Prefix: from Part U?
Removed Parameter Arena Prefix: from Part U?
Added Parameter COST= to Part BB?
Added Parameter LCO p/n= to Part BB?
Added Parameter Manufacturer= to Part BB?
Added Parameter Manuf p/n= to Part BB?
Added Parameter VALUE= to Part BB?
Added Parameter Vendor= to Part BB?
Added Parameter Vendor Mult.= to Part BB?
Added Parameter Vendor p/n= to Part BB?
