Removed Pin From Net: NetName=+24V Pin=J1-P1
Removed Pin From Net: NetName=A Pin=J1-P4
Removed Pin From Net: NetName=~CS10 Pin=U1-1
Removed Pin From Net: NetName=~CS11 Pin=U1-17
Removed Pin From Net: NetName=~CS9 Pin=U1-25
Removed Pin From Net: NetName=DIN_FPGA Pin=U1-33
Removed Pin From Net: NetName=SCLK_FPGA Pin=U1-35
Removed Pin From Net: NetName=~SHDN Pin=U1-36
Removed Pin From Net: NetName=~DRDY Pin=U1-37
Removed Pin From Net: NetName=~RESET_FPGA Pin=U1-40
Removed Pin From Net: NetName=B1 Pin=U1-41
Removed Pin From Net: NetName=B0 Pin=U1-42
Removed Pin From Net: NetName=DOUT Pin=U1-44
Removed Pin From Net: NetName=A5 Pin=U1-45
Removed Pin From Net: NetName=A4 Pin=U1-46
Removed Pin From Net: NetName=A3 Pin=U1-47
Removed Pin From Net: NetName=A1 Pin=U1-48
Removed Pin From Net: NetName=~CS0 Pin=U1-49
Removed Pin From Net: NetName=A0 Pin=U1-50
Removed Pin From Net: NetName=A2 Pin=U1-52
Removed Pin From Net: NetName=~DRDY_0 Pin=U1-53
Removed Pin From Net: NetName=WSTRB Pin=U1-54
Removed Pin From Net: NetName=DOUT_0 Pin=U1-55
Removed Pin From Net: NetName=~CS1 Pin=U1-56
Removed Pin From Net: NetName=~DRDY_1 Pin=U1-57
Removed Pin From Net: NetName=~RESET Pin=U1-58
Removed Pin From Net: NetName=DOUT_1 Pin=U1-60
Removed Pin From Net: NetName=DIN Pin=U1-61
Removed Pin From Net: NetName=SCLK Pin=U1-63
Removed Pin From Net: NetName=~CS2 Pin=U1-64
Removed Pin From Net: NetName=~DRDY_2 Pin=U1-65
Removed Pin From Net: NetName=DOUT_2 Pin=U1-67
Removed Pin From Net: NetName=~CS3 Pin=U1-68
Removed Pin From Net: NetName=~DRDY_3 Pin=U1-69
Removed Pin From Net: NetName=DOUT_3 Pin=U1-70
Removed Pin From Net: NetName=~CS4 Pin=U1-71
Removed Pin From Net: NetName=~DRDY_4 Pin=U1-72
Removed Pin From Net: NetName=DOUT_4 Pin=U1-75
Removed Pin From Net: NetName=~CS5 Pin=U1-76
Removed Pin From Net: NetName=~DRDY_5 Pin=U1-77
Removed Pin From Net: NetName=DOUT_5 Pin=U1-78
Removed Pin From Net: NetName=~CS6 Pin=U1-79
Removed Pin From Net: NetName=~DRDY_6 Pin=U1-80
Removed Pin From Net: NetName=DOUT_6 Pin=U1-81
Removed Pin From Net: NetName=~CS7 Pin=U1-83
Removed Pin From Net: NetName=~DRDY_7 Pin=U1-84
Removed Pin From Net: NetName=DOUT_7 Pin=U1-85
Removed Pin From Net: NetName=~LVSHDN_0 Pin=U1-92
Removed Pin From Net: NetName=~LVSHDN_1 Pin=U1-93
Removed Pin From Net: NetName=~LVSHDN_2 Pin=U1-94
Removed Pin From Net: NetName=~LVSHDN_3 Pin=U1-96
Removed Pin From Net: NetName=~CS8 Pin=U1-97
Added Pin To Net: NetName=A Pin=J1-P1
Added Pin To Net: NetName=+24V Pin=J1-P4
Added Pin To Net: NetName=~SHDN Pin=U1-1
Added Pin To Net: NetName=~DRDY_3 Pin=U1-2
Added Pin To Net: NetName=DOUT_4 Pin=U1-5
Added Pin To Net: NetName=SCLK_FPGA Pin=U1-6
Added Pin To Net: NetName=~LVSHDN_3 Pin=U1-10
Added Pin To Net: NetName=~LVSHDN_1 Pin=U1-12
Added Pin To Net: NetName=~LVSHDN_0 Pin=U1-13
Added Pin To Net: NetName=~DRDY_7 Pin=U1-14
Added Pin To Net: NetName=~DRDY_6 Pin=U1-16
Added Pin To Net: NetName=~DRDY_5 Pin=U1-17
Added Pin To Net: NetName=~DRDY_4 Pin=U1-19
Added Pin To Net: NetName=~DRDY_2 Pin=U1-20
Added Pin To Net: NetName=~DRDY_1 Pin=U1-21
Added Pin To Net: NetName=~DRDY_0 Pin=U1-22
Added Pin To Net: NetName=~DRDY Pin=U1-23
Added Pin To Net: NetName=~CS8 Pin=U1-24
Added Pin To Net: NetName=~CS7 Pin=U1-25
Added Pin To Net: NetName=~CS6 Pin=U1-27
Added Pin To Net: NetName=~CS5 Pin=U1-28
Added Pin To Net: NetName=~CS4 Pin=U1-29
Added Pin To Net: NetName=~CS3 Pin=U1-30
Added Pin To Net: NetName=~CS2 Pin=U1-31
Added Pin To Net: NetName=~CS1 Pin=U1-32
Added Pin To Net: NetName=~CS0 Pin=U1-33
Added Pin To Net: NetName=B1 Pin=U1-35
Added Pin To Net: NetName=B0 Pin=U1-36
Added Pin To Net: NetName=A5 Pin=U1-37
Added Pin To Net: NetName=A4 Pin=U1-40
Added Pin To Net: NetName=A3 Pin=U1-41
Added Pin To Net: NetName=A2 Pin=U1-42
Added Pin To Net: NetName=A1 Pin=U1-44
Added Pin To Net: NetName=A0 Pin=U1-45
Added Pin To Net: NetName=WSTRB Pin=U1-46
Added Pin To Net: NetName=DOUT_7 Pin=U1-47
Added Pin To Net: NetName=DOUT_6 Pin=U1-48
Added Pin To Net: NetName=DOUT_5 Pin=U1-49
Added Pin To Net: NetName=DOUT_3 Pin=U1-50
Added Pin To Net: NetName=DOUT_2 Pin=U1-52
Added Pin To Net: NetName=DOUT_1 Pin=U1-53
Added Pin To Net: NetName=DOUT_0 Pin=U1-54
Added Pin To Net: NetName=DOUT Pin=U1-55
Added Pin To Net: NetName=~CS11 Pin=U1-56
Added Pin To Net: NetName=~CS10 Pin=U1-57
Added Pin To Net: NetName=~CS9 Pin=U1-58
Added Pin To Net: NetName=SCLK Pin=U1-60
Added Pin To Net: NetName=~RESET_FPGA Pin=U1-61
Added Pin To Net: NetName=~RESET Pin=U1-63
Added Pin To Net: NetName=DIN_FPGA Pin=U1-64
Added Pin To Net: NetName=DIN Pin=U1-65
Added Pin To Net: NetName=~LVSHDN_2 Pin=U1-100
