Added Parameter LCO P/N=125-00370 to Part J3
Added Parameter LCO P/N=125-00370 to Part J3
Added Parameter LCO P/N=125-00370 to Part J4
Added Parameter LCO P/N=125-00370 to Part J4
Added Parameter LCO P/N=125-00370 to Part J5
Added Parameter LCO P/N=125-00370 to Part J5
Added Parameter LCO P/N=125-00370 to Part J6
Added Parameter LCO P/N=125-00370 to Part J6
Added Parameter Manufacturer= to Part J3
Added Parameter Manufacturer= to Part J3
Added Parameter Manufacturer= to Part J4
Added Parameter Manufacturer= to Part J4
Added Parameter Manufacturer= to Part J5
Added Parameter Manufacturer= to Part J5
Added Parameter Manufacturer= to Part J6
Added Parameter Manufacturer= to Part J6
Added Parameter Manuf p/n= to Part J3
Added Parameter Manuf p/n= to Part J3
Added Parameter Manuf p/n= to Part J4
Added Parameter Manuf p/n= to Part J4
Added Parameter Manuf p/n= to Part J5
Added Parameter Manuf p/n= to Part J5
Added Parameter Manuf p/n= to Part J6
Added Parameter Manuf p/n= to Part J6
Added Parameter Value= to Part J3
Added Parameter Value= to Part J3
Added Parameter Value= to Part J4
Added Parameter Value= to Part J4
Added Parameter Value= to Part J5
Added Parameter Value= to Part J5
Added Parameter Value= to Part J6
Added Parameter Value= to Part J6
Added Parameter Vendor= to Part J3
Added Parameter Vendor= to Part J3
Added Parameter Vendor= to Part J4
Added Parameter Vendor= to Part J4
Added Parameter Vendor= to Part J5
Added Parameter Vendor= to Part J5
Added Parameter Vendor= to Part J6
Added Parameter Vendor= to Part J6
Added Parameter Vendor Mult.= to Part J3
Added Parameter Vendor Mult.= to Part J3
Added Parameter Vendor Mult.= to Part J4
Added Parameter Vendor Mult.= to Part J4
Added Parameter Vendor Mult.= to Part J5
Added Parameter Vendor Mult.= to Part J5
Added Parameter Vendor Mult.= to Part J6
Added Parameter Vendor Mult.= to Part J6
Added Parameter Vendor p/n= to Part J3
Added Parameter Vendor p/n= to Part J3
Added Parameter Vendor p/n= to Part J4
Added Parameter Vendor p/n= to Part J4
Added Parameter Vendor p/n= to Part J5
Added Parameter Vendor p/n= to Part J5
Added Parameter Vendor p/n= to Part J6
Added Parameter Vendor p/n= to Part J6
