Change Component Designator: Old Designator=D? New Designator=D1
Change Component Designator: Old Designator=J? New Designator=J2
Change Component Part ID : Designator=J2 Old Part ID =1 New Part ID =2
Change Component Designator: Old Designator=J? New Designator=J4
Change Component Part ID : Designator=J4 Old Part ID =1 New Part ID =2
Change Component Designator: Old Designator=J? New Designator=J5
Change Component Part ID : Designator=J5 Old Part ID =1 New Part ID =2
Change Component Designator: Old Designator=J? New Designator=J6
Change Component Part ID : Designator=J6 Old Part ID =1 New Part ID =2
Change Component Designator: Old Designator=J? New Designator=J2
Change Component Part ID : Designator=J2 Old Part ID =2 New Part ID =1
Change Component Designator: Old Designator=J? New Designator=J4
Change Component Part ID : Designator=J4 Old Part ID =2 New Part ID =1
Change Component Designator: Old Designator=J? New Designator=J5
Change Component Part ID : Designator=J5 Old Part ID =2 New Part ID =1
Change Component Designator: Old Designator=J? New Designator=J6
Change Component Part ID : Designator=J6 Old Part ID =2 New Part ID =1
Change Component Designator: Old Designator=J? New Designator=J1
Change Component Designator: Old Designator=J? New Designator=J3
Change Component Designator: Old Designator=R? New Designator=R4
Change Component Designator: Old Designator=R? New Designator=R5
Change Component Designator: Old Designator=U? New Designator=U6
Change Component Designator: Old Designator=U? New Designator=U6
