Added Pin To Net: NetName=PCB_TEMP Pin=C31-2
Added Pin To Net: NetName=FAN_PWM Pin=P1-2
Added Pin To Net: NetName=FAN_TACH Pin=R19-1
Added Pin To Net: NetName=PCB_TEMP Pin=R21-1
Added Pin To Net: NetName=CURRENT_AX1 Pin=U1-5
Added Pin To Net: NetName=DIRECTION1 Pin=U1-16
Added Pin To Net: NetName=FULL_STEP_AX1 Pin=U1-18
Added Pin To Net: NetName=DRVFAULT_AX1 Pin=U1-19
Added Pin To Net: NetName=CURRENT_AX2 Pin=U2-5
Added Pin To Net: NetName=DIRECTION2 Pin=U2-16
Added Pin To Net: NetName=FULL_STEP_AX2 Pin=U2-18
Added Pin To Net: NetName=DRVFAULT_AX2 Pin=U2-19
Added Pin To Net: NetName=CURRENT_AX3 Pin=U3-5
Added Pin To Net: NetName=DIRECTION3 Pin=U3-16
Added Pin To Net: NetName=FULL_STEP_AX3 Pin=U3-18
Added Pin To Net: NetName=DRVFAULT_AX3 Pin=U3-19
Added Pin To Net: NetName=INDEX1+ Pin=U4-8
Added Pin To Net: NetName=INDEX1- Pin=U4-9
Added Pin To Net: NetName=ENCDR_FAULT_AX1 Pin=U4-11
Added Pin To Net: NetName=INDEX2+ Pin=U4-17
Added Pin To Net: NetName=INDEX2- Pin=U4-19
Added Pin To Net: NetName=ENCDR_FAULT_AX2 Pin=U4-20
Added Pin To Net: NetName=INDEX3+ Pin=U5-8
Added Pin To Net: NetName=INDEX3- Pin=U5-9
Added Pin To Net: NetName=ENCDR_FAULT_AX3 Pin=U5-11
Added Pin To Net: NetName=TRUSS_TEMP2 Pin=U18-A11
Added Pin To Net: NetName=TRUSS_TEMP1 Pin=U18-A13
Added Pin To Net: NetName=IR_TEMP3 Pin=U18-A17
Added Pin To Net: NetName=QUADA1+ Pin=U18-A18
Added Pin To Net: NetName=IR_TEMP2 Pin=U18-A19
Added Pin To Net: NetName=QUADA1- Pin=U18-A20
Added Pin To Net: NetName=IR_TEMP1 Pin=U18-A21
Added Pin To Net: NetName=QUADB1+ Pin=U18-A22
Added Pin To Net: NetName=QUADB1- Pin=U18-A24
Added Pin To Net: NetName=QUADA2+ Pin=U18-A30
Added Pin To Net: NetName=QUADA2- Pin=U18-A32
Added Pin To Net: NetName=QUADB2+ Pin=U18-A34
Added Pin To Net: NetName=QUADB2- Pin=U18-A36
Added Pin To Net: NetName=QUADA3+ Pin=U18-A42
Added Pin To Net: NetName=QUADA3- Pin=U18-A44
Added Pin To Net: NetName=QUADB3+ Pin=U18-A46
Added Pin To Net: NetName=QUADB3- Pin=U18-A48
Added Pin To Net: NetName=STEP_RES2 Pin=U18-B2
Added Pin To Net: NetName=STEP_RES2 Pin=U18-B2
Added Pin To Net: NetName=STEP_RES3 Pin=U18-B6
Added Pin To Net: NetName=POSLIMT3 Pin=U18-B13
Added Pin To Net: NetName=POSLIMT2 Pin=U18-B15
Added Pin To Net: NetName=POSLIMT1 Pin=U18-B17
Added Pin To Net: NetName=NEGLIMT3 Pin=U18-B23
Added Pin To Net: NetName=NEGLIMT2 Pin=U18-B25
Added Pin To Net: NetName=NEGLIMT1 Pin=U18-B27
Added Pin To Net: NetName=STEP1 Pin=U18-B31
Added Pin To Net: NetName=STEP2 Pin=U18-B33
Added Pin To Net: NetName=STEP3 Pin=U18-B35
Added Pin To Net: NetName=STEP_RES0 Pin=U18-B47
Added Pin To Net: NetName=STEP_RES1 Pin=U18-B51
