Added Component: Designator=C16(SMD_CAP_3216)
Added Component: Designator=C17(SMD_CAP_3216)
Added Component: Designator=C18(SMD_1206)
Added Component: Designator=C19(SMD_1206)
Added Component: Designator=C20(SMD_0805)
Added Component: Designator=L3(Inductor TDC SLF)
Added Component: Designator=R35(SMD_0805)
Added Component: Designator=R36(SMD_0805)
Added Component: Designator=R37(SMD_0805)
Added Component: Designator=R38(SMD_0805)
Added Component: Designator=R39(SMD_0805)
Added Component: Designator=R40(SMD_0805)
Added Component: Designator=U22(S8_M)
Added Component: Designator=U23(DD8/DFN8)
Added Pin To Net: NetName=GND Pin=C16-1
Added Pin To Net: NetName=-12V Pin=C16-2
Added Pin To Net: NetName=GND Pin=C18-1
Added Pin To Net: NetName=+24V Pin=C18-2
Added Pin To Net: NetName=GND Pin=C19-1
Added Pin To Net: NetName=+12V Pin=C19-2
Added Pin To Net: NetName=+12V Pin=C20-2
Added Pin To Net: NetName=+12V Pin=L3-2
Added Pin To Net: NetName=+24V Pin=R35-2
Added Pin To Net: NetName=+12V Pin=R36-2
Added Pin To Net: NetName=GND Pin=R38-1
Added Pin To Net: NetName=+12V Pin=R38-2
Added Pin To Net: NetName=GND Pin=R39-1
Added Pin To Net: NetName=GND Pin=R40-1
Added Pin To Net: NetName=GND Pin=U22-3
Added Pin To Net: NetName=-12V Pin=U22-5
Added Pin To Net: NetName=+12V Pin=U22-8
Added Pin To Net: NetName=+24V Pin=U23-2
Added Pin To Net: NetName=GND Pin=U23-8
Added Pin To Net: NetName=GND Pin=U23-9
Added Pin To Net: NetName=NetC17_1 Pin=C17-1
Added Pin To Net: NetName=NetC17_1 Pin=U22-2
Added Net: Name=NetC17_1
Added Pin To Net: NetName=NetC17_2 Pin=C17-2
Added Pin To Net: NetName=NetC17_2 Pin=U22-4
Added Net: Name=NetC17_2
Added Pin To Net: NetName=NetC20_1 Pin=C20-1
Added Pin To Net: NetName=NetC20_1 Pin=R36-1
Added Pin To Net: NetName=NetC20_1 Pin=R39-2
Added Pin To Net: NetName=NetC20_1 Pin=U23-6
Added Net: Name=NetC20_1
Added Pin To Net: NetName=NetL3_1 Pin=L3-1
Added Pin To Net: NetName=NetL3_1 Pin=U23-1
Added Net: Name=NetL3_1
Added Pin To Net: NetName=NetR35_1 Pin=R35-1
Added Pin To Net: NetName=NetR35_1 Pin=R37-2
Added Pin To Net: NetName=NetR35_1 Pin=U23-5
Added Net: Name=NetR35_1
Added Pin To Net: NetName=NetR37_1 Pin=R37-1
Added Pin To Net: NetName=NetR37_1 Pin=R40-2
Added Pin To Net: NetName=NetR37_1 Pin=U23-3
Added Net: Name=NetR37_1
Added Member To Class: ClassName=780-00012-P4, Sch M2 Focus Drive Member=Component C16 16V
Added Member To Class: ClassName=780-00012-P4, Sch M2 Focus Drive Member=Component C17 16V
Added Member To Class: ClassName=780-00012-P4, Sch M2 Focus Drive Member=Component C18 Low ESR
Added Member To Class: ClassName=780-00012-P4, Sch M2 Focus Drive Member=Component C19 Low ESR
Added Member To Class: ClassName=780-00012-P4, Sch M2 Focus Drive Member=Component C20 Cap SMD
Added Member To Class: ClassName=780-00012-P4, Sch M2 Focus Drive Member=Component L3 445-3872-2-ND
Added Member To Class: ClassName=780-00012-P4, Sch M2 Focus Drive Member=Component R35 Res 0805
Added Member To Class: ClassName=780-00012-P4, Sch M2 Focus Drive Member=Component R36 Res 0805
Added Member To Class: ClassName=780-00012-P4, Sch M2 Focus Drive Member=Component R37 Res 0805
Added Member To Class: ClassName=780-00012-P4, Sch M2 Focus Drive Member=Component R38 Res 0805
Added Member To Class: ClassName=780-00012-P4, Sch M2 Focus Drive Member=Component R39 Res 0805
Added Member To Class: ClassName=780-00012-P4, Sch M2 Focus Drive Member=Component R40 Res 0805
Added Member To Class: ClassName=780-00012-P4, Sch M2 Focus Drive Member=Component U22 LTC1144
Added Member To Class: ClassName=780-00012-P4, Sch M2 Focus Drive Member=Component U23 LTC3631
