Added Component: Designator=J7(DSUB15 PCB VERT Female)
Added Component: Designator=J8(DSUB15 PCB VERT Female)
Added Component: Designator=J9(DSUB15 PCB VERT Female)
Added Pin To Net: NetName=1A+ Pin=J7-1
Added Pin To Net: NetName=GND Pin=J7-2
Added Pin To Net: NetName=1B+ Pin=J7-3
Added Pin To Net: NetName=+5V Pin=J7-4
Added Pin To Net: NetName=1I- Pin=J7-7
Added Pin To Net: NetName=1A- Pin=J7-9
Added Pin To Net: NetName=GND Pin=J7-10
Added Pin To Net: NetName=1B- Pin=J7-11
Added Pin To Net: NetName=+5V Pin=J7-12
Added Pin To Net: NetName=~1FAULT Pin=J7-13
Added Pin To Net: NetName=1I+ Pin=J7-14
Added Pin To Net: NetName=GND Pin=J7-16
Added Pin To Net: NetName=GND Pin=J7-17
Added Pin To Net: NetName=3A+ Pin=J8-1
Added Pin To Net: NetName=GND Pin=J8-2
Added Pin To Net: NetName=3B+ Pin=J8-3
Added Pin To Net: NetName=+5V Pin=J8-4
Added Pin To Net: NetName=3I- Pin=J8-7
Added Pin To Net: NetName=3A- Pin=J8-9
Added Pin To Net: NetName=GND Pin=J8-10
Added Pin To Net: NetName=3B- Pin=J8-11
Added Pin To Net: NetName=+5V Pin=J8-12
Added Pin To Net: NetName=~3FAULT Pin=J8-13
Added Pin To Net: NetName=3I+ Pin=J8-14
Added Pin To Net: NetName=GND Pin=J8-16
Added Pin To Net: NetName=GND Pin=J8-17
Added Pin To Net: NetName=2A+ Pin=J9-1
Added Pin To Net: NetName=GND Pin=J9-2
Added Pin To Net: NetName=2B+ Pin=J9-3
Added Pin To Net: NetName=+5V Pin=J9-4
Added Pin To Net: NetName=2I- Pin=J9-7
Added Pin To Net: NetName=2A- Pin=J9-9
Added Pin To Net: NetName=GND Pin=J9-10
Added Pin To Net: NetName=2B- Pin=J9-11
Added Pin To Net: NetName=+5V Pin=J9-12
Added Pin To Net: NetName=~2FAULT Pin=J9-13
Added Pin To Net: NetName=2I+ Pin=J9-14
Added Pin To Net: NetName=GND Pin=J9-16
Added Pin To Net: NetName=GND Pin=J9-17
Added Member To Class: ClassName=780-00012-P1, Sch M2 Focus Drive Member=Component J7 DSUB 15
Added Member To Class: ClassName=780-00012-P1, Sch M2 Focus Drive Member=Component J8 DSUB 15
Added Member To Class: ClassName=780-00012-P1, Sch M2 Focus Drive Member=Component J9 DSUB 15
