Removed Parameter ComponentLink1Description:Manufacturer Link from Part U4
Removed Parameter ComponentLink1Description:Manufacturer Link from Part U5
Removed Parameter ComponentLink1URL:http://www.ti.com/ from Part U4
Removed Parameter ComponentLink1URL:http://www.ti.com/ from Part U5
Removed Parameter ComponentLink2Description:Datasheet from Part U4
Removed Parameter ComponentLink2Description:Datasheet from Part U5
Removed Parameter ComponentLink2URL:http://www-s.ti.com/sc/ds/sn74ahct16244.pdf from Part U4
Removed Parameter ComponentLink2URL:http://www-s.ti.com/sc/ds/sn74ahct16244.pdf from Part U5
Removed Parameter DatasheetDocument:1-Sep-99 from Part J7
Removed Parameter DatasheetDocument:1-Sep-99 from Part J8
Removed Parameter DatasheetDocument:1-Sep-99 from Part J9
Removed Parameter DatasheetVersion:Oct-1998 from Part U4
Removed Parameter DatasheetVersion:Oct-1998 from Part U5
Removed Parameter Gender:Receptacle from Part J7
Removed Parameter Gender:Receptacle from Part J8
Removed Parameter Gender:Receptacle from Part J9
Removed Parameter LatestRevisionDate:16-Oct-2006 from Part U4
Removed Parameter LatestRevisionDate:16-Oct-2006 from Part U5
Removed Parameter LatestRevisionDate:17-Jul-2002 from Part J7
Removed Parameter LatestRevisionDate:17-Jul-2002 from Part J8
Removed Parameter LatestRevisionDate:17-Jul-2002 from Part J9
Removed Parameter LatestRevisionNote:IPC-7351 Footprint Added. from Part U4
Removed Parameter LatestRevisionNote:IPC-7351 Footprint Added. from Part U5
Removed Parameter LatestRevisionNote:Re-released for DXP Platform. from Part J7
Removed Parameter LatestRevisionNote:Re-released for DXP Platform. from Part J8
Removed Parameter LatestRevisionNote:Re-released for DXP Platform. from Part J9
Removed Parameter Orientation:Right Angle from Part J7
Removed Parameter Orientation:Right Angle from Part J8
Removed Parameter Orientation:Right Angle from Part J9
Removed Parameter PackageDescription:48-Pin Thin Shrink Small Outline Package 0.5 mm Pitch from Part U4
Removed Parameter PackageDescription:48-Pin Thin Shrink Small Outline Package 0.5 mm Pitch from Part U5
Removed Parameter PackageDocument:O from Part J7
Removed Parameter PackageDocument:O from Part J8
Removed Parameter PackageDocument:O from Part J9
Removed Parameter PackageReference:788757 from Part J7
Removed Parameter PackageReference:788757 from Part J8
Removed Parameter PackageReference:788757 from Part J9
Removed Parameter PackageReference:DGG048 from Part U4
Removed Parameter PackageReference:DGG048 from Part U5
Removed Parameter PackageVersion:Jan-1998 from Part U4
Removed Parameter PackageVersion:Jan-1998 from Part U5
Removed Parameter Positions:15 from Part J7
Removed Parameter Positions:15 from Part J8
Removed Parameter Positions:15 from Part J9
Removed Parameter Published:8-Jun-2000 from Part U4
Removed Parameter Published:8-Jun-2000 from Part U5
Removed Parameter Published:15-Jun-2001 from Part J7
Removed Parameter Published:15-Jun-2001 from Part J8
Removed Parameter Published:15-Jun-2001 from Part J9
Removed Parameter Publisher:Altium Limited from Part J7
Removed Parameter Publisher:Altium Limited from Part J8
Removed Parameter Publisher:Altium Limited from Part J9
Removed Parameter Publisher:Altium Limited from Part U4
Removed Parameter Publisher:Altium Limited from Part U5
Added Parameter Arena Prefix= to Part J7
Added Parameter Arena Prefix= to Part J8
Added Parameter Arena Prefix= to Part J9
Added Parameter Arena Prefix= to Part S1
Added Parameter Arena Prefix= to Part S2
Added Parameter Arena Prefix= to Part S3
Added Parameter Arena Prefix= to Part U1
Added Parameter Arena Prefix= to Part U2
Added Parameter Arena Prefix= to Part U3
Added Parameter Arena Prefix= to Part U4
Added Parameter Arena Prefix= to Part U5
Added Parameter Arena Type= to Part J7
Added Parameter Arena Type= to Part J8
Added Parameter Arena Type= to Part J9
Added Parameter Arena Type= to Part S1
Added Parameter Arena Type= to Part S2
Added Parameter Arena Type= to Part S3
Added Parameter Arena Type= to Part U1
Added Parameter Arena Type= to Part U2
Added Parameter Arena Type= to Part U3
Added Parameter Arena Type= to Part U4
Added Parameter Arena Type= to Part U5
Added Parameter COST= to Part J7
Added Parameter COST= to Part J8
Added Parameter COST= to Part J9
Added Parameter COST= to Part U4
Added Parameter COST= to Part U5
Added Parameter LCO p/n= to Part J7
Added Parameter LCO p/n= to Part J8
Added Parameter LCO p/n= to Part J9
Added Parameter LCO p/n= to Part U4
Added Parameter LCO p/n= to Part U5
Added Parameter Manufacturer= to Part J7
Added Parameter Manufacturer= to Part J8
Added Parameter Manufacturer= to Part J9
Added Parameter Manufacturer= to Part U4
Added Parameter Manufacturer= to Part U5
Added Parameter Manuf p/n= to Part J7
Added Parameter Manuf p/n= to Part J8
Added Parameter Manuf p/n= to Part J9
Added Parameter Manuf p/n= to Part U4
Added Parameter Manuf p/n= to Part U5
Added Parameter VALUE= to Part J7
Added Parameter VALUE= to Part J8
Added Parameter VALUE= to Part J9
Added Parameter VALUE= to Part U4
Added Parameter VALUE= to Part U5
Added Parameter Vendor= to Part J7
Added Parameter Vendor= to Part J8
Added Parameter Vendor= to Part J9
Added Parameter Vendor= to Part U4
Added Parameter Vendor= to Part U5
Added Parameter Vendor Mult.= to Part J7
Added Parameter Vendor Mult.= to Part J8
Added Parameter Vendor Mult.= to Part J9
Added Parameter Vendor Mult.= to Part U4
Added Parameter Vendor Mult.= to Part U5
Added Parameter Vendor p/n= to Part J7
Added Parameter Vendor p/n= to Part J8
Added Parameter Vendor p/n= to Part J9
Added Parameter Vendor p/n= to Part U1
Added Parameter Vendor p/n= to Part U2
Added Parameter Vendor p/n= to Part U3
Added Parameter Vendor p/n= to Part U4
Added Parameter Vendor p/n= to Part U5
