Change Value of Parameter LCO p/n in Part C12 Old= New=120-00025
Change Value of Parameter LCO p/n in Part C14 Old= New=120-00037
Change Value of Parameter LCO p/n in Part C20 Old= New=120-00036
Change Value of Parameter LCO p/n in Part P1 Old= New=125-00037
Change Value of Parameter LCO p/n in Part P3 Old= New=125-00037
Change Value of Parameter LCO p/n in Part P7 Old= New=125-00037
Added Parameter To Do list=New LCO pn 0805 footprint to Part C11
Added Parameter To Do list= to Part C10
Added Parameter To Do list= to Part C12
Added Parameter To Do list= to Part C13
Added Parameter To Do list= to Part C14
Added Parameter To Do list= to Part C15
Added Parameter To Do list= to Part C16
Added Parameter To Do list= to Part C17
Added Parameter To Do list= to Part C18
Added Parameter To Do list= to Part C19
Added Parameter To Do list= to Part C20
Added Parameter To Do list= to Part C31
Added Parameter To Do list= to Part C32
Added Parameter To Do list= to Part C33
Added Parameter To Do list= to Part D1
Added Parameter To Do list= to Part F1
Added Parameter To Do list= to Part L2
Added Parameter To Do list= to Part L3
Added Parameter To Do list= to Part P1
Added Parameter To Do list= to Part P2
Added Parameter To Do list= to Part P3
Added Parameter To Do list= to Part P7
Added Parameter To Do list= to Part R19
Added Parameter To Do list= to Part R20
Added Parameter To Do list= to Part R21
Added Parameter To Do list= to Part R22
Added Parameter To Do list= to Part R23
Added Parameter To Do list= to Part R24
Added Parameter To Do list= to Part R25
Added Parameter To Do list= to Part R29
Added Parameter To Do list= to Part R30
Added Parameter To Do list= to Part R31
Added Parameter To Do list= to Part R32
Added Parameter To Do list= to Part R33
Added Parameter To Do list= to Part R34
Added Parameter To Do list= to Part R35
Added Parameter To Do list= to Part R36
Added Parameter To Do list= to Part R37
Added Parameter To Do list= to Part R38
Added Parameter To Do list= to Part R39
Added Parameter To Do list= to Part R40
Added Parameter To Do list= to Part TP16
Added Parameter To Do list= to Part TP17
Added Parameter To Do list= to Part TP18
Added Parameter To Do list= to Part TP19
Added Parameter To Do list= to Part TP20
Added Parameter To Do list= to Part TP21
Added Parameter To Do list= to Part TP22
Added Parameter To Do list= to Part TP23
Added Parameter To Do list= to Part TP24
Added Parameter To Do list= to Part TP25
Added Parameter To Do list= to Part TP26
Added Parameter To Do list= to Part TP27
Added Parameter To Do list= to Part TP28
Added Parameter To Do list= to Part TP29
Added Parameter To Do list= to Part U19
Added Parameter To Do list= to Part U20
Added Parameter To Do list= to Part U21
Added Parameter To Do list= to Part U22
Added Parameter To Do list= to Part U23
