Added Parameter To Do list= to Part C22
Added Parameter To Do list= to Part C23
Added Parameter To Do list= to Part C24
Added Parameter To Do list= to Part C25
Added Parameter To Do list= to Part C26
Added Parameter To Do list= to Part C27
Added Parameter To Do list= to Part C28
Added Parameter To Do list= to Part C29
Added Parameter To Do list= to Part C30
Added Parameter To Do list= to Part J2
Added Parameter To Do list= to Part J3
Added Parameter To Do list= to Part J4
Added Parameter To Do list= to Part R1
Added Parameter To Do list= to Part R2
Added Parameter To Do list= to Part R3
Added Parameter To Do list= to Part R4
Added Parameter To Do list= to Part R5
Added Parameter To Do list= to Part R6
Added Parameter To Do list= to Part R7
Added Parameter To Do list= to Part R8
Added Parameter To Do list= to Part R9
Added Parameter To Do list= to Part R10
Added Parameter To Do list= to Part R11
Added Parameter To Do list= to Part R12
Added Parameter To Do list= to Part R13
Added Parameter To Do list= to Part R14
Added Parameter To Do list= to Part R15
Added Parameter To Do list= to Part R26
Added Parameter To Do list= to Part R27
Added Parameter To Do list= to Part R28
Added Parameter To Do list= to Part TP10
Added Parameter To Do list= to Part TP11
Added Parameter To Do list= to Part TP12
Added Parameter To Do list= to Part TP13
Added Parameter To Do list= to Part TP14
Added Parameter To Do list= to Part TP15
Added Parameter To Do list= to Part U6
Added Parameter To Do list= to Part U7
Added Parameter To Do list= to Part U8
Added Parameter To Do list= to Part U9
Added Parameter To Do list= to Part U10
Added Parameter To Do list= to Part U11
Added Parameter To Do list= to Part U12
Added Parameter To Do list= to Part U13
Added Parameter To Do list= to Part U14
Added Parameter To Do list= to Part U15
Added Parameter To Do list= to Part U16
Added Parameter To Do list= to Part U17
