Removed Pin From Net: NetName=NetP6_12 Pin=P6-1
Removed Pin From Net: NetName=NetP6_11 Pin=P6-2
Removed Pin From Net: NetName=NetP6_10 Pin=P6-3
Removed Pin From Net: NetName=NetP6_9 Pin=P6-4
Removed Pin From Net: NetName=NetP6_1 Pin=P6-9
Removed Pin From Net: NetName=NetP6_2 Pin=P6-10
Removed Pin From Net: NetName=NetP6_3 Pin=P6-11
Removed Pin From Net: NetName=NetP6_4 Pin=P6-12
Removed Pin From Net: NetName=ANALOG_IN3 Pin=RN3-1
Removed Pin From Net: NetName=NetP1_1 Pin=RN3-2
Removed Pin From Net: NetName=ANALOG_IN2 Pin=RN3-3
Removed Pin From Net: NetName=NetP1_2 Pin=RN3-4
Removed Pin From Net: NetName=ANALOG_IN1 Pin=RN3-5
Removed Pin From Net: NetName=NetP1_3 Pin=RN3-6
Removed Pin From Net: NetName=ANALOG_IN0 Pin=RN3-7
Removed Pin From Net: NetName=NetP1_4 Pin=RN3-8
Removed Pin From Net: NetName=ANALOG_IN7 Pin=RN4-1
Removed Pin From Net: NetName=NetP1_5 Pin=RN4-2
Removed Pin From Net: NetName=ANALOG_IN6 Pin=RN4-3
Removed Pin From Net: NetName=NetP1_6 Pin=RN4-4
Removed Pin From Net: NetName=ANALOG_IN5 Pin=RN4-5
Removed Pin From Net: NetName=NetP1_7 Pin=RN4-6
Removed Pin From Net: NetName=ANALOG_IN4 Pin=RN4-7
Removed Pin From Net: NetName=NetP1_8 Pin=RN4-8
Removed Pin From Net: NetName=OPTO_INPUT_3 Pin=RN5-1
Removed Pin From Net: NetName=NetP6_1 Pin=RN5-2
Removed Pin From Net: NetName=OPTO_INPUT_2 Pin=RN5-3
Removed Pin From Net: NetName=NetP6_2 Pin=RN5-4
Removed Pin From Net: NetName=OPTO_INPUT_1 Pin=RN5-5
Removed Pin From Net: NetName=NetP6_3 Pin=RN5-6
Removed Pin From Net: NetName=OPTO_INPUT_0 Pin=RN5-7
Removed Pin From Net: NetName=NetP6_4 Pin=RN5-8
Removed Pin From Net: NetName=OPTO_INPUT_7 Pin=RN6-1
Removed Pin From Net: NetName=NetP6_5 Pin=RN6-2
Removed Pin From Net: NetName=OPTO_INPUT_6 Pin=RN6-3
Removed Pin From Net: NetName=NetP6_6 Pin=RN6-4
Removed Pin From Net: NetName=OPTO_INPUT_5 Pin=RN6-5
Removed Pin From Net: NetName=NetP6_7 Pin=RN6-6
Removed Pin From Net: NetName=OPTO_INPUT_4 Pin=RN6-7
Removed Pin From Net: NetName=NetP6_8 Pin=RN6-8
Removed Pin From Net: NetName=OPTO_INPUT_11 Pin=RN7-1
Removed Pin From Net: NetName=NetP6_12 Pin=RN7-2
Removed Pin From Net: NetName=OPTO_INPUT_10 Pin=RN7-3
Removed Pin From Net: NetName=NetP6_11 Pin=RN7-4
Removed Pin From Net: NetName=OPTO_INPUT_9 Pin=RN7-5
Removed Pin From Net: NetName=NetP6_10 Pin=RN7-6
Removed Pin From Net: NetName=OPTO_INPUT_8 Pin=RN7-7
Removed Pin From Net: NetName=NetP6_9 Pin=RN7-8
Added Pin To Net: NetName=NetP6_1 Pin=P6-1
Added Pin To Net: NetName=NetP6_2 Pin=P6-2
Added Pin To Net: NetName=NetP6_3 Pin=P6-3
Added Pin To Net: NetName=NetP6_4 Pin=P6-4
Added Pin To Net: NetName=NetP6_9 Pin=P6-9
Added Pin To Net: NetName=NetP6_10 Pin=P6-10
Added Pin To Net: NetName=NetP6_11 Pin=P6-11
Added Pin To Net: NetName=NetP6_12 Pin=P6-12
Added Pin To Net: NetName=NetP1_4 Pin=RN3-1
Added Pin To Net: NetName=ANALOG_IN3 Pin=RN3-2
Added Pin To Net: NetName=NetP1_3 Pin=RN3-3
Added Pin To Net: NetName=ANALOG_IN2 Pin=RN3-4
Added Pin To Net: NetName=NetP1_2 Pin=RN3-5
Added Pin To Net: NetName=ANALOG_IN1 Pin=RN3-6
Added Pin To Net: NetName=NetP1_1 Pin=RN3-7
Added Pin To Net: NetName=ANALOG_IN0 Pin=RN3-8
Added Pin To Net: NetName=NetP1_8 Pin=RN4-1
Added Pin To Net: NetName=ANALOG_IN7 Pin=RN4-2
Added Pin To Net: NetName=NetP1_7 Pin=RN4-3
Added Pin To Net: NetName=ANALOG_IN6 Pin=RN4-4
Added Pin To Net: NetName=NetP1_6 Pin=RN4-5
Added Pin To Net: NetName=ANALOG_IN5 Pin=RN4-6
Added Pin To Net: NetName=NetP1_5 Pin=RN4-7
Added Pin To Net: NetName=ANALOG_IN4 Pin=RN4-8
Added Pin To Net: NetName=NetP6_4 Pin=RN5-1
Added Pin To Net: NetName=OPTO_INPUT_3 Pin=RN5-2
Added Pin To Net: NetName=NetP6_3 Pin=RN5-3
Added Pin To Net: NetName=OPTO_INPUT_2 Pin=RN5-4
Added Pin To Net: NetName=NetP6_2 Pin=RN5-5
Added Pin To Net: NetName=OPTO_INPUT_1 Pin=RN5-6
Added Pin To Net: NetName=NetP6_1 Pin=RN5-7
Added Pin To Net: NetName=OPTO_INPUT_0 Pin=RN5-8
Added Pin To Net: NetName=NetP6_8 Pin=RN6-1
Added Pin To Net: NetName=OPTO_INPUT_7 Pin=RN6-2
Added Pin To Net: NetName=NetP6_7 Pin=RN6-3
Added Pin To Net: NetName=OPTO_INPUT_6 Pin=RN6-4
Added Pin To Net: NetName=NetP6_6 Pin=RN6-5
Added Pin To Net: NetName=OPTO_INPUT_5 Pin=RN6-6
Added Pin To Net: NetName=NetP6_5 Pin=RN6-7
Added Pin To Net: NetName=OPTO_INPUT_4 Pin=RN6-8
Added Pin To Net: NetName=NetP6_12 Pin=RN7-1
Added Pin To Net: NetName=OPTO_INPUT_11 Pin=RN7-2
Added Pin To Net: NetName=NetP6_11 Pin=RN7-3
Added Pin To Net: NetName=OPTO_INPUT_10 Pin=RN7-4
Added Pin To Net: NetName=NetP6_10 Pin=RN7-5
Added Pin To Net: NetName=OPTO_INPUT_9 Pin=RN7-6
Added Pin To Net: NetName=NetP6_9 Pin=RN7-7
Added Pin To Net: NetName=OPTO_INPUT_8 Pin=RN7-8
