Added Pin To Net: NetName=GP_OUT_D0 Pin=P5-1
Added Pin To Net: NetName=GP_OUT_D1 Pin=P5-2
Added Pin To Net: NetName=GP_OUT_D2 Pin=P5-3
Added Pin To Net: NetName=GP_OUT_D3 Pin=P5-4
Added Pin To Net: NetName=GP_OUT_D4 Pin=P5-5
Added Pin To Net: NetName=GP_OUT_D5 Pin=P5-6
Added Pin To Net: NetName=GP_OUT_D6 Pin=P5-7
Added Pin To Net: NetName=GP_OUT_D7 Pin=P5-8
Added Pin To Net: NetName=NetP1_1 Pin=P1-1
Added Pin To Net: NetName=NetP1_1 Pin=RN3-2
Added Pin To Net: NetName=NetP1_1 Pin=S1-1
Added Net: Name=NetP1_1
Added Pin To Net: NetName=NetP1_2 Pin=P1-2
Added Pin To Net: NetName=NetP1_2 Pin=RN3-4
Added Pin To Net: NetName=NetP1_2 Pin=S1-2
Added Net: Name=NetP1_2
Added Pin To Net: NetName=NetP1_3 Pin=P1-3
Added Pin To Net: NetName=NetP1_3 Pin=RN3-6
Added Pin To Net: NetName=NetP1_3 Pin=S1-3
Added Net: Name=NetP1_3
Added Pin To Net: NetName=NetP1_4 Pin=P1-4
Added Pin To Net: NetName=NetP1_4 Pin=RN3-8
Added Pin To Net: NetName=NetP1_4 Pin=S1-4
Added Net: Name=NetP1_4
Added Pin To Net: NetName=NetP1_5 Pin=P1-5
Added Pin To Net: NetName=NetP1_5 Pin=RN4-2
Added Pin To Net: NetName=NetP1_5 Pin=S1-5
Added Net: Name=NetP1_5
Added Pin To Net: NetName=NetP1_6 Pin=P1-6
Added Pin To Net: NetName=NetP1_6 Pin=RN4-4
Added Pin To Net: NetName=NetP1_6 Pin=S1-6
Added Net: Name=NetP1_6
Added Pin To Net: NetName=NetP1_7 Pin=P1-7
Added Pin To Net: NetName=NetP1_7 Pin=RN4-6
Added Pin To Net: NetName=NetP1_7 Pin=S1-7
Added Net: Name=NetP1_7
Added Pin To Net: NetName=NetP1_8 Pin=P1-8
Added Pin To Net: NetName=NetP1_8 Pin=RN4-8
Added Pin To Net: NetName=NetP1_8 Pin=S1-8
Added Net: Name=NetP1_8
Added Pin To Net: NetName=NetP6_1 Pin=P6-1
Added Pin To Net: NetName=NetP6_1 Pin=RN5-2
Added Net: Name=NetP6_1
Added Pin To Net: NetName=NetP6_2 Pin=P6-2
Added Pin To Net: NetName=NetP6_2 Pin=RN5-4
Added Net: Name=NetP6_2
Added Pin To Net: NetName=NetP6_3 Pin=P6-3
Added Pin To Net: NetName=NetP6_3 Pin=RN5-6
Added Net: Name=NetP6_3
Added Pin To Net: NetName=NetP6_4 Pin=P6-4
Added Pin To Net: NetName=NetP6_4 Pin=RN5-8
Added Net: Name=NetP6_4
Added Pin To Net: NetName=NetP6_5 Pin=P6-5
Added Pin To Net: NetName=NetP6_5 Pin=RN6-2
Added Net: Name=NetP6_5
Added Pin To Net: NetName=NetP6_6 Pin=P6-6
Added Pin To Net: NetName=NetP6_6 Pin=RN6-4
Added Net: Name=NetP6_6
Added Pin To Net: NetName=NetP6_7 Pin=P6-7
Added Pin To Net: NetName=NetP6_7 Pin=RN6-6
Added Net: Name=NetP6_7
Added Pin To Net: NetName=NetP6_8 Pin=P6-8
Added Pin To Net: NetName=NetP6_8 Pin=RN6-8
Added Net: Name=NetP6_8
Added Pin To Net: NetName=NetP6_9 Pin=P6-9
Added Pin To Net: NetName=NetP6_9 Pin=RN7-2
Added Net: Name=NetP6_9
Added Pin To Net: NetName=NetP6_10 Pin=P6-10
Added Pin To Net: NetName=NetP6_10 Pin=RN7-4
Added Net: Name=NetP6_10
Added Pin To Net: NetName=NetP6_11 Pin=P6-11
Added Pin To Net: NetName=NetP6_11 Pin=RN7-6
Added Net: Name=NetP6_11
Added Pin To Net: NetName=NetP6_12 Pin=P6-12
Added Pin To Net: NetName=NetP6_12 Pin=RN7-8
Added Net: Name=NetP6_12
