Change Component Designator: Old Designator=C? New Designator=C1
Change Component Designator: Old Designator=C? New Designator=C2
Change Component Designator: Old Designator=C? New Designator=C3
Change Component Designator: Old Designator=C? New Designator=C4
Change Component Designator: Old Designator=C? New Designator=C5
Change Component Designator: Old Designator=C? New Designator=C6
Change Component Designator: Old Designator=C? New Designator=C7
Change Component Designator: Old Designator=C? New Designator=C8
Change Component Designator: Old Designator=C? New Designator=C9
Change Component Designator: Old Designator=C? New Designator=C10
Change Component Designator: Old Designator=C? New Designator=C11
Change Component Designator: Old Designator=C? New Designator=C12
Change Component Designator: Old Designator=C? New Designator=C13
Change Component Designator: Old Designator=C? New Designator=C14
Change Component Designator: Old Designator=C? New Designator=C15
Change Component Designator: Old Designator=C? New Designator=C16
Change Component Designator: Old Designator=C? New Designator=C17
Change Component Designator: Old Designator=C? New Designator=C18
Change Component Designator: Old Designator=D? New Designator=D1
Change Component Designator: Old Designator=J? New Designator=J1
Change Component Designator: Old Designator=J? New Designator=J1
Change Component Designator: Old Designator=J? New Designator=J1
Change Component Designator: Old Designator=P? New Designator=P3
Change Component Designator: Old Designator=P? New Designator=P1
Change Component Designator: Old Designator=P? New Designator=P2
Change Component Designator: Old Designator=P? New Designator=P4
Change Component Designator: Old Designator=P? New Designator=P5
Change Component Designator: Old Designator=P? New Designator=P6
Change Component Designator: Old Designator=P? New Designator=P7
Change Component Designator: Old Designator=R? New Designator=R1
Change Component Designator: Old Designator=R? New Designator=R2
Change Component Designator: Old Designator=R? New Designator=R3
Change Component Designator: Old Designator=R? New Designator=R4
Change Component Designator: Old Designator=R? New Designator=R5
Change Component Designator: Old Designator=R? New Designator=R6
Change Component Designator: Old Designator=R? New Designator=R7
Change Component Designator: Old Designator=R? New Designator=R8
Change Component Designator: Old Designator=R? New Designator=R9
Change Component Designator: Old Designator=R? New Designator=R10
Change Component Designator: Old Designator=R? New Designator=R11
Change Component Designator: Old Designator=R? New Designator=R12
Change Component Designator: Old Designator=R? New Designator=R13
Change Component Designator: Old Designator=R? New Designator=R14
Change Component Designator: Old Designator=R? New Designator=R15
Change Component Designator: Old Designator=RN? New Designator=RN1
Change Component Designator: Old Designator=RN? New Designator=RN2
Change Component Designator: Old Designator=RN? New Designator=RN3
Change Component Designator: Old Designator=RN? New Designator=RN4
Change Component Designator: Old Designator=RN? New Designator=RN5
Change Component Designator: Old Designator=RN? New Designator=RN6
Change Component Designator: Old Designator=RN? New Designator=RN7
Change Component Designator: Old Designator=S? New Designator=S1
Change Component Designator: Old Designator=S? New Designator=S2
Change Component Designator: Old Designator=TP? New Designator=TP1
Change Component Designator: Old Designator=TP? New Designator=TP2
Change Component Designator: Old Designator=TP? New Designator=TP3
Change Component Designator: Old Designator=TP? New Designator=TP4
Change Component Designator: Old Designator=TP? New Designator=TP5
Change Component Designator: Old Designator=TP? New Designator=TP6
Change Component Designator: Old Designator=TP? New Designator=TP7
Change Component Designator: Old Designator=TP? New Designator=TP8
Change Component Designator: Old Designator=TP? New Designator=TP9
Change Component Designator: Old Designator=TP? New Designator=TP10
Change Component Designator: Old Designator=TP? New Designator=TP11
Change Component Designator: Old Designator=TP? New Designator=TP12
Change Component Designator: Old Designator=TP? New Designator=TP13
Change Component Designator: Old Designator=TP? New Designator=TP14
Change Component Designator: Old Designator=TP? New Designator=TP15
Change Component Designator: Old Designator=TP? New Designator=TP16
Change Component Designator: Old Designator=TP? New Designator=TP17
Change Component Designator: Old Designator=U? New Designator=U2
Change Component Designator: Old Designator=U? New Designator=U2
Change Component Designator: Old Designator=U? New Designator=U2
Change Component Part ID : Designator=U2 Old Part ID =2 New Part ID =3
Change Component Designator: Old Designator=U? New Designator=U2
Change Component Part ID : Designator=U2 Old Part ID =2 New Part ID =4
Change Component Designator: Old Designator=U? New Designator=U1
Change Component Designator: Old Designator=U? New Designator=U3
