Change Value of Parameter LCO p/n in Part C3 Old=xxxxxxxx New=120-00043
Change Value of Parameter LCO p/n in Part C4 Old=xxxxxxxx New=120-00043
Change Value of Parameter LCO p/n in Part C5 Old=xxxxxxxx New=120-00043
Change Value of Parameter LCO p/n in Part C6 Old=xxxxxxxx New=120-00043
Change Value of Parameter LCO p/n in Part C7 Old=xxxxxxxx New=120-00043
Change Value of Parameter LCO p/n in Part C8 Old=xxxxxxxx New=120-00043
Change Value of Parameter LCO p/n in Part C9 Old=xxxxxxxx New=120-00043
Change Value of Parameter LCO p/n in Part C10 Old=xxxxxxxx New=120-00043
Change Value of Parameter LCO p/n in Part D1 Old=xxxxxx New=140-00011
Change Value of Parameter LCO p/n in Part J1 Old=XXXXXX New=125-00059
Change Value of Parameter LCO p/n in Part J1 Old=XXXXXX New=125-00059
Change Value of Parameter LCO p/n in Part J1 Old=XXXXXX New=125-00059
Change Value of Parameter LCO p/n in Part J1 Old=XXXXXX New=125-00059
Change Value of Parameter LCO p/n in Part P6 Old=XXXXXX New=125-00055
Change Value of Parameter LCO p/n in Part S1 Old=XXXXXX New=185-00011
Change Value of Parameter LCO p/n in Part U2 Old=xxxxxxx New=150-00077
Change Value of Parameter LCO p/n in Part U2 Old=xxxxxxx New=150-00077
Change Value of Parameter LCO p/n in Part U2 Old=xxxxxxx New=150-00077
Change Value of Parameter LCO p/n in Part U2 Old=xxxxxxx New=150-00077
Change Value of Parameter LCO p/n in Part U3 Old=xxxxx New=150-00076
