Change Value of Parameter COST in Part U2 Old= New=10.40
Change Value of Parameter LCO p/n in Part U2 Old= New=xxxxxxx
Change Value of Parameter Manufacturer in Part U2 Old= New=Linear Tech
Change Value of Parameter Manuf p/n in Part U2 Old= New=LT1014ISW#PBF
Change Value of Parameter VALUE in Part U2 Old= New=LT1014
Change Value of Parameter Vendor in Part U2 Old= New=DigiKey
Change Value of Parameter Vendor Mult. in Part U2 Old= New=1
Change Value of Parameter COST in Part U2 Old= New=10.40
Change Value of Parameter LCO p/n in Part U2 Old= New=xxxxxxx
Change Value of Parameter Manufacturer in Part U2 Old= New=Linear Tech
Change Value of Parameter Manuf p/n in Part U2 Old= New=LT1014ISW#PBF
Change Value of Parameter VALUE in Part U2 Old= New=LT1014
Change Value of Parameter Vendor in Part U2 Old= New=DigiKey
Change Value of Parameter Vendor Mult. in Part U2 Old= New=1
Change Value of Parameter COST in Part U2 Old= New=10.40
Change Value of Parameter LCO p/n in Part U2 Old= New=xxxxxxx
Change Value of Parameter Manufacturer in Part U2 Old= New=Linear Tech
Change Value of Parameter Manuf p/n in Part U2 Old= New=LT1014ISW#PBF
Change Value of Parameter VALUE in Part U2 Old= New=LT1014
Change Value of Parameter Vendor in Part U2 Old= New=DigiKey
Change Value of Parameter Vendor Mult. in Part U2 Old= New=1
