Removed Pin From Net: NetName=STEP1 Pin=J1-4
Removed Pin From Net: NetName=STEP2 Pin=J1-6
Removed Pin From Net: NetName=OPTO_INPUT_2 Pin=J1-7
Removed Pin From Net: NetName=DIRECTION1 Pin=J1-8
Removed Pin From Net: NetName=OPTO_INPUT_3 Pin=J1-9
Removed Pin From Net: NetName=DIRECTION2 Pin=J1-10
Removed Pin From Net: NetName=OPTO_INPUT_4 Pin=J1-13
Removed Pin From Net: NetName=DAC_OUT0 Pin=J1-14
Removed Pin From Net: NetName=OPTO_INPUT_5 Pin=J1-15
Removed Pin From Net: NetName=DAC_OUT1 Pin=J1-16
Removed Pin From Net: NetName=OPTO_INPUT_8 Pin=J1-23
Removed Pin From Net: NetName=OPTO_INPUT_9 Pin=J1-25
Removed Pin From Net: NetName=OPTO_INPUT_10 Pin=J1-27
Removed Pin From Net: NetName=OPTO_INPUT_11 Pin=J1-29
Removed Pin From Net: NetName=I2C_SDA Pin=J1-44
Removed Pin From Net: NetName=I2C_SCL Pin=J1-46
Removed Pin From Net: NetName=GND Pin=J1-62
Removed Pin From Net: NetName=GND Pin=J1-107
Removed Pin From Net: NetName=GND Pin=J1-108
Removed Pin From Net: NetName=GND Pin=J1-109
Removed Pin From Net: NetName=GND Pin=J1-110
Removed Pin From Net: NetName=GND Pin=J1-111
Removed Pin From Net: NetName=GND Pin=J1-112
Change Component Footprint: Designator=J1 Old Footprint=QMS EDGE PWR PINS - 104 pin New Footprint=QMS SMD PWR PINS - 104PIN
Change Component Comment : Designator=J1 Old Comment=QMSS-EM-PC4-104pin New Comment=QMSS-052-06.75-L-D-PC4
Change Component Designator: OldDesignator=J1 NewDesignator=P3
Added Pin To Net: NetName=DAC_OUT0 Pin=P3-13
Added Pin To Net: NetName=DAC_OUT1 Pin=P3-15
Added Pin To Net: NetName=+3.3V Pin=P3-44
Added Pin To Net: NetName=GND Pin=P3-46
Added Pin To Net: NetName=I2C_SDA Pin=P3-48
Added Pin To Net: NetName=GP_I/OSPARE7 Pin=P3-49
Added Pin To Net: NetName=I2C_SCL Pin=P3-50
Added Pin To Net: NetName=OPTO_INPUT_2 Pin=P3-60
Added Pin To Net: NetName=OPTO_INPUT_3 Pin=P3-62
Added Pin To Net: NetName=GND Pin=P3-64
Added Pin To Net: NetName=OPTO_INPUT_4 Pin=P3-66
Added Pin To Net: NetName=OPTO_INPUT_5 Pin=P3-68
Added Pin To Net: NetName=OPTO_INPUT_8 Pin=P3-76
Added Pin To Net: NetName=OPTO_INPUT_9 Pin=P3-78
Added Pin To Net: NetName=OPTO_INPUT_10 Pin=P3-80
Added Pin To Net: NetName=OPTO_INPUT_11 Pin=P3-82
Added Pin To Net: NetName=STEP1 Pin=P3-95
Added Pin To Net: NetName=STEP2 Pin=P3-97
Added Pin To Net: NetName=DIRECTION1 Pin=P3-99
Added Pin To Net: NetName=DIRECTION2 Pin=P3-101
Added Pin To Net: NetName=+48V Pin=P3-PC03
Added Pin To Net: NetName=+24V Pin=P3-PC07
Added Pin To Net: NetName=+3.3V Pin=U3-1
Added Pin To Net: NetName=GND Pin=U3-2
Change Net Name : Old Net Name=+3.3V New Net Name=SLOT_ID0
Change Net Name : Old Net Name=2.500VREF New Net Name=OPTO_INPUT_1
Change Net Name : Old Net Name=4.096VREF New Net Name=OPTO_INPUT_0
Change Net Name : Old Net Name=ANALOG_IN0 New Net Name=OPTO_OUT_C0
Change Net Name : Old Net Name=ANALOG_IN1 New Net Name=OPTO_OUT_E0
Change Net Name : Old Net Name=ANALOG_IN2 New Net Name=OPTO_OUT_C1
Change Net Name : Old Net Name=ANALOG_IN3 New Net Name=OPTO_OUT_E1
Change Net Name : Old Net Name=ANALOG_IN4 New Net Name=OPTO_OUT_C2
Change Net Name : Old Net Name=ANALOG_IN5 New Net Name=OPTO_OUT_E2
Change Net Name : Old Net Name=ANALOG_IN6 New Net Name=OPTO_OUT_C3
Change Net Name : Old Net Name=ANALOG_IN7 New Net Name=OPTO_OUT_E3
Change Net Name : Old Net Name=DAC_OUT2 New Net Name=ANALOG_IN6
Change Net Name : Old Net Name=DAC_OUT3 New Net Name=ANALOG_IN7
Change Net Name : Old Net Name=GND New Net Name=SLOT_ID1
Change Net Name : Old Net Name=OPTO_INPUT_0 New Net Name=4.096VREF
Change Net Name : Old Net Name=OPTO_INPUT_1 New Net Name=2.500VREF
Change Net Name : Old Net Name=OPTO_INPUT_6 New Net Name=DAC_OUT2
Change Net Name : Old Net Name=OPTO_INPUT_7 New Net Name=DAC_OUT3
Change Net Name : Old Net Name=OPTO_OUT_C2 New Net Name=SLOT1_TCK
Change Net Name : Old Net Name=OPTO_OUT_C3 New Net Name=SLOT1_TDO
Change Net Name : Old Net Name=OPTO_OUT_E2 New Net Name=SLOT1_TMS
Change Net Name : Old Net Name=OPTO_OUT_E3 New Net Name=SLOT1_TDI
Added Pin To Net: NetName=ANALOG_IN0 Pin=P3-4
Added Net: Name=ANALOG_IN0
Added Pin To Net: NetName=ANALOG_IN1 Pin=P3-6
Added Net: Name=ANALOG_IN1
Added Pin To Net: NetName=ANALOG_IN2 Pin=P3-8
Added Net: Name=ANALOG_IN2
Added Pin To Net: NetName=ANALOG_IN3 Pin=P3-10
Added Net: Name=ANALOG_IN3
Added Pin To Net: NetName=ANALOG_IN4 Pin=P3-14
Added Net: Name=ANALOG_IN4
Added Pin To Net: NetName=ANALOG_IN5 Pin=P3-16
Added Net: Name=ANALOG_IN5
Added Pin To Net: NetName=OPTO_INPUT_6 Pin=P3-70
Added Net: Name=OPTO_INPUT_6
Added Pin To Net: NetName=OPTO_INPUT_7 Pin=P3-72
Added Net: Name=OPTO_INPUT_7
