Removed Pin From Net: NetName=I2C_SDA Pin=P2-4
Removed Pin From Net: NetName=GP_I/OSPARE1 Pin=P2-5
Removed Pin From Net: NetName=GP_I/OSPARE0 Pin=P2-6
Added Component: Designator=R16(SMD_0805)
Added Component: Designator=R17(SMD_0805)
Added Component: Designator=U4(SC70-LT6_M)
Added Component: Designator=U5(SC70-LT6_M)
Added Pin To Net: NetName=I2C_SCL Pin=P2-5
Added Pin To Net: NetName=+3.3V Pin=R16-2
Added Pin To Net: NetName=+3.3V Pin=R17-2
Added Pin To Net: NetName=I2C_SDA Pin=U4-1
Added Pin To Net: NetName=GND Pin=U4-2
Added Pin To Net: NetName=+3.3V Pin=U4-5
Added Pin To Net: NetName=GP_I/OSPARE0 Pin=U4-6
Added Pin To Net: NetName=GND Pin=U5-2
Added Pin To Net: NetName=+3.3V Pin=U5-5
Added Pin To Net: NetName=GP_I/OSPARE1 Pin=U5-6
Added Pin To Net: NetName=I2C_SDA_0 Pin=P2-4
Added Pin To Net: NetName=I2C_SDA_0 Pin=R16-1
Added Pin To Net: NetName=I2C_SDA_0 Pin=U5-3
Added Net: Name=I2C_SDA_0
Added Pin To Net: NetName=I2C_SDA_1 Pin=P2-6
Added Pin To Net: NetName=I2C_SDA_1 Pin=R17-1
Added Pin To Net: NetName=I2C_SDA_1 Pin=U5-1
Added Net: Name=I2C_SDA_1
Added Pin To Net: NetName=NetU4_4 Pin=U4-4
Added Pin To Net: NetName=NetU4_4 Pin=U5-4
Added Net: Name=NetU4_4
Change Class Name : Old Net Name=780-00019 Rev1 Pg1 New Net Name=780-00019 Rev2 Pg1
Added Member To Class: ClassName=780-00019 Rev2 Pg1 Member=Component R16 Res 0805
Added Member To Class: ClassName=780-00019 Rev2 Pg1 Member=Component R17 Res 0805
Added Member To Class: ClassName=780-00019 Rev2 Pg1 Member=Component U4 NC7SB3257
Added Member To Class: ClassName=780-00019 Rev2 Pg1 Member=Component U5 NC7SB3257
Added Room: Name=780-00019 Rev2 Pg1
