Change Component Designator: OldDesignator=C3_I_SOURCE1 NewDesignator=C3A
Change Component Designator: OldDesignator=C3_I_SOURCE2 NewDesignator=C3B
Change Component Designator: OldDesignator=C3_I_SOURCE3 NewDesignator=C3C
Change Component Designator: OldDesignator=C3_I_SOURCE4 NewDesignator=C3D
Change Component Designator: OldDesignator=C4_I_SOURCE1 NewDesignator=C4A
Change Component Designator: OldDesignator=C4_I_SOURCE2 NewDesignator=C4B
Change Component Designator: OldDesignator=C4_I_SOURCE3 NewDesignator=C4C
Change Component Designator: OldDesignator=C4_I_SOURCE4 NewDesignator=C4D
Change Component Designator: OldDesignator=C5_I_SOURCE1 NewDesignator=C5A
Change Component Designator: OldDesignator=C5_I_SOURCE2 NewDesignator=C5B
Change Component Designator: OldDesignator=C5_I_SOURCE3 NewDesignator=C5C
Change Component Designator: OldDesignator=C5_I_SOURCE4 NewDesignator=C5D
Change Component Designator: OldDesignator=D1_I_SOURCE1 NewDesignator=D1A
Change Component Designator: OldDesignator=D1_I_SOURCE2 NewDesignator=D1B
Change Component Designator: OldDesignator=D1_I_SOURCE3 NewDesignator=D1C
Change Component Designator: OldDesignator=D1_I_SOURCE4 NewDesignator=D1D
Change Component Designator: OldDesignator=L1_I_SOURCE1 NewDesignator=L1A
Change Component Designator: OldDesignator=L1_I_SOURCE2 NewDesignator=L1B
Change Component Designator: OldDesignator=L1_I_SOURCE3 NewDesignator=L1C
Change Component Designator: OldDesignator=L1_I_SOURCE4 NewDesignator=L1D
Change Component Designator: OldDesignator=Q1_I_SOURCE1 NewDesignator=Q1A
Change Component Designator: OldDesignator=Q1_I_SOURCE2 NewDesignator=Q1B
Change Component Designator: OldDesignator=Q1_I_SOURCE3 NewDesignator=Q1C
Change Component Designator: OldDesignator=Q1_I_SOURCE4 NewDesignator=Q1D
Change Component Designator: OldDesignator=R1_I_SOURCE1 NewDesignator=R1A
Change Component Designator: OldDesignator=R1_I_SOURCE2 NewDesignator=R1B
Change Component Designator: OldDesignator=R1_I_SOURCE3 NewDesignator=R1C
Change Component Designator: OldDesignator=R1_I_SOURCE4 NewDesignator=R1D
Change Component Designator: OldDesignator=R2_I_SOURCE1 NewDesignator=R2A
Change Component Designator: OldDesignator=R2_I_SOURCE2 NewDesignator=R2B
Change Component Designator: OldDesignator=R2_I_SOURCE3 NewDesignator=R2C
Change Component Designator: OldDesignator=R2_I_SOURCE4 NewDesignator=R2D
Change Component Designator: OldDesignator=R3_I_SOURCE1 NewDesignator=R3A
Change Component Designator: OldDesignator=R3_I_SOURCE2 NewDesignator=R3B
Change Component Designator: OldDesignator=R3_I_SOURCE3 NewDesignator=R3C
Change Component Designator: OldDesignator=R3_I_SOURCE4 NewDesignator=R3D
Change Component Designator: OldDesignator=U3_I_SOURCE1 NewDesignator=U3A
Change Component Designator: OldDesignator=U3_I_SOURCE2 NewDesignator=U3B
Change Component Designator: OldDesignator=U3_I_SOURCE3 NewDesignator=U3C
Change Component Designator: OldDesignator=U3_I_SOURCE4 NewDesignator=U3D
Change Net Name : Old Net Name=NetC5_I_SOURCE1_1 New Net Name=NetC5A_1
Change Net Name : Old Net Name=NetC5_I_SOURCE2_1 New Net Name=NetC5B_1
Change Net Name : Old Net Name=NetC5_I_SOURCE3_1 New Net Name=NetC5C_1
Change Net Name : Old Net Name=NetC5_I_SOURCE4_1 New Net Name=NetC5D_1
Change Net Name : Old Net Name=NetD1_I_SOURCE1_1 New Net Name=NetD1A_1
Change Net Name : Old Net Name=NetD1_I_SOURCE2_1 New Net Name=NetD1B_1
Change Net Name : Old Net Name=NetD1_I_SOURCE3_1 New Net Name=NetD1C_1
Change Net Name : Old Net Name=NetD1_I_SOURCE4_1 New Net Name=NetD1D_1
Change Net Name : Old Net Name=NetQ1_I_SOURCE1_1 New Net Name=NetQ1A_1
Change Net Name : Old Net Name=NetQ1_I_SOURCE2_1 New Net Name=NetQ1B_1
Change Net Name : Old Net Name=NetQ1_I_SOURCE3_1 New Net Name=NetQ1C_1
Change Net Name : Old Net Name=NetQ1_I_SOURCE4_1 New Net Name=NetQ1D_1
Change Net Name : Old Net Name=NetR1_I_SOURCE1_2 New Net Name=NetR1A_2
Change Net Name : Old Net Name=NetR1_I_SOURCE2_2 New Net Name=NetR1B_2
Change Net Name : Old Net Name=NetR1_I_SOURCE3_2 New Net Name=NetR1C_2
Change Net Name : Old Net Name=NetR1_I_SOURCE4_2 New Net Name=NetR1D_2
