Change Component Footprint: Designator=R4A Old Footprint=SMD_0805 New Footprint=6332[2512]
Change Component Footprint: Designator=R4B Old Footprint=SMD_0805 New Footprint=6332[2512]
Change Component Footprint: Designator=R4C Old Footprint=SMD_0805 New Footprint=6332[2512]
Change Component Footprint: Designator=R4D Old Footprint=SMD_0805 New Footprint=6332[2512]
Change Component Footprint: Designator=R4E Old Footprint=SMD_0805 New Footprint=6332[2512]
Change Component Footprint: Designator=R4F Old Footprint=SMD_0805 New Footprint=6332[2512]
Change Component Footprint: Designator=R4G Old Footprint=SMD_0805 New Footprint=6332[2512]
Change Component Footprint: Designator=R4H Old Footprint=SMD_0805 New Footprint=6332[2512]
Change Component Footprint: Designator=R4I Old Footprint=SMD_0805 New Footprint=6332[2512]
Change Component Footprint: Designator=R4J Old Footprint=SMD_0805 New Footprint=6332[2512]
Change Component Footprint: Designator=R4K Old Footprint=SMD_0805 New Footprint=6332[2512]
Change Component Footprint: Designator=R4L Old Footprint=SMD_0805 New Footprint=6332[2512]
Change Component Comment : Designator=R4A Old Comment=Res 0805 New Comment=1W (2512)
Change Component Comment : Designator=R4B Old Comment=Res 0805 New Comment=1W (2512)
Change Component Comment : Designator=R4C Old Comment=Res 0805 New Comment=1W (2512)
Change Component Comment : Designator=R4D Old Comment=Res 0805 New Comment=1W (2512)
Change Component Comment : Designator=R4E Old Comment=Res 0805 New Comment=1W (2512)
Change Component Comment : Designator=R4F Old Comment=Res 0805 New Comment=1W (2512)
Change Component Comment : Designator=R4G Old Comment=Res 0805 New Comment=1W (2512)
Change Component Comment : Designator=R4H Old Comment=Res 0805 New Comment=1W (2512)
Change Component Comment : Designator=R4I Old Comment=Res 0805 New Comment=1W (2512)
Change Component Comment : Designator=R4J Old Comment=Res 0805 New Comment=1W (2512)
Change Component Comment : Designator=R4K Old Comment=Res 0805 New Comment=1W (2512)
Change Component Comment : Designator=R4L Old Comment=Res 0805 New Comment=1W (2512)
