Added Component: Designator=C34(SMD_0805)
Added Component: Designator=S4(CAS-120B)
Added Component: Designator=U24(SOP8_N)
Added Component: Designator=U25(SMD_SOT23_3)
Added Pin To Net: NetName=GND Pin=C34-1
Added Pin To Net: NetName=+3.3V Pin=C34-2
Added Pin To Net: NetName=GND Pin=S4-1
Added Pin To Net: NetName=+3.3V Pin=U24-1
Added Pin To Net: NetName=GND Pin=U24-2
Added Pin To Net: NetName=GND Pin=U24-3
Added Pin To Net: NetName=GND Pin=U24-4
Added Pin To Net: NetName=+3.3V Pin=U24-8
Added Pin To Net: NetName=+3.3V Pin=U25-2
Added Pin To Net: NetName=GND Pin=U25-3
Added Pin To Net: NetName=I2C_SCL Pin=U18-A111
Added Pin To Net: NetName=I2C_SCL Pin=U24-6
Added Net: Name=I2C_SCL
Added Pin To Net: NetName=I2C_SDA Pin=U18-A109
Added Pin To Net: NetName=I2C_SDA Pin=U24-5
Added Net: Name=I2C_SDA
Added Pin To Net: NetName=NetS4_2 Pin=S4-2
Added Pin To Net: NetName=NetS4_2 Pin=U24-7
Added Net: Name=NetS4_2
Added Pin To Net: NetName=SILICON_SN Pin=U18-A83
Added Pin To Net: NetName=SILICON_SN Pin=U25-1
Added Net: Name=SILICON_SN
Added Member To Class: ClassName=780-00012-P3, rev3 Sch M2 Focus Drive Member=Component C34 Cap SMD
Added Member To Class: ClassName=780-00012-P3, rev3 Sch M2 Focus Drive Member=Component S4 CJS-1200TB
Added Member To Class: ClassName=780-00012-P3, rev3 Sch M2 Focus Drive Member=Component U24 M24C32RMN1
Added Member To Class: ClassName=780-00012-P3, rev3 Sch M2 Focus Drive Member=Component U25 DS2411
