Added Component: Designator=C1(RB7.6-15)
Added Component: Designator=C2(RB7.6-15)
Added Component: Designator=C3(RB7.6-15)
Added Component: Designator=C4(SMD_0805)
Added Component: Designator=C5(SMD_0805)
Added Component: Designator=C6(SMD_0805)
Added Component: Designator=C7(SMD_CAP_3216)
Added Component: Designator=C8(SMD_CAP_3216)
Added Component: Designator=C9(SMD_CAP_3216)
Added Component: Designator=C10(SMD_0805)
Added Component: Designator=C11(SMD_0805)
Added Component: Designator=C12(SMD_0805)
Added Component: Designator=C13(SMD_0805)
Added Component: Designator=C14(SMD_0805)
Added Component: Designator=C15(SMD_0805)
Added Component: Designator=C16(SMD_0805)
Added Component: Designator=C17(SMD_0805)
Added Component: Designator=C18(SMD_0805)
Added Component: Designator=C19(SMD_0805)
Added Component: Designator=C20(SMD_0805)
Added Component: Designator=C21(SMD_0805)
Added Component: Designator=C22(SMD_0805)
Added Component: Designator=C23(SMD_0805)
Added Component: Designator=C24(SMD_0805)
Added Component: Designator=C25(SMD_0805)
Added Component: Designator=C26(SMD_0805)
Added Component: Designator=C27(SMD_0805)
Added Component: Designator=C28(SMD_0805)
Added Component: Designator=C29(SMD_0805)
Added Component: Designator=C30(SMD_0805)
Added Component: Designator=C31(SMD_0805)
Added Component: Designator=C32(SMD_0805)
Added Component: Designator=C33(SMD_0805)
Added Component: Designator=J1(USB Vertical PCB)
Added Component: Designator=J5(RJ45, VERT MOUNT, NO MAGNETICS)
Added Component: Designator=J6(MOLEX_15-91-0140_SMD)
Added Component: Designator=L1(10/100BT Magetics module)
Added Component: Designator=P1(HDR1X4 for IDC)
Added Component: Designator=P2(HDR-2 pin w/screw)
Added Component: Designator=P3(HDR1X4 for IDC)
Added Component: Designator=R1(SMD_0805)
Added Component: Designator=R2(SMD_0805)
Added Component: Designator=R3(SMD_0805)
Added Component: Designator=R4(SMD_0805)
Added Component: Designator=R5(SMD_0805)
Added Component: Designator=R6(SMD_0805)
Added Component: Designator=R7(SMD_0805)
Added Component: Designator=R8(SMD_0805)
Added Component: Designator=R9(SMD_0805)
Added Component: Designator=R10(SMD_0805)
Added Component: Designator=R11(SMD_0805)
Added Component: Designator=R12(SMD_0805)
Added Component: Designator=R13(SMD_0805)
Added Component: Designator=R14(SMD_0805)
Added Component: Designator=R15(SMD_0805)
Added Component: Designator=R16(SMD_0805)
Added Component: Designator=R17(SMD_0805)
Added Component: Designator=R18(2012[0805])
Added Component: Designator=R19(SMD_0805)
Added Component: Designator=R20(smd_0805)
Added Component: Designator=R21(SMD_0805)
Added Component: Designator=R22(smd_0805)
Added Component: Designator=R23(smd_0805)
Added Component: Designator=R24(SMD_0805)
Added Component: Designator=R25(SMD_0805)
Added Component: Designator=S1(B3U-1000P)
Added Component: Designator=S2(B3U-1000P)
Added Component: Designator=S3(B3U-1000P)
Added Component: Designator=U1(IM481H Vertical)
Added Component: Designator=U2(IM481H Vertical)
Added Component: Designator=U3(IM481H Vertical)
Added Component: Designator=U4(DGG048_N)
Added Component: Designator=U5(DGG048_N)
Added Component: Designator=U6(TO-92)
Added Component: Designator=U7(TO-92)
Added Component: Designator=U8(TO-92)
Added Component: Designator=U9(TO-92)
Added Component: Designator=U10(TO-92)
Added Component: Designator=U11(TO-92)
Added Component: Designator=U12(Q-14_A)
Added Component: Designator=U13(Q-14_A)
Added Component: Designator=U14(S8_M)
Added Component: Designator=U15(S8_M)
Added Component: Designator=U16(Q-14_A)
Added Component: Designator=U17(S8_M)
Added Component: Designator=U18(SuperFin Footprint)
Added Component: Designator=U19(Z03A)
Added Pin To Net: NetName=+3.3V Pin=U4-7
Added Pin To Net: NetName=+3.3V Pin=U4-18
Added Pin To Net: NetName=+3.3V Pin=U4-31
Added Pin To Net: NetName=+3.3V Pin=U4-42
Added Pin To Net: NetName=+3.3V Pin=U5-7
Added Pin To Net: NetName=+3.3V Pin=U5-18
Added Pin To Net: NetName=+3.3V Pin=U5-31
Added Pin To Net: NetName=+3.3V Pin=U5-42
Added Net: Name=+3.3V
Added Pin To Net: NetName=+5ANA Pin=R20-1
Added Pin To Net: NetName=+5ANA Pin=R22-1
Added Pin To Net: NetName=+5ANA Pin=R23-1
Added Net: Name=+5ANA
Added Pin To Net: NetName=+5VANA Pin=C22-2
Added Pin To Net: NetName=+5VANA Pin=C23-2
Added Pin To Net: NetName=+5VANA Pin=C28-2
Added Pin To Net: NetName=+5VANA Pin=U12-11
Added Pin To Net: NetName=+5VANA Pin=U13-11
Added Pin To Net: NetName=+5VANA Pin=U14-7
Added Pin To Net: NetName=+5VANA Pin=U15-7
Added Pin To Net: NetName=+5VANA Pin=U16-11
Added Pin To Net: NetName=+5VANA Pin=U17-7
Added Net: Name=+5VANA
Added Pin To Net: NetName=+5V Pin=C7-1
Added Pin To Net: NetName=+5V Pin=C8-1
Added Pin To Net: NetName=+5V Pin=C9-1
Added Pin To Net: NetName=+5V Pin=C10-2
Added Pin To Net: NetName=+5V Pin=C11-2
Added Pin To Net: NetName=+5V Pin=C12-2
Added Pin To Net: NetName=+5V Pin=C16-2
Added Pin To Net: NetName=+5V Pin=C17-2
Added Pin To Net: NetName=+5V Pin=C18-2
Added Pin To Net: NetName=+5V Pin=U1-14
Added Pin To Net: NetName=+5V Pin=U2-14
Added Pin To Net: NetName=+5V Pin=U3-14
Added Pin To Net: NetName=+5V Pin=U6-1
Added Pin To Net: NetName=+5V Pin=U7-1
Added Pin To Net: NetName=+5V Pin=U8-1
Added Pin To Net: NetName=+5V Pin=U9-1
Added Pin To Net: NetName=+5V Pin=U10-1
Added Pin To Net: NetName=+5V Pin=U11-1
Added Net: Name=+5V
Added Pin To Net: NetName=+24V Pin=C1-1
Added Pin To Net: NetName=+24V Pin=C2-1
Added Pin To Net: NetName=+24V Pin=C3-1
Added Pin To Net: NetName=+24V Pin=C4-2
Added Pin To Net: NetName=+24V Pin=C5-2
Added Pin To Net: NetName=+24V Pin=C6-2
Added Pin To Net: NetName=+24V Pin=P1-1
Added Pin To Net: NetName=+24V Pin=U1-12
Added Pin To Net: NetName=+24V Pin=U2-12
Added Pin To Net: NetName=+24V Pin=U3-12
Added Pin To Net: NetName=+24V Pin=U18-B55
Added Net: Name=+24V
Added Pin To Net: NetName=-5VANA Pin=C25-2
Added Pin To Net: NetName=-5VANA Pin=C27-2
Added Pin To Net: NetName=-5VANA Pin=C30-2
Added Pin To Net: NetName=-5VANA Pin=U12-7
Added Pin To Net: NetName=-5VANA Pin=U13-7
Added Pin To Net: NetName=-5VANA Pin=U14-4
Added Pin To Net: NetName=-5VANA Pin=U15-4
Added Pin To Net: NetName=-5VANA Pin=U16-7
Added Pin To Net: NetName=-5VANA Pin=U17-4
Added Net: Name=-5VANA
Added Pin To Net: NetName=1A+ Pin=U4-47
Added Net: Name=1A+
Added Pin To Net: NetName=1A- Pin=U4-46
Added Net: Name=1A-
Added Pin To Net: NetName=1B+ Pin=U4-44
Added Net: Name=1B+
Added Pin To Net: NetName=1B- Pin=U4-43
Added Net: Name=1B-
Added Pin To Net: NetName=1I+ Pin=U4-41
Added Net: Name=1I+
Added Pin To Net: NetName=1I- Pin=U4-40
Added Net: Name=1I-
Added Pin To Net: NetName=2A+ Pin=U4-37
Added Net: Name=2A+
Added Pin To Net: NetName=2A- Pin=U4-36
Added Net: Name=2A-
Added Pin To Net: NetName=2B+ Pin=U4-35
Added Net: Name=2B+
Added Pin To Net: NetName=2B- Pin=U4-33
Added Net: Name=2B-
Added Pin To Net: NetName=2I+ Pin=U4-32
Added Net: Name=2I+
Added Pin To Net: NetName=2I- Pin=U4-30
Added Net: Name=2I-
Added Pin To Net: NetName=3.3V Pin=R18-2
Added Pin To Net: NetName=3.3V Pin=U18-B19
Added Pin To Net: NetName=3.3V Pin=U18-B29
Added Net: Name=3.3V
Added Pin To Net: NetName=3A+ Pin=U5-47
Added Net: Name=3A+
Added Pin To Net: NetName=3A- Pin=U5-46
Added Net: Name=3A-
Added Pin To Net: NetName=3B+ Pin=U5-44
Added Net: Name=3B+
Added Pin To Net: NetName=3B- Pin=U5-43
Added Net: Name=3B-
Added Pin To Net: NetName=3I+ Pin=U5-41
Added Net: Name=3I+
Added Pin To Net: NetName=3I- Pin=U5-40
Added Net: Name=3I-
Added Pin To Net: NetName=CURRENT_AX1 Pin=U18-A2
Added Pin To Net: NetName=CURRENT_AX1 Pin=U18-A2
Added Net: Name=CURRENT_AX1
Added Pin To Net: NetName=CURRENT_AX2 Pin=U18-A4
Added Net: Name=CURRENT_AX2
Added Pin To Net: NetName=CURRENT_AX3 Pin=U18-A6
Added Net: Name=CURRENT_AX3
Added Pin To Net: NetName=DIRECTION1 Pin=U18-B39
Added Net: Name=DIRECTION1
Added Pin To Net: NetName=DIRECTION2 Pin=U18-B41
Added Net: Name=DIRECTION2
Added Pin To Net: NetName=DIRECTION3 Pin=U18-B43
Added Net: Name=DIRECTION3
Added Pin To Net: NetName=DRVFAULT_AX1 Pin=U18-A73
Added Net: Name=DRVFAULT_AX1
Added Pin To Net: NetName=DRVFAULT_AX2 Pin=U18-A77
Added Net: Name=DRVFAULT_AX2
Added Pin To Net: NetName=DRVFAULT_AX3 Pin=U18-A81
Added Net: Name=DRVFAULT_AX3
Added Pin To Net: NetName=EMU Pin=J6-2
Added Pin To Net: NetName=EMU Pin=U18-A47
Added Net: Name=EMU
Added Pin To Net: NetName=ENCDR_FAULT_AX1 Pin=U18-A83
Added Net: Name=ENCDR_FAULT_AX1
Added Pin To Net: NetName=ENCDR_FAULT_AX2 Pin=U18-A85
Added Net: Name=ENCDR_FAULT_AX2
Added Pin To Net: NetName=ENCDR_FAULT_AX3 Pin=U18-A87
Added Net: Name=ENCDR_FAULT_AX3
Added Pin To Net: NetName=ETHERGND Pin=U18-B69
Added Net: Name=ETHERGND
Added Pin To Net: NetName=ETHERLED_ACT Pin=R17-1
Added Pin To Net: NetName=ETHERLED_ACT Pin=U18-A103
Added Net: Name=ETHERLED_ACT
Added Pin To Net: NetName=ETHERLED_FD Pin=R16-1
Added Pin To Net: NetName=ETHERLED_FD Pin=U18-A105
Added Net: Name=ETHERLED_FD
Added Pin To Net: NetName=ETHERRX+ Pin=L1-11
Added Pin To Net: NetName=ETHERRX+ Pin=U18-B67
Added Net: Name=ETHERRX+
Added Pin To Net: NetName=ETHERRX- Pin=L1-9
Added Pin To Net: NetName=ETHERRX- Pin=U18-B65
Added Net: Name=ETHERRX-
Added Pin To Net: NetName=ETHERTX+ Pin=L1-16
Added Pin To Net: NetName=ETHERTX+ Pin=U18-A70
Added Net: Name=ETHERTX+
Added Pin To Net: NetName=ETHERTX- Pin=L1-14
Added Pin To Net: NetName=ETHERTX- Pin=U18-A68
Added Net: Name=ETHERTX-
Added Pin To Net: NetName=FAN_PWM Pin=U18-B10
Added Net: Name=FAN_PWM
Added Pin To Net: NetName=FAN_TACH Pin=U18-B57
Added Net: Name=FAN_TACH
Added Pin To Net: NetName=FULL_STEP_AX1 Pin=U18-A71
Added Net: Name=FULL_STEP_AX1
Added Pin To Net: NetName=FULL_STEP_AX2 Pin=U18-A75
Added Net: Name=FULL_STEP_AX2
Added Pin To Net: NetName=FULL_STEP_AX3 Pin=U18-A79
Added Net: Name=FULL_STEP_AX3
Added Pin To Net: NetName=GND Pin=C10-1
Added Pin To Net: NetName=GND Pin=C11-1
Added Pin To Net: NetName=GND Pin=C12-1
Added Pin To Net: NetName=GND Pin=C13-1
Added Pin To Net: NetName=GND Pin=C14-1
Added Pin To Net: NetName=GND Pin=C15-1
Added Pin To Net: NetName=GND Pin=C16-1
Added Pin To Net: NetName=GND Pin=C17-1
Added Pin To Net: NetName=GND Pin=C18-1
Added Pin To Net: NetName=GND Pin=C19-1
Added Pin To Net: NetName=GND Pin=C20-1
Added Pin To Net: NetName=GND Pin=C21-1
Added Pin To Net: NetName=GND Pin=C22-1
Added Pin To Net: NetName=GND Pin=C23-1
Added Pin To Net: NetName=GND Pin=C24-1
Added Pin To Net: NetName=GND Pin=C25-1
Added Pin To Net: NetName=GND Pin=C26-1
Added Pin To Net: NetName=GND Pin=C27-1
Added Pin To Net: NetName=GND Pin=C28-1
Added Pin To Net: NetName=GND Pin=C29-1
Added Pin To Net: NetName=GND Pin=C30-1
Added Pin To Net: NetName=GND Pin=C31-1
Added Pin To Net: NetName=GND Pin=C32-1
Added Pin To Net: NetName=GND Pin=C33-1
Added Pin To Net: NetName=GND Pin=J1-4
Added Pin To Net: NetName=GND Pin=J1-5
Added Pin To Net: NetName=GND Pin=J1-6
Added Pin To Net: NetName=GND Pin=J5-10
Added Pin To Net: NetName=GND Pin=J5-11
Added Pin To Net: NetName=GND Pin=J5-13
Added Pin To Net: NetName=GND Pin=J5-14
Added Pin To Net: NetName=GND Pin=J6-1
Added Pin To Net: NetName=GND Pin=J6-4
Added Pin To Net: NetName=GND Pin=J6-7
Added Pin To Net: NetName=GND Pin=J6-9
Added Pin To Net: NetName=GND Pin=J6-11
Added Pin To Net: NetName=GND Pin=J6-13
Added Pin To Net: NetName=GND Pin=P3-2
Added Pin To Net: NetName=GND Pin=P3-4
Added Pin To Net: NetName=GND Pin=R7-1
Added Pin To Net: NetName=GND Pin=R9-1
Added Pin To Net: NetName=GND Pin=R13-1
Added Pin To Net: NetName=GND Pin=U4-1
Added Pin To Net: NetName=GND Pin=U4-4
Added Pin To Net: NetName=GND Pin=U4-10
Added Pin To Net: NetName=GND Pin=U4-15
Added Pin To Net: NetName=GND Pin=U4-21
Added Pin To Net: NetName=GND Pin=U4-24
Added Pin To Net: NetName=GND Pin=U4-25
Added Pin To Net: NetName=GND Pin=U4-28
Added Pin To Net: NetName=GND Pin=U4-34
Added Pin To Net: NetName=GND Pin=U4-39
Added Pin To Net: NetName=GND Pin=U4-45
Added Pin To Net: NetName=GND Pin=U4-48
Added Pin To Net: NetName=GND Pin=U5-1
Added Pin To Net: NetName=GND Pin=U5-4
Added Pin To Net: NetName=GND Pin=U5-10
Added Pin To Net: NetName=GND Pin=U5-15
Added Pin To Net: NetName=GND Pin=U5-21
Added Pin To Net: NetName=GND Pin=U5-24
Added Pin To Net: NetName=GND Pin=U5-25
Added Pin To Net: NetName=GND Pin=U5-28
Added Pin To Net: NetName=GND Pin=U5-34
Added Pin To Net: NetName=GND Pin=U5-39
Added Pin To Net: NetName=GND Pin=U5-45
Added Pin To Net: NetName=GND Pin=U5-48
Added Pin To Net: NetName=GND Pin=U6-2
Added Pin To Net: NetName=GND Pin=U7-2
Added Pin To Net: NetName=GND Pin=U8-2
Added Pin To Net: NetName=GND Pin=U9-2
Added Pin To Net: NetName=GND Pin=U10-2
Added Pin To Net: NetName=GND Pin=U11-2
Added Pin To Net: NetName=GND Pin=U12-4
Added Pin To Net: NetName=GND Pin=U13-4
Added Pin To Net: NetName=GND Pin=U16-4
Added Pin To Net: NetName=GND Pin=U18-A121
Added Pin To Net: NetName=GND Pin=U18-A121
Added Pin To Net: NetName=GND Pin=U18-A121
Added Pin To Net: NetName=GND Pin=U18-A121
Added Pin To Net: NetName=GND Pin=U18-A122
Added Pin To Net: NetName=GND Pin=U18-A122
Added Pin To Net: NetName=GND Pin=U18-A122
Added Pin To Net: NetName=GND Pin=U18-A122
Added Pin To Net: NetName=GND Pin=U18-B4
Added Pin To Net: NetName=GND Pin=U18-B8
Added Pin To Net: NetName=GND Pin=U18-B12
Added Pin To Net: NetName=GND Pin=U18-B49
Added Pin To Net: NetName=GND Pin=U18-B53
Added Pin To Net: NetName=GND Pin=U18-B122
Added Pin To Net: NetName=GND Pin=U18-B122
Added Pin To Net: NetName=GND Pin=U18-B122
Added Pin To Net: NetName=GND Pin=U18-B122
Added Pin To Net: NetName=GND Pin=U19-3
Added Net: Name=GND
Added Pin To Net: NetName=INDEX1+ Pin=U18-A26
Added Net: Name=INDEX1+
Added Pin To Net: NetName=INDEX1- Pin=U18-A28
Added Net: Name=INDEX1-
Added Pin To Net: NetName=INDEX2+ Pin=U18-A38
Added Net: Name=INDEX2+
Added Pin To Net: NetName=INDEX2- Pin=U18-A40
Added Net: Name=INDEX2-
Added Pin To Net: NetName=INDEX3+ Pin=U18-A50
Added Net: Name=INDEX3+
Added Pin To Net: NetName=INDEX3- Pin=U18-A52
Added Net: Name=INDEX3-
Added Pin To Net: NetName=IR_TEMP1 Pin=C26-2
Added Pin To Net: NetName=IR_TEMP1 Pin=R12-2
Added Net: Name=IR_TEMP1
Added Pin To Net: NetName=IR_TEMP2 Pin=C24-2
Added Pin To Net: NetName=IR_TEMP2 Pin=R11-2
Added Net: Name=IR_TEMP2
Added Pin To Net: NetName=IR_TEMP3 Pin=C29-2
Added Pin To Net: NetName=IR_TEMP3 Pin=R15-2
Added Net: Name=IR_TEMP3
Added Pin To Net: NetName=NEGLIMT1 Pin=R4-2
Added Net: Name=NEGLIMT1
Added Pin To Net: NetName=NEGLIMT2 Pin=R5-2
Added Net: Name=NEGLIMT2
Added Pin To Net: NetName=NEGLIMT3 Pin=R6-2
Added Net: Name=NEGLIMT3
Added Pin To Net: NetName=NetC13_2 Pin=C13-2
Added Pin To Net: NetName=NetC13_2 Pin=R1-1
Added Pin To Net: NetName=NetC13_2 Pin=U6-3
Added Net: Name=NetC13_2
Added Pin To Net: NetName=NetC14_2 Pin=C14-2
Added Pin To Net: NetName=NetC14_2 Pin=R2-1
Added Pin To Net: NetName=NetC14_2 Pin=U7-3
Added Net: Name=NetC14_2
Added Pin To Net: NetName=NetC15_2 Pin=C15-2
Added Pin To Net: NetName=NetC15_2 Pin=R3-1
Added Pin To Net: NetName=NetC15_2 Pin=U8-3
Added Net: Name=NetC15_2
Added Pin To Net: NetName=NetC19_2 Pin=C19-2
Added Pin To Net: NetName=NetC19_2 Pin=R4-1
Added Pin To Net: NetName=NetC19_2 Pin=U9-3
Added Net: Name=NetC19_2
Added Pin To Net: NetName=NetC20_2 Pin=C20-2
Added Pin To Net: NetName=NetC20_2 Pin=R5-1
Added Pin To Net: NetName=NetC20_2 Pin=U10-3
Added Net: Name=NetC20_2
Added Pin To Net: NetName=NetC21_2 Pin=C21-2
Added Pin To Net: NetName=NetC21_2 Pin=R6-1
Added Pin To Net: NetName=NetC21_2 Pin=U11-3
Added Net: Name=NetC21_2
Added Pin To Net: NetName=NetJ2_1 Pin=U12-1
Added Net: Name=NetJ2_1
Added Pin To Net: NetName=NetJ2_2 Pin=U12-14
Added Net: Name=NetJ2_2
Added Pin To Net: NetName=NetJ3_1 Pin=U13-1
Added Net: Name=NetJ3_1
Added Pin To Net: NetName=NetJ3_2 Pin=U13-14
Added Net: Name=NetJ3_2
Added Pin To Net: NetName=NetJ4_1 Pin=U16-1
Added Net: Name=NetJ4_1
Added Pin To Net: NetName=NetJ4_2 Pin=U16-14
Added Net: Name=NetJ4_2
Added Pin To Net: NetName=NetJ5_1 Pin=J5-1
Added Pin To Net: NetName=NetJ5_1 Pin=L1-1
Added Net: Name=NetJ5_1
Added Pin To Net: NetName=NetJ5_2 Pin=J5-2
Added Pin To Net: NetName=NetJ5_2 Pin=L1-2
Added Net: Name=NetJ5_2
Added Pin To Net: NetName=NetJ5_3 Pin=J5-3
Added Pin To Net: NetName=NetJ5_3 Pin=L1-6
Added Net: Name=NetJ5_3
Added Pin To Net: NetName=NetJ5_6 Pin=J5-6
Added Pin To Net: NetName=NetJ5_6 Pin=L1-8
Added Net: Name=NetJ5_6
Added Pin To Net: NetName=NetJ5_9 Pin=J5-9
Added Pin To Net: NetName=NetJ5_9 Pin=R16-2
Added Net: Name=NetJ5_9
Added Pin To Net: NetName=NetJ5_12 Pin=J5-12
Added Pin To Net: NetName=NetJ5_12 Pin=R17-2
Added Net: Name=NetJ5_12
Added Pin To Net: NetName=NetJ6_5 Pin=J6-5
Added Pin To Net: NetName=NetJ6_5 Pin=R18-1
Added Net: Name=NetJ6_5
Added Pin To Net: NetName=NetP1_3 Pin=P1-3
Added Pin To Net: NetName=NetP1_3 Pin=R19-2
Added Net: Name=NetP1_3
Added Pin To Net: NetName=NetP3_1 Pin=P3-1
Added Pin To Net: NetName=NetP3_1 Pin=R23-2
Added Pin To Net: NetName=NetP3_1 Pin=R24-2
Added Net: Name=NetP3_1
Added Pin To Net: NetName=NetP3_3 Pin=P3-3
Added Pin To Net: NetName=NetP3_3 Pin=R22-2
Added Pin To Net: NetName=NetP3_3 Pin=R25-2
Added Net: Name=NetP3_3
Added Pin To Net: NetName=NetR7_2 Pin=R7-2
Added Pin To Net: NetName=NetR7_2 Pin=R8-1
Added Pin To Net: NetName=NetR7_2 Pin=U14-2
Added Net: Name=NetR7_2
Added Pin To Net: NetName=NetR8_2 Pin=R8-2
Added Pin To Net: NetName=NetR8_2 Pin=R11-1
Added Pin To Net: NetName=NetR8_2 Pin=U14-6
Added Net: Name=NetR8_2
Added Pin To Net: NetName=NetR9_2 Pin=R9-2
Added Pin To Net: NetName=NetR9_2 Pin=R10-1
Added Pin To Net: NetName=NetR9_2 Pin=U15-2
Added Net: Name=NetR9_2
Added Pin To Net: NetName=NetR10_2 Pin=R10-2
Added Pin To Net: NetName=NetR10_2 Pin=R12-1
Added Pin To Net: NetName=NetR10_2 Pin=U15-6
Added Net: Name=NetR10_2
Added Pin To Net: NetName=NetR13_2 Pin=R13-2
Added Pin To Net: NetName=NetR13_2 Pin=R14-1
Added Pin To Net: NetName=NetR13_2 Pin=U17-2
Added Net: Name=NetR13_2
Added Pin To Net: NetName=NetR14_2 Pin=R14-2
Added Pin To Net: NetName=NetR14_2 Pin=R15-1
Added Pin To Net: NetName=NetR14_2 Pin=U17-6
Added Net: Name=NetR14_2
Added Pin To Net: NetName=NetR20_2 Pin=R20-2
Added Pin To Net: NetName=NetR20_2 Pin=R21-2
Added Pin To Net: NetName=NetR20_2 Pin=U19-2
Added Net: Name=NetR20_2
Added Pin To Net: NetName=NetS1_2 Pin=S1-2
Added Pin To Net: NetName=NetS1_2 Pin=U1-13
Added Net: Name=NetS1_2
Added Pin To Net: NetName=NetS2_2 Pin=S2-2
Added Pin To Net: NetName=NetS2_2 Pin=U2-13
Added Net: Name=NetS2_2
Added Pin To Net: NetName=NetS3_2 Pin=S3-2
Added Pin To Net: NetName=NetS3_2 Pin=U3-13
Added Net: Name=NetS3_2
Added Pin To Net: NetName=NetU12_8 Pin=U12-8
Added Pin To Net: NetName=NetU12_8 Pin=U12-9
Added Pin To Net: NetName=NetU12_8 Pin=U14-3
Added Net: Name=NetU12_8
Added Pin To Net: NetName=NetU13_8 Pin=U13-8
Added Pin To Net: NetName=NetU13_8 Pin=U13-9
Added Pin To Net: NetName=NetU13_8 Pin=U15-3
Added Net: Name=NetU13_8
Added Pin To Net: NetName=NetU16_8 Pin=U16-8
Added Pin To Net: NetName=NetU16_8 Pin=U16-9
Added Pin To Net: NetName=NetU16_8 Pin=U17-3
Added Net: Name=NetU16_8
Added Pin To Net: NetName=PCB_TEMP Pin=U18-A15
Added Net: Name=PCB_TEMP
Added Pin To Net: NetName=POSLIMT1 Pin=R1-2
Added Net: Name=POSLIMT1
Added Pin To Net: NetName=POSLIMT2 Pin=R2-2
Added Net: Name=POSLIMT2
Added Pin To Net: NetName=POSLIMT3 Pin=R3-2
Added Net: Name=POSLIMT3
Added Pin To Net: NetName=QUADA1+ Pin=U4-2
Added Net: Name=QUADA1+
Added Pin To Net: NetName=QUADA1- Pin=U4-3
Added Net: Name=QUADA1-
Added Pin To Net: NetName=QUADA2+ Pin=U4-12
Added Net: Name=QUADA2+
Added Pin To Net: NetName=QUADA2- Pin=U4-13
Added Net: Name=QUADA2-
Added Pin To Net: NetName=QUADA3+ Pin=U5-2
Added Net: Name=QUADA3+
Added Pin To Net: NetName=QUADA3- Pin=U5-3
Added Net: Name=QUADA3-
Added Pin To Net: NetName=QUADB1+ Pin=U4-5
Added Net: Name=QUADB1+
Added Pin To Net: NetName=QUADB1- Pin=U4-6
Added Net: Name=QUADB1-
Added Pin To Net: NetName=QUADB2+ Pin=U4-14
Added Net: Name=QUADB2+
Added Pin To Net: NetName=QUADB2- Pin=U4-16
Added Net: Name=QUADB2-
Added Pin To Net: NetName=QUADB3+ Pin=U5-5
Added Net: Name=QUADB3+
Added Pin To Net: NetName=QUADB3- Pin=U5-6
Added Net: Name=QUADB3-
Added Pin To Net: NetName=RTN Pin=C1-2
Added Pin To Net: NetName=RTN Pin=C2-2
Added Pin To Net: NetName=RTN Pin=C3-2
Added Pin To Net: NetName=RTN Pin=C4-1
Added Pin To Net: NetName=RTN Pin=C5-1
Added Pin To Net: NetName=RTN Pin=C6-1
Added Pin To Net: NetName=RTN Pin=C7-2
Added Pin To Net: NetName=RTN Pin=C8-2
Added Pin To Net: NetName=RTN Pin=C9-2
Added Pin To Net: NetName=RTN Pin=S1-1
Added Pin To Net: NetName=RTN Pin=S2-1
Added Pin To Net: NetName=RTN Pin=S3-1
Added Pin To Net: NetName=RTN Pin=U1-11
Added Pin To Net: NetName=RTN Pin=U2-11
Added Pin To Net: NetName=RTN Pin=U3-11
Added Net: Name=RTN
Added Pin To Net: NetName=STEP1 Pin=U1-15
Added Net: Name=STEP1
Added Pin To Net: NetName=STEP2 Pin=U2-15
Added Net: Name=STEP2
Added Pin To Net: NetName=STEP3 Pin=U3-15
Added Net: Name=STEP3
Added Pin To Net: NetName=STEP_RES0 Pin=U1-7
Added Pin To Net: NetName=STEP_RES0 Pin=U2-7
Added Pin To Net: NetName=STEP_RES0 Pin=U3-7
Added Net: Name=STEP_RES0
Added Pin To Net: NetName=STEP_RES1 Pin=U1-8
Added Pin To Net: NetName=STEP_RES1 Pin=U2-8
Added Pin To Net: NetName=STEP_RES1 Pin=U3-8
Added Net: Name=STEP_RES1
Added Pin To Net: NetName=STEP_RES2 Pin=U1-9
Added Pin To Net: NetName=STEP_RES2 Pin=U2-9
Added Pin To Net: NetName=STEP_RES2 Pin=U3-9
Added Net: Name=STEP_RES2
Added Pin To Net: NetName=STEP_RES3 Pin=U1-10
Added Pin To Net: NetName=STEP_RES3 Pin=U2-10
Added Pin To Net: NetName=STEP_RES3 Pin=U3-10
Added Net: Name=STEP_RES3
Added Pin To Net: NetName=TCK Pin=J6-8
Added Pin To Net: NetName=TCK Pin=U18-A55
Added Net: Name=TCK
Added Pin To Net: NetName=TDI Pin=J6-12
Added Pin To Net: NetName=TDI Pin=U18-A49
Added Net: Name=TDI
Added Pin To Net: NetName=TDO Pin=J6-14
Added Pin To Net: NetName=TDO Pin=U18-A53
Added Net: Name=TDO
Added Pin To Net: NetName=TMS Pin=J6-6
Added Pin To Net: NetName=TMS Pin=U18-A51
Added Net: Name=TMS
Added Pin To Net: NetName=TRST Pin=J6-10
Added Pin To Net: NetName=TRST Pin=U18-A45
Added Net: Name=TRST
Added Pin To Net: NetName=TRUSS_TEMP1 Pin=C32-2
Added Pin To Net: NetName=TRUSS_TEMP1 Pin=R24-1
Added Net: Name=TRUSS_TEMP1
Added Pin To Net: NetName=TRUSS_TEMP2 Pin=C33-2
Added Pin To Net: NetName=TRUSS_TEMP2 Pin=R25-1
Added Net: Name=TRUSS_TEMP2
Added Pin To Net: NetName=USB_D+ Pin=J1-3
Added Pin To Net: NetName=USB_D+ Pin=U18-A35
Added Net: Name=USB_D+
Added Pin To Net: NetName=USB_D- Pin=J1-2
Added Pin To Net: NetName=USB_D- Pin=U18-A33
Added Net: Name=USB_D-
Added Pin To Net: NetName=USB_VBUS Pin=J1-1
Added Pin To Net: NetName=USB_VBUS Pin=U18-A31
Added Net: Name=USB_VBUS
Added Pin To Net: NetName=VA25 Pin=L1-10
Added Pin To Net: NetName=VA25 Pin=L1-15
Added Pin To Net: NetName=VA25 Pin=U18-A66
Added Net: Name=VA25
Added Pin To Net: NetName=~1FAULT Pin=U4-38
Added Net: Name=~1FAULT
Added Pin To Net: NetName=~2FAULT Pin=U4-29
Added Net: Name=~2FAULT
Added Pin To Net: NetName=~3FAULT Pin=U5-38
Added Net: Name=~3FAULT
Added Class: Name=780-00012-P1, Sch M2 Focus Drive
Added Class: Name=780-00012-P2, Sch M2 Focus Drive
Added Class: Name=780-00012-P3, Sch M2 Focus Drive
Added Class: Name=780-00012-P4, Sch M2 Focus Drive
Added Room: Name=780-00012-P1, Sch M2 Focus Drive
Added Room: Name=780-00012-P2, Sch M2 Focus Drive
Added Room: Name=780-00012-P3, Sch M2 Focus Drive
Added Room: Name=780-00012-P4, Sch M2 Focus Drive
