Added Component: Designator=C?(2012[0805])
Added Component: Designator=F1(PolySwitch Radial 0.2)
Added Component: Designator=U?(PSIP_3_SMD)
Added Pin To Net: NetName=+5V Pin=C?-1
Added Pin To Net: NetName=+24V Pin=C?-1
Added Pin To Net: NetName=GND Pin=C?-2
Added Pin To Net: NetName=GND Pin=C?-2
Added Pin To Net: NetName=+24V Pin=F1-2
Added Pin To Net: NetName=GND Pin=P2-2
Added Pin To Net: NetName=+24V Pin=U?-1
Added Pin To Net: NetName=GND Pin=U?-2
Added Pin To Net: NetName=+5V Pin=U?-3
Added Pin To Net: NetName=NetF1_1 Pin=F1-1
Added Pin To Net: NetName=NetF1_1 Pin=P2-1
Added Net: Name=NetF1_1
Added Pin To Net: NetName=SUPPORT Pin=U?-0
Added Pin To Net: NetName=SUPPORT Pin=U?-0
Added Net: Name=SUPPORT
Added Member To Class: ClassName=780-00012-P4, Sch M2 Focus Drive Member=Component C? 100u, EEF-HE0K101R
Added Member To Class: ClassName=780-00012-P4, Sch M2 Focus Drive Member=Component C? 1u
Added Member To Class: ClassName=780-00012-P4, Sch M2 Focus Drive Member=Component F1 RUEF400
Added Member To Class: ClassName=780-00012-P4, Sch M2 Focus Drive Member=Component U? PT78ST105S
