Removed Pin From Net: NetName=~2FAULT Pin=U4-29
Removed Pin From Net: NetName=2I- Pin=U4-30
Removed Pin From Net: NetName=2I+ Pin=U4-32
Removed Pin From Net: NetName=2B- Pin=U4-33
Removed Pin From Net: NetName=2B+ Pin=U4-35
Removed Pin From Net: NetName=2A- Pin=U4-36
Removed Pin From Net: NetName=2A+ Pin=U4-37
Removed Pin From Net: NetName=~1FAULT Pin=U4-38
Removed Pin From Net: NetName=1I- Pin=U4-40
Removed Pin From Net: NetName=1I+ Pin=U4-41
Removed Pin From Net: NetName=1B- Pin=U4-43
Removed Pin From Net: NetName=1B+ Pin=U4-44
Removed Pin From Net: NetName=1A- Pin=U4-46
Removed Pin From Net: NetName=1A+ Pin=U4-47
Removed Pin From Net: NetName=~3FAULT Pin=U5-38
Removed Pin From Net: NetName=3I- Pin=U5-40
Removed Pin From Net: NetName=3I+ Pin=U5-41
Removed Pin From Net: NetName=3B- Pin=U5-43
Removed Pin From Net: NetName=3B+ Pin=U5-44
Removed Pin From Net: NetName=3A- Pin=U5-46
Removed Pin From Net: NetName=3A+ Pin=U5-47
Added Pin To Net: NetName=~2FAULT Pin=U4-26
Added Pin To Net: NetName=~1FAULT Pin=U4-27
Added Pin To Net: NetName=1A+ Pin=U4-32
Added Pin To Net: NetName=1A- Pin=U4-33
Added Pin To Net: NetName=1B+ Pin=U4-35
Added Pin To Net: NetName=1B- Pin=U4-36
Added Pin To Net: NetName=1I+ Pin=U4-37
Added Pin To Net: NetName=1I- Pin=U4-38
Added Pin To Net: NetName=2A+ Pin=U4-40
Added Pin To Net: NetName=2A- Pin=U4-41
Added Pin To Net: NetName=2B+ Pin=U4-43
Added Pin To Net: NetName=2B- Pin=U4-44
Added Pin To Net: NetName=2I+ Pin=U4-46
Added Pin To Net: NetName=2I- Pin=U4-47
Added Pin To Net: NetName=~3FAULT Pin=U5-26
Added Pin To Net: NetName=3A+ Pin=U5-27
Added Pin To Net: NetName=3A- Pin=U5-29
Added Pin To Net: NetName=3B+ Pin=U5-30
Added Pin To Net: NetName=3B- Pin=U5-32
Added Pin To Net: NetName=3I+ Pin=U5-33
Added Pin To Net: NetName=3I- Pin=U5-35
