Added Parameter To Do list=New LCO pn to Part C1
Added Parameter To Do list=New LCO pn to Part C2
Added Parameter To Do list=New LCO pn to Part C3
Added Parameter To Do list= to Part C4
Added Parameter To Do list= to Part C5
Added Parameter To Do list= to Part C6
Added Parameter To Do list= to Part C7
Added Parameter To Do list= to Part C8
Added Parameter To Do list= to Part C9
Added Parameter To Do list= to Part J7
Added Parameter To Do list= to Part J8
Added Parameter To Do list= to Part J9
Added Parameter To Do list= to Part P4
Added Parameter To Do list= to Part P5
Added Parameter To Do list= to Part P6
Added Parameter To Do list= to Part S1
Added Parameter To Do list= to Part S2
Added Parameter To Do list= to Part S3
Added Parameter To Do list= to Part TP1
Added Parameter To Do list= to Part TP2
Added Parameter To Do list= to Part TP3
Added Parameter To Do list= to Part TP4
Added Parameter To Do list= to Part TP5
Added Parameter To Do list= to Part TP6
Added Parameter To Do list= to Part TP7
Added Parameter To Do list= to Part TP8
Added Parameter To Do list= to Part TP9
Added Parameter To Do list= to Part U1
Added Parameter To Do list= to Part U2
Added Parameter To Do list= to Part U3
Added Parameter To Do list= to Part U4
Added Parameter To Do list= to Part U5
