Added Component: Designator=C1A(SMD_0805)
Added Component: Designator=C1B(SMD_0805)
Added Component: Designator=C1C(SMD_0805)
Added Component: Designator=C1D(SMD_0805)
Added Component: Designator=C1E(SMD_0805)
Added Component: Designator=C1F(SMD_0805)
Added Component: Designator=C1G(SMD_0805)
Added Component: Designator=C1H(SMD_0805)
Added Component: Designator=C1I(SMD_0805)
Added Component: Designator=C1J(SMD_0805)
Added Component: Designator=C1K(SMD_0805)
Added Component: Designator=C1L(SMD_0805)
Added Component: Designator=C2A(SMD_0805)
Added Component: Designator=C2B(SMD_0805)
Added Component: Designator=C2C(SMD_0805)
Added Component: Designator=C2D(SMD_0805)
Added Component: Designator=C2E(SMD_0805)
Added Component: Designator=C2F(SMD_0805)
Added Component: Designator=C2G(SMD_0805)
Added Component: Designator=C2H(SMD_0805)
Added Component: Designator=C2I(SMD_0805)
Added Component: Designator=C2J(SMD_0805)
Added Component: Designator=C2K(SMD_0805)
Added Component: Designator=C2L(SMD_0805)
Added Component: Designator=C3A(SMD_0805)
Added Component: Designator=C3B(SMD_0805)
Added Component: Designator=C3C(SMD_0805)
Added Component: Designator=C3D(SMD_0805)
Added Component: Designator=C3E(SMD_0805)
Added Component: Designator=C3F(SMD_0805)
Added Component: Designator=C3G(SMD_0805)
Added Component: Designator=C3H(SMD_0805)
Added Component: Designator=C3I(SMD_0805)
Added Component: Designator=C3J(SMD_0805)
Added Component: Designator=C3K(SMD_0805)
Added Component: Designator=C3L(SMD_0805)
Added Component: Designator=C4(SMD_CAP_3216)
Added Component: Designator=L1A(SMT Inductor 6 x 6mm)
Added Component: Designator=L1B(SMT Inductor 6 x 6mm)
Added Component: Designator=L1C(SMT Inductor 6 x 6mm)
Added Component: Designator=L1D(SMT Inductor 6 x 6mm)
Added Component: Designator=L1E(SMT Inductor 6 x 6mm)
Added Component: Designator=L1F(SMT Inductor 6 x 6mm)
Added Component: Designator=L1G(SMT Inductor 6 x 6mm)
Added Component: Designator=L1H(SMT Inductor 6 x 6mm)
Added Component: Designator=L1I(SMT Inductor 6 x 6mm)
Added Component: Designator=L1J(SMT Inductor 6 x 6mm)
Added Component: Designator=L1K(SMT Inductor 6 x 6mm)
Added Component: Designator=L1L(SMT Inductor 6 x 6mm)
Added Component: Designator=P1(FC1 Flex Cable connector 20 pos)
Added Component: Designator=Q1A(SOT23A)
Added Component: Designator=Q1B(SOT23A)
Added Component: Designator=Q1C(SOT23A)
Added Component: Designator=Q1D(SOT23A)
Added Component: Designator=Q1E(SOT23A)
Added Component: Designator=Q1F(SOT23A)
Added Component: Designator=Q1G(SOT23A)
Added Component: Designator=Q1H(SOT23A)
Added Component: Designator=Q1I(SOT23A)
Added Component: Designator=Q1J(SOT23A)
Added Component: Designator=Q1K(SOT23A)
Added Component: Designator=Q1L(SOT23A)
Added Component: Designator=R1A(SMD_0805)
Added Component: Designator=R1B(SMD_0805)
Added Component: Designator=R1C(SMD_0805)
Added Component: Designator=R1D(SMD_0805)
Added Component: Designator=R1E(SMD_0805)
Added Component: Designator=R1F(SMD_0805)
Added Component: Designator=R1G(SMD_0805)
Added Component: Designator=R1H(SMD_0805)
Added Component: Designator=R1I(SMD_0805)
Added Component: Designator=R1J(SMD_0805)
Added Component: Designator=R1K(SMD_0805)
Added Component: Designator=R1L(SMD_0805)
Added Component: Designator=R2A(SMD_0805)
Added Component: Designator=R2B(SMD_0805)
Added Component: Designator=R2C(SMD_0805)
Added Component: Designator=R2D(SMD_0805)
Added Component: Designator=R2E(SMD_0805)
Added Component: Designator=R2F(SMD_0805)
Added Component: Designator=R2G(SMD_0805)
Added Component: Designator=R2H(SMD_0805)
Added Component: Designator=R2I(SMD_0805)
Added Component: Designator=R2J(SMD_0805)
Added Component: Designator=R2K(SMD_0805)
Added Component: Designator=R2L(SMD_0805)
Added Component: Designator=U1A(S8_M)
Added Component: Designator=U1B(S8_M)
Added Component: Designator=U1C(S8_M)
Added Component: Designator=U1D(S8_M)
Added Component: Designator=U1E(S8_M)
Added Component: Designator=U1F(S8_M)
Added Component: Designator=U1G(S8_M)
Added Component: Designator=U1H(S8_M)
Added Component: Designator=U1I(S8_M)
Added Component: Designator=U1J(S8_M)
Added Component: Designator=U1K(S8_M)
Added Component: Designator=U1L(S8_M)
Added Component: Designator=U2(TO-92)
Added Component: Designator=U3(TO-92)
Added Component: Designator=U4(TO-92)
Added Pin To Net: NetName=GND Pin=C4-2
Added Pin To Net: NetName=GND Pin=Q1A-2
Added Pin To Net: NetName=GND Pin=Q1B-2
Added Pin To Net: NetName=GND Pin=Q1C-2
Added Pin To Net: NetName=GND Pin=Q1D-2
Added Pin To Net: NetName=GND Pin=Q1E-2
Added Pin To Net: NetName=GND Pin=Q1F-2
Added Pin To Net: NetName=GND Pin=Q1G-2
Added Pin To Net: NetName=GND Pin=Q1H-2
Added Pin To Net: NetName=GND Pin=Q1I-2
Added Pin To Net: NetName=GND Pin=Q1J-2
Added Pin To Net: NetName=GND Pin=Q1K-2
Added Pin To Net: NetName=GND Pin=Q1L-2
Added Pin To Net: NetName=GND Pin=R2A-1
Added Pin To Net: NetName=GND Pin=R2B-1
Added Pin To Net: NetName=GND Pin=R2C-1
Added Pin To Net: NetName=GND Pin=R2D-1
Added Pin To Net: NetName=GND Pin=R2E-1
Added Pin To Net: NetName=GND Pin=R2F-1
Added Pin To Net: NetName=GND Pin=R2G-1
Added Pin To Net: NetName=GND Pin=R2H-1
Added Pin To Net: NetName=GND Pin=R2I-1
Added Pin To Net: NetName=GND Pin=R2J-1
Added Pin To Net: NetName=GND Pin=R2K-1
Added Pin To Net: NetName=GND Pin=R2L-1
Added Pin To Net: NetName=GND Pin=U2-2
Added Pin To Net: NetName=GND Pin=U3-2
Added Pin To Net: NetName=GND Pin=U4-2
Added Pin To Net: NetName=+5V Pin=C4-1
Added Pin To Net: NetName=+5V Pin=P1-20
Added Pin To Net: NetName=+5V Pin=U1A-1
Added Pin To Net: NetName=+5V Pin=U1B-1
Added Pin To Net: NetName=+5V Pin=U1C-1
Added Pin To Net: NetName=+5V Pin=U1D-1
Added Pin To Net: NetName=+5V Pin=U1E-1
Added Pin To Net: NetName=+5V Pin=U1F-1
Added Pin To Net: NetName=+5V Pin=U1G-1
Added Pin To Net: NetName=+5V Pin=U1H-1
Added Pin To Net: NetName=+5V Pin=U1I-1
Added Pin To Net: NetName=+5V Pin=U1J-1
Added Pin To Net: NetName=+5V Pin=U1K-1
Added Pin To Net: NetName=+5V Pin=U1L-1
Added Pin To Net: NetName=+5V Pin=U2-1
Added Pin To Net: NetName=+5V Pin=U3-1
Added Pin To Net: NetName=+5V Pin=U4-1
Added Net: Name=+5V
Added Pin To Net: NetName=DETENT0 Pin=P1-13
Added Pin To Net: NetName=DETENT0 Pin=U2-3
Added Net: Name=DETENT0
Added Pin To Net: NetName=DETENT1 Pin=P1-14
Added Pin To Net: NetName=DETENT1 Pin=U3-3
Added Net: Name=DETENT1
Added Pin To Net: NetName=DETENT2 Pin=P1-15
Added Pin To Net: NetName=DETENT2 Pin=U4-3
Added Net: Name=DETENT2
Added Pin To Net: NetName=FILTER_PROXIE0 Pin=P1-1
Added Net: Name=FILTER_PROXIE0
Added Pin To Net: NetName=FILTER_PROXIE1 Pin=P1-2
Added Pin To Net: NetName=FILTER_PROXIE1 Pin=Q1A-3
Added Net: Name=FILTER_PROXIE1
Added Pin To Net: NetName=FILTER_PROXIE2 Pin=P1-3
Added Pin To Net: NetName=FILTER_PROXIE2 Pin=Q1B-3
Added Net: Name=FILTER_PROXIE2
Added Pin To Net: NetName=FILTER_PROXIE3 Pin=P1-4
Added Pin To Net: NetName=FILTER_PROXIE3 Pin=Q1C-3
Added Net: Name=FILTER_PROXIE3
Added Pin To Net: NetName=FILTER_PROXIE4 Pin=P1-5
Added Pin To Net: NetName=FILTER_PROXIE4 Pin=Q1D-3
Added Net: Name=FILTER_PROXIE4
Added Pin To Net: NetName=FILTER_PROXIE5 Pin=P1-6
Added Pin To Net: NetName=FILTER_PROXIE5 Pin=Q1E-3
Added Net: Name=FILTER_PROXIE5
Added Pin To Net: NetName=FILTER_PROXIE6 Pin=P1-7
Added Pin To Net: NetName=FILTER_PROXIE6 Pin=Q1F-3
Added Net: Name=FILTER_PROXIE6
Added Pin To Net: NetName=FILTER_PROXIE7 Pin=P1-8
Added Pin To Net: NetName=FILTER_PROXIE7 Pin=Q1G-3
Added Net: Name=FILTER_PROXIE7
Added Pin To Net: NetName=FILTER_PROXIE8 Pin=P1-9
Added Pin To Net: NetName=FILTER_PROXIE8 Pin=Q1H-3
Added Net: Name=FILTER_PROXIE8
Added Pin To Net: NetName=FILTER_PROXIE9 Pin=P1-10
Added Pin To Net: NetName=FILTER_PROXIE9 Pin=Q1I-3
Added Net: Name=FILTER_PROXIE9
Added Pin To Net: NetName=FILTER_PROXIE10 Pin=P1-11
Added Pin To Net: NetName=FILTER_PROXIE10 Pin=Q1J-3
Added Net: Name=FILTER_PROXIE10
Added Pin To Net: NetName=FILTER_PROXIE11 Pin=P1-12
Added Pin To Net: NetName=FILTER_PROXIE11 Pin=Q1K-3
Added Net: Name=FILTER_PROXIE11
Added Pin To Net: NetName=FILTER_PROXIE12 Pin=Q1L-3
Added Net: Name=FILTER_PROXIE12
Added Pin To Net: NetName=NetC1A_1 Pin=C1A-1
Added Pin To Net: NetName=NetC1A_1 Pin=C3A-2
Added Pin To Net: NetName=NetC1A_1 Pin=L1A-1
Added Pin To Net: NetName=NetC1A_1 Pin=U1A-7
Added Net: Name=NetC1A_1
Added Pin To Net: NetName=NetC1A_2 Pin=C1A-2
Added Pin To Net: NetName=NetC1A_2 Pin=L1A-2
Added Pin To Net: NetName=NetC1A_2 Pin=U1A-3
Added Net: Name=NetC1A_2
Added Pin To Net: NetName=NetC1B_1 Pin=C1B-1
Added Pin To Net: NetName=NetC1B_1 Pin=C3B-2
Added Pin To Net: NetName=NetC1B_1 Pin=L1B-1
Added Pin To Net: NetName=NetC1B_1 Pin=U1B-7
Added Net: Name=NetC1B_1
Added Pin To Net: NetName=NetC1B_2 Pin=C1B-2
Added Pin To Net: NetName=NetC1B_2 Pin=L1B-2
Added Pin To Net: NetName=NetC1B_2 Pin=U1B-3
Added Net: Name=NetC1B_2
Added Pin To Net: NetName=NetC1C_1 Pin=C1C-1
Added Pin To Net: NetName=NetC1C_1 Pin=C3C-2
Added Pin To Net: NetName=NetC1C_1 Pin=L1C-1
Added Pin To Net: NetName=NetC1C_1 Pin=U1C-7
Added Net: Name=NetC1C_1
Added Pin To Net: NetName=NetC1C_2 Pin=C1C-2
Added Pin To Net: NetName=NetC1C_2 Pin=L1C-2
Added Pin To Net: NetName=NetC1C_2 Pin=U1C-3
Added Net: Name=NetC1C_2
Added Pin To Net: NetName=NetC1D_1 Pin=C1D-1
Added Pin To Net: NetName=NetC1D_1 Pin=C3D-2
Added Pin To Net: NetName=NetC1D_1 Pin=L1D-1
Added Pin To Net: NetName=NetC1D_1 Pin=U1D-7
Added Net: Name=NetC1D_1
Added Pin To Net: NetName=NetC1D_2 Pin=C1D-2
Added Pin To Net: NetName=NetC1D_2 Pin=L1D-2
Added Pin To Net: NetName=NetC1D_2 Pin=U1D-3
Added Net: Name=NetC1D_2
Added Pin To Net: NetName=NetC1E_1 Pin=C1E-1
Added Pin To Net: NetName=NetC1E_1 Pin=C3E-2
Added Pin To Net: NetName=NetC1E_1 Pin=L1E-1
Added Pin To Net: NetName=NetC1E_1 Pin=U1E-7
Added Net: Name=NetC1E_1
Added Pin To Net: NetName=NetC1E_2 Pin=C1E-2
Added Pin To Net: NetName=NetC1E_2 Pin=L1E-2
Added Pin To Net: NetName=NetC1E_2 Pin=U1E-3
Added Net: Name=NetC1E_2
Added Pin To Net: NetName=NetC1F_1 Pin=C1F-1
Added Pin To Net: NetName=NetC1F_1 Pin=C3F-2
Added Pin To Net: NetName=NetC1F_1 Pin=L1F-1
Added Pin To Net: NetName=NetC1F_1 Pin=U1F-7
Added Net: Name=NetC1F_1
Added Pin To Net: NetName=NetC1F_2 Pin=C1F-2
Added Pin To Net: NetName=NetC1F_2 Pin=L1F-2
Added Pin To Net: NetName=NetC1F_2 Pin=U1F-3
Added Net: Name=NetC1F_2
Added Pin To Net: NetName=NetC1G_1 Pin=C1G-1
Added Pin To Net: NetName=NetC1G_1 Pin=C3G-2
Added Pin To Net: NetName=NetC1G_1 Pin=L1G-1
Added Pin To Net: NetName=NetC1G_1 Pin=U1G-7
Added Net: Name=NetC1G_1
Added Pin To Net: NetName=NetC1G_2 Pin=C1G-2
Added Pin To Net: NetName=NetC1G_2 Pin=L1G-2
Added Pin To Net: NetName=NetC1G_2 Pin=U1G-3
Added Net: Name=NetC1G_2
Added Pin To Net: NetName=NetC1H_1 Pin=C1H-1
Added Pin To Net: NetName=NetC1H_1 Pin=C3H-2
Added Pin To Net: NetName=NetC1H_1 Pin=L1H-1
Added Pin To Net: NetName=NetC1H_1 Pin=U1H-7
Added Net: Name=NetC1H_1
Added Pin To Net: NetName=NetC1H_2 Pin=C1H-2
Added Pin To Net: NetName=NetC1H_2 Pin=L1H-2
Added Pin To Net: NetName=NetC1H_2 Pin=U1H-3
Added Net: Name=NetC1H_2
Added Pin To Net: NetName=NetC1I_1 Pin=C1I-1
Added Pin To Net: NetName=NetC1I_1 Pin=C3I-2
Added Pin To Net: NetName=NetC1I_1 Pin=L1I-1
Added Pin To Net: NetName=NetC1I_1 Pin=U1I-7
Added Net: Name=NetC1I_1
Added Pin To Net: NetName=NetC1I_2 Pin=C1I-2
Added Pin To Net: NetName=NetC1I_2 Pin=L1I-2
Added Pin To Net: NetName=NetC1I_2 Pin=U1I-3
Added Net: Name=NetC1I_2
Added Pin To Net: NetName=NetC1J_1 Pin=C1J-1
Added Pin To Net: NetName=NetC1J_1 Pin=C3J-2
Added Pin To Net: NetName=NetC1J_1 Pin=L1J-1
Added Pin To Net: NetName=NetC1J_1 Pin=U1J-7
Added Net: Name=NetC1J_1
Added Pin To Net: NetName=NetC1J_2 Pin=C1J-2
Added Pin To Net: NetName=NetC1J_2 Pin=L1J-2
Added Pin To Net: NetName=NetC1J_2 Pin=U1J-3
Added Net: Name=NetC1J_2
Added Pin To Net: NetName=NetC1K_1 Pin=C1K-1
Added Pin To Net: NetName=NetC1K_1 Pin=C3K-2
Added Pin To Net: NetName=NetC1K_1 Pin=L1K-1
Added Pin To Net: NetName=NetC1K_1 Pin=U1K-7
Added Net: Name=NetC1K_1
Added Pin To Net: NetName=NetC1K_2 Pin=C1K-2
Added Pin To Net: NetName=NetC1K_2 Pin=L1K-2
Added Pin To Net: NetName=NetC1K_2 Pin=U1K-3
Added Net: Name=NetC1K_2
Added Pin To Net: NetName=NetC1L_1 Pin=C1L-1
Added Pin To Net: NetName=NetC1L_1 Pin=C3L-2
Added Pin To Net: NetName=NetC1L_1 Pin=L1L-1
Added Pin To Net: NetName=NetC1L_1 Pin=U1L-7
Added Net: Name=NetC1L_1
Added Pin To Net: NetName=NetC1L_2 Pin=C1L-2
Added Pin To Net: NetName=NetC1L_2 Pin=L1L-2
Added Pin To Net: NetName=NetC1L_2 Pin=U1L-3
Added Net: Name=NetC1L_2
Added Pin To Net: NetName=NetC2A_1 Pin=C2A-1
Added Pin To Net: NetName=NetC2A_1 Pin=Q1A-1
Added Pin To Net: NetName=NetC2A_1 Pin=R2A-2
Added Pin To Net: NetName=NetC2A_1 Pin=U1A-6
Added Net: Name=NetC2A_1
Added Pin To Net: NetName=NetC2A_2 Pin=C2A-2
Added Pin To Net: NetName=NetC2A_2 Pin=U1A-8
Added Net: Name=NetC2A_2
Added Pin To Net: NetName=NetC2B_1 Pin=C2B-1
Added Pin To Net: NetName=NetC2B_1 Pin=Q1B-1
Added Pin To Net: NetName=NetC2B_1 Pin=R2B-2
Added Pin To Net: NetName=NetC2B_1 Pin=U1B-6
Added Net: Name=NetC2B_1
Added Pin To Net: NetName=NetC2B_2 Pin=C2B-2
Added Pin To Net: NetName=NetC2B_2 Pin=U1B-8
Added Net: Name=NetC2B_2
Added Pin To Net: NetName=NetC2C_1 Pin=C2C-1
Added Pin To Net: NetName=NetC2C_1 Pin=Q1C-1
Added Pin To Net: NetName=NetC2C_1 Pin=R2C-2
Added Pin To Net: NetName=NetC2C_1 Pin=U1C-6
Added Net: Name=NetC2C_1
Added Pin To Net: NetName=NetC2C_2 Pin=C2C-2
Added Pin To Net: NetName=NetC2C_2 Pin=U1C-8
Added Net: Name=NetC2C_2
Added Pin To Net: NetName=NetC2D_1 Pin=C2D-1
Added Pin To Net: NetName=NetC2D_1 Pin=Q1D-1
Added Pin To Net: NetName=NetC2D_1 Pin=R2D-2
Added Pin To Net: NetName=NetC2D_1 Pin=U1D-6
Added Net: Name=NetC2D_1
Added Pin To Net: NetName=NetC2D_2 Pin=C2D-2
Added Pin To Net: NetName=NetC2D_2 Pin=U1D-8
Added Net: Name=NetC2D_2
Added Pin To Net: NetName=NetC2E_1 Pin=C2E-1
Added Pin To Net: NetName=NetC2E_1 Pin=Q1E-1
Added Pin To Net: NetName=NetC2E_1 Pin=R2E-2
Added Pin To Net: NetName=NetC2E_1 Pin=U1E-6
Added Net: Name=NetC2E_1
Added Pin To Net: NetName=NetC2E_2 Pin=C2E-2
Added Pin To Net: NetName=NetC2E_2 Pin=U1E-8
Added Net: Name=NetC2E_2
Added Pin To Net: NetName=NetC2F_1 Pin=C2F-1
Added Pin To Net: NetName=NetC2F_1 Pin=Q1F-1
Added Pin To Net: NetName=NetC2F_1 Pin=R2F-2
Added Pin To Net: NetName=NetC2F_1 Pin=U1F-6
Added Net: Name=NetC2F_1
Added Pin To Net: NetName=NetC2F_2 Pin=C2F-2
Added Pin To Net: NetName=NetC2F_2 Pin=U1F-8
Added Net: Name=NetC2F_2
Added Pin To Net: NetName=NetC2G_1 Pin=C2G-1
Added Pin To Net: NetName=NetC2G_1 Pin=Q1G-1
Added Pin To Net: NetName=NetC2G_1 Pin=R2G-2
Added Pin To Net: NetName=NetC2G_1 Pin=U1G-6
Added Net: Name=NetC2G_1
Added Pin To Net: NetName=NetC2G_2 Pin=C2G-2
Added Pin To Net: NetName=NetC2G_2 Pin=U1G-8
Added Net: Name=NetC2G_2
Added Pin To Net: NetName=NetC2H_1 Pin=C2H-1
Added Pin To Net: NetName=NetC2H_1 Pin=Q1H-1
Added Pin To Net: NetName=NetC2H_1 Pin=R2H-2
Added Pin To Net: NetName=NetC2H_1 Pin=U1H-6
Added Net: Name=NetC2H_1
Added Pin To Net: NetName=NetC2H_2 Pin=C2H-2
Added Pin To Net: NetName=NetC2H_2 Pin=U1H-8
Added Net: Name=NetC2H_2
Added Pin To Net: NetName=NetC2I_1 Pin=C2I-1
Added Pin To Net: NetName=NetC2I_1 Pin=Q1I-1
Added Pin To Net: NetName=NetC2I_1 Pin=R2I-2
Added Pin To Net: NetName=NetC2I_1 Pin=U1I-6
Added Net: Name=NetC2I_1
Added Pin To Net: NetName=NetC2I_2 Pin=C2I-2
Added Pin To Net: NetName=NetC2I_2 Pin=U1I-8
Added Net: Name=NetC2I_2
Added Pin To Net: NetName=NetC2J_1 Pin=C2J-1
Added Pin To Net: NetName=NetC2J_1 Pin=Q1J-1
Added Pin To Net: NetName=NetC2J_1 Pin=R2J-2
Added Pin To Net: NetName=NetC2J_1 Pin=U1J-6
Added Net: Name=NetC2J_1
Added Pin To Net: NetName=NetC2J_2 Pin=C2J-2
Added Pin To Net: NetName=NetC2J_2 Pin=U1J-8
Added Net: Name=NetC2J_2
Added Pin To Net: NetName=NetC2K_1 Pin=C2K-1
Added Pin To Net: NetName=NetC2K_1 Pin=Q1K-1
Added Pin To Net: NetName=NetC2K_1 Pin=R2K-2
Added Pin To Net: NetName=NetC2K_1 Pin=U1K-6
Added Net: Name=NetC2K_1
Added Pin To Net: NetName=NetC2K_2 Pin=C2K-2
Added Pin To Net: NetName=NetC2K_2 Pin=U1K-8
Added Net: Name=NetC2K_2
Added Pin To Net: NetName=NetC2L_1 Pin=C2L-1
Added Pin To Net: NetName=NetC2L_1 Pin=Q1L-1
Added Pin To Net: NetName=NetC2L_1 Pin=R2L-2
Added Pin To Net: NetName=NetC2L_1 Pin=U1L-6
Added Net: Name=NetC2L_1
Added Pin To Net: NetName=NetC2L_2 Pin=C2L-2
Added Pin To Net: NetName=NetC2L_2 Pin=U1L-8
Added Net: Name=NetC2L_2
Added Pin To Net: NetName=NetC3A_1 Pin=C3A-1
Added Pin To Net: NetName=NetC3A_1 Pin=U1A-5
Added Net: Name=NetC3A_1
Added Pin To Net: NetName=NetC3B_1 Pin=C3B-1
Added Pin To Net: NetName=NetC3B_1 Pin=U1B-5
Added Net: Name=NetC3B_1
Added Pin To Net: NetName=NetC3C_1 Pin=C3C-1
Added Pin To Net: NetName=NetC3C_1 Pin=U1C-5
Added Net: Name=NetC3C_1
Added Pin To Net: NetName=NetC3D_1 Pin=C3D-1
Added Pin To Net: NetName=NetC3D_1 Pin=U1D-5
Added Net: Name=NetC3D_1
Added Pin To Net: NetName=NetC3E_1 Pin=C3E-1
Added Pin To Net: NetName=NetC3E_1 Pin=U1E-5
Added Net: Name=NetC3E_1
Added Pin To Net: NetName=NetC3F_1 Pin=C3F-1
Added Pin To Net: NetName=NetC3F_1 Pin=U1F-5
Added Net: Name=NetC3F_1
Added Pin To Net: NetName=NetC3G_1 Pin=C3G-1
Added Pin To Net: NetName=NetC3G_1 Pin=U1G-5
Added Net: Name=NetC3G_1
Added Pin To Net: NetName=NetC3H_1 Pin=C3H-1
Added Pin To Net: NetName=NetC3H_1 Pin=U1H-5
Added Net: Name=NetC3H_1
Added Pin To Net: NetName=NetC3I_1 Pin=C3I-1
Added Pin To Net: NetName=NetC3I_1 Pin=U1I-5
Added Net: Name=NetC3I_1
Added Pin To Net: NetName=NetC3J_1 Pin=C3J-1
Added Pin To Net: NetName=NetC3J_1 Pin=U1J-5
Added Net: Name=NetC3J_1
Added Pin To Net: NetName=NetC3K_1 Pin=C3K-1
Added Pin To Net: NetName=NetC3K_1 Pin=U1K-5
Added Net: Name=NetC3K_1
Added Pin To Net: NetName=NetC3L_1 Pin=C3L-1
Added Pin To Net: NetName=NetC3L_1 Pin=U1L-5
Added Net: Name=NetC3L_1
Added Pin To Net: NetName=NetR1A_1 Pin=R1A-1
Added Pin To Net: NetName=NetR1A_1 Pin=U1A-2
Added Net: Name=NetR1A_1
Added Pin To Net: NetName=NetR1A_2 Pin=R1A-2
Added Pin To Net: NetName=NetR1A_2 Pin=U1A-4
Added Net: Name=NetR1A_2
Added Pin To Net: NetName=NetR1B_1 Pin=R1B-1
Added Pin To Net: NetName=NetR1B_1 Pin=U1B-2
Added Net: Name=NetR1B_1
Added Pin To Net: NetName=NetR1B_2 Pin=R1B-2
Added Pin To Net: NetName=NetR1B_2 Pin=U1B-4
Added Net: Name=NetR1B_2
Added Pin To Net: NetName=NetR1C_1 Pin=R1C-1
Added Pin To Net: NetName=NetR1C_1 Pin=U1C-2
Added Net: Name=NetR1C_1
Added Pin To Net: NetName=NetR1C_2 Pin=R1C-2
Added Pin To Net: NetName=NetR1C_2 Pin=U1C-4
Added Net: Name=NetR1C_2
Added Pin To Net: NetName=NetR1D_1 Pin=R1D-1
Added Pin To Net: NetName=NetR1D_1 Pin=U1D-2
Added Net: Name=NetR1D_1
Added Pin To Net: NetName=NetR1D_2 Pin=R1D-2
Added Pin To Net: NetName=NetR1D_2 Pin=U1D-4
Added Net: Name=NetR1D_2
Added Pin To Net: NetName=NetR1E_1 Pin=R1E-1
Added Pin To Net: NetName=NetR1E_1 Pin=U1E-2
Added Net: Name=NetR1E_1
Added Pin To Net: NetName=NetR1E_2 Pin=R1E-2
Added Pin To Net: NetName=NetR1E_2 Pin=U1E-4
Added Net: Name=NetR1E_2
Added Pin To Net: NetName=NetR1F_1 Pin=R1F-1
Added Pin To Net: NetName=NetR1F_1 Pin=U1F-2
Added Net: Name=NetR1F_1
Added Pin To Net: NetName=NetR1F_2 Pin=R1F-2
Added Pin To Net: NetName=NetR1F_2 Pin=U1F-4
Added Net: Name=NetR1F_2
Added Pin To Net: NetName=NetR1G_1 Pin=R1G-1
Added Pin To Net: NetName=NetR1G_1 Pin=U1G-2
Added Net: Name=NetR1G_1
Added Pin To Net: NetName=NetR1G_2 Pin=R1G-2
Added Pin To Net: NetName=NetR1G_2 Pin=U1G-4
Added Net: Name=NetR1G_2
Added Pin To Net: NetName=NetR1H_1 Pin=R1H-1
Added Pin To Net: NetName=NetR1H_1 Pin=U1H-2
Added Net: Name=NetR1H_1
Added Pin To Net: NetName=NetR1H_2 Pin=R1H-2
Added Pin To Net: NetName=NetR1H_2 Pin=U1H-4
Added Net: Name=NetR1H_2
Added Pin To Net: NetName=NetR1I_1 Pin=R1I-1
Added Pin To Net: NetName=NetR1I_1 Pin=U1I-2
Added Net: Name=NetR1I_1
Added Pin To Net: NetName=NetR1I_2 Pin=R1I-2
Added Pin To Net: NetName=NetR1I_2 Pin=U1I-4
Added Net: Name=NetR1I_2
Added Pin To Net: NetName=NetR1J_1 Pin=R1J-1
Added Pin To Net: NetName=NetR1J_1 Pin=U1J-2
Added Net: Name=NetR1J_1
Added Pin To Net: NetName=NetR1J_2 Pin=R1J-2
Added Pin To Net: NetName=NetR1J_2 Pin=U1J-4
Added Net: Name=NetR1J_2
Added Pin To Net: NetName=NetR1K_1 Pin=R1K-1
Added Pin To Net: NetName=NetR1K_1 Pin=U1K-2
Added Net: Name=NetR1K_1
Added Pin To Net: NetName=NetR1K_2 Pin=R1K-2
Added Pin To Net: NetName=NetR1K_2 Pin=U1K-4
Added Net: Name=NetR1K_2
Added Pin To Net: NetName=NetR1L_1 Pin=R1L-1
Added Pin To Net: NetName=NetR1L_1 Pin=U1L-2
Added Net: Name=NetR1L_1
Added Pin To Net: NetName=NetR1L_2 Pin=R1L-2
Added Pin To Net: NetName=NetR1L_2 Pin=U1L-4
Added Net: Name=NetR1L_2
Added Class: Name=780-00024_rev1_Pg1, Proxie Board, Sinistro Filter Wheel
Added Class: Name=FilterProxie1
Added Class: Name=FilterProxie2
Added Class: Name=FilterProxie3
Added Class: Name=FilterProxie4
Added Class: Name=FilterProxie5
Added Class: Name=FilterProxie6
Added Class: Name=FilterProxie7
Added Class: Name=FilterProxie8
Added Class: Name=FilterProxie9
Added Class: Name=FilterProxie10
Added Class: Name=FilterProxie11
Added Class: Name=FilterProxie12
Added Class: Name=FILTER_PROXIE[0..11]
Added Class: Name=780-00024_rev1_Pg2, Proxie Board, Sinistro Filter Wheel
Added Room: Name=780-00024_rev1_Pg1, Proxie Board, Sinistro Filter Wheel
Added Room: Name=FilterProxie1
Added Room: Name=FilterProxie2
Added Room: Name=FilterProxie3
Added Room: Name=FilterProxie4
Added Room: Name=FilterProxie5
Added Room: Name=FilterProxie6
Added Room: Name=FilterProxie7
Added Room: Name=FilterProxie8
Added Room: Name=FilterProxie9
Added Room: Name=FilterProxie10
Added Room: Name=FilterProxie11
Added Room: Name=FilterProxie12
