Added Component: Designator=*(PAD, 10mil hole)
Added Component: Designator=*(PAD, 10mil hole)
Added Component: Designator=*(PAD, 10mil hole)
Added Component: Designator=*(PAD, 10mil hole)
Added Component: Designator=*(PAD, 10mil hole)
Added Component: Designator=*(PAD, 10mil hole)
Added Component: Designator=*(PAD, 10mil hole)
Added Component: Designator=*(PAD, 10mil hole)
Added Component: Designator=*(PAD, 10mil hole)
Added Component: Designator=*(PAD, 10mil hole)
Added Component: Designator=*(PAD, 10mil hole)
Added Component: Designator=*(PAD, 10mil hole)
Added Component: Designator=*(PAD, 10mil hole)
Added Component: Designator=*(PAD, 10mil hole)
Added Component: Designator=*(PAD, 10mil hole)
Added Component: Designator=*(PAD, 10mil hole)
Added Component: Designator=*(PAD, 10mil hole)
Added Component: Designator=*(PAD, 10mil hole)
Added Component: Designator=*(PAD, 10mil hole)
Added Component: Designator=*(PAD, 10mil hole)
Added Component: Designator=*(PAD, 10mil hole)
Added Component: Designator=*(PAD, 10mil hole)
Added Component: Designator=*(PAD, 10mil hole)
Added Component: Designator=*(PAD, 10mil hole)
Added Component: Designator=*(PAD, 10mil hole)
Added Component: Designator=*(PAD, 10mil hole)
Added Component: Designator=*(PAD, 10mil hole)
Added Component: Designator=*(PAD, 10mil hole)
Added Component: Designator=*(PAD, 10mil hole)
Added Component: Designator=*(PAD, 10mil hole)
Added Component: Designator=*(PAD, 10mil hole)
Added Component: Designator=*(PAD, 10mil hole)
Added Component: Designator=*(PAD, 10mil hole)
Added Component: Designator=*(PAD, 10mil hole)
Added Component: Designator=*(PAD, 10mil hole)
Added Component: Designator=*(PAD, 10mil hole)
Added Component: Designator=*(PAD, 10mil hole)
Added Component: Designator=*(PAD, 10mil hole)
Added Component: Designator=*(PAD, 10mil hole)
Added Component: Designator=*(PAD, 10mil hole)
Added Component: Designator=*(PAD, 10mil hole)
Added Component: Designator=*(PAD, 10mil hole)
Added Component: Designator=*(PAD, 10mil hole)
Added Component: Designator=*(PAD, 10mil hole)
Added Component: Designator=*(PAD, 10mil hole)
Added Component: Designator=*(PAD, 10mil hole)
Added Component: Designator=*(PAD, 10mil hole)
Added Component: Designator=*(PAD, 10mil hole)
Added Component: Designator=*(PAD, 10mil hole)
Added Component: Designator=*(PAD, 10mil hole)
Added Component: Designator=*(PAD, 10mil hole)
Added Component: Designator=*(PAD, 10mil hole)
Added Component: Designator=*(PAD, 10mil hole)
Added Component: Designator=*(PAD, 10mil hole)
Added Component: Designator=*(PAD, 10mil hole)
Added Component: Designator=*(PAD, 10mil hole)
Added Component: Designator=*(PAD, 10mil hole)
Added Component: Designator=*(PAD, 10mil hole)
Added Component: Designator=*(PAD, 10mil hole)
Added Component: Designator=*(PAD, 10mil hole)
Added Component: Designator=*(PAD, 10mil hole)
Added Component: Designator=*(PAD, 10mil hole)
Added Component: Designator=*(PAD, 10mil hole)
Added Component: Designator=*(PAD, 10mil hole)
Added Component: Designator=*(PAD, 10mil hole)
Added Component: Designator=*(PAD, 10mil hole)
Added Component: Designator=*(PAD, 10mil hole)
Added Component: Designator=*(PAD, 10mil hole)
Added Component: Designator=*(PAD, 10mil hole)
Added Component: Designator=*(PAD, 10mil hole)
Added Component: Designator=*(PAD, 10mil hole)
Added Component: Designator=*(PAD, 10mil hole)
Added Component: Designator=*(PAD, 10mil hole)
Added Component: Designator=*(PAD, 10mil hole)
Added Component: Designator=*(PAD, 10mil hole)
Added Component: Designator=*(PAD, 10mil hole)
Added Component: Designator=*(PAD, 10mil hole)
Added Component: Designator=*(PAD, 10mil hole)
Added Component: Designator=*(PAD, 10mil hole)
Added Component: Designator=*(PAD, 10mil hole)
Added Component: Designator=*(PAD, 10mil hole)
Added Component: Designator=*(PAD, 10mil hole)
Added Component: Designator=*(PAD, 10mil hole)
Added Component: Designator=*(PAD, 10mil hole)
Added Component: Designator=*(PAD, 10mil hole)
Added Component: Designator=*(PAD, 10mil hole)
Added Component: Designator=*(PAD, 10mil hole)
Added Component: Designator=*(PAD, 10mil hole)
Added Component: Designator=*(PAD, 10mil hole)
Added Component: Designator=*(PAD, 10mil hole)
Added Component: Designator=*(PAD, 10mil hole)
Added Component: Designator=*(PAD, 10mil hole)
Added Component: Designator=*(PAD, 10mil hole)
Added Component: Designator=*(PAD, 10mil hole)
Added Component: Designator=*(PAD, 10mil hole)
Added Component: Designator=*(PAD, 10mil hole)
Added Component: Designator=*(PAD, 10mil hole)
Added Component: Designator=*(PAD, 10mil hole)
Added Component: Designator=*(PAD, 10mil hole)
Added Component: Designator=*(PAD, 10mil hole)
Added Component: Designator=*(PAD, 10mil hole)
Added Component: Designator=*(PAD, 10mil hole)
Added Component: Designator=*(PAD, 10mil hole)
Added Component: Designator=*(PAD, 10mil hole)
Added Component: Designator=*(PAD, 10mil hole)
Added Component: Designator=*(PAD, 10mil hole)
Added Component: Designator=*(PAD, 10mil hole)
Added Component: Designator=*(PAD, 10mil hole)
Added Component: Designator=*(PAD, 10mil hole)
Added Component: Designator=*(PAD, 10mil hole)
Added Component: Designator=*(PAD, 10mil hole)
Added Component: Designator=*(PAD, 10mil hole)
Added Component: Designator=*(PAD, 10mil hole)
Added Component: Designator=*(PAD, 10mil hole)
Added Component: Designator=*(PAD, 10mil hole)
Added Component: Designator=*(PAD, 10mil hole)
Added Pin To Net: NetName=Net*_1 Pin=*-1
Added Pin To Net: NetName=Net*_1 Pin=U1-120
Added Net: Name=Net*_1
Added Member To Class: ClassName=780-00031, rev1, BlackFin Shorting Block Member=Component * PAD 10mil hole
Added Member To Class: ClassName=780-00031, rev1, BlackFin Shorting Block Member=Component U1 BlackFin Jumper
