Removed Pin From Net: NetName=DETENT1 Pin=P1-13
Removed Pin From Net: NetName=DETENT2 Pin=P1-14
Removed Pin From Net: NetName=DETENT3 Pin=P1-15
Added Component: Designator=C1(SMD_0805)
Added Component: Designator=C2(SMD_0805)
Added Component: Designator=C3(SMD_0805)
Added Component: Designator=R1(SMD_0805)
Added Component: Designator=R2(SMD_0805)
Added Component: Designator=R3(SMD_0805)
Added Component: Designator=U1(SMD_SOT23_3)
Added Component: Designator=U5(SMD_SOT23_3)
Added Component: Designator=U6(SMD_SOT23_3)
Added Component: Designator=U7(SMD_SOT23_3)
Added Component: Designator=U8(SMD_SOT23_3)
Added Component: Designator=U9(SMD_SOT23_3)
Added Component: Designator=U10(SMD_SOT23_3)
Added Component: Designator=U11(SMD_SOT23_3)
Added Component: Designator=U12(SMD_SOT23_3)
Added Component: Designator=U13(SMD_SOT23_3)
Added Component: Designator=U14(SMD_SOT23_3)
Added Component: Designator=U15(SMD_SOT23_3)
Added Pin To Net: NetName=GND Pin=C1-1
Added Pin To Net: NetName=+5V Pin=C1-2
Added Pin To Net: NetName=GND Pin=C2-1
Added Pin To Net: NetName=+5V Pin=C2-2
Added Pin To Net: NetName=GND Pin=C3-1
Added Pin To Net: NetName=+5V Pin=C3-2
Added Pin To Net: NetName=DETENT1 Pin=R1-1
Added Pin To Net: NetName=DETENT2 Pin=R2-1
Added Pin To Net: NetName=DETENT3 Pin=R3-1
Added Pin To Net: NetName=+5V Pin=U1-1
Added Pin To Net: NetName=FILTER_PROXIE1 Pin=U1-2
Added Pin To Net: NetName=GND Pin=U1-3
Added Pin To Net: NetName=+5V Pin=U5-1
Added Pin To Net: NetName=FILTER_PROXIE2 Pin=U5-2
Added Pin To Net: NetName=GND Pin=U5-3
Added Pin To Net: NetName=+5V Pin=U6-1
Added Pin To Net: NetName=FILTER_PROXIE3 Pin=U6-2
Added Pin To Net: NetName=GND Pin=U6-3
Added Pin To Net: NetName=+5V Pin=U7-1
Added Pin To Net: NetName=FILTER_PROXIE4 Pin=U7-2
Added Pin To Net: NetName=GND Pin=U7-3
Added Pin To Net: NetName=+5V Pin=U8-1
Added Pin To Net: NetName=FILTER_PROXIE5 Pin=U8-2
Added Pin To Net: NetName=GND Pin=U8-3
Added Pin To Net: NetName=+5V Pin=U9-1
Added Pin To Net: NetName=FILTER_PROXIE6 Pin=U9-2
Added Pin To Net: NetName=GND Pin=U9-3
Added Pin To Net: NetName=+5V Pin=U10-1
Added Pin To Net: NetName=FILTER_PROXIE7 Pin=U10-2
Added Pin To Net: NetName=GND Pin=U10-3
Added Pin To Net: NetName=+5V Pin=U11-1
Added Pin To Net: NetName=FILTER_PROXIE8 Pin=U11-2
Added Pin To Net: NetName=GND Pin=U11-3
Added Pin To Net: NetName=+5V Pin=U12-1
Added Pin To Net: NetName=FILTER_PROXIE9 Pin=U12-2
Added Pin To Net: NetName=GND Pin=U12-3
Added Pin To Net: NetName=+5V Pin=U13-1
Added Pin To Net: NetName=FILTER_PROXIE10 Pin=U13-2
Added Pin To Net: NetName=GND Pin=U13-3
Added Pin To Net: NetName=+5V Pin=U14-1
Added Pin To Net: NetName=FILTER_PROXIE11 Pin=U14-2
Added Pin To Net: NetName=GND Pin=U14-3
Added Pin To Net: NetName=+5V Pin=U15-1
Added Pin To Net: NetName=FILTER_PROXIE12 Pin=U15-2
Added Pin To Net: NetName=GND Pin=U15-3
Added Pin To Net: NetName=NetP1_13 Pin=P1-13
Added Pin To Net: NetName=NetP1_13 Pin=R1-2
Added Net: Name=NetP1_13
Added Pin To Net: NetName=NetP1_14 Pin=P1-14
Added Pin To Net: NetName=NetP1_14 Pin=R2-2
Added Net: Name=NetP1_14
Added Pin To Net: NetName=NetP1_15 Pin=P1-15
Added Pin To Net: NetName=NetP1_15 Pin=R3-2
Added Net: Name=NetP1_15
Added Class: Name=780-00024_rev2_Pg1, Proxie Board, Sinistro Filter Wheel
Added Room: Name=780-00024_rev2_Pg1, Proxie Board, Sinistro Filter Wheel
