Removed Pin From Net: NetName=OPTO_INPUT_0 Pin=J1-3
Removed Pin From Net: NetName=STEP1 Pin=J1-4
Removed Pin From Net: NetName=OPTO_INPUT_1 Pin=J1-5
Removed Pin From Net: NetName=STEP2 Pin=J1-6
Removed Pin From Net: NetName=OPTO_INPUT_2 Pin=J1-7
Removed Pin From Net: NetName=DIRECTION1 Pin=J1-8
Removed Pin From Net: NetName=OPTO_INPUT_3 Pin=J1-9
Removed Pin From Net: NetName=DIRECTION2 Pin=J1-10
Removed Pin From Net: NetName=OPTO_INPUT_4 Pin=J1-13
Removed Pin From Net: NetName=DAC_OUT0 Pin=J1-14
Removed Pin From Net: NetName=OPTO_INPUT_5 Pin=J1-15
Removed Pin From Net: NetName=DAC_OUT1 Pin=J1-16
Removed Pin From Net: NetName=OPTO_INPUT_6 Pin=J1-17
Removed Pin From Net: NetName=DAC_OUT2 Pin=J1-18
Removed Pin From Net: NetName=OPTO_INPUT_7 Pin=J1-19
Removed Pin From Net: NetName=DAC_OUT3 Pin=J1-20
Removed Pin From Net: NetName=OPTO_INPUT_8 Pin=J1-23
Removed Pin From Net: NetName=ANALOG_IN0 Pin=J1-24
Removed Pin From Net: NetName=OPTO_INPUT_9 Pin=J1-25
Removed Pin From Net: NetName=ANALOG_IN1 Pin=J1-26
Removed Pin From Net: NetName=OPTO_INPUT_10 Pin=J1-27
Removed Pin From Net: NetName=ANALOG_IN2 Pin=J1-28
Removed Pin From Net: NetName=OPTO_INPUT_11 Pin=J1-29
Removed Pin From Net: NetName=ANALOG_IN3 Pin=J1-30
Removed Pin From Net: NetName=ANALOG_IN4 Pin=J1-34
Removed Pin From Net: NetName=ANALOG_IN5 Pin=J1-36
Removed Pin From Net: NetName=ANALOG_IN6 Pin=J1-38
Removed Pin From Net: NetName=ANALOG_IN7 Pin=J1-40
Removed Pin From Net: NetName=I2C_SDA Pin=J1-44
Removed Pin From Net: NetName=I2C_SCL Pin=J1-46
Removed Pin From Net: NetName=SLOT_ID0 Pin=J1-48
Removed Pin From Net: NetName=SLOT_ID1 Pin=J1-50
Removed Pin From Net: NetName=2.500VREF Pin=J1-58
Removed Pin From Net: NetName=GND Pin=J1-62
Removed Pin From Net: NetName=GP_OUT_D0 Pin=P5-1
Removed Pin From Net: NetName=GP_OUT_D1 Pin=P5-2
Removed Pin From Net: NetName=GP_OUT_D2 Pin=P5-3
Removed Pin From Net: NetName=GP_OUT_D3 Pin=P5-4
Removed Pin From Net: NetName=GP_OUT_D4 Pin=P5-5
Removed Pin From Net: NetName=GP_OUT_D5 Pin=P5-6
Removed Pin From Net: NetName=GP_OUT_D6 Pin=P5-7
Removed Pin From Net: NetName=GP_OUT_D7 Pin=P5-8
Removed Pin From Net: NetName=ANALOG_IN0 Pin=TP1-1
Removed Pin From Net: NetName=ANALOG_IN1 Pin=TP2-1
Removed Pin From Net: NetName=ANALOG_IN2 Pin=TP3-1
Removed Pin From Net: NetName=ANALOG_IN3 Pin=TP4-1
Removed Pin From Net: NetName=ANALOG_IN4 Pin=TP5-1
Removed Pin From Net: NetName=ANALOG_IN5 Pin=TP6-1
Removed Pin From Net: NetName=ANALOG_IN6 Pin=TP7-1
Removed Pin From Net: NetName=ANALOG_IN7 Pin=TP8-1
Removed Pin From Net: NetName=NetP4_1 Pin=TP9-1
Removed Pin From Net: NetName=NetP4_2 Pin=TP11-1
Removed Pin From Net: NetName=NetP4_3 Pin=TP13-1
Removed Pin From Net: NetName=NetP4_4 Pin=TP15-1
Removed Member From Class: ClassName=780-00019 Rev1 Pg1 Member=TP1
Removed Member From Class: ClassName=780-00019 Rev1 Pg1 Member=TP1
Removed Member From Class: ClassName=780-00019 Rev1 Pg1 Member=TP2
Removed Member From Class: ClassName=780-00019 Rev1 Pg1 Member=TP2
Removed Member From Class: ClassName=780-00019 Rev1 Pg1 Member=TP3
Removed Member From Class: ClassName=780-00019 Rev1 Pg1 Member=TP3
Removed Member From Class: ClassName=780-00019 Rev1 Pg1 Member=TP4
Removed Member From Class: ClassName=780-00019 Rev1 Pg1 Member=TP4
Removed Member From Class: ClassName=780-00019 Rev1 Pg1 Member=TP5
Removed Member From Class: ClassName=780-00019 Rev1 Pg1 Member=TP5
Removed Member From Class: ClassName=780-00019 Rev1 Pg1 Member=TP6
Removed Member From Class: ClassName=780-00019 Rev1 Pg1 Member=TP6
Removed Member From Class: ClassName=780-00019 Rev1 Pg1 Member=TP7
Removed Member From Class: ClassName=780-00019 Rev1 Pg1 Member=TP7
Removed Member From Class: ClassName=780-00019 Rev1 Pg1 Member=TP8
Removed Member From Class: ClassName=780-00019 Rev1 Pg1 Member=TP8
Removed Member From Class: ClassName=780-00019 Rev1 Pg1 Member=TP9
Removed Member From Class: ClassName=780-00019 Rev1 Pg1 Member=TP9
Removed Member From Class: ClassName=780-00019 Rev1 Pg1 Member=TP11
Removed Member From Class: ClassName=780-00019 Rev1 Pg1 Member=TP11
Removed Member From Class: ClassName=780-00019 Rev1 Pg1 Member=TP13
Removed Member From Class: ClassName=780-00019 Rev1 Pg1 Member=TP13
Removed Member From Class: ClassName=780-00019 Rev1 Pg1 Member=TP15
Removed Member From Class: ClassName=780-00019 Rev1 Pg1 Member=TP15
Added Pin To Net: NetName=ANALOG_IN0 Pin=J1-4
Added Pin To Net: NetName=2.500VREF Pin=J1-5
Added Pin To Net: NetName=ANALOG_IN1 Pin=J1-6
Added Pin To Net: NetName=ANALOG_IN2 Pin=J1-8
Added Pin To Net: NetName=ANALOG_IN3 Pin=J1-10
Added Pin To Net: NetName=DAC_OUT0 Pin=J1-13
Added Pin To Net: NetName=ANALOG_IN4 Pin=J1-14
Added Pin To Net: NetName=DAC_OUT1 Pin=J1-15
Added Pin To Net: NetName=ANALOG_IN5 Pin=J1-16
Added Pin To Net: NetName=DAC_OUT2 Pin=J1-17
Added Pin To Net: NetName=ANALOG_IN6 Pin=J1-18
Added Pin To Net: NetName=DAC_OUT3 Pin=J1-19
Added Pin To Net: NetName=ANALOG_IN7 Pin=J1-20
Added Pin To Net: NetName=SLOT_ID0 Pin=J1-44
Added Pin To Net: NetName=SLOT_ID1 Pin=J1-46
Added Pin To Net: NetName=I2C_SDA Pin=J1-48
Added Pin To Net: NetName=I2C_SCL Pin=J1-50
Added Pin To Net: NetName=OPTO_INPUT_0 Pin=J1-56
Added Pin To Net: NetName=OPTO_INPUT_1 Pin=J1-58
Added Pin To Net: NetName=OPTO_INPUT_2 Pin=J1-60
Added Pin To Net: NetName=OPTO_INPUT_3 Pin=J1-62
Added Pin To Net: NetName=GND Pin=J1-64
Added Pin To Net: NetName=OPTO_INPUT_4 Pin=J1-66
Added Pin To Net: NetName=OPTO_INPUT_5 Pin=J1-68
Added Pin To Net: NetName=OPTO_INPUT_6 Pin=J1-70
Added Pin To Net: NetName=OPTO_INPUT_7 Pin=J1-72
Added Pin To Net: NetName=OPTO_INPUT_8 Pin=J1-76
Added Pin To Net: NetName=OPTO_INPUT_9 Pin=J1-78
Added Pin To Net: NetName=OPTO_INPUT_10 Pin=J1-80
Added Pin To Net: NetName=OPTO_INPUT_11 Pin=J1-82
Added Pin To Net: NetName=STEP1 Pin=J1-95
Added Pin To Net: NetName=STEP2 Pin=J1-97
Added Pin To Net: NetName=DIRECTION1 Pin=J1-99
Added Pin To Net: NetName=DIRECTION2 Pin=J1-101
Added Pin To Net: NetName=+24V Pin=J1-PC07
Added Net: Name=+24V
Added Pin To Net: NetName=+48V Pin=J1-PC03
Added Net: Name=+48V
Added Pin To Net: NetName=4.096VREF Pin=J1-3
Added Net: Name=4.096VREF
Added Pin To Net: NetName=GP_I/OSPARE4 Pin=J1-43
Added Net: Name=GP_I/OSPARE4
Added Pin To Net: NetName=GP_I/OSPARE5 Pin=J1-45
Added Net: Name=GP_I/OSPARE5
Added Pin To Net: NetName=GP_I/OSPARE6 Pin=J1-47
Added Net: Name=GP_I/OSPARE6
Added Net: Name=GP_I/OSPARE7
Added Pin To Net: NetName=GP_OUT_D8 Pin=J1-75
Added Net: Name=GP_OUT_D8
Added Pin To Net: NetName=GP_OUT_D9 Pin=J1-77
Added Net: Name=GP_OUT_D9
Added Pin To Net: NetName=GP_OUT_D10 Pin=J1-79
Added Net: Name=GP_OUT_D10
Added Pin To Net: NetName=GP_OUT_D11 Pin=J1-81
Added Net: Name=GP_OUT_D11
Added Pin To Net: NetName=GP_OUT_D12 Pin=J1-85
Added Net: Name=GP_OUT_D12
Added Pin To Net: NetName=GP_OUT_D13 Pin=J1-87
Added Net: Name=GP_OUT_D13
Added Pin To Net: NetName=GP_OUT_D14 Pin=J1-89
Added Net: Name=GP_OUT_D14
Added Pin To Net: NetName=GP_OUT_D15 Pin=J1-91
Added Net: Name=GP_OUT_D15
Added Pin To Net: NetName=NetRN3_2 Pin=RN3-2
Added Pin To Net: NetName=NetRN3_2 Pin=S1-1
Added Net: Name=NetRN3_2
Added Pin To Net: NetName=NetRN3_4 Pin=RN3-4
Added Pin To Net: NetName=NetRN3_4 Pin=S1-2
Added Net: Name=NetRN3_4
Added Pin To Net: NetName=NetRN3_6 Pin=RN3-6
Added Pin To Net: NetName=NetRN3_6 Pin=S1-3
Added Net: Name=NetRN3_6
Added Pin To Net: NetName=NetRN3_8 Pin=RN3-8
Added Pin To Net: NetName=NetRN3_8 Pin=S1-4
Added Net: Name=NetRN3_8
Added Pin To Net: NetName=NetRN4_2 Pin=RN4-2
Added Pin To Net: NetName=NetRN4_2 Pin=S1-5
Added Net: Name=NetRN4_2
Added Pin To Net: NetName=NetRN4_4 Pin=RN4-4
Added Pin To Net: NetName=NetRN4_4 Pin=S1-6
Added Net: Name=NetRN4_4
Added Pin To Net: NetName=NetRN4_6 Pin=RN4-6
Added Pin To Net: NetName=NetRN4_6 Pin=S1-7
Added Net: Name=NetRN4_6
Added Pin To Net: NetName=NetRN4_8 Pin=RN4-8
Added Pin To Net: NetName=NetRN4_8 Pin=S1-8
Added Net: Name=NetRN4_8
Added Pin To Net: NetName=OPTO_OUT_C0 Pin=J1-24
Added Net: Name=OPTO_OUT_C0
Added Pin To Net: NetName=OPTO_OUT_C1 Pin=J1-28
Added Net: Name=OPTO_OUT_C1
Added Pin To Net: NetName=OPTO_OUT_C2 Pin=J1-34
Added Net: Name=OPTO_OUT_C2
Added Pin To Net: NetName=OPTO_OUT_C3 Pin=J1-38
Added Net: Name=OPTO_OUT_C3
Added Pin To Net: NetName=OPTO_OUT_E0 Pin=J1-26
Added Net: Name=OPTO_OUT_E0
Added Pin To Net: NetName=OPTO_OUT_E1 Pin=J1-30
Added Net: Name=OPTO_OUT_E1
Added Pin To Net: NetName=OPTO_OUT_E2 Pin=J1-36
Added Net: Name=OPTO_OUT_E2
Added Pin To Net: NetName=OPTO_OUT_E3 Pin=J1-40
Added Net: Name=OPTO_OUT_E3
Added Pin To Net: NetName=SLOT0_TCK Pin=J1-102
Added Net: Name=SLOT0_TCK
Added Pin To Net: NetName=SLOT0_TDI Pin=J1-96
Added Net: Name=SLOT0_TDI
Added Pin To Net: NetName=SLOT0_TDO Pin=J1-98
Added Net: Name=SLOT0_TDO
Added Pin To Net: NetName=SLOT0_TMS Pin=J1-100
Added Net: Name=SLOT0_TMS
