Removed Pin From Net: NetName=DIRECTION2 Pin=J1-4
Removed Pin From Net: NetName=SLOT0_TMS Pin=J1-5
Removed Pin From Net: NetName=DIRECTION1 Pin=J1-6
Removed Pin From Net: NetName=SLOT0_TDO Pin=J1-7
Removed Pin From Net: NetName=STEP2 Pin=J1-8
Removed Pin From Net: NetName=SLOT0_TDI Pin=J1-9
Removed Pin From Net: NetName=STEP1 Pin=J1-10
Removed Pin From Net: NetName=GP_OUT_D15 Pin=J1-14
Removed Pin From Net: NetName=GP_OUT_D14 Pin=J1-16
Removed Pin From Net: NetName=GP_OUT_D13 Pin=J1-18
Removed Pin From Net: NetName=GP_OUT_D12 Pin=J1-20
Removed Pin From Net: NetName=OPTO_INPUT_11 Pin=J1-23
Removed Pin From Net: NetName=OPTO_INPUT_10 Pin=J1-25
Removed Pin From Net: NetName=OPTO_INPUT_9 Pin=J1-27
Removed Pin From Net: NetName=OPTO_INPUT_8 Pin=J1-29
Removed Pin From Net: NetName=OPTO_INPUT_7 Pin=J1-33
Removed Pin From Net: NetName=GP_OUT_D7 Pin=J1-34
Removed Pin From Net: NetName=OPTO_INPUT_6 Pin=J1-35
Removed Pin From Net: NetName=GP_OUT_D6 Pin=J1-36
Removed Pin From Net: NetName=OPTO_INPUT_5 Pin=J1-37
Removed Pin From Net: NetName=GP_OUT_D5 Pin=J1-38
Removed Pin From Net: NetName=OPTO_INPUT_4 Pin=J1-39
Removed Pin From Net: NetName=GP_OUT_D4 Pin=J1-40
Removed Pin From Net: NetName=OPTO_INPUT_3 Pin=J1-43
Removed Pin From Net: NetName=GP_OUT_D3 Pin=J1-44
Removed Pin From Net: NetName=OPTO_INPUT_2 Pin=J1-45
Removed Pin From Net: NetName=GP_OUT_D2 Pin=J1-46
Removed Pin From Net: NetName=OPTO_INPUT_1 Pin=J1-47
Removed Pin From Net: NetName=GP_OUT_D1 Pin=J1-48
Removed Pin From Net: NetName=OPTO_INPUT_0 Pin=J1-49
Removed Pin From Net: NetName=GP_OUT_D0 Pin=J1-50
Removed Pin From Net: NetName=I2C_SCL Pin=J1-55
Removed Pin From Net: NetName=I2C_SDA Pin=J1-57
Removed Pin From Net: NetName=GP_I/OSPARE6 Pin=J1-58
Removed Pin From Net: NetName=SLOT_ID1 Pin=J1-59
Removed Pin From Net: NetName=GP_I/OSPARE5 Pin=J1-60
Removed Pin From Net: NetName=SLOT_ID0 Pin=J1-61
Removed Pin From Net: NetName=GP_I/OSPARE4 Pin=J1-62
Removed Pin From Net: NetName=OPTO_OUT_E3 Pin=J1-65
Removed Pin From Net: NetName=GP_I/OSPARE3 Pin=J1-66
Removed Pin From Net: NetName=OPTO_OUT_C3 Pin=J1-67
Removed Pin From Net: NetName=GP_I/OSPARE2 Pin=J1-68
Removed Pin From Net: NetName=OPTO_OUT_E2 Pin=J1-69
Removed Pin From Net: NetName=GP_I/OSPARE1 Pin=J1-70
Removed Pin From Net: NetName=OPTO_OUT_C2 Pin=J1-71
Removed Pin From Net: NetName=GP_I/OSPARE0 Pin=J1-72
Removed Pin From Net: NetName=ANALOG_IN7 Pin=J1-85
Removed Pin From Net: NetName=DAC_OUT3 Pin=J1-86
Removed Pin From Net: NetName=ANALOG_IN6 Pin=J1-87
Removed Pin From Net: NetName=DAC_OUT2 Pin=J1-88
Removed Pin From Net: NetName=ANALOG_IN5 Pin=J1-89
Removed Pin From Net: NetName=DAC_OUT1 Pin=J1-90
Removed Pin From Net: NetName=ANALOG_IN4 Pin=J1-91
Removed Pin From Net: NetName=DAC_OUT0 Pin=J1-92
Removed Pin From Net: NetName=ANALOG_IN3 Pin=J1-95
Removed Pin From Net: NetName=ANALOG_IN2 Pin=J1-97
Removed Pin From Net: NetName=ANALOG_IN1 Pin=J1-99
Removed Pin From Net: NetName=2.500VREF Pin=J1-100
Removed Pin From Net: NetName=ANALOG_IN0 Pin=J1-101
Removed Pin From Net: NetName=-12V Pin=J1-PC01
Removed Pin From Net: NetName=+24V Pin=J1-PC02
Removed Pin From Net: NetName=+12V Pin=J1-PC03
Removed Pin From Net: NetName=GND Pin=J1-PC04
Removed Pin From Net: NetName=+5V Pin=J1-PC05
Removed Pin From Net: NetName=+48V Pin=J1-PC06
Removed Pin From Net: NetName=+3.3V Pin=J1-PC07
Removed Pin From Net: NetName=GND Pin=J1-PC08
Change Component DesignItemId : Designator=J1 Old DesignItemId=QMSS-EM-PC4-104pin_Reversed New DesignItemId=QMSS-EM-PC4-104pin
Change Component Comment : Designator=J1 Old Comment=QMSS-EM-PC4-104pin_Reversed New Comment=QMSS-EM-PC4-104pin
Added Pin To Net: NetName=ANALOG_IN0 Pin=J1-4
Added Pin To Net: NetName=2.500VREF Pin=J1-5
Added Pin To Net: NetName=ANALOG_IN1 Pin=J1-6
Added Pin To Net: NetName=ANALOG_IN2 Pin=J1-8
Added Pin To Net: NetName=ANALOG_IN3 Pin=J1-10
Added Pin To Net: NetName=DAC_OUT0 Pin=J1-13
Added Pin To Net: NetName=ANALOG_IN4 Pin=J1-14
Added Pin To Net: NetName=DAC_OUT1 Pin=J1-15
Added Pin To Net: NetName=ANALOG_IN5 Pin=J1-16
Added Pin To Net: NetName=DAC_OUT2 Pin=J1-17
Added Pin To Net: NetName=ANALOG_IN6 Pin=J1-18
Added Pin To Net: NetName=DAC_OUT3 Pin=J1-19
Added Pin To Net: NetName=ANALOG_IN7 Pin=J1-20
Added Pin To Net: NetName=GP_I/OSPARE0 Pin=J1-33
Added Pin To Net: NetName=OPTO_OUT_C2 Pin=J1-34
Added Pin To Net: NetName=GP_I/OSPARE1 Pin=J1-35
Added Pin To Net: NetName=OPTO_OUT_E2 Pin=J1-36
Added Pin To Net: NetName=GP_I/OSPARE2 Pin=J1-37
Added Pin To Net: NetName=OPTO_OUT_C3 Pin=J1-38
Added Pin To Net: NetName=GP_I/OSPARE3 Pin=J1-39
Added Pin To Net: NetName=OPTO_OUT_E3 Pin=J1-40
Added Pin To Net: NetName=GP_I/OSPARE4 Pin=J1-43
Added Pin To Net: NetName=SLOT_ID0 Pin=J1-44
Added Pin To Net: NetName=GP_I/OSPARE5 Pin=J1-45
Added Pin To Net: NetName=SLOT_ID1 Pin=J1-46
Added Pin To Net: NetName=GP_I/OSPARE6 Pin=J1-47
Added Pin To Net: NetName=I2C_SDA Pin=J1-48
Added Pin To Net: NetName=I2C_SCL Pin=J1-50
Added Pin To Net: NetName=GP_OUT_D0 Pin=J1-55
Added Pin To Net: NetName=OPTO_INPUT_0 Pin=J1-56
Added Pin To Net: NetName=GP_OUT_D1 Pin=J1-57
Added Pin To Net: NetName=OPTO_INPUT_1 Pin=J1-58
Added Pin To Net: NetName=GP_OUT_D2 Pin=J1-59
Added Pin To Net: NetName=OPTO_INPUT_2 Pin=J1-60
Added Pin To Net: NetName=GP_OUT_D3 Pin=J1-61
Added Pin To Net: NetName=OPTO_INPUT_3 Pin=J1-62
Added Pin To Net: NetName=GP_OUT_D4 Pin=J1-65
Added Pin To Net: NetName=OPTO_INPUT_4 Pin=J1-66
Added Pin To Net: NetName=GP_OUT_D5 Pin=J1-67
Added Pin To Net: NetName=OPTO_INPUT_5 Pin=J1-68
Added Pin To Net: NetName=GP_OUT_D6 Pin=J1-69
Added Pin To Net: NetName=OPTO_INPUT_6 Pin=J1-70
Added Pin To Net: NetName=GP_OUT_D7 Pin=J1-71
Added Pin To Net: NetName=OPTO_INPUT_7 Pin=J1-72
Added Pin To Net: NetName=OPTO_INPUT_8 Pin=J1-76
Added Pin To Net: NetName=OPTO_INPUT_9 Pin=J1-78
Added Pin To Net: NetName=OPTO_INPUT_10 Pin=J1-80
Added Pin To Net: NetName=OPTO_INPUT_11 Pin=J1-82
Added Pin To Net: NetName=GP_OUT_D12 Pin=J1-85
Added Pin To Net: NetName=GP_OUT_D13 Pin=J1-87
Added Pin To Net: NetName=GP_OUT_D14 Pin=J1-89
Added Pin To Net: NetName=GP_OUT_D15 Pin=J1-91
Added Pin To Net: NetName=STEP1 Pin=J1-95
Added Pin To Net: NetName=SLOT0_TDI Pin=J1-96
Added Pin To Net: NetName=STEP2 Pin=J1-97
Added Pin To Net: NetName=SLOT0_TDO Pin=J1-98
Added Pin To Net: NetName=DIRECTION1 Pin=J1-99
Added Pin To Net: NetName=SLOT0_TMS Pin=J1-100
Added Pin To Net: NetName=DIRECTION2 Pin=J1-101
Added Pin To Net: NetName=GND Pin=J1-PC01
Added Pin To Net: NetName=+3.3V Pin=J1-PC02
Added Pin To Net: NetName=+48V Pin=J1-PC03
Added Pin To Net: NetName=+5V Pin=J1-PC04
Added Pin To Net: NetName=GND Pin=J1-PC05
Added Pin To Net: NetName=+12V Pin=J1-PC06
Added Pin To Net: NetName=+24V Pin=J1-PC07
Added Pin To Net: NetName=-12V Pin=J1-PC08
Change Net Name : Old Net Name=4.096VREF New Net Name=SLOT0_TCK
Change Net Name : Old Net Name=GP_OUT_D8 New Net Name=OPTO_OUT_E1
Change Net Name : Old Net Name=GP_OUT_D9 New Net Name=OPTO_OUT_C1
Change Net Name : Old Net Name=GP_OUT_D10 New Net Name=OPTO_OUT_E0
Change Net Name : Old Net Name=GP_OUT_D11 New Net Name=OPTO_OUT_C0
Change Net Name : Old Net Name=OPTO_OUT_C0 New Net Name=GP_OUT_D11
Change Net Name : Old Net Name=OPTO_OUT_C1 New Net Name=GP_OUT_D9
Change Net Name : Old Net Name=OPTO_OUT_E0 New Net Name=GP_OUT_D10
Change Net Name : Old Net Name=OPTO_OUT_E1 New Net Name=GP_OUT_D8
Change Net Name : Old Net Name=SLOT0_TCK New Net Name=4.096VREF
