Removed Parameter Code_IPC:SOIC127P1030-16 from Part U2
Removed Parameter Code_IPC:SOIC127P1030-16 from Part U2
Removed Parameter Code_IPC:SOIC127P1030-16 from Part U2
Removed Parameter Code_IPC:SOIC127P1030-16 from Part U2
Removed Parameter Code_JEDEC:MS-013-AA from Part U2
Removed Parameter Code_JEDEC:MS-013-AA from Part U2
Removed Parameter Code_JEDEC:MS-013-AA from Part U2
Removed Parameter Code_JEDEC:MS-013-AA from Part U2
Removed Parameter ComponentLink1Description:Manufacturer Link from Part U2
Removed Parameter ComponentLink1Description:Manufacturer Link from Part U2
Removed Parameter ComponentLink1Description:Manufacturer Link from Part U2
Removed Parameter ComponentLink1Description:Manufacturer Link from Part U2
Removed Parameter ComponentLink1Description:Manufacturer Link from Part U3
Removed Parameter ComponentLink1URL:http://www.linear.com/ from Part U2
Removed Parameter ComponentLink1URL:http://www.linear.com/ from Part U2
Removed Parameter ComponentLink1URL:http://www.linear.com/ from Part U2
Removed Parameter ComponentLink1URL:http://www.linear.com/ from Part U2
Removed Parameter ComponentLink1URL:http://www.st.com/ from Part U3
Removed Parameter ComponentLink2Description:Datasheet from Part U2
Removed Parameter ComponentLink2Description:Datasheet from Part U2
Removed Parameter ComponentLink2Description:Datasheet from Part U2
Removed Parameter ComponentLink2Description:Datasheet from Part U2
Removed Parameter ComponentLink2Description:Datasheet from Part U3
Removed Parameter ComponentLink2URL:http://www.linear.com/pc/downloadDocument.do?navId=H0,C1,C1154,C1009,C1021,P1223,D3743 from Part U2
Removed Parameter ComponentLink2URL:http://www.linear.com/pc/downloadDocument.do?navId=H0,C1,C1154,C1009,C1021,P1223,D3743 from Part U2
Removed Parameter ComponentLink2URL:http://www.linear.com/pc/downloadDocument.do?navId=H0,C1,C1154,C1009,C1021,P1223,D3743 from Part U2
Removed Parameter ComponentLink2URL:http://www.linear.com/pc/downloadDocument.do?navId=H0,C1,C1154,C1009,C1021,P1223,D3743 from Part U2
Removed Parameter ComponentLink2URL:http://www.st.com/stonline/products/literature/ds/4578/m24c32-w.pdf from Part U3
Removed Parameter DatasheetVersion:Jan-1996 from Part U2
Removed Parameter DatasheetVersion:Jan-1996 from Part U2
Removed Parameter DatasheetVersion:Jan-1996 from Part U2
Removed Parameter DatasheetVersion:Jan-1996 from Part U2
Removed Parameter DatasheetVersion:Jul-1999 from Part U3
Removed Parameter LatestRevisionDate:13-Apr-2006 from Part U2
Removed Parameter LatestRevisionDate:13-Apr-2006 from Part U2
Removed Parameter LatestRevisionDate:13-Apr-2006 from Part U2
Removed Parameter LatestRevisionDate:13-Apr-2006 from Part U2
Removed Parameter LatestRevisionDate:13-Apr-2006 from Part U3
Removed Parameter LatestRevisionNote:IPC-7351 Footprint Added. from Part U2
Removed Parameter LatestRevisionNote:IPC-7351 Footprint Added. from Part U2
Removed Parameter LatestRevisionNote:IPC-7351 Footprint Added. from Part U2
Removed Parameter LatestRevisionNote:IPC-7351 Footprint Added. from Part U2
Removed Parameter LatestRevisionNote:IPC-7351 Footprint Added. from Part U3
Removed Parameter Note:246 from Part U2
Removed Parameter Note:246 from Part U2
Removed Parameter Note:246 from Part U2
Removed Parameter Note:246 from Part U2
Removed Parameter PackageDescription:8-Pin Small Outline Integrated Circuit 1.27 mm Pitch from Part U3
Removed Parameter PackageDescription:16-Pin Plastic Small Outline Integrated Circuit 1.27 mm Pitch from Part U2
Removed Parameter PackageDescription:16-Pin Plastic Small Outline Integrated Circuit 1.27 mm Pitch from Part U2
Removed Parameter PackageDescription:16-Pin Plastic Small Outline Integrated Circuit 1.27 mm Pitch from Part U2
Removed Parameter PackageDescription:16-Pin Plastic Small Outline Integrated Circuit 1.27 mm Pitch from Part U2
Removed Parameter PackageReference:SOP8 from Part U3
Removed Parameter PackageReference:SW16 from Part U2
Removed Parameter PackageReference:SW16 from Part U2
Removed Parameter PackageReference:SW16 from Part U2
Removed Parameter PackageReference:SW16 from Part U2
Removed Parameter PackageVersion:Jul-1999 from Part U3
Removed Parameter PackageVersion:S16 (WIDE) 0502 from Part U2
Removed Parameter PackageVersion:S16 (WIDE) 0502 from Part U2
Removed Parameter PackageVersion:S16 (WIDE) 0502 from Part U2
Removed Parameter PackageVersion:S16 (WIDE) 0502 from Part U2
Removed Parameter Published:8-Jun-2000 from Part U2
Removed Parameter Published:8-Jun-2000 from Part U2
Removed Parameter Published:8-Jun-2000 from Part U2
Removed Parameter Published:8-Jun-2000 from Part U2
Removed Parameter Published:24-Aug-2001 from Part U3
Removed Parameter Publisher:Altium Limited from Part U2
Removed Parameter Publisher:Altium Limited from Part U2
Removed Parameter Publisher:Altium Limited from Part U2
Removed Parameter Publisher:Altium Limited from Part U2
Removed Parameter Publisher:Altium Limited from Part U3
Added Parameter Arena Prefix= to Part D1
Added Parameter Arena Prefix= to Part U2
Added Parameter Arena Prefix= to Part U2
Added Parameter Arena Prefix= to Part U2
Added Parameter Arena Prefix= to Part U2
Added Parameter Arena Prefix= to Part U3
Added Parameter Arena Type= to Part D1
Added Parameter Arena Type= to Part U2
Added Parameter Arena Type= to Part U2
Added Parameter Arena Type= to Part U2
Added Parameter Arena Type= to Part U2
Added Parameter Arena Type= to Part U3
Added Parameter COST= to Part D1
Added Parameter COST= to Part U2
Added Parameter COST= to Part U2
Added Parameter COST= to Part U2
Added Parameter COST= to Part U2
Added Parameter COST= to Part U3
Added Parameter LCO p/n= to Part D1
Added Parameter LCO p/n= to Part U2
Added Parameter LCO p/n= to Part U2
Added Parameter LCO p/n= to Part U2
Added Parameter LCO p/n= to Part U2
Added Parameter LCO p/n= to Part U3
Added Parameter Manufacturer= to Part D1
Added Parameter Manufacturer= to Part U2
Added Parameter Manufacturer= to Part U2
Added Parameter Manufacturer= to Part U2
Added Parameter Manufacturer= to Part U2
Added Parameter Manufacturer= to Part U3
Added Parameter Manuf p/n= to Part D1
Added Parameter Manuf p/n= to Part U2
Added Parameter Manuf p/n= to Part U2
Added Parameter Manuf p/n= to Part U2
Added Parameter Manuf p/n= to Part U2
Added Parameter Manuf p/n= to Part U3
Added Parameter VALUE= to Part D1
Added Parameter VALUE= to Part U2
Added Parameter VALUE= to Part U2
Added Parameter VALUE= to Part U2
Added Parameter VALUE= to Part U2
Added Parameter VALUE= to Part U3
Added Parameter Vendor= to Part D1
Added Parameter Vendor= to Part U2
Added Parameter Vendor= to Part U2
Added Parameter Vendor= to Part U2
Added Parameter Vendor= to Part U2
Added Parameter Vendor= to Part U3
Added Parameter Vendor Mult.= to Part D1
Added Parameter Vendor Mult.= to Part U2
Added Parameter Vendor Mult.= to Part U2
Added Parameter Vendor Mult.= to Part U2
Added Parameter Vendor Mult.= to Part U2
Added Parameter Vendor Mult.= to Part U3
Added Parameter Vendor p/n= to Part D1
Added Parameter Vendor p/n= to Part U2
Added Parameter Vendor p/n= to Part U2
Added Parameter Vendor p/n= to Part U2
Added Parameter Vendor p/n= to Part U2
Added Parameter Vendor p/n= to Part U3
