Change Net Name : Old Net Name=FORCE+A New Net Name=NetJ2A_1
Change Net Name : Old Net Name=FORCE+B New Net Name=NetJ2B_1
Change Net Name : Old Net Name=FORCE+C New Net Name=NetJ2C_1
Change Net Name : Old Net Name=FORCE+D New Net Name=NetJ2D_1
Change Net Name : Old Net Name=FORCE+E New Net Name=NetJ2E_1
Change Net Name : Old Net Name=FORCE+F New Net Name=NetJ2F_1
Change Net Name : Old Net Name=FORCE+G New Net Name=NetJ2G_1
Change Net Name : Old Net Name=FORCE+H New Net Name=NetJ2H_1
Change Net Name : Old Net Name=NetC14A_2 New Net Name=FORCE+A
Change Net Name : Old Net Name=NetC14B_2 New Net Name=FORCE+B
Change Net Name : Old Net Name=NetC14C_2 New Net Name=FORCE+C
Change Net Name : Old Net Name=NetC14D_2 New Net Name=FORCE+D
Change Net Name : Old Net Name=NetC14E_2 New Net Name=FORCE+E
Change Net Name : Old Net Name=NetC14F_2 New Net Name=FORCE+F
Change Net Name : Old Net Name=NetC14G_2 New Net Name=FORCE+G
Change Net Name : Old Net Name=NetC14H_2 New Net Name=FORCE+H
Change Net Name : Old Net Name=NetC17A_2 New Net Name=SENSE+A
Change Net Name : Old Net Name=NetC17B_2 New Net Name=SENSE+B
Change Net Name : Old Net Name=NetC17C_2 New Net Name=SENSE+C
Change Net Name : Old Net Name=NetC17D_2 New Net Name=SENSE+D
Change Net Name : Old Net Name=NetC17E_2 New Net Name=SENSE+E
Change Net Name : Old Net Name=NetC17F_2 New Net Name=SENSE+F
Change Net Name : Old Net Name=NetC17G_2 New Net Name=SENSE+G
Change Net Name : Old Net Name=NetC17H_2 New Net Name=SENSE+H
Change Net Name : Old Net Name=NetC18A_1 New Net Name=SENSE-A
Change Net Name : Old Net Name=NetC18B_1 New Net Name=SENSE-B
Change Net Name : Old Net Name=NetC18C_1 New Net Name=SENSE-C
Change Net Name : Old Net Name=NetC18D_1 New Net Name=SENSE-D
Change Net Name : Old Net Name=NetC18E_1 New Net Name=SENSE-E
Change Net Name : Old Net Name=NetC18F_1 New Net Name=SENSE-F
Change Net Name : Old Net Name=NetC18G_1 New Net Name=SENSE-G
Change Net Name : Old Net Name=NetC18H_1 New Net Name=SENSE-H
Change Net Name : Old Net Name=SENSE+A New Net Name=NetJ2A_2
Change Net Name : Old Net Name=SENSE+B New Net Name=NetJ2B_2
Change Net Name : Old Net Name=SENSE+C New Net Name=NetJ2C_2
Change Net Name : Old Net Name=SENSE+D New Net Name=NetJ2D_2
Change Net Name : Old Net Name=SENSE+E New Net Name=NetJ2E_2
Change Net Name : Old Net Name=SENSE+F New Net Name=NetJ2F_2
Change Net Name : Old Net Name=SENSE+G New Net Name=NetJ2G_2
Change Net Name : Old Net Name=SENSE+H New Net Name=NetJ2H_2
Change Net Name : Old Net Name=SENSE-A New Net Name=NetJ2A_3
Change Net Name : Old Net Name=SENSE-B New Net Name=NetJ2B_3
Change Net Name : Old Net Name=SENSE-C New Net Name=NetJ2C_3
Change Net Name : Old Net Name=SENSE-D New Net Name=NetJ2D_3
Change Net Name : Old Net Name=SENSE-E New Net Name=NetJ2E_3
Change Net Name : Old Net Name=SENSE-F New Net Name=NetJ2F_3
Change Net Name : Old Net Name=SENSE-G New Net Name=NetJ2G_3
Change Net Name : Old Net Name=SENSE-H New Net Name=NetJ2H_3
