Change Net Name : Old Net Name=NetJ2A_1 New Net Name=FORCE+A
Change Net Name : Old Net Name=NetJ2A_2 New Net Name=SENSE+A
Change Net Name : Old Net Name=NetJ2A_3 New Net Name=SENSE-A
Change Net Name : Old Net Name=NetJ2A_4 New Net Name=FORCE-A
Change Net Name : Old Net Name=NetJ2B_1 New Net Name=FORCE+B
Change Net Name : Old Net Name=NetJ2B_2 New Net Name=SENSE+B
Change Net Name : Old Net Name=NetJ2B_3 New Net Name=SENSE-B
Change Net Name : Old Net Name=NetJ2B_4 New Net Name=FORCE-B
Change Net Name : Old Net Name=NetJ2C_1 New Net Name=FORCE+C
Change Net Name : Old Net Name=NetJ2C_2 New Net Name=SENSE+C
Change Net Name : Old Net Name=NetJ2C_3 New Net Name=SENSE-C
Change Net Name : Old Net Name=NetJ2C_4 New Net Name=FORCE-C
Change Net Name : Old Net Name=NetJ2D_1 New Net Name=FORCE+D
Change Net Name : Old Net Name=NetJ2D_2 New Net Name=SENSE+D
Change Net Name : Old Net Name=NetJ2D_3 New Net Name=SENSE-D
Change Net Name : Old Net Name=NetJ2D_4 New Net Name=FORCE-D
Change Net Name : Old Net Name=NetJ2E_1 New Net Name=FORCE+E
Change Net Name : Old Net Name=NetJ2E_2 New Net Name=SENSE+E
Change Net Name : Old Net Name=NetJ2E_3 New Net Name=SENSE-E
Change Net Name : Old Net Name=NetJ2E_4 New Net Name=FORCE-E
Change Net Name : Old Net Name=NetJ2F_1 New Net Name=FORCE+F
Change Net Name : Old Net Name=NetJ2F_2 New Net Name=SENSE+F
Change Net Name : Old Net Name=NetJ2F_3 New Net Name=SENSE-F
Change Net Name : Old Net Name=NetJ2F_4 New Net Name=FORCE-F
Change Net Name : Old Net Name=NetJ2G_1 New Net Name=FORCE+G
Change Net Name : Old Net Name=NetJ2G_2 New Net Name=SENSE+G
Change Net Name : Old Net Name=NetJ2G_3 New Net Name=SENSE-G
Change Net Name : Old Net Name=NetJ2G_4 New Net Name=FORCE-G
Change Net Name : Old Net Name=NetJ2H_1 New Net Name=FORCE+H
Change Net Name : Old Net Name=NetJ2H_2 New Net Name=SENSE+H
Change Net Name : Old Net Name=NetJ2H_3 New Net Name=SENSE-H
Change Net Name : Old Net Name=NetJ2H_4 New Net Name=FORCE-H
