Change Component Designator: OldDesignator=C14_ADC_Ch0 NewDesignator=C14A
Change Component Designator: OldDesignator=C14_ADC_Ch1 NewDesignator=C14B
Change Component Designator: OldDesignator=C14_ADC_Ch2 NewDesignator=C14C
Change Component Designator: OldDesignator=C14_ADC_Ch3 NewDesignator=C14D
Change Component Designator: OldDesignator=C14_ADC_Ch4 NewDesignator=C14E
Change Component Designator: OldDesignator=C14_ADC_Ch5 NewDesignator=C14F
Change Component Designator: OldDesignator=C14_ADC_Ch6 NewDesignator=C14G
Change Component Designator: OldDesignator=C14_ADC_Ch7 NewDesignator=C14H
Change Component Designator: OldDesignator=C15_ADC_Ch0 NewDesignator=C15A
Change Component Designator: OldDesignator=C15_ADC_Ch1 NewDesignator=C15B
Change Component Designator: OldDesignator=C15_ADC_Ch2 NewDesignator=C15C
Change Component Designator: OldDesignator=C15_ADC_Ch3 NewDesignator=C15D
Change Component Designator: OldDesignator=C15_ADC_Ch4 NewDesignator=C15E
Change Component Designator: OldDesignator=C15_ADC_Ch5 NewDesignator=C15F
Change Component Designator: OldDesignator=C15_ADC_Ch6 NewDesignator=C15G
Change Component Designator: OldDesignator=C15_ADC_Ch7 NewDesignator=C15H
Change Component Designator: OldDesignator=C16_ADC_Ch0 NewDesignator=C16A
Change Component Designator: OldDesignator=C16_ADC_Ch1 NewDesignator=C16B
Change Component Designator: OldDesignator=C16_ADC_Ch2 NewDesignator=C16C
Change Component Designator: OldDesignator=C16_ADC_Ch3 NewDesignator=C16D
Change Component Designator: OldDesignator=C16_ADC_Ch4 NewDesignator=C16E
Change Component Designator: OldDesignator=C16_ADC_Ch5 NewDesignator=C16F
Change Component Designator: OldDesignator=C16_ADC_Ch6 NewDesignator=C16G
Change Component Designator: OldDesignator=C16_ADC_Ch7 NewDesignator=C16H
Change Component Designator: OldDesignator=C17_ADC_Ch0 NewDesignator=C17A
Change Component Designator: OldDesignator=C17_ADC_Ch1 NewDesignator=C17B
Change Component Designator: OldDesignator=C17_ADC_Ch2 NewDesignator=C17C
Change Component Designator: OldDesignator=C17_ADC_Ch3 NewDesignator=C17D
Change Component Designator: OldDesignator=C17_ADC_Ch4 NewDesignator=C17E
Change Component Designator: OldDesignator=C17_ADC_Ch5 NewDesignator=C17F
Change Component Designator: OldDesignator=C17_ADC_Ch6 NewDesignator=C17G
Change Component Designator: OldDesignator=C17_ADC_Ch7 NewDesignator=C17H
Change Component Designator: OldDesignator=C18_ADC_Ch0 NewDesignator=C18A
Change Component Designator: OldDesignator=C18_ADC_Ch1 NewDesignator=C18B
Change Component Designator: OldDesignator=C18_ADC_Ch2 NewDesignator=C18C
Change Component Designator: OldDesignator=C18_ADC_Ch3 NewDesignator=C18D
Change Component Designator: OldDesignator=C18_ADC_Ch4 NewDesignator=C18E
Change Component Designator: OldDesignator=C18_ADC_Ch5 NewDesignator=C18F
Change Component Designator: OldDesignator=C18_ADC_Ch6 NewDesignator=C18G
Change Component Designator: OldDesignator=C18_ADC_Ch7 NewDesignator=C18H
Change Component Designator: OldDesignator=C19_ADC_Ch0 NewDesignator=C19A
Change Component Designator: OldDesignator=C19_ADC_Ch1 NewDesignator=C19B
Change Component Designator: OldDesignator=C19_ADC_Ch2 NewDesignator=C19C
Change Component Designator: OldDesignator=C19_ADC_Ch3 NewDesignator=C19D
Change Component Designator: OldDesignator=C19_ADC_Ch4 NewDesignator=C19E
Change Component Designator: OldDesignator=C19_ADC_Ch5 NewDesignator=C19F
Change Component Designator: OldDesignator=C19_ADC_Ch6 NewDesignator=C19G
Change Component Designator: OldDesignator=C19_ADC_Ch7 NewDesignator=C19H
Change Component Designator: OldDesignator=C20_ADC_Ch0 NewDesignator=C20A
Change Component Designator: OldDesignator=C20_ADC_Ch1 NewDesignator=C20B
Change Component Designator: OldDesignator=C20_ADC_Ch2 NewDesignator=C20C
Change Component Designator: OldDesignator=C20_ADC_Ch3 NewDesignator=C20D
Change Component Designator: OldDesignator=C20_ADC_Ch4 NewDesignator=C20E
Change Component Designator: OldDesignator=C20_ADC_Ch5 NewDesignator=C20F
Change Component Designator: OldDesignator=C20_ADC_Ch6 NewDesignator=C20G
Change Component Designator: OldDesignator=C20_ADC_Ch7 NewDesignator=C20H
Change Component Designator: OldDesignator=C21_TEC_Ch0 NewDesignator=C21A
Change Component Designator: OldDesignator=C21_TEC_Ch1 NewDesignator=C21B
Change Component Designator: OldDesignator=C21_TEC_Ch2 NewDesignator=C21C
Change Component Designator: OldDesignator=C21_TEC_Ch3 NewDesignator=C21D
Change Component Designator: OldDesignator=C22_TEC_Ch0 NewDesignator=C22A
Change Component Designator: OldDesignator=C22_TEC_Ch1 NewDesignator=C22B
Change Component Designator: OldDesignator=C22_TEC_Ch2 NewDesignator=C22C
Change Component Designator: OldDesignator=C22_TEC_Ch3 NewDesignator=C22D
Change Component Designator: OldDesignator=C23_TEC_Ch0 NewDesignator=C23A
Change Component Designator: OldDesignator=C23_TEC_Ch1 NewDesignator=C23B
Change Component Designator: OldDesignator=C23_TEC_Ch2 NewDesignator=C23C
Change Component Designator: OldDesignator=C23_TEC_Ch3 NewDesignator=C23D
Change Component Designator: OldDesignator=C24_TEC_Ch0 NewDesignator=C24A
Change Component Designator: OldDesignator=C24_TEC_Ch1 NewDesignator=C24B
Change Component Designator: OldDesignator=C24_TEC_Ch2 NewDesignator=C24C
Change Component Designator: OldDesignator=C24_TEC_Ch3 NewDesignator=C24D
Change Component Designator: OldDesignator=C25_TEC_Ch0 NewDesignator=C25A
Change Component Designator: OldDesignator=C25_TEC_Ch1 NewDesignator=C25B
Change Component Designator: OldDesignator=C25_TEC_Ch2 NewDesignator=C25C
Change Component Designator: OldDesignator=C25_TEC_Ch3 NewDesignator=C25D
Change Component Designator: OldDesignator=C26_TEC_Ch0 NewDesignator=C26A
Change Component Designator: OldDesignator=C26_TEC_Ch1 NewDesignator=C26B
Change Component Designator: OldDesignator=C26_TEC_Ch2 NewDesignator=C26C
Change Component Designator: OldDesignator=C26_TEC_Ch3 NewDesignator=C26D
Change Component Designator: OldDesignator=C27_TEC_Ch0 NewDesignator=C27A
Change Component Designator: OldDesignator=C27_TEC_Ch1 NewDesignator=C27B
Change Component Designator: OldDesignator=C27_TEC_Ch2 NewDesignator=C27C
Change Component Designator: OldDesignator=C27_TEC_Ch3 NewDesignator=C27D
Change Component Designator: OldDesignator=C28_TEC_Ch0 NewDesignator=C28A
Change Component Designator: OldDesignator=C28_TEC_Ch1 NewDesignator=C28B
Change Component Designator: OldDesignator=C28_TEC_Ch2 NewDesignator=C28C
Change Component Designator: OldDesignator=C28_TEC_Ch3 NewDesignator=C28D
Change Component Designator: OldDesignator=J2_ADC_Ch0 NewDesignator=J2A
Change Component Designator: OldDesignator=J2_ADC_Ch1 NewDesignator=J2B
Change Component Designator: OldDesignator=J2_ADC_Ch2 NewDesignator=J2C
Change Component Designator: OldDesignator=J2_ADC_Ch3 NewDesignator=J2D
Change Component Designator: OldDesignator=J2_ADC_Ch4 NewDesignator=J2E
Change Component Designator: OldDesignator=J2_ADC_Ch5 NewDesignator=J2F
Change Component Designator: OldDesignator=J2_ADC_Ch6 NewDesignator=J2G
Change Component Designator: OldDesignator=J2_ADC_Ch7 NewDesignator=J2H
Change Component Designator: OldDesignator=J3_TEC_Ch0 NewDesignator=J3A
Change Component Designator: OldDesignator=J3_TEC_Ch1 NewDesignator=J3B
Change Component Designator: OldDesignator=J3_TEC_Ch2 NewDesignator=J3C
Change Component Designator: OldDesignator=J3_TEC_Ch3 NewDesignator=J3D
Change Component Designator: OldDesignator=L1_TEC_Ch0 NewDesignator=L1A
Change Component Designator: OldDesignator=L1_TEC_Ch1 NewDesignator=L1B
Change Component Designator: OldDesignator=L1_TEC_Ch2 NewDesignator=L1C
Change Component Designator: OldDesignator=L1_TEC_Ch3 NewDesignator=L1D
Change Component Designator: OldDesignator=L2_TEC_Ch0 NewDesignator=L2A
Change Component Designator: OldDesignator=L2_TEC_Ch1 NewDesignator=L2B
Change Component Designator: OldDesignator=L2_TEC_Ch2 NewDesignator=L2C
Change Component Designator: OldDesignator=L2_TEC_Ch3 NewDesignator=L2D
Change Component Designator: OldDesignator=R3_ADC_Ch0 NewDesignator=R3A
Change Component Designator: OldDesignator=R3_ADC_Ch1 NewDesignator=R3B
Change Component Designator: OldDesignator=R3_ADC_Ch2 NewDesignator=R3C
Change Component Designator: OldDesignator=R3_ADC_Ch3 NewDesignator=R3D
Change Component Designator: OldDesignator=R3_ADC_Ch4 NewDesignator=R3E
Change Component Designator: OldDesignator=R3_ADC_Ch5 NewDesignator=R3F
Change Component Designator: OldDesignator=R3_ADC_Ch6 NewDesignator=R3G
Change Component Designator: OldDesignator=R3_ADC_Ch7 NewDesignator=R3H
Change Component Designator: OldDesignator=R4_ADC_Ch0 NewDesignator=R4A
Change Component Designator: OldDesignator=R4_ADC_Ch1 NewDesignator=R4B
Change Component Designator: OldDesignator=R4_ADC_Ch2 NewDesignator=R4C
Change Component Designator: OldDesignator=R4_ADC_Ch3 NewDesignator=R4D
Change Component Designator: OldDesignator=R4_ADC_Ch4 NewDesignator=R4E
Change Component Designator: OldDesignator=R4_ADC_Ch5 NewDesignator=R4F
Change Component Designator: OldDesignator=R4_ADC_Ch6 NewDesignator=R4G
Change Component Designator: OldDesignator=R4_ADC_Ch7 NewDesignator=R4H
Change Component Designator: OldDesignator=R5_ADC_Ch0 NewDesignator=R5A
Change Component Designator: OldDesignator=R5_ADC_Ch1 NewDesignator=R5B
Change Component Designator: OldDesignator=R5_ADC_Ch2 NewDesignator=R5C
Change Component Designator: OldDesignator=R5_ADC_Ch3 NewDesignator=R5D
Change Component Designator: OldDesignator=R5_ADC_Ch4 NewDesignator=R5E
Change Component Designator: OldDesignator=R5_ADC_Ch5 NewDesignator=R5F
Change Component Designator: OldDesignator=R5_ADC_Ch6 NewDesignator=R5G
Change Component Designator: OldDesignator=R5_ADC_Ch7 NewDesignator=R5H
Change Component Designator: OldDesignator=R6_ADC_Ch0 NewDesignator=R6A
Change Component Designator: OldDesignator=R6_ADC_Ch1 NewDesignator=R6B
Change Component Designator: OldDesignator=R6_ADC_Ch2 NewDesignator=R6C
Change Component Designator: OldDesignator=R6_ADC_Ch3 NewDesignator=R6D
Change Component Designator: OldDesignator=R6_ADC_Ch4 NewDesignator=R6E
Change Component Designator: OldDesignator=R6_ADC_Ch5 NewDesignator=R6F
Change Component Designator: OldDesignator=R6_ADC_Ch6 NewDesignator=R6G
Change Component Designator: OldDesignator=R6_ADC_Ch7 NewDesignator=R6H
Change Component Designator: OldDesignator=R7_TEC_Ch0 NewDesignator=R7A
Change Component Designator: OldDesignator=R7_TEC_Ch1 NewDesignator=R7B
Change Component Designator: OldDesignator=R7_TEC_Ch2 NewDesignator=R7C
Change Component Designator: OldDesignator=R7_TEC_Ch3 NewDesignator=R7D
Change Component Designator: OldDesignator=R8_TEC_Ch0 NewDesignator=R8A
Change Component Designator: OldDesignator=R8_TEC_Ch1 NewDesignator=R8B
Change Component Designator: OldDesignator=R8_TEC_Ch2 NewDesignator=R8C
Change Component Designator: OldDesignator=R8_TEC_Ch3 NewDesignator=R8D
Change Component Designator: OldDesignator=R9_TEC_Ch0 NewDesignator=R9A
Change Component Designator: OldDesignator=R9_TEC_Ch1 NewDesignator=R9B
Change Component Designator: OldDesignator=R9_TEC_Ch2 NewDesignator=R9C
Change Component Designator: OldDesignator=R9_TEC_Ch3 NewDesignator=R9D
Change Component Designator: OldDesignator=TP9_TEC_Ch0 NewDesignator=TP9A
Change Component Designator: OldDesignator=TP9_TEC_Ch1 NewDesignator=TP9B
Change Component Designator: OldDesignator=TP9_TEC_Ch2 NewDesignator=TP9C
Change Component Designator: OldDesignator=TP9_TEC_Ch3 NewDesignator=TP9D
Change Component Designator: OldDesignator=U6_ADC_Ch0 NewDesignator=U6A
Change Component Designator: OldDesignator=U6_ADC_Ch1 NewDesignator=U6B
Change Component Designator: OldDesignator=U6_ADC_Ch2 NewDesignator=U6C
Change Component Designator: OldDesignator=U6_ADC_Ch3 NewDesignator=U6D
Change Component Designator: OldDesignator=U6_ADC_Ch4 NewDesignator=U6E
Change Component Designator: OldDesignator=U6_ADC_Ch5 NewDesignator=U6F
Change Component Designator: OldDesignator=U6_ADC_Ch6 NewDesignator=U6G
Change Component Designator: OldDesignator=U6_ADC_Ch7 NewDesignator=U6H
Change Component Designator: OldDesignator=U7_TEC_Ch0 NewDesignator=U7A
Change Component Designator: OldDesignator=U7_TEC_Ch1 NewDesignator=U7B
Change Component Designator: OldDesignator=U7_TEC_Ch2 NewDesignator=U7C
Change Component Designator: OldDesignator=U7_TEC_Ch3 NewDesignator=U7D
Change Net Name : Old Net Name=NetC14_ADC_Ch0_2 New Net Name=NetC14A_2
Change Net Name : Old Net Name=NetC14_ADC_Ch1_2 New Net Name=NetC14B_2
Change Net Name : Old Net Name=NetC14_ADC_Ch2_2 New Net Name=NetC14C_2
Change Net Name : Old Net Name=NetC14_ADC_Ch3_2 New Net Name=NetC14D_2
Change Net Name : Old Net Name=NetC14_ADC_Ch4_2 New Net Name=NetC14E_2
Change Net Name : Old Net Name=NetC14_ADC_Ch5_2 New Net Name=NetC14F_2
Change Net Name : Old Net Name=NetC14_ADC_Ch6_2 New Net Name=NetC14G_2
Change Net Name : Old Net Name=NetC14_ADC_Ch7_2 New Net Name=NetC14H_2
Change Net Name : Old Net Name=NetC17_ADC_Ch0_2 New Net Name=NetC17A_2
Change Net Name : Old Net Name=NetC17_ADC_Ch1_2 New Net Name=NetC17B_2
Change Net Name : Old Net Name=NetC17_ADC_Ch2_2 New Net Name=NetC17C_2
Change Net Name : Old Net Name=NetC17_ADC_Ch3_2 New Net Name=NetC17D_2
Change Net Name : Old Net Name=NetC17_ADC_Ch4_2 New Net Name=NetC17E_2
Change Net Name : Old Net Name=NetC17_ADC_Ch5_2 New Net Name=NetC17F_2
Change Net Name : Old Net Name=NetC17_ADC_Ch6_2 New Net Name=NetC17G_2
Change Net Name : Old Net Name=NetC17_ADC_Ch7_2 New Net Name=NetC17H_2
Change Net Name : Old Net Name=NetC18_ADC_Ch0_1 New Net Name=NetC18A_1
Change Net Name : Old Net Name=NetC18_ADC_Ch1_1 New Net Name=NetC18B_1
Change Net Name : Old Net Name=NetC18_ADC_Ch2_1 New Net Name=NetC18C_1
Change Net Name : Old Net Name=NetC18_ADC_Ch3_1 New Net Name=NetC18D_1
Change Net Name : Old Net Name=NetC18_ADC_Ch4_1 New Net Name=NetC18E_1
Change Net Name : Old Net Name=NetC18_ADC_Ch5_1 New Net Name=NetC18F_1
Change Net Name : Old Net Name=NetC18_ADC_Ch6_1 New Net Name=NetC18G_1
Change Net Name : Old Net Name=NetC18_ADC_Ch7_1 New Net Name=NetC18H_1
Change Net Name : Old Net Name=NetC20_ADC_Ch0_2 New Net Name=NetC20A_2
Change Net Name : Old Net Name=NetC20_ADC_Ch1_2 New Net Name=NetC20B_2
Change Net Name : Old Net Name=NetC20_ADC_Ch2_2 New Net Name=NetC20C_2
Change Net Name : Old Net Name=NetC20_ADC_Ch3_2 New Net Name=NetC20D_2
Change Net Name : Old Net Name=NetC20_ADC_Ch4_2 New Net Name=NetC20E_2
Change Net Name : Old Net Name=NetC20_ADC_Ch5_2 New Net Name=NetC20F_2
Change Net Name : Old Net Name=NetC20_ADC_Ch6_2 New Net Name=NetC20G_2
Change Net Name : Old Net Name=NetC20_ADC_Ch7_2 New Net Name=NetC20H_2
Change Net Name : Old Net Name=NetC21_TEC_Ch0_1 New Net Name=NetC21A_1
Change Net Name : Old Net Name=NetC21_TEC_Ch1_1 New Net Name=NetC21B_1
Change Net Name : Old Net Name=NetC21_TEC_Ch2_1 New Net Name=NetC21C_1
Change Net Name : Old Net Name=NetC21_TEC_Ch3_1 New Net Name=NetC21D_1
Change Net Name : Old Net Name=NetC26_TEC_Ch0_2 New Net Name=NetC26A_2
Change Net Name : Old Net Name=NetC26_TEC_Ch1_2 New Net Name=NetC26B_2
Change Net Name : Old Net Name=NetC26_TEC_Ch2_2 New Net Name=NetC26C_2
Change Net Name : Old Net Name=NetC26_TEC_Ch3_2 New Net Name=NetC26D_2
Change Net Name : Old Net Name=NetC28_TEC_Ch0_2 New Net Name=NetC28A_2
Change Net Name : Old Net Name=NetC28_TEC_Ch1_2 New Net Name=NetC28B_2
Change Net Name : Old Net Name=NetC28_TEC_Ch2_2 New Net Name=NetC28C_2
Change Net Name : Old Net Name=NetC28_TEC_Ch3_2 New Net Name=NetC28D_2
Change Net Name : Old Net Name=NetJ2_ADC_Ch0_1 New Net Name=NetJ2A_1
Change Net Name : Old Net Name=NetJ2_ADC_Ch0_2 New Net Name=NetJ2A_2
Change Net Name : Old Net Name=NetJ2_ADC_Ch0_3 New Net Name=NetJ2A_3
Change Net Name : Old Net Name=NetJ2_ADC_Ch0_4 New Net Name=NetJ2A_4
Change Net Name : Old Net Name=NetJ2_ADC_Ch1_1 New Net Name=NetJ2B_1
Change Net Name : Old Net Name=NetJ2_ADC_Ch1_2 New Net Name=NetJ2B_2
Change Net Name : Old Net Name=NetJ2_ADC_Ch1_3 New Net Name=NetJ2B_3
Change Net Name : Old Net Name=NetJ2_ADC_Ch1_4 New Net Name=NetJ2B_4
Change Net Name : Old Net Name=NetJ2_ADC_Ch2_1 New Net Name=NetJ2C_1
Change Net Name : Old Net Name=NetJ2_ADC_Ch2_2 New Net Name=NetJ2C_2
Change Net Name : Old Net Name=NetJ2_ADC_Ch2_3 New Net Name=NetJ2C_3
Change Net Name : Old Net Name=NetJ2_ADC_Ch2_4 New Net Name=NetJ2C_4
Change Net Name : Old Net Name=NetJ2_ADC_Ch3_1 New Net Name=NetJ2D_1
Change Net Name : Old Net Name=NetJ2_ADC_Ch3_2 New Net Name=NetJ2D_2
Change Net Name : Old Net Name=NetJ2_ADC_Ch3_3 New Net Name=NetJ2D_3
Change Net Name : Old Net Name=NetJ2_ADC_Ch3_4 New Net Name=NetJ2D_4
Change Net Name : Old Net Name=NetJ2_ADC_Ch4_1 New Net Name=NetJ2E_1
Change Net Name : Old Net Name=NetJ2_ADC_Ch4_2 New Net Name=NetJ2E_2
Change Net Name : Old Net Name=NetJ2_ADC_Ch4_3 New Net Name=NetJ2E_3
Change Net Name : Old Net Name=NetJ2_ADC_Ch4_4 New Net Name=NetJ2E_4
Change Net Name : Old Net Name=NetJ2_ADC_Ch5_1 New Net Name=NetJ2F_1
Change Net Name : Old Net Name=NetJ2_ADC_Ch5_2 New Net Name=NetJ2F_2
Change Net Name : Old Net Name=NetJ2_ADC_Ch5_3 New Net Name=NetJ2F_3
Change Net Name : Old Net Name=NetJ2_ADC_Ch5_4 New Net Name=NetJ2F_4
Change Net Name : Old Net Name=NetJ2_ADC_Ch6_1 New Net Name=NetJ2G_1
Change Net Name : Old Net Name=NetJ2_ADC_Ch6_2 New Net Name=NetJ2G_2
Change Net Name : Old Net Name=NetJ2_ADC_Ch6_3 New Net Name=NetJ2G_3
Change Net Name : Old Net Name=NetJ2_ADC_Ch6_4 New Net Name=NetJ2G_4
Change Net Name : Old Net Name=NetJ2_ADC_Ch7_1 New Net Name=NetJ2H_1
Change Net Name : Old Net Name=NetJ2_ADC_Ch7_2 New Net Name=NetJ2H_2
Change Net Name : Old Net Name=NetJ2_ADC_Ch7_3 New Net Name=NetJ2H_3
Change Net Name : Old Net Name=NetJ2_ADC_Ch7_4 New Net Name=NetJ2H_4
Change Net Name : Old Net Name=NetL1_TEC_Ch0_1 New Net Name=NetL1A_1
Change Net Name : Old Net Name=NetL1_TEC_Ch1_1 New Net Name=NetL1B_1
Change Net Name : Old Net Name=NetL1_TEC_Ch2_1 New Net Name=NetL1C_1
Change Net Name : Old Net Name=NetL1_TEC_Ch3_1 New Net Name=NetL1D_1
Change Net Name : Old Net Name=NetL2_TEC_Ch0_1 New Net Name=NetL2A_1
Change Net Name : Old Net Name=NetL2_TEC_Ch1_1 New Net Name=NetL2B_1
Change Net Name : Old Net Name=NetL2_TEC_Ch2_1 New Net Name=NetL2C_1
Change Net Name : Old Net Name=NetL2_TEC_Ch3_1 New Net Name=NetL2D_1
Change Net Name : Old Net Name=NetR8_TEC_Ch0_1 New Net Name=NetR8A_1
Change Net Name : Old Net Name=NetR8_TEC_Ch1_1 New Net Name=NetR8B_1
Change Net Name : Old Net Name=NetR8_TEC_Ch2_1 New Net Name=NetR8C_1
Change Net Name : Old Net Name=NetR8_TEC_Ch3_1 New Net Name=NetR8D_1
Change Net Name : Old Net Name=TEC_DRIVE(+)_TEC_Ch0 New Net Name=TEC_DRIVE(+)A
Change Net Name : Old Net Name=TEC_DRIVE(+)_TEC_Ch1 New Net Name=TEC_DRIVE(+)B
Change Net Name : Old Net Name=TEC_DRIVE(+)_TEC_Ch2 New Net Name=TEC_DRIVE(+)C
Change Net Name : Old Net Name=TEC_DRIVE(+)_TEC_Ch3 New Net Name=TEC_DRIVE(+)D
Change Net Name : Old Net Name=TEC_DRIVE(-)_TEC_Ch0 New Net Name=TEC_DRIVE(-)A
Change Net Name : Old Net Name=TEC_DRIVE(-)_TEC_Ch1 New Net Name=TEC_DRIVE(-)B
Change Net Name : Old Net Name=TEC_DRIVE(-)_TEC_Ch2 New Net Name=TEC_DRIVE(-)C
Change Net Name : Old Net Name=TEC_DRIVE(-)_TEC_Ch3 New Net Name=TEC_DRIVE(-)D
Change Class Name : Old Net Name=780-00055, rev1, Pg1, SCH, NRES Temp Meas, 8-Chan RTD New Net Name=780-00055, rev1, Pg1, SCH, NRES Temp Meas, 8-Chan RTD 
Added Class: Name=780-00055, rev1, Pg2, SCH, NRES Temp Meas, 8-Chan RTD 
Added Class: Name=780-00055, rev1, Pg3, SCH, NRES Temp Meas, 8-Chan RTD 
Change Room Name: Old Name=780-00055, rev1, Pg1, SCH, NRES Temp Meas, 8-Chan RTD New Name=780-00055, rev1, Pg1, SCH, NRES Temp Meas, 8-Chan RTD 
