Change Pin Electrical: Pin=U1E-1 Old Type=Input New Type=Output
Change Pin Electrical: Pin=U1E-1 Old Type=Input New Type=Output
Change Pin Electrical: Pin=U1E-1 Old Type=Input New Type=Output
Change Pin Electrical: Pin=U1E-1 Old Type=Input New Type=Output
Change Pin Electrical: Pin=U1E-1 Old Type=Input New Type=Output
Change Pin Electrical: Pin=U1E-1 Old Type=Input New Type=Output
Change Pin Electrical: Pin=U1E-1 Old Type=Input New Type=Output
Change Pin Electrical: Pin=U1E-1 Old Type=Input New Type=Output
Change Pin Electrical: Pin=U1E-1 Old Type=Input New Type=Output
Change Pin Electrical: Pin=U1E-1 Old Type=Input New Type=Output
Change Pin Electrical: Pin=U1E-1 Old Type=Input New Type=Output
Change Pin Electrical: Pin=U1F-5 Old Type=I/O New Type=Input
Change Pin Electrical: Pin=U1F-5 Old Type=I/O New Type=Input
Change Pin Electrical: Pin=U1F-5 Old Type=I/O New Type=Input
Change Pin Electrical: Pin=U1F-5 Old Type=I/O New Type=Input
Change Pin Electrical: Pin=U1F-5 Old Type=I/O New Type=Input
Change Pin Electrical: Pin=U1F-5 Old Type=I/O New Type=Input
Change Pin Electrical: Pin=U1F-5 Old Type=I/O New Type=Input
Change Pin Electrical: Pin=U1F-5 Old Type=I/O New Type=Input
Change Pin Electrical: Pin=U1F-5 Old Type=I/O New Type=Input
Change Pin Electrical: Pin=U1F-5 Old Type=I/O New Type=Input
Change Pin Electrical: Pin=U1F-5 Old Type=I/O New Type=Input
Change Pin Electrical: Pin=U1H-21 Old Type=Input New Type=Output
Change Pin Electrical: Pin=U1H-21 Old Type=Input New Type=Output
Change Pin Electrical: Pin=U1H-21 Old Type=Input New Type=Output
Change Pin Electrical: Pin=U1H-21 Old Type=Input New Type=Output
Change Pin Electrical: Pin=U1H-21 Old Type=Input New Type=Output
Change Pin Electrical: Pin=U1H-21 Old Type=Input New Type=Output
Change Pin Electrical: Pin=U1H-21 Old Type=Input New Type=Output
Change Pin Electrical: Pin=U1H-21 Old Type=Input New Type=Output
Change Pin Electrical: Pin=U1H-21 Old Type=Input New Type=Output
Change Pin Electrical: Pin=U1H-21 Old Type=Input New Type=Output
Change Pin Electrical: Pin=U1H-21 Old Type=Input New Type=Output
Change Pin Electrical: Pin=U1G-37 Old Type=Input New Type=Output
Change Pin Electrical: Pin=U1G-37 Old Type=Input New Type=Output
Change Pin Electrical: Pin=U1G-37 Old Type=Input New Type=Output
Change Pin Electrical: Pin=U1G-37 Old Type=Input New Type=Output
Change Pin Electrical: Pin=U1G-37 Old Type=Input New Type=Output
Change Pin Electrical: Pin=U1G-37 Old Type=Input New Type=Output
Change Pin Electrical: Pin=U1G-37 Old Type=Input New Type=Output
Change Pin Electrical: Pin=U1G-37 Old Type=Input New Type=Output
Change Pin Electrical: Pin=U1G-37 Old Type=Input New Type=Output
Change Pin Electrical: Pin=U1G-37 Old Type=Input New Type=Output
Change Pin Electrical: Pin=U1G-37 Old Type=Input New Type=Output
Change Pin Electrical: Pin=U1D-44 Old Type=Input New Type=Output
Change Pin Electrical: Pin=U1D-44 Old Type=Input New Type=Output
Change Pin Electrical: Pin=U1D-44 Old Type=Input New Type=Output
Change Pin Electrical: Pin=U1D-44 Old Type=Input New Type=Output
Change Pin Electrical: Pin=U1D-44 Old Type=Input New Type=Output
Change Pin Electrical: Pin=U1D-44 Old Type=Input New Type=Output
Change Pin Electrical: Pin=U1D-44 Old Type=Input New Type=Output
Change Pin Electrical: Pin=U1D-44 Old Type=Input New Type=Output
Change Pin Electrical: Pin=U1D-44 Old Type=Input New Type=Output
Change Pin Electrical: Pin=U1D-44 Old Type=Input New Type=Output
Change Pin Electrical: Pin=U1D-44 Old Type=Input New Type=Output
Change Pin Electrical: Pin=U1D-46 Old Type=I/O New Type=Input
Change Pin Electrical: Pin=U1D-46 Old Type=I/O New Type=Input
Change Pin Electrical: Pin=U1D-46 Old Type=I/O New Type=Input
Change Pin Electrical: Pin=U1D-46 Old Type=I/O New Type=Input
Change Pin Electrical: Pin=U1D-46 Old Type=I/O New Type=Input
Change Pin Electrical: Pin=U1D-46 Old Type=I/O New Type=Input
Change Pin Electrical: Pin=U1D-46 Old Type=I/O New Type=Input
Change Pin Electrical: Pin=U1D-46 Old Type=I/O New Type=Input
Change Pin Electrical: Pin=U1D-46 Old Type=I/O New Type=Input
Change Pin Electrical: Pin=U1D-46 Old Type=I/O New Type=Input
Change Pin Electrical: Pin=U1D-46 Old Type=I/O New Type=Input
Change Pin Electrical: Pin=U1D-47 Old Type=I/O New Type=Input
Change Pin Electrical: Pin=U1D-47 Old Type=I/O New Type=Input
Change Pin Electrical: Pin=U1D-47 Old Type=I/O New Type=Input
Change Pin Electrical: Pin=U1D-47 Old Type=I/O New Type=Input
Change Pin Electrical: Pin=U1D-47 Old Type=I/O New Type=Input
Change Pin Electrical: Pin=U1D-47 Old Type=I/O New Type=Input
Change Pin Electrical: Pin=U1D-47 Old Type=I/O New Type=Input
Change Pin Electrical: Pin=U1D-47 Old Type=I/O New Type=Input
Change Pin Electrical: Pin=U1D-47 Old Type=I/O New Type=Input
Change Pin Electrical: Pin=U1D-47 Old Type=I/O New Type=Input
Change Pin Electrical: Pin=U1D-47 Old Type=I/O New Type=Input
Change Pin Electrical: Pin=U1D-48 Old Type=I/O New Type=Input
Change Pin Electrical: Pin=U1D-48 Old Type=I/O New Type=Input
Change Pin Electrical: Pin=U1D-48 Old Type=I/O New Type=Input
Change Pin Electrical: Pin=U1D-48 Old Type=I/O New Type=Input
Change Pin Electrical: Pin=U1D-48 Old Type=I/O New Type=Input
Change Pin Electrical: Pin=U1D-48 Old Type=I/O New Type=Input
Change Pin Electrical: Pin=U1D-48 Old Type=I/O New Type=Input
Change Pin Electrical: Pin=U1D-48 Old Type=I/O New Type=Input
Change Pin Electrical: Pin=U1D-48 Old Type=I/O New Type=Input
Change Pin Electrical: Pin=U1D-48 Old Type=I/O New Type=Input
Change Pin Electrical: Pin=U1D-48 Old Type=I/O New Type=Input
Change Pin Electrical: Pin=U1D-49 Old Type=I/O New Type=Input
Change Pin Electrical: Pin=U1D-49 Old Type=I/O New Type=Input
Change Pin Electrical: Pin=U1D-49 Old Type=I/O New Type=Input
Change Pin Electrical: Pin=U1D-49 Old Type=I/O New Type=Input
Change Pin Electrical: Pin=U1D-49 Old Type=I/O New Type=Input
Change Pin Electrical: Pin=U1D-49 Old Type=I/O New Type=Input
Change Pin Electrical: Pin=U1D-49 Old Type=I/O New Type=Input
Change Pin Electrical: Pin=U1D-49 Old Type=I/O New Type=Input
Change Pin Electrical: Pin=U1D-49 Old Type=I/O New Type=Input
Change Pin Electrical: Pin=U1D-49 Old Type=I/O New Type=Input
Change Pin Electrical: Pin=U1D-49 Old Type=I/O New Type=Input
Change Pin Electrical: Pin=U1D-50 Old Type=I/O New Type=Input
Change Pin Electrical: Pin=U1D-50 Old Type=I/O New Type=Input
Change Pin Electrical: Pin=U1D-50 Old Type=I/O New Type=Input
Change Pin Electrical: Pin=U1D-50 Old Type=I/O New Type=Input
Change Pin Electrical: Pin=U1D-50 Old Type=I/O New Type=Input
Change Pin Electrical: Pin=U1D-50 Old Type=I/O New Type=Input
Change Pin Electrical: Pin=U1D-50 Old Type=I/O New Type=Input
Change Pin Electrical: Pin=U1D-50 Old Type=I/O New Type=Input
Change Pin Electrical: Pin=U1D-50 Old Type=I/O New Type=Input
Change Pin Electrical: Pin=U1D-50 Old Type=I/O New Type=Input
Change Pin Electrical: Pin=U1D-50 Old Type=I/O New Type=Input
Change Pin Electrical: Pin=U1C-52 Old Type=I/O New Type=Input
Change Pin Electrical: Pin=U1C-52 Old Type=I/O New Type=Input
Change Pin Electrical: Pin=U1C-52 Old Type=I/O New Type=Input
Change Pin Electrical: Pin=U1C-52 Old Type=I/O New Type=Input
Change Pin Electrical: Pin=U1C-52 Old Type=I/O New Type=Input
Change Pin Electrical: Pin=U1C-52 Old Type=I/O New Type=Input
Change Pin Electrical: Pin=U1C-52 Old Type=I/O New Type=Input
Change Pin Electrical: Pin=U1C-52 Old Type=I/O New Type=Input
Change Pin Electrical: Pin=U1C-52 Old Type=I/O New Type=Input
Change Pin Electrical: Pin=U1C-52 Old Type=I/O New Type=Input
Change Pin Electrical: Pin=U1C-52 Old Type=I/O New Type=Input
Change Pin Electrical: Pin=U1C-53 Old Type=I/O New Type=Input
Change Pin Electrical: Pin=U1C-53 Old Type=I/O New Type=Input
Change Pin Electrical: Pin=U1C-53 Old Type=I/O New Type=Input
Change Pin Electrical: Pin=U1C-53 Old Type=I/O New Type=Input
Change Pin Electrical: Pin=U1C-53 Old Type=I/O New Type=Input
Change Pin Electrical: Pin=U1C-53 Old Type=I/O New Type=Input
Change Pin Electrical: Pin=U1C-53 Old Type=I/O New Type=Input
Change Pin Electrical: Pin=U1C-53 Old Type=I/O New Type=Input
Change Pin Electrical: Pin=U1C-53 Old Type=I/O New Type=Input
Change Pin Electrical: Pin=U1C-53 Old Type=I/O New Type=Input
Change Pin Electrical: Pin=U1C-53 Old Type=I/O New Type=Input
Change Pin Electrical: Pin=U1C-54 Old Type=I/O New Type=Input
Change Pin Electrical: Pin=U1C-54 Old Type=I/O New Type=Input
Change Pin Electrical: Pin=U1C-54 Old Type=I/O New Type=Input
Change Pin Electrical: Pin=U1C-54 Old Type=I/O New Type=Input
Change Pin Electrical: Pin=U1C-54 Old Type=I/O New Type=Input
Change Pin Electrical: Pin=U1C-54 Old Type=I/O New Type=Input
Change Pin Electrical: Pin=U1C-54 Old Type=I/O New Type=Input
Change Pin Electrical: Pin=U1C-54 Old Type=I/O New Type=Input
Change Pin Electrical: Pin=U1C-54 Old Type=I/O New Type=Input
Change Pin Electrical: Pin=U1C-54 Old Type=I/O New Type=Input
Change Pin Electrical: Pin=U1C-54 Old Type=I/O New Type=Input
Change Pin Electrical: Pin=U1C-55 Old Type=I/O New Type=Output
Change Pin Electrical: Pin=U1C-55 Old Type=I/O New Type=Output
Change Pin Electrical: Pin=U1C-55 Old Type=I/O New Type=Output
Change Pin Electrical: Pin=U1C-55 Old Type=I/O New Type=Output
Change Pin Electrical: Pin=U1C-55 Old Type=I/O New Type=Output
Change Pin Electrical: Pin=U1C-55 Old Type=I/O New Type=Output
Change Pin Electrical: Pin=U1C-55 Old Type=I/O New Type=Output
Change Pin Electrical: Pin=U1C-55 Old Type=I/O New Type=Output
Change Pin Electrical: Pin=U1C-55 Old Type=I/O New Type=Output
Change Pin Electrical: Pin=U1C-55 Old Type=I/O New Type=Output
Change Pin Electrical: Pin=U1C-55 Old Type=I/O New Type=Output
Change Pin Electrical: Pin=U1C-56 Old Type=I/O New Type=Input
Change Pin Electrical: Pin=U1C-56 Old Type=I/O New Type=Input
Change Pin Electrical: Pin=U1C-56 Old Type=I/O New Type=Input
Change Pin Electrical: Pin=U1C-56 Old Type=I/O New Type=Input
Change Pin Electrical: Pin=U1C-56 Old Type=I/O New Type=Input
Change Pin Electrical: Pin=U1C-56 Old Type=I/O New Type=Input
Change Pin Electrical: Pin=U1C-56 Old Type=I/O New Type=Input
Change Pin Electrical: Pin=U1C-56 Old Type=I/O New Type=Input
Change Pin Electrical: Pin=U1C-56 Old Type=I/O New Type=Input
Change Pin Electrical: Pin=U1C-56 Old Type=I/O New Type=Input
Change Pin Electrical: Pin=U1C-56 Old Type=I/O New Type=Input
Change Pin Electrical: Pin=U1C-57 Old Type=I/O New Type=Output
Change Pin Electrical: Pin=U1C-57 Old Type=I/O New Type=Output
Change Pin Electrical: Pin=U1C-57 Old Type=I/O New Type=Output
Change Pin Electrical: Pin=U1C-57 Old Type=I/O New Type=Output
Change Pin Electrical: Pin=U1C-57 Old Type=I/O New Type=Output
Change Pin Electrical: Pin=U1C-57 Old Type=I/O New Type=Output
Change Pin Electrical: Pin=U1C-57 Old Type=I/O New Type=Output
Change Pin Electrical: Pin=U1C-57 Old Type=I/O New Type=Output
Change Pin Electrical: Pin=U1C-57 Old Type=I/O New Type=Output
Change Pin Electrical: Pin=U1C-57 Old Type=I/O New Type=Output
Change Pin Electrical: Pin=U1C-57 Old Type=I/O New Type=Output
Change Pin Electrical: Pin=U1C-58 Old Type=I/O New Type=Input
Change Pin Electrical: Pin=U1C-58 Old Type=I/O New Type=Input
Change Pin Electrical: Pin=U1C-58 Old Type=I/O New Type=Input
Change Pin Electrical: Pin=U1C-58 Old Type=I/O New Type=Input
Change Pin Electrical: Pin=U1C-58 Old Type=I/O New Type=Input
Change Pin Electrical: Pin=U1C-58 Old Type=I/O New Type=Input
Change Pin Electrical: Pin=U1C-58 Old Type=I/O New Type=Input
Change Pin Electrical: Pin=U1C-58 Old Type=I/O New Type=Input
Change Pin Electrical: Pin=U1C-58 Old Type=I/O New Type=Input
Change Pin Electrical: Pin=U1C-58 Old Type=I/O New Type=Input
Change Pin Electrical: Pin=U1C-58 Old Type=I/O New Type=Input
Change Pin Electrical: Pin=U1C-60 Old Type=I/O New Type=Output
Change Pin Electrical: Pin=U1C-60 Old Type=I/O New Type=Output
Change Pin Electrical: Pin=U1C-60 Old Type=I/O New Type=Output
Change Pin Electrical: Pin=U1C-60 Old Type=I/O New Type=Output
Change Pin Electrical: Pin=U1C-60 Old Type=I/O New Type=Output
Change Pin Electrical: Pin=U1C-60 Old Type=I/O New Type=Output
Change Pin Electrical: Pin=U1C-60 Old Type=I/O New Type=Output
Change Pin Electrical: Pin=U1C-60 Old Type=I/O New Type=Output
Change Pin Electrical: Pin=U1C-60 Old Type=I/O New Type=Output
Change Pin Electrical: Pin=U1C-60 Old Type=I/O New Type=Output
Change Pin Electrical: Pin=U1C-60 Old Type=I/O New Type=Output
Change Pin Electrical: Pin=U1C-61 Old Type=I/O New Type=Output
Change Pin Electrical: Pin=U1C-61 Old Type=I/O New Type=Output
Change Pin Electrical: Pin=U1C-61 Old Type=I/O New Type=Output
Change Pin Electrical: Pin=U1C-61 Old Type=I/O New Type=Output
Change Pin Electrical: Pin=U1C-61 Old Type=I/O New Type=Output
Change Pin Electrical: Pin=U1C-61 Old Type=I/O New Type=Output
Change Pin Electrical: Pin=U1C-61 Old Type=I/O New Type=Output
Change Pin Electrical: Pin=U1C-61 Old Type=I/O New Type=Output
Change Pin Electrical: Pin=U1C-61 Old Type=I/O New Type=Output
Change Pin Electrical: Pin=U1C-61 Old Type=I/O New Type=Output
Change Pin Electrical: Pin=U1C-61 Old Type=I/O New Type=Output
Change Pin Electrical: Pin=U1A-63 Old Type=I/O New Type=Output
Change Pin Electrical: Pin=U1A-63 Old Type=I/O New Type=Output
Change Pin Electrical: Pin=U1A-63 Old Type=I/O New Type=Output
Change Pin Electrical: Pin=U1A-63 Old Type=I/O New Type=Output
Change Pin Electrical: Pin=U1A-63 Old Type=I/O New Type=Output
Change Pin Electrical: Pin=U1A-63 Old Type=I/O New Type=Output
Change Pin Electrical: Pin=U1A-63 Old Type=I/O New Type=Output
Change Pin Electrical: Pin=U1A-63 Old Type=I/O New Type=Output
Change Pin Electrical: Pin=U1A-63 Old Type=I/O New Type=Output
Change Pin Electrical: Pin=U1A-63 Old Type=I/O New Type=Output
Change Pin Electrical: Pin=U1A-63 Old Type=I/O New Type=Output
Change Pin Electrical: Pin=U1A-64 Old Type=I/O New Type=Input
Change Pin Electrical: Pin=U1A-64 Old Type=I/O New Type=Input
Change Pin Electrical: Pin=U1A-64 Old Type=I/O New Type=Input
Change Pin Electrical: Pin=U1A-64 Old Type=I/O New Type=Input
Change Pin Electrical: Pin=U1A-64 Old Type=I/O New Type=Input
Change Pin Electrical: Pin=U1A-64 Old Type=I/O New Type=Input
Change Pin Electrical: Pin=U1A-64 Old Type=I/O New Type=Input
Change Pin Electrical: Pin=U1A-64 Old Type=I/O New Type=Input
Change Pin Electrical: Pin=U1A-64 Old Type=I/O New Type=Input
Change Pin Electrical: Pin=U1A-64 Old Type=I/O New Type=Input
Change Pin Electrical: Pin=U1A-64 Old Type=I/O New Type=Input
Change Pin Electrical: Pin=U1A-65 Old Type=I/O New Type=Input
Change Pin Electrical: Pin=U1A-65 Old Type=I/O New Type=Input
Change Pin Electrical: Pin=U1A-65 Old Type=I/O New Type=Input
Change Pin Electrical: Pin=U1A-65 Old Type=I/O New Type=Input
Change Pin Electrical: Pin=U1A-65 Old Type=I/O New Type=Input
Change Pin Electrical: Pin=U1A-65 Old Type=I/O New Type=Input
Change Pin Electrical: Pin=U1A-65 Old Type=I/O New Type=Input
Change Pin Electrical: Pin=U1A-65 Old Type=I/O New Type=Input
Change Pin Electrical: Pin=U1A-65 Old Type=I/O New Type=Input
Change Pin Electrical: Pin=U1A-65 Old Type=I/O New Type=Input
Change Pin Electrical: Pin=U1A-65 Old Type=I/O New Type=Input
Change Pin Electrical: Pin=U1A-67 Old Type=I/O New Type=Output
Change Pin Electrical: Pin=U1A-67 Old Type=I/O New Type=Output
Change Pin Electrical: Pin=U1A-67 Old Type=I/O New Type=Output
Change Pin Electrical: Pin=U1A-67 Old Type=I/O New Type=Output
Change Pin Electrical: Pin=U1A-67 Old Type=I/O New Type=Output
Change Pin Electrical: Pin=U1A-67 Old Type=I/O New Type=Output
Change Pin Electrical: Pin=U1A-67 Old Type=I/O New Type=Output
Change Pin Electrical: Pin=U1A-67 Old Type=I/O New Type=Output
Change Pin Electrical: Pin=U1A-67 Old Type=I/O New Type=Output
Change Pin Electrical: Pin=U1A-67 Old Type=I/O New Type=Output
Change Pin Electrical: Pin=U1A-67 Old Type=I/O New Type=Output
Change Pin Electrical: Pin=U1A-68 Old Type=I/O New Type=Input
Change Pin Electrical: Pin=U1A-68 Old Type=I/O New Type=Input
Change Pin Electrical: Pin=U1A-68 Old Type=I/O New Type=Input
Change Pin Electrical: Pin=U1A-68 Old Type=I/O New Type=Input
Change Pin Electrical: Pin=U1A-68 Old Type=I/O New Type=Input
Change Pin Electrical: Pin=U1A-68 Old Type=I/O New Type=Input
Change Pin Electrical: Pin=U1A-68 Old Type=I/O New Type=Input
Change Pin Electrical: Pin=U1A-68 Old Type=I/O New Type=Input
Change Pin Electrical: Pin=U1A-68 Old Type=I/O New Type=Input
Change Pin Electrical: Pin=U1A-68 Old Type=I/O New Type=Input
Change Pin Electrical: Pin=U1A-68 Old Type=I/O New Type=Input
Change Pin Electrical: Pin=U1A-69 Old Type=I/O New Type=Input
Change Pin Electrical: Pin=U1A-69 Old Type=I/O New Type=Input
Change Pin Electrical: Pin=U1A-69 Old Type=I/O New Type=Input
Change Pin Electrical: Pin=U1A-69 Old Type=I/O New Type=Input
Change Pin Electrical: Pin=U1A-69 Old Type=I/O New Type=Input
Change Pin Electrical: Pin=U1A-69 Old Type=I/O New Type=Input
Change Pin Electrical: Pin=U1A-69 Old Type=I/O New Type=Input
Change Pin Electrical: Pin=U1A-69 Old Type=I/O New Type=Input
Change Pin Electrical: Pin=U1A-69 Old Type=I/O New Type=Input
Change Pin Electrical: Pin=U1A-69 Old Type=I/O New Type=Input
Change Pin Electrical: Pin=U1A-69 Old Type=I/O New Type=Input
Change Pin Electrical: Pin=U1A-70 Old Type=I/O New Type=Output
Change Pin Electrical: Pin=U1A-70 Old Type=I/O New Type=Output
Change Pin Electrical: Pin=U1A-70 Old Type=I/O New Type=Output
Change Pin Electrical: Pin=U1A-70 Old Type=I/O New Type=Output
Change Pin Electrical: Pin=U1A-70 Old Type=I/O New Type=Output
Change Pin Electrical: Pin=U1A-70 Old Type=I/O New Type=Output
Change Pin Electrical: Pin=U1A-70 Old Type=I/O New Type=Output
Change Pin Electrical: Pin=U1A-70 Old Type=I/O New Type=Output
Change Pin Electrical: Pin=U1A-70 Old Type=I/O New Type=Output
Change Pin Electrical: Pin=U1A-70 Old Type=I/O New Type=Output
Change Pin Electrical: Pin=U1A-70 Old Type=I/O New Type=Output
Change Pin Electrical: Pin=U1A-71 Old Type=I/O New Type=Input
Change Pin Electrical: Pin=U1A-71 Old Type=I/O New Type=Input
Change Pin Electrical: Pin=U1A-71 Old Type=I/O New Type=Input
Change Pin Electrical: Pin=U1A-71 Old Type=I/O New Type=Input
Change Pin Electrical: Pin=U1A-71 Old Type=I/O New Type=Input
Change Pin Electrical: Pin=U1A-71 Old Type=I/O New Type=Input
Change Pin Electrical: Pin=U1A-71 Old Type=I/O New Type=Input
Change Pin Electrical: Pin=U1A-71 Old Type=I/O New Type=Input
Change Pin Electrical: Pin=U1A-71 Old Type=I/O New Type=Input
Change Pin Electrical: Pin=U1A-71 Old Type=I/O New Type=Input
Change Pin Electrical: Pin=U1A-71 Old Type=I/O New Type=Input
Change Pin Electrical: Pin=U1A-72 Old Type=I/O New Type=Input
Change Pin Electrical: Pin=U1A-72 Old Type=I/O New Type=Input
Change Pin Electrical: Pin=U1A-72 Old Type=I/O New Type=Input
Change Pin Electrical: Pin=U1A-72 Old Type=I/O New Type=Input
Change Pin Electrical: Pin=U1A-72 Old Type=I/O New Type=Input
Change Pin Electrical: Pin=U1A-72 Old Type=I/O New Type=Input
Change Pin Electrical: Pin=U1A-72 Old Type=I/O New Type=Input
Change Pin Electrical: Pin=U1A-72 Old Type=I/O New Type=Input
Change Pin Electrical: Pin=U1A-72 Old Type=I/O New Type=Input
Change Pin Electrical: Pin=U1A-72 Old Type=I/O New Type=Input
Change Pin Electrical: Pin=U1A-72 Old Type=I/O New Type=Input
Change Pin Electrical: Pin=U1B-75 Old Type=I/O New Type=Output
Change Pin Electrical: Pin=U1B-75 Old Type=I/O New Type=Output
Change Pin Electrical: Pin=U1B-75 Old Type=I/O New Type=Output
Change Pin Electrical: Pin=U1B-75 Old Type=I/O New Type=Output
Change Pin Electrical: Pin=U1B-75 Old Type=I/O New Type=Output
Change Pin Electrical: Pin=U1B-75 Old Type=I/O New Type=Output
Change Pin Electrical: Pin=U1B-75 Old Type=I/O New Type=Output
Change Pin Electrical: Pin=U1B-75 Old Type=I/O New Type=Output
Change Pin Electrical: Pin=U1B-75 Old Type=I/O New Type=Output
Change Pin Electrical: Pin=U1B-75 Old Type=I/O New Type=Output
Change Pin Electrical: Pin=U1B-75 Old Type=I/O New Type=Output
Change Pin Electrical: Pin=U1B-76 Old Type=I/O New Type=Input
Change Pin Electrical: Pin=U1B-76 Old Type=I/O New Type=Input
Change Pin Electrical: Pin=U1B-76 Old Type=I/O New Type=Input
Change Pin Electrical: Pin=U1B-76 Old Type=I/O New Type=Input
Change Pin Electrical: Pin=U1B-76 Old Type=I/O New Type=Input
Change Pin Electrical: Pin=U1B-76 Old Type=I/O New Type=Input
Change Pin Electrical: Pin=U1B-76 Old Type=I/O New Type=Input
Change Pin Electrical: Pin=U1B-76 Old Type=I/O New Type=Input
Change Pin Electrical: Pin=U1B-76 Old Type=I/O New Type=Input
Change Pin Electrical: Pin=U1B-76 Old Type=I/O New Type=Input
Change Pin Electrical: Pin=U1B-76 Old Type=I/O New Type=Input
Change Pin Electrical: Pin=U1B-77 Old Type=I/O New Type=Input
Change Pin Electrical: Pin=U1B-77 Old Type=I/O New Type=Input
Change Pin Electrical: Pin=U1B-77 Old Type=I/O New Type=Input
Change Pin Electrical: Pin=U1B-77 Old Type=I/O New Type=Input
Change Pin Electrical: Pin=U1B-77 Old Type=I/O New Type=Input
Change Pin Electrical: Pin=U1B-77 Old Type=I/O New Type=Input
Change Pin Electrical: Pin=U1B-77 Old Type=I/O New Type=Input
Change Pin Electrical: Pin=U1B-77 Old Type=I/O New Type=Input
Change Pin Electrical: Pin=U1B-77 Old Type=I/O New Type=Input
Change Pin Electrical: Pin=U1B-77 Old Type=I/O New Type=Input
Change Pin Electrical: Pin=U1B-77 Old Type=I/O New Type=Input
Change Pin Electrical: Pin=U1B-78 Old Type=I/O New Type=Output
Change Pin Electrical: Pin=U1B-78 Old Type=I/O New Type=Output
Change Pin Electrical: Pin=U1B-78 Old Type=I/O New Type=Output
Change Pin Electrical: Pin=U1B-78 Old Type=I/O New Type=Output
Change Pin Electrical: Pin=U1B-78 Old Type=I/O New Type=Output
Change Pin Electrical: Pin=U1B-78 Old Type=I/O New Type=Output
Change Pin Electrical: Pin=U1B-78 Old Type=I/O New Type=Output
Change Pin Electrical: Pin=U1B-78 Old Type=I/O New Type=Output
Change Pin Electrical: Pin=U1B-78 Old Type=I/O New Type=Output
Change Pin Electrical: Pin=U1B-78 Old Type=I/O New Type=Output
Change Pin Electrical: Pin=U1B-78 Old Type=I/O New Type=Output
Change Pin Electrical: Pin=U1B-79 Old Type=I/O New Type=Input
Change Pin Electrical: Pin=U1B-79 Old Type=I/O New Type=Input
Change Pin Electrical: Pin=U1B-79 Old Type=I/O New Type=Input
Change Pin Electrical: Pin=U1B-79 Old Type=I/O New Type=Input
Change Pin Electrical: Pin=U1B-79 Old Type=I/O New Type=Input
Change Pin Electrical: Pin=U1B-79 Old Type=I/O New Type=Input
Change Pin Electrical: Pin=U1B-79 Old Type=I/O New Type=Input
Change Pin Electrical: Pin=U1B-79 Old Type=I/O New Type=Input
Change Pin Electrical: Pin=U1B-79 Old Type=I/O New Type=Input
Change Pin Electrical: Pin=U1B-79 Old Type=I/O New Type=Input
Change Pin Electrical: Pin=U1B-79 Old Type=I/O New Type=Input
Change Pin Electrical: Pin=U1B-80 Old Type=I/O New Type=Input
Change Pin Electrical: Pin=U1B-80 Old Type=I/O New Type=Input
Change Pin Electrical: Pin=U1B-80 Old Type=I/O New Type=Input
Change Pin Electrical: Pin=U1B-80 Old Type=I/O New Type=Input
Change Pin Electrical: Pin=U1B-80 Old Type=I/O New Type=Input
Change Pin Electrical: Pin=U1B-80 Old Type=I/O New Type=Input
Change Pin Electrical: Pin=U1B-80 Old Type=I/O New Type=Input
Change Pin Electrical: Pin=U1B-80 Old Type=I/O New Type=Input
Change Pin Electrical: Pin=U1B-80 Old Type=I/O New Type=Input
Change Pin Electrical: Pin=U1B-80 Old Type=I/O New Type=Input
Change Pin Electrical: Pin=U1B-80 Old Type=I/O New Type=Input
Change Pin Electrical: Pin=U1B-81 Old Type=I/O New Type=Output
Change Pin Electrical: Pin=U1B-81 Old Type=I/O New Type=Output
Change Pin Electrical: Pin=U1B-81 Old Type=I/O New Type=Output
Change Pin Electrical: Pin=U1B-81 Old Type=I/O New Type=Output
Change Pin Electrical: Pin=U1B-81 Old Type=I/O New Type=Output
Change Pin Electrical: Pin=U1B-81 Old Type=I/O New Type=Output
Change Pin Electrical: Pin=U1B-81 Old Type=I/O New Type=Output
Change Pin Electrical: Pin=U1B-81 Old Type=I/O New Type=Output
Change Pin Electrical: Pin=U1B-81 Old Type=I/O New Type=Output
Change Pin Electrical: Pin=U1B-81 Old Type=I/O New Type=Output
Change Pin Electrical: Pin=U1B-81 Old Type=I/O New Type=Output
Change Pin Electrical: Pin=U1B-83 Old Type=I/O New Type=Input
Change Pin Electrical: Pin=U1B-83 Old Type=I/O New Type=Input
Change Pin Electrical: Pin=U1B-83 Old Type=I/O New Type=Input
Change Pin Electrical: Pin=U1B-83 Old Type=I/O New Type=Input
Change Pin Electrical: Pin=U1B-83 Old Type=I/O New Type=Input
Change Pin Electrical: Pin=U1B-83 Old Type=I/O New Type=Input
Change Pin Electrical: Pin=U1B-83 Old Type=I/O New Type=Input
Change Pin Electrical: Pin=U1B-83 Old Type=I/O New Type=Input
Change Pin Electrical: Pin=U1B-83 Old Type=I/O New Type=Input
Change Pin Electrical: Pin=U1B-83 Old Type=I/O New Type=Input
Change Pin Electrical: Pin=U1B-83 Old Type=I/O New Type=Input
Change Pin Electrical: Pin=U1B-84 Old Type=I/O New Type=Input
Change Pin Electrical: Pin=U1B-84 Old Type=I/O New Type=Input
Change Pin Electrical: Pin=U1B-84 Old Type=I/O New Type=Input
Change Pin Electrical: Pin=U1B-84 Old Type=I/O New Type=Input
Change Pin Electrical: Pin=U1B-84 Old Type=I/O New Type=Input
Change Pin Electrical: Pin=U1B-84 Old Type=I/O New Type=Input
Change Pin Electrical: Pin=U1B-84 Old Type=I/O New Type=Input
Change Pin Electrical: Pin=U1B-84 Old Type=I/O New Type=Input
Change Pin Electrical: Pin=U1B-84 Old Type=I/O New Type=Input
Change Pin Electrical: Pin=U1B-84 Old Type=I/O New Type=Input
Change Pin Electrical: Pin=U1B-84 Old Type=I/O New Type=Input
Change Pin Electrical: Pin=U1B-85 Old Type=I/O New Type=Output
Change Pin Electrical: Pin=U1B-85 Old Type=I/O New Type=Output
Change Pin Electrical: Pin=U1B-85 Old Type=I/O New Type=Output
Change Pin Electrical: Pin=U1B-85 Old Type=I/O New Type=Output
Change Pin Electrical: Pin=U1B-85 Old Type=I/O New Type=Output
Change Pin Electrical: Pin=U1B-85 Old Type=I/O New Type=Output
Change Pin Electrical: Pin=U1B-85 Old Type=I/O New Type=Output
Change Pin Electrical: Pin=U1B-85 Old Type=I/O New Type=Output
Change Pin Electrical: Pin=U1B-85 Old Type=I/O New Type=Output
Change Pin Electrical: Pin=U1B-85 Old Type=I/O New Type=Output
Change Pin Electrical: Pin=U1B-85 Old Type=I/O New Type=Output
Change Pin Electrical: Pin=U1E-92 Old Type=I/O New Type=Output
Change Pin Electrical: Pin=U1E-92 Old Type=I/O New Type=Output
Change Pin Electrical: Pin=U1E-92 Old Type=I/O New Type=Output
Change Pin Electrical: Pin=U1E-92 Old Type=I/O New Type=Output
Change Pin Electrical: Pin=U1E-92 Old Type=I/O New Type=Output
Change Pin Electrical: Pin=U1E-92 Old Type=I/O New Type=Output
Change Pin Electrical: Pin=U1E-92 Old Type=I/O New Type=Output
Change Pin Electrical: Pin=U1E-92 Old Type=I/O New Type=Output
Change Pin Electrical: Pin=U1E-92 Old Type=I/O New Type=Output
Change Pin Electrical: Pin=U1E-92 Old Type=I/O New Type=Output
Change Pin Electrical: Pin=U1E-92 Old Type=I/O New Type=Output
Change Pin Electrical: Pin=U1E-93 Old Type=I/O New Type=Output
Change Pin Electrical: Pin=U1E-93 Old Type=I/O New Type=Output
Change Pin Electrical: Pin=U1E-93 Old Type=I/O New Type=Output
Change Pin Electrical: Pin=U1E-93 Old Type=I/O New Type=Output
Change Pin Electrical: Pin=U1E-93 Old Type=I/O New Type=Output
Change Pin Electrical: Pin=U1E-93 Old Type=I/O New Type=Output
Change Pin Electrical: Pin=U1E-93 Old Type=I/O New Type=Output
Change Pin Electrical: Pin=U1E-93 Old Type=I/O New Type=Output
Change Pin Electrical: Pin=U1E-93 Old Type=I/O New Type=Output
Change Pin Electrical: Pin=U1E-93 Old Type=I/O New Type=Output
Change Pin Electrical: Pin=U1E-93 Old Type=I/O New Type=Output
Change Pin Electrical: Pin=U1E-94 Old Type=I/O New Type=Output
Change Pin Electrical: Pin=U1E-94 Old Type=I/O New Type=Output
Change Pin Electrical: Pin=U1E-94 Old Type=I/O New Type=Output
Change Pin Electrical: Pin=U1E-94 Old Type=I/O New Type=Output
Change Pin Electrical: Pin=U1E-94 Old Type=I/O New Type=Output
Change Pin Electrical: Pin=U1E-94 Old Type=I/O New Type=Output
Change Pin Electrical: Pin=U1E-94 Old Type=I/O New Type=Output
Change Pin Electrical: Pin=U1E-94 Old Type=I/O New Type=Output
Change Pin Electrical: Pin=U1E-94 Old Type=I/O New Type=Output
Change Pin Electrical: Pin=U1E-94 Old Type=I/O New Type=Output
Change Pin Electrical: Pin=U1E-94 Old Type=I/O New Type=Output
Change Pin Electrical: Pin=U1E-96 Old Type=I/O New Type=Output
Change Pin Electrical: Pin=U1E-96 Old Type=I/O New Type=Output
Change Pin Electrical: Pin=U1E-96 Old Type=I/O New Type=Output
Change Pin Electrical: Pin=U1E-96 Old Type=I/O New Type=Output
Change Pin Electrical: Pin=U1E-96 Old Type=I/O New Type=Output
Change Pin Electrical: Pin=U1E-96 Old Type=I/O New Type=Output
Change Pin Electrical: Pin=U1E-96 Old Type=I/O New Type=Output
Change Pin Electrical: Pin=U1E-96 Old Type=I/O New Type=Output
Change Pin Electrical: Pin=U1E-96 Old Type=I/O New Type=Output
Change Pin Electrical: Pin=U1E-96 Old Type=I/O New Type=Output
Change Pin Electrical: Pin=U1E-96 Old Type=I/O New Type=Output
Change Pin Electrical: Pin=U1E-98 Old Type=I/O New Type=Output
Change Pin Electrical: Pin=U1E-98 Old Type=I/O New Type=Output
Change Pin Electrical: Pin=U1E-98 Old Type=I/O New Type=Output
Change Pin Electrical: Pin=U1E-98 Old Type=I/O New Type=Output
Change Pin Electrical: Pin=U1E-98 Old Type=I/O New Type=Output
Change Pin Electrical: Pin=U1E-98 Old Type=I/O New Type=Output
Change Pin Electrical: Pin=U1E-98 Old Type=I/O New Type=Output
Change Pin Electrical: Pin=U1E-98 Old Type=I/O New Type=Output
Change Pin Electrical: Pin=U1E-98 Old Type=I/O New Type=Output
Change Pin Electrical: Pin=U1E-98 Old Type=I/O New Type=Output
Change Pin Electrical: Pin=U1E-98 Old Type=I/O New Type=Output
