Change Pin Electrical: Pin=U1E-1 Old Type=I/O New Type=Input
Change Pin Electrical: Pin=U1E-1 Old Type=I/O New Type=Input
Change Pin Electrical: Pin=U1E-1 Old Type=I/O New Type=Input
Change Pin Electrical: Pin=U1E-1 Old Type=I/O New Type=Input
Change Pin Electrical: Pin=U1E-1 Old Type=I/O New Type=Input
Change Pin Electrical: Pin=U1E-1 Old Type=I/O New Type=Input
Change Pin Electrical: Pin=U1E-1 Old Type=I/O New Type=Input
Change Pin Electrical: Pin=U1E-1 Old Type=I/O New Type=Input
Change Pin Electrical: Pin=U1E-1 Old Type=I/O New Type=Input
Change Pin Electrical: Pin=U1E-1 Old Type=I/O New Type=Input
Change Pin Electrical: Pin=U1E-1 Old Type=I/O New Type=Input
Change Pin Electrical: Pin=U1E-2 Old Type=I/O New Type=Input
Change Pin Electrical: Pin=U1E-2 Old Type=I/O New Type=Input
Change Pin Electrical: Pin=U1E-2 Old Type=I/O New Type=Input
Change Pin Electrical: Pin=U1E-2 Old Type=I/O New Type=Input
Change Pin Electrical: Pin=U1E-2 Old Type=I/O New Type=Input
Change Pin Electrical: Pin=U1E-2 Old Type=I/O New Type=Input
Change Pin Electrical: Pin=U1E-2 Old Type=I/O New Type=Input
Change Pin Electrical: Pin=U1E-2 Old Type=I/O New Type=Input
Change Pin Electrical: Pin=U1E-2 Old Type=I/O New Type=Input
Change Pin Electrical: Pin=U1E-2 Old Type=I/O New Type=Input
Change Pin Electrical: Pin=U1E-2 Old Type=I/O New Type=Input
Change Pin Electrical: Pin=U1F-4 Old Type=I/O New Type=Input
Change Pin Electrical: Pin=U1F-4 Old Type=I/O New Type=Input
Change Pin Electrical: Pin=U1F-4 Old Type=I/O New Type=Input
Change Pin Electrical: Pin=U1F-4 Old Type=I/O New Type=Input
Change Pin Electrical: Pin=U1F-4 Old Type=I/O New Type=Input
Change Pin Electrical: Pin=U1F-4 Old Type=I/O New Type=Input
Change Pin Electrical: Pin=U1F-4 Old Type=I/O New Type=Input
Change Pin Electrical: Pin=U1F-4 Old Type=I/O New Type=Input
Change Pin Electrical: Pin=U1F-4 Old Type=I/O New Type=Input
Change Pin Electrical: Pin=U1F-4 Old Type=I/O New Type=Input
Change Pin Electrical: Pin=U1F-4 Old Type=I/O New Type=Input
Change Pin Electrical: Pin=U1F-10 Old Type=I/O New Type=Output
Change Pin Electrical: Pin=U1F-10 Old Type=I/O New Type=Output
Change Pin Electrical: Pin=U1F-10 Old Type=I/O New Type=Output
Change Pin Electrical: Pin=U1F-10 Old Type=I/O New Type=Output
Change Pin Electrical: Pin=U1F-10 Old Type=I/O New Type=Output
Change Pin Electrical: Pin=U1F-10 Old Type=I/O New Type=Output
Change Pin Electrical: Pin=U1F-10 Old Type=I/O New Type=Output
Change Pin Electrical: Pin=U1F-10 Old Type=I/O New Type=Output
Change Pin Electrical: Pin=U1F-10 Old Type=I/O New Type=Output
Change Pin Electrical: Pin=U1F-10 Old Type=I/O New Type=Output
Change Pin Electrical: Pin=U1F-10 Old Type=I/O New Type=Output
Change Pin Electrical: Pin=U1F-12 Old Type=I/O New Type=Output
Change Pin Electrical: Pin=U1F-12 Old Type=I/O New Type=Output
Change Pin Electrical: Pin=U1F-12 Old Type=I/O New Type=Output
Change Pin Electrical: Pin=U1F-12 Old Type=I/O New Type=Output
Change Pin Electrical: Pin=U1F-12 Old Type=I/O New Type=Output
Change Pin Electrical: Pin=U1F-12 Old Type=I/O New Type=Output
Change Pin Electrical: Pin=U1F-12 Old Type=I/O New Type=Output
Change Pin Electrical: Pin=U1F-12 Old Type=I/O New Type=Output
Change Pin Electrical: Pin=U1F-12 Old Type=I/O New Type=Output
Change Pin Electrical: Pin=U1F-12 Old Type=I/O New Type=Output
Change Pin Electrical: Pin=U1F-12 Old Type=I/O New Type=Output
Change Pin Electrical: Pin=U1F-13 Old Type=I/O New Type=Output
Change Pin Electrical: Pin=U1F-13 Old Type=I/O New Type=Output
Change Pin Electrical: Pin=U1F-13 Old Type=I/O New Type=Output
Change Pin Electrical: Pin=U1F-13 Old Type=I/O New Type=Output
Change Pin Electrical: Pin=U1F-13 Old Type=I/O New Type=Output
Change Pin Electrical: Pin=U1F-13 Old Type=I/O New Type=Output
Change Pin Electrical: Pin=U1F-13 Old Type=I/O New Type=Output
Change Pin Electrical: Pin=U1F-13 Old Type=I/O New Type=Output
Change Pin Electrical: Pin=U1F-13 Old Type=I/O New Type=Output
Change Pin Electrical: Pin=U1F-13 Old Type=I/O New Type=Output
Change Pin Electrical: Pin=U1F-13 Old Type=I/O New Type=Output
Change Pin Electrical: Pin=U1F-14 Old Type=I/O New Type=Input
Change Pin Electrical: Pin=U1F-14 Old Type=I/O New Type=Input
Change Pin Electrical: Pin=U1F-14 Old Type=I/O New Type=Input
Change Pin Electrical: Pin=U1F-14 Old Type=I/O New Type=Input
Change Pin Electrical: Pin=U1F-14 Old Type=I/O New Type=Input
Change Pin Electrical: Pin=U1F-14 Old Type=I/O New Type=Input
Change Pin Electrical: Pin=U1F-14 Old Type=I/O New Type=Input
Change Pin Electrical: Pin=U1F-14 Old Type=I/O New Type=Input
Change Pin Electrical: Pin=U1F-14 Old Type=I/O New Type=Input
Change Pin Electrical: Pin=U1F-14 Old Type=I/O New Type=Input
Change Pin Electrical: Pin=U1F-14 Old Type=I/O New Type=Input
Change Pin Electrical: Pin=U1H-15 Old Type=I/O New Type=Input
Change Pin Electrical: Pin=U1H-15 Old Type=I/O New Type=Input
Change Pin Electrical: Pin=U1H-15 Old Type=I/O New Type=Input
Change Pin Electrical: Pin=U1H-15 Old Type=I/O New Type=Input
Change Pin Electrical: Pin=U1H-15 Old Type=I/O New Type=Input
Change Pin Electrical: Pin=U1H-15 Old Type=I/O New Type=Input
Change Pin Electrical: Pin=U1H-15 Old Type=I/O New Type=Input
Change Pin Electrical: Pin=U1H-15 Old Type=I/O New Type=Input
Change Pin Electrical: Pin=U1H-15 Old Type=I/O New Type=Input
Change Pin Electrical: Pin=U1H-15 Old Type=I/O New Type=Input
Change Pin Electrical: Pin=U1H-15 Old Type=I/O New Type=Input
Change Pin Electrical: Pin=U1H-16 Old Type=I/O New Type=Input
Change Pin Electrical: Pin=U1H-16 Old Type=I/O New Type=Input
Change Pin Electrical: Pin=U1H-16 Old Type=I/O New Type=Input
Change Pin Electrical: Pin=U1H-16 Old Type=I/O New Type=Input
Change Pin Electrical: Pin=U1H-16 Old Type=I/O New Type=Input
Change Pin Electrical: Pin=U1H-16 Old Type=I/O New Type=Input
Change Pin Electrical: Pin=U1H-16 Old Type=I/O New Type=Input
Change Pin Electrical: Pin=U1H-16 Old Type=I/O New Type=Input
Change Pin Electrical: Pin=U1H-16 Old Type=I/O New Type=Input
Change Pin Electrical: Pin=U1H-16 Old Type=I/O New Type=Input
Change Pin Electrical: Pin=U1H-16 Old Type=I/O New Type=Input
Change Pin Electrical: Pin=U1H-17 Old Type=I/O New Type=Input
Change Pin Electrical: Pin=U1H-17 Old Type=I/O New Type=Input
Change Pin Electrical: Pin=U1H-17 Old Type=I/O New Type=Input
Change Pin Electrical: Pin=U1H-17 Old Type=I/O New Type=Input
Change Pin Electrical: Pin=U1H-17 Old Type=I/O New Type=Input
Change Pin Electrical: Pin=U1H-17 Old Type=I/O New Type=Input
Change Pin Electrical: Pin=U1H-17 Old Type=I/O New Type=Input
Change Pin Electrical: Pin=U1H-17 Old Type=I/O New Type=Input
Change Pin Electrical: Pin=U1H-17 Old Type=I/O New Type=Input
Change Pin Electrical: Pin=U1H-17 Old Type=I/O New Type=Input
Change Pin Electrical: Pin=U1H-17 Old Type=I/O New Type=Input
Change Pin Electrical: Pin=U1H-19 Old Type=I/O New Type=Input
Change Pin Electrical: Pin=U1H-19 Old Type=I/O New Type=Input
Change Pin Electrical: Pin=U1H-19 Old Type=I/O New Type=Input
Change Pin Electrical: Pin=U1H-19 Old Type=I/O New Type=Input
Change Pin Electrical: Pin=U1H-19 Old Type=I/O New Type=Input
Change Pin Electrical: Pin=U1H-19 Old Type=I/O New Type=Input
Change Pin Electrical: Pin=U1H-19 Old Type=I/O New Type=Input
Change Pin Electrical: Pin=U1H-19 Old Type=I/O New Type=Input
Change Pin Electrical: Pin=U1H-19 Old Type=I/O New Type=Input
Change Pin Electrical: Pin=U1H-19 Old Type=I/O New Type=Input
Change Pin Electrical: Pin=U1H-19 Old Type=I/O New Type=Input
Change Pin Electrical: Pin=U1H-20 Old Type=I/O New Type=Input
Change Pin Electrical: Pin=U1H-20 Old Type=I/O New Type=Input
Change Pin Electrical: Pin=U1H-20 Old Type=I/O New Type=Input
Change Pin Electrical: Pin=U1H-20 Old Type=I/O New Type=Input
Change Pin Electrical: Pin=U1H-20 Old Type=I/O New Type=Input
Change Pin Electrical: Pin=U1H-20 Old Type=I/O New Type=Input
Change Pin Electrical: Pin=U1H-20 Old Type=I/O New Type=Input
Change Pin Electrical: Pin=U1H-20 Old Type=I/O New Type=Input
Change Pin Electrical: Pin=U1H-20 Old Type=I/O New Type=Input
Change Pin Electrical: Pin=U1H-20 Old Type=I/O New Type=Input
Change Pin Electrical: Pin=U1H-20 Old Type=I/O New Type=Input
Change Pin Electrical: Pin=U1H-21 Old Type=I/O New Type=Input
Change Pin Electrical: Pin=U1H-21 Old Type=I/O New Type=Input
Change Pin Electrical: Pin=U1H-21 Old Type=I/O New Type=Input
Change Pin Electrical: Pin=U1H-21 Old Type=I/O New Type=Input
Change Pin Electrical: Pin=U1H-21 Old Type=I/O New Type=Input
Change Pin Electrical: Pin=U1H-21 Old Type=I/O New Type=Input
Change Pin Electrical: Pin=U1H-21 Old Type=I/O New Type=Input
Change Pin Electrical: Pin=U1H-21 Old Type=I/O New Type=Input
Change Pin Electrical: Pin=U1H-21 Old Type=I/O New Type=Input
Change Pin Electrical: Pin=U1H-21 Old Type=I/O New Type=Input
Change Pin Electrical: Pin=U1H-21 Old Type=I/O New Type=Input
Change Pin Electrical: Pin=U1H-22 Old Type=I/O New Type=Input
Change Pin Electrical: Pin=U1H-22 Old Type=I/O New Type=Input
Change Pin Electrical: Pin=U1H-22 Old Type=I/O New Type=Input
Change Pin Electrical: Pin=U1H-22 Old Type=I/O New Type=Input
Change Pin Electrical: Pin=U1H-22 Old Type=I/O New Type=Input
Change Pin Electrical: Pin=U1H-22 Old Type=I/O New Type=Input
Change Pin Electrical: Pin=U1H-22 Old Type=I/O New Type=Input
Change Pin Electrical: Pin=U1H-22 Old Type=I/O New Type=Input
Change Pin Electrical: Pin=U1H-22 Old Type=I/O New Type=Input
Change Pin Electrical: Pin=U1H-22 Old Type=I/O New Type=Input
Change Pin Electrical: Pin=U1H-22 Old Type=I/O New Type=Input
Change Pin Electrical: Pin=U1H-23 Old Type=I/O New Type=Output
Change Pin Electrical: Pin=U1H-23 Old Type=I/O New Type=Output
Change Pin Electrical: Pin=U1H-23 Old Type=I/O New Type=Output
Change Pin Electrical: Pin=U1H-23 Old Type=I/O New Type=Output
Change Pin Electrical: Pin=U1H-23 Old Type=I/O New Type=Output
Change Pin Electrical: Pin=U1H-23 Old Type=I/O New Type=Output
Change Pin Electrical: Pin=U1H-23 Old Type=I/O New Type=Output
Change Pin Electrical: Pin=U1H-23 Old Type=I/O New Type=Output
Change Pin Electrical: Pin=U1H-23 Old Type=I/O New Type=Output
Change Pin Electrical: Pin=U1H-23 Old Type=I/O New Type=Output
Change Pin Electrical: Pin=U1H-23 Old Type=I/O New Type=Output
Change Pin Electrical: Pin=U1H-24 Old Type=I/O New Type=Output
Change Pin Electrical: Pin=U1H-24 Old Type=I/O New Type=Output
Change Pin Electrical: Pin=U1H-24 Old Type=I/O New Type=Output
Change Pin Electrical: Pin=U1H-24 Old Type=I/O New Type=Output
Change Pin Electrical: Pin=U1H-24 Old Type=I/O New Type=Output
Change Pin Electrical: Pin=U1H-24 Old Type=I/O New Type=Output
Change Pin Electrical: Pin=U1H-24 Old Type=I/O New Type=Output
Change Pin Electrical: Pin=U1H-24 Old Type=I/O New Type=Output
Change Pin Electrical: Pin=U1H-24 Old Type=I/O New Type=Output
Change Pin Electrical: Pin=U1H-24 Old Type=I/O New Type=Output
Change Pin Electrical: Pin=U1H-24 Old Type=I/O New Type=Output
Change Pin Electrical: Pin=U1H-25 Old Type=I/O New Type=Output
Change Pin Electrical: Pin=U1H-25 Old Type=I/O New Type=Output
Change Pin Electrical: Pin=U1H-25 Old Type=I/O New Type=Output
Change Pin Electrical: Pin=U1H-25 Old Type=I/O New Type=Output
Change Pin Electrical: Pin=U1H-25 Old Type=I/O New Type=Output
Change Pin Electrical: Pin=U1H-25 Old Type=I/O New Type=Output
Change Pin Electrical: Pin=U1H-25 Old Type=I/O New Type=Output
Change Pin Electrical: Pin=U1H-25 Old Type=I/O New Type=Output
Change Pin Electrical: Pin=U1H-25 Old Type=I/O New Type=Output
Change Pin Electrical: Pin=U1H-25 Old Type=I/O New Type=Output
Change Pin Electrical: Pin=U1H-25 Old Type=I/O New Type=Output
Change Pin Electrical: Pin=U1G-27 Old Type=I/O New Type=Output
Change Pin Electrical: Pin=U1G-27 Old Type=I/O New Type=Output
Change Pin Electrical: Pin=U1G-27 Old Type=I/O New Type=Output
Change Pin Electrical: Pin=U1G-27 Old Type=I/O New Type=Output
Change Pin Electrical: Pin=U1G-27 Old Type=I/O New Type=Output
Change Pin Electrical: Pin=U1G-27 Old Type=I/O New Type=Output
Change Pin Electrical: Pin=U1G-27 Old Type=I/O New Type=Output
Change Pin Electrical: Pin=U1G-27 Old Type=I/O New Type=Output
Change Pin Electrical: Pin=U1G-27 Old Type=I/O New Type=Output
Change Pin Electrical: Pin=U1G-27 Old Type=I/O New Type=Output
Change Pin Electrical: Pin=U1G-27 Old Type=I/O New Type=Output
Change Pin Electrical: Pin=U1G-28 Old Type=I/O New Type=Output
Change Pin Electrical: Pin=U1G-28 Old Type=I/O New Type=Output
Change Pin Electrical: Pin=U1G-28 Old Type=I/O New Type=Output
Change Pin Electrical: Pin=U1G-28 Old Type=I/O New Type=Output
Change Pin Electrical: Pin=U1G-28 Old Type=I/O New Type=Output
Change Pin Electrical: Pin=U1G-28 Old Type=I/O New Type=Output
Change Pin Electrical: Pin=U1G-28 Old Type=I/O New Type=Output
Change Pin Electrical: Pin=U1G-28 Old Type=I/O New Type=Output
Change Pin Electrical: Pin=U1G-28 Old Type=I/O New Type=Output
Change Pin Electrical: Pin=U1G-28 Old Type=I/O New Type=Output
Change Pin Electrical: Pin=U1G-28 Old Type=I/O New Type=Output
Change Pin Electrical: Pin=U1G-29 Old Type=I/O New Type=Output
Change Pin Electrical: Pin=U1G-29 Old Type=I/O New Type=Output
Change Pin Electrical: Pin=U1G-29 Old Type=I/O New Type=Output
Change Pin Electrical: Pin=U1G-29 Old Type=I/O New Type=Output
Change Pin Electrical: Pin=U1G-29 Old Type=I/O New Type=Output
Change Pin Electrical: Pin=U1G-29 Old Type=I/O New Type=Output
Change Pin Electrical: Pin=U1G-29 Old Type=I/O New Type=Output
Change Pin Electrical: Pin=U1G-29 Old Type=I/O New Type=Output
Change Pin Electrical: Pin=U1G-29 Old Type=I/O New Type=Output
Change Pin Electrical: Pin=U1G-29 Old Type=I/O New Type=Output
Change Pin Electrical: Pin=U1G-29 Old Type=I/O New Type=Output
Change Pin Electrical: Pin=U1G-30 Old Type=I/O New Type=Output
Change Pin Electrical: Pin=U1G-30 Old Type=I/O New Type=Output
Change Pin Electrical: Pin=U1G-30 Old Type=I/O New Type=Output
Change Pin Electrical: Pin=U1G-30 Old Type=I/O New Type=Output
Change Pin Electrical: Pin=U1G-30 Old Type=I/O New Type=Output
Change Pin Electrical: Pin=U1G-30 Old Type=I/O New Type=Output
Change Pin Electrical: Pin=U1G-30 Old Type=I/O New Type=Output
Change Pin Electrical: Pin=U1G-30 Old Type=I/O New Type=Output
Change Pin Electrical: Pin=U1G-30 Old Type=I/O New Type=Output
Change Pin Electrical: Pin=U1G-30 Old Type=I/O New Type=Output
Change Pin Electrical: Pin=U1G-30 Old Type=I/O New Type=Output
Change Pin Electrical: Pin=U1G-31 Old Type=I/O New Type=Output
Change Pin Electrical: Pin=U1G-31 Old Type=I/O New Type=Output
Change Pin Electrical: Pin=U1G-31 Old Type=I/O New Type=Output
Change Pin Electrical: Pin=U1G-31 Old Type=I/O New Type=Output
Change Pin Electrical: Pin=U1G-31 Old Type=I/O New Type=Output
Change Pin Electrical: Pin=U1G-31 Old Type=I/O New Type=Output
Change Pin Electrical: Pin=U1G-31 Old Type=I/O New Type=Output
Change Pin Electrical: Pin=U1G-31 Old Type=I/O New Type=Output
Change Pin Electrical: Pin=U1G-31 Old Type=I/O New Type=Output
Change Pin Electrical: Pin=U1G-31 Old Type=I/O New Type=Output
Change Pin Electrical: Pin=U1G-31 Old Type=I/O New Type=Output
Change Pin Electrical: Pin=U1G-32 Old Type=I/O New Type=Output
Change Pin Electrical: Pin=U1G-32 Old Type=I/O New Type=Output
Change Pin Electrical: Pin=U1G-32 Old Type=I/O New Type=Output
Change Pin Electrical: Pin=U1G-32 Old Type=I/O New Type=Output
Change Pin Electrical: Pin=U1G-32 Old Type=I/O New Type=Output
Change Pin Electrical: Pin=U1G-32 Old Type=I/O New Type=Output
Change Pin Electrical: Pin=U1G-32 Old Type=I/O New Type=Output
Change Pin Electrical: Pin=U1G-32 Old Type=I/O New Type=Output
Change Pin Electrical: Pin=U1G-32 Old Type=I/O New Type=Output
Change Pin Electrical: Pin=U1G-32 Old Type=I/O New Type=Output
Change Pin Electrical: Pin=U1G-32 Old Type=I/O New Type=Output
Change Pin Electrical: Pin=U1G-33 Old Type=I/O New Type=Output
Change Pin Electrical: Pin=U1G-33 Old Type=I/O New Type=Output
Change Pin Electrical: Pin=U1G-33 Old Type=I/O New Type=Output
Change Pin Electrical: Pin=U1G-33 Old Type=I/O New Type=Output
Change Pin Electrical: Pin=U1G-33 Old Type=I/O New Type=Output
Change Pin Electrical: Pin=U1G-33 Old Type=I/O New Type=Output
Change Pin Electrical: Pin=U1G-33 Old Type=I/O New Type=Output
Change Pin Electrical: Pin=U1G-33 Old Type=I/O New Type=Output
Change Pin Electrical: Pin=U1G-33 Old Type=I/O New Type=Output
Change Pin Electrical: Pin=U1G-33 Old Type=I/O New Type=Output
Change Pin Electrical: Pin=U1G-33 Old Type=I/O New Type=Output
Change Pin Electrical: Pin=U1G-35 Old Type=I/O New Type=Input
Change Pin Electrical: Pin=U1G-35 Old Type=I/O New Type=Input
Change Pin Electrical: Pin=U1G-35 Old Type=I/O New Type=Input
Change Pin Electrical: Pin=U1G-35 Old Type=I/O New Type=Input
Change Pin Electrical: Pin=U1G-35 Old Type=I/O New Type=Input
Change Pin Electrical: Pin=U1G-35 Old Type=I/O New Type=Input
Change Pin Electrical: Pin=U1G-35 Old Type=I/O New Type=Input
Change Pin Electrical: Pin=U1G-35 Old Type=I/O New Type=Input
Change Pin Electrical: Pin=U1G-35 Old Type=I/O New Type=Input
Change Pin Electrical: Pin=U1G-35 Old Type=I/O New Type=Input
Change Pin Electrical: Pin=U1G-35 Old Type=I/O New Type=Input
Change Pin Electrical: Pin=U1G-36 Old Type=I/O New Type=Input
Change Pin Electrical: Pin=U1G-36 Old Type=I/O New Type=Input
Change Pin Electrical: Pin=U1G-36 Old Type=I/O New Type=Input
Change Pin Electrical: Pin=U1G-36 Old Type=I/O New Type=Input
Change Pin Electrical: Pin=U1G-36 Old Type=I/O New Type=Input
Change Pin Electrical: Pin=U1G-36 Old Type=I/O New Type=Input
Change Pin Electrical: Pin=U1G-36 Old Type=I/O New Type=Input
Change Pin Electrical: Pin=U1G-36 Old Type=I/O New Type=Input
Change Pin Electrical: Pin=U1G-36 Old Type=I/O New Type=Input
Change Pin Electrical: Pin=U1G-36 Old Type=I/O New Type=Input
Change Pin Electrical: Pin=U1G-36 Old Type=I/O New Type=Input
Change Pin Electrical: Pin=U1G-37 Old Type=I/O New Type=Input
Change Pin Electrical: Pin=U1G-37 Old Type=I/O New Type=Input
Change Pin Electrical: Pin=U1G-37 Old Type=I/O New Type=Input
Change Pin Electrical: Pin=U1G-37 Old Type=I/O New Type=Input
Change Pin Electrical: Pin=U1G-37 Old Type=I/O New Type=Input
Change Pin Electrical: Pin=U1G-37 Old Type=I/O New Type=Input
Change Pin Electrical: Pin=U1G-37 Old Type=I/O New Type=Input
Change Pin Electrical: Pin=U1G-37 Old Type=I/O New Type=Input
Change Pin Electrical: Pin=U1G-37 Old Type=I/O New Type=Input
Change Pin Electrical: Pin=U1G-37 Old Type=I/O New Type=Input
Change Pin Electrical: Pin=U1G-37 Old Type=I/O New Type=Input
Change Pin Electrical: Pin=U1D-40 Old Type=I/O New Type=Input
Change Pin Electrical: Pin=U1D-40 Old Type=I/O New Type=Input
Change Pin Electrical: Pin=U1D-40 Old Type=I/O New Type=Input
Change Pin Electrical: Pin=U1D-40 Old Type=I/O New Type=Input
Change Pin Electrical: Pin=U1D-40 Old Type=I/O New Type=Input
Change Pin Electrical: Pin=U1D-40 Old Type=I/O New Type=Input
Change Pin Electrical: Pin=U1D-40 Old Type=I/O New Type=Input
Change Pin Electrical: Pin=U1D-40 Old Type=I/O New Type=Input
Change Pin Electrical: Pin=U1D-40 Old Type=I/O New Type=Input
Change Pin Electrical: Pin=U1D-40 Old Type=I/O New Type=Input
Change Pin Electrical: Pin=U1D-40 Old Type=I/O New Type=Input
Change Pin Electrical: Pin=U1D-41 Old Type=I/O New Type=Input
Change Pin Electrical: Pin=U1D-41 Old Type=I/O New Type=Input
Change Pin Electrical: Pin=U1D-41 Old Type=I/O New Type=Input
Change Pin Electrical: Pin=U1D-41 Old Type=I/O New Type=Input
Change Pin Electrical: Pin=U1D-41 Old Type=I/O New Type=Input
Change Pin Electrical: Pin=U1D-41 Old Type=I/O New Type=Input
Change Pin Electrical: Pin=U1D-41 Old Type=I/O New Type=Input
Change Pin Electrical: Pin=U1D-41 Old Type=I/O New Type=Input
Change Pin Electrical: Pin=U1D-41 Old Type=I/O New Type=Input
Change Pin Electrical: Pin=U1D-41 Old Type=I/O New Type=Input
Change Pin Electrical: Pin=U1D-41 Old Type=I/O New Type=Input
Change Pin Electrical: Pin=U1D-42 Old Type=I/O New Type=Input
Change Pin Electrical: Pin=U1D-42 Old Type=I/O New Type=Input
Change Pin Electrical: Pin=U1D-42 Old Type=I/O New Type=Input
Change Pin Electrical: Pin=U1D-42 Old Type=I/O New Type=Input
Change Pin Electrical: Pin=U1D-42 Old Type=I/O New Type=Input
Change Pin Electrical: Pin=U1D-42 Old Type=I/O New Type=Input
Change Pin Electrical: Pin=U1D-42 Old Type=I/O New Type=Input
Change Pin Electrical: Pin=U1D-42 Old Type=I/O New Type=Input
Change Pin Electrical: Pin=U1D-42 Old Type=I/O New Type=Input
Change Pin Electrical: Pin=U1D-42 Old Type=I/O New Type=Input
Change Pin Electrical: Pin=U1D-42 Old Type=I/O New Type=Input
Change Pin Electrical: Pin=U1D-44 Old Type=I/O New Type=Input
Change Pin Electrical: Pin=U1D-44 Old Type=I/O New Type=Input
Change Pin Electrical: Pin=U1D-44 Old Type=I/O New Type=Input
Change Pin Electrical: Pin=U1D-44 Old Type=I/O New Type=Input
Change Pin Electrical: Pin=U1D-44 Old Type=I/O New Type=Input
Change Pin Electrical: Pin=U1D-44 Old Type=I/O New Type=Input
Change Pin Electrical: Pin=U1D-44 Old Type=I/O New Type=Input
Change Pin Electrical: Pin=U1D-44 Old Type=I/O New Type=Input
Change Pin Electrical: Pin=U1D-44 Old Type=I/O New Type=Input
Change Pin Electrical: Pin=U1D-44 Old Type=I/O New Type=Input
Change Pin Electrical: Pin=U1D-44 Old Type=I/O New Type=Input
Change Pin Electrical: Pin=U1D-45 Old Type=I/O New Type=Input
Change Pin Electrical: Pin=U1D-45 Old Type=I/O New Type=Input
Change Pin Electrical: Pin=U1D-45 Old Type=I/O New Type=Input
Change Pin Electrical: Pin=U1D-45 Old Type=I/O New Type=Input
Change Pin Electrical: Pin=U1D-45 Old Type=I/O New Type=Input
Change Pin Electrical: Pin=U1D-45 Old Type=I/O New Type=Input
Change Pin Electrical: Pin=U1D-45 Old Type=I/O New Type=Input
Change Pin Electrical: Pin=U1D-45 Old Type=I/O New Type=Input
Change Pin Electrical: Pin=U1D-45 Old Type=I/O New Type=Input
Change Pin Electrical: Pin=U1D-45 Old Type=I/O New Type=Input
Change Pin Electrical: Pin=U1D-45 Old Type=I/O New Type=Input
Change Pin Electrical: Pin=U1C-62 Old Type=I/O New Type=Input
Change Pin Electrical: Pin=U1C-62 Old Type=I/O New Type=Input
Change Pin Electrical: Pin=U1C-62 Old Type=I/O New Type=Input
Change Pin Electrical: Pin=U1C-62 Old Type=I/O New Type=Input
Change Pin Electrical: Pin=U1C-62 Old Type=I/O New Type=Input
Change Pin Electrical: Pin=U1C-62 Old Type=I/O New Type=Input
Change Pin Electrical: Pin=U1C-62 Old Type=I/O New Type=Input
Change Pin Electrical: Pin=U1C-62 Old Type=I/O New Type=Input
Change Pin Electrical: Pin=U1C-62 Old Type=I/O New Type=Input
Change Pin Electrical: Pin=U1C-62 Old Type=I/O New Type=Input
Change Pin Electrical: Pin=U1C-62 Old Type=I/O New Type=Input
Change Pin Electrical: Pin=U1A-73 Old Type=I/O New Type=Input
Change Pin Electrical: Pin=U1A-73 Old Type=I/O New Type=Input
Change Pin Electrical: Pin=U1A-73 Old Type=I/O New Type=Input
Change Pin Electrical: Pin=U1A-73 Old Type=I/O New Type=Input
Change Pin Electrical: Pin=U1A-73 Old Type=I/O New Type=Input
Change Pin Electrical: Pin=U1A-73 Old Type=I/O New Type=Input
Change Pin Electrical: Pin=U1A-73 Old Type=I/O New Type=Input
Change Pin Electrical: Pin=U1A-73 Old Type=I/O New Type=Input
Change Pin Electrical: Pin=U1A-73 Old Type=I/O New Type=Input
Change Pin Electrical: Pin=U1A-73 Old Type=I/O New Type=Input
Change Pin Electrical: Pin=U1A-73 Old Type=I/O New Type=Input
Change Pin Electrical: Pin=U1E-100 Old Type=I/O New Type=Output
Change Pin Electrical: Pin=U1E-100 Old Type=I/O New Type=Output
Change Pin Electrical: Pin=U1E-100 Old Type=I/O New Type=Output
Change Pin Electrical: Pin=U1E-100 Old Type=I/O New Type=Output
Change Pin Electrical: Pin=U1E-100 Old Type=I/O New Type=Output
Change Pin Electrical: Pin=U1E-100 Old Type=I/O New Type=Output
Change Pin Electrical: Pin=U1E-100 Old Type=I/O New Type=Output
Change Pin Electrical: Pin=U1E-100 Old Type=I/O New Type=Output
Change Pin Electrical: Pin=U1E-100 Old Type=I/O New Type=Output
Change Pin Electrical: Pin=U1E-100 Old Type=I/O New Type=Output
Change Pin Electrical: Pin=U1E-100 Old Type=I/O New Type=Output
