Removed Parameter Code_JEDEC:MS-026-AED from Part U1
Removed Parameter Code_JEDEC:MS-026-AED from Part U1
Removed Parameter Code_JEDEC:MS-026-AED from Part U1
Removed Parameter Code_JEDEC:MS-026-AED from Part U1
Removed Parameter Code_JEDEC:MS-026-AED from Part U1
Removed Parameter Code_JEDEC:MS-026-AED from Part U1
Removed Parameter Code_JEDEC:MS-026-AED from Part U1
Removed Parameter Code_JEDEC:MS-026-AED from Part U1
Removed Parameter Code_JEDEC:MS-026-AED from Part U1
Removed Parameter Code_JEDEC:MS-026-AED from Part U1
Removed Parameter Code_JEDEC:MS-026-AED from Part U1
Removed Parameter ComponentLink1Description:XCR3128XL Datasheet from Part U1
Removed Parameter ComponentLink1Description:XCR3128XL Datasheet from Part U1
Removed Parameter ComponentLink1Description:XCR3128XL Datasheet from Part U1
Removed Parameter ComponentLink1Description:XCR3128XL Datasheet from Part U1
Removed Parameter ComponentLink1Description:XCR3128XL Datasheet from Part U1
Removed Parameter ComponentLink1Description:XCR3128XL Datasheet from Part U1
Removed Parameter ComponentLink1Description:XCR3128XL Datasheet from Part U1
Removed Parameter ComponentLink1Description:XCR3128XL Datasheet from Part U1
Removed Parameter ComponentLink1Description:XCR3128XL Datasheet from Part U1
Removed Parameter ComponentLink1Description:XCR3128XL Datasheet from Part U1
Removed Parameter ComponentLink1Description:XCR3128XL Datasheet from Part U1
Removed Parameter ComponentLink1URL:http://www.xilinx.com/support/documentation/data_sheets/ds016.pdf from Part U1
Removed Parameter ComponentLink1URL:http://www.xilinx.com/support/documentation/data_sheets/ds016.pdf from Part U1
Removed Parameter ComponentLink1URL:http://www.xilinx.com/support/documentation/data_sheets/ds016.pdf from Part U1
Removed Parameter ComponentLink1URL:http://www.xilinx.com/support/documentation/data_sheets/ds016.pdf from Part U1
Removed Parameter ComponentLink1URL:http://www.xilinx.com/support/documentation/data_sheets/ds016.pdf from Part U1
Removed Parameter ComponentLink1URL:http://www.xilinx.com/support/documentation/data_sheets/ds016.pdf from Part U1
Removed Parameter ComponentLink1URL:http://www.xilinx.com/support/documentation/data_sheets/ds016.pdf from Part U1
Removed Parameter ComponentLink1URL:http://www.xilinx.com/support/documentation/data_sheets/ds016.pdf from Part U1
Removed Parameter ComponentLink1URL:http://www.xilinx.com/support/documentation/data_sheets/ds016.pdf from Part U1
Removed Parameter ComponentLink1URL:http://www.xilinx.com/support/documentation/data_sheets/ds016.pdf from Part U1
Removed Parameter ComponentLink1URL:http://www.xilinx.com/support/documentation/data_sheets/ds016.pdf from Part U1
Removed Parameter ComponentLink2Description:VQ100 Package Drawing from Part U1
Removed Parameter ComponentLink2Description:VQ100 Package Drawing from Part U1
Removed Parameter ComponentLink2Description:VQ100 Package Drawing from Part U1
Removed Parameter ComponentLink2Description:VQ100 Package Drawing from Part U1
Removed Parameter ComponentLink2Description:VQ100 Package Drawing from Part U1
Removed Parameter ComponentLink2Description:VQ100 Package Drawing from Part U1
Removed Parameter ComponentLink2Description:VQ100 Package Drawing from Part U1
Removed Parameter ComponentLink2Description:VQ100 Package Drawing from Part U1
Removed Parameter ComponentLink2Description:VQ100 Package Drawing from Part U1
Removed Parameter ComponentLink2Description:VQ100 Package Drawing from Part U1
Removed Parameter ComponentLink2Description:VQ100 Package Drawing from Part U1
Removed Parameter ComponentLink2URL:http://www.xilinx.com/support/documentation/package_specs/vq100.pdf from Part U1
Removed Parameter ComponentLink2URL:http://www.xilinx.com/support/documentation/package_specs/vq100.pdf from Part U1
Removed Parameter ComponentLink2URL:http://www.xilinx.com/support/documentation/package_specs/vq100.pdf from Part U1
Removed Parameter ComponentLink2URL:http://www.xilinx.com/support/documentation/package_specs/vq100.pdf from Part U1
Removed Parameter ComponentLink2URL:http://www.xilinx.com/support/documentation/package_specs/vq100.pdf from Part U1
Removed Parameter ComponentLink2URL:http://www.xilinx.com/support/documentation/package_specs/vq100.pdf from Part U1
Removed Parameter ComponentLink2URL:http://www.xilinx.com/support/documentation/package_specs/vq100.pdf from Part U1
Removed Parameter ComponentLink2URL:http://www.xilinx.com/support/documentation/package_specs/vq100.pdf from Part U1
Removed Parameter ComponentLink2URL:http://www.xilinx.com/support/documentation/package_specs/vq100.pdf from Part U1
Removed Parameter ComponentLink2URL:http://www.xilinx.com/support/documentation/package_specs/vq100.pdf from Part U1
Removed Parameter ComponentLink2URL:http://www.xilinx.com/support/documentation/package_specs/vq100.pdf from Part U1
Removed Parameter ComponentLink3Description:CoolRunner XPLA3 Documents from Part U1
Removed Parameter ComponentLink3Description:CoolRunner XPLA3 Documents from Part U1
Removed Parameter ComponentLink3Description:CoolRunner XPLA3 Documents from Part U1
Removed Parameter ComponentLink3Description:CoolRunner XPLA3 Documents from Part U1
Removed Parameter ComponentLink3Description:CoolRunner XPLA3 Documents from Part U1
Removed Parameter ComponentLink3Description:CoolRunner XPLA3 Documents from Part U1
Removed Parameter ComponentLink3Description:CoolRunner XPLA3 Documents from Part U1
Removed Parameter ComponentLink3Description:CoolRunner XPLA3 Documents from Part U1
Removed Parameter ComponentLink3Description:CoolRunner XPLA3 Documents from Part U1
Removed Parameter ComponentLink3Description:CoolRunner XPLA3 Documents from Part U1
Removed Parameter ComponentLink3Description:CoolRunner XPLA3 Documents from Part U1
Removed Parameter ComponentLink3URL:http://www.xilinx.com/support/documentation/coolrunner_xpla3.htm from Part U1
Removed Parameter ComponentLink3URL:http://www.xilinx.com/support/documentation/coolrunner_xpla3.htm from Part U1
Removed Parameter ComponentLink3URL:http://www.xilinx.com/support/documentation/coolrunner_xpla3.htm from Part U1
Removed Parameter ComponentLink3URL:http://www.xilinx.com/support/documentation/coolrunner_xpla3.htm from Part U1
Removed Parameter ComponentLink3URL:http://www.xilinx.com/support/documentation/coolrunner_xpla3.htm from Part U1
Removed Parameter ComponentLink3URL:http://www.xilinx.com/support/documentation/coolrunner_xpla3.htm from Part U1
Removed Parameter ComponentLink3URL:http://www.xilinx.com/support/documentation/coolrunner_xpla3.htm from Part U1
Removed Parameter ComponentLink3URL:http://www.xilinx.com/support/documentation/coolrunner_xpla3.htm from Part U1
Removed Parameter ComponentLink3URL:http://www.xilinx.com/support/documentation/coolrunner_xpla3.htm from Part U1
Removed Parameter ComponentLink3URL:http://www.xilinx.com/support/documentation/coolrunner_xpla3.htm from Part U1
Removed Parameter ComponentLink3URL:http://www.xilinx.com/support/documentation/coolrunner_xpla3.htm from Part U1
Removed Parameter ComponentLink4Description:Xilinx.com Home from Part U1
Removed Parameter ComponentLink4Description:Xilinx.com Home from Part U1
Removed Parameter ComponentLink4Description:Xilinx.com Home from Part U1
Removed Parameter ComponentLink4Description:Xilinx.com Home from Part U1
Removed Parameter ComponentLink4Description:Xilinx.com Home from Part U1
Removed Parameter ComponentLink4Description:Xilinx.com Home from Part U1
Removed Parameter ComponentLink4Description:Xilinx.com Home from Part U1
Removed Parameter ComponentLink4Description:Xilinx.com Home from Part U1
Removed Parameter ComponentLink4Description:Xilinx.com Home from Part U1
Removed Parameter ComponentLink4Description:Xilinx.com Home from Part U1
Removed Parameter ComponentLink4Description:Xilinx.com Home from Part U1
Removed Parameter ComponentLink4URL:http://www.xilinx.com from Part U1
Removed Parameter ComponentLink4URL:http://www.xilinx.com from Part U1
Removed Parameter ComponentLink4URL:http://www.xilinx.com from Part U1
Removed Parameter ComponentLink4URL:http://www.xilinx.com from Part U1
Removed Parameter ComponentLink4URL:http://www.xilinx.com from Part U1
Removed Parameter ComponentLink4URL:http://www.xilinx.com from Part U1
Removed Parameter ComponentLink4URL:http://www.xilinx.com from Part U1
Removed Parameter ComponentLink4URL:http://www.xilinx.com from Part U1
Removed Parameter ComponentLink4URL:http://www.xilinx.com from Part U1
Removed Parameter ComponentLink4URL:http://www.xilinx.com from Part U1
Removed Parameter ComponentLink4URL:http://www.xilinx.com from Part U1
Removed Parameter DatasheetVersion:ver2.6, Mar-2006 from Part U1
Removed Parameter DatasheetVersion:ver2.6, Mar-2006 from Part U1
Removed Parameter DatasheetVersion:ver2.6, Mar-2006 from Part U1
Removed Parameter DatasheetVersion:ver2.6, Mar-2006 from Part U1
Removed Parameter DatasheetVersion:ver2.6, Mar-2006 from Part U1
Removed Parameter DatasheetVersion:ver2.6, Mar-2006 from Part U1
Removed Parameter DatasheetVersion:ver2.6, Mar-2006 from Part U1
Removed Parameter DatasheetVersion:ver2.6, Mar-2006 from Part U1
Removed Parameter DatasheetVersion:ver2.6, Mar-2006 from Part U1
Removed Parameter DatasheetVersion:ver2.6, Mar-2006 from Part U1
Removed Parameter DatasheetVersion:ver2.6, Mar-2006 from Part U1
Removed Parameter FirstPublished:17-Jul-2002 from Part U1
Removed Parameter FirstPublished:17-Jul-2002 from Part U1
Removed Parameter FirstPublished:17-Jul-2002 from Part U1
Removed Parameter FirstPublished:17-Jul-2002 from Part U1
Removed Parameter FirstPublished:17-Jul-2002 from Part U1
Removed Parameter FirstPublished:17-Jul-2002 from Part U1
Removed Parameter FirstPublished:17-Jul-2002 from Part U1
Removed Parameter FirstPublished:17-Jul-2002 from Part U1
Removed Parameter FirstPublished:17-Jul-2002 from Part U1
Removed Parameter FirstPublished:17-Jul-2002 from Part U1
Removed Parameter FirstPublished:17-Jul-2002 from Part U1
Removed Parameter LatestRevisionDate:13-Apr-2006 from Part U1
Removed Parameter LatestRevisionDate:13-Apr-2006 from Part U1
Removed Parameter LatestRevisionDate:13-Apr-2006 from Part U1
Removed Parameter LatestRevisionDate:13-Apr-2006 from Part U1
Removed Parameter LatestRevisionDate:13-Apr-2006 from Part U1
Removed Parameter LatestRevisionDate:13-Apr-2006 from Part U1
Removed Parameter LatestRevisionDate:13-Apr-2006 from Part U1
Removed Parameter LatestRevisionDate:13-Apr-2006 from Part U1
Removed Parameter LatestRevisionDate:13-Apr-2006 from Part U1
Removed Parameter LatestRevisionDate:13-Apr-2006 from Part U1
Removed Parameter LatestRevisionDate:13-Apr-2006 from Part U1
Removed Parameter LatestRevisionNote:IPC-7351 Footprint Added. from Part U1
Removed Parameter LatestRevisionNote:IPC-7351 Footprint Added. from Part U1
Removed Parameter LatestRevisionNote:IPC-7351 Footprint Added. from Part U1
Removed Parameter LatestRevisionNote:IPC-7351 Footprint Added. from Part U1
Removed Parameter LatestRevisionNote:IPC-7351 Footprint Added. from Part U1
Removed Parameter LatestRevisionNote:IPC-7351 Footprint Added. from Part U1
Removed Parameter LatestRevisionNote:IPC-7351 Footprint Added. from Part U1
Removed Parameter LatestRevisionNote:IPC-7351 Footprint Added. from Part U1
Removed Parameter LatestRevisionNote:IPC-7351 Footprint Added. from Part U1
Removed Parameter LatestRevisionNote:IPC-7351 Footprint Added. from Part U1
Removed Parameter LatestRevisionNote:IPC-7351 Footprint Added. from Part U1
Removed Parameter PackageDescription:100-Pin Very Thin Quad Flat Pack (VQ100) from Part U1
Removed Parameter PackageDescription:100-Pin Very Thin Quad Flat Pack (VQ100) from Part U1
Removed Parameter PackageDescription:100-Pin Very Thin Quad Flat Pack (VQ100) from Part U1
Removed Parameter PackageDescription:100-Pin Very Thin Quad Flat Pack (VQ100) from Part U1
Removed Parameter PackageDescription:100-Pin Very Thin Quad Flat Pack (VQ100) from Part U1
Removed Parameter PackageDescription:100-Pin Very Thin Quad Flat Pack (VQ100) from Part U1
Removed Parameter PackageDescription:100-Pin Very Thin Quad Flat Pack (VQ100) from Part U1
Removed Parameter PackageDescription:100-Pin Very Thin Quad Flat Pack (VQ100) from Part U1
Removed Parameter PackageDescription:100-Pin Very Thin Quad Flat Pack (VQ100) from Part U1
Removed Parameter PackageDescription:100-Pin Very Thin Quad Flat Pack (VQ100) from Part U1
Removed Parameter PackageDescription:100-Pin Very Thin Quad Flat Pack (VQ100) from Part U1
Removed Parameter PackageReference:VQ100 from Part U1
Removed Parameter PackageReference:VQ100 from Part U1
Removed Parameter PackageReference:VQ100 from Part U1
Removed Parameter PackageReference:VQ100 from Part U1
Removed Parameter PackageReference:VQ100 from Part U1
Removed Parameter PackageReference:VQ100 from Part U1
Removed Parameter PackageReference:VQ100 from Part U1
Removed Parameter PackageReference:VQ100 from Part U1
Removed Parameter PackageReference:VQ100 from Part U1
Removed Parameter PackageReference:VQ100 from Part U1
Removed Parameter PackageReference:VQ100 from Part U1
Removed Parameter PackageVersion:ver1.2.1, Feb-2007 from Part U1
Removed Parameter PackageVersion:ver1.2.1, Feb-2007 from Part U1
Removed Parameter PackageVersion:ver1.2.1, Feb-2007 from Part U1
Removed Parameter PackageVersion:ver1.2.1, Feb-2007 from Part U1
Removed Parameter PackageVersion:ver1.2.1, Feb-2007 from Part U1
Removed Parameter PackageVersion:ver1.2.1, Feb-2007 from Part U1
Removed Parameter PackageVersion:ver1.2.1, Feb-2007 from Part U1
Removed Parameter PackageVersion:ver1.2.1, Feb-2007 from Part U1
Removed Parameter PackageVersion:ver1.2.1, Feb-2007 from Part U1
Removed Parameter PackageVersion:ver1.2.1, Feb-2007 from Part U1
Removed Parameter PackageVersion:ver1.2.1, Feb-2007 from Part U1
Removed Parameter Publisher:Altium Limited from Part U1
Removed Parameter Publisher:Altium Limited from Part U1
Removed Parameter Publisher:Altium Limited from Part U1
Removed Parameter Publisher:Altium Limited from Part U1
Removed Parameter Publisher:Altium Limited from Part U1
Removed Parameter Publisher:Altium Limited from Part U1
Removed Parameter Publisher:Altium Limited from Part U1
Removed Parameter Publisher:Altium Limited from Part U1
Removed Parameter Publisher:Altium Limited from Part U1
Removed Parameter Publisher:Altium Limited from Part U1
Removed Parameter Publisher:Altium Limited from Part U1
Removed Parameter Supplier 1:Digi-Key from Part U1
Removed Parameter Supplier 1:Digi-Key from Part U1
Removed Parameter Supplier 1:Digi-Key from Part U1
Removed Parameter Supplier 1:Digi-Key from Part U1
Removed Parameter Supplier 1:Digi-Key from Part U1
Removed Parameter Supplier 1:Digi-Key from Part U1
Removed Parameter Supplier 1:Digi-Key from Part U1
Removed Parameter Supplier 1:Digi-Key from Part U1
Removed Parameter Supplier 1:Digi-Key from Part U1
Removed Parameter Supplier 1:Digi-Key from Part U1
Removed Parameter Supplier 1:Digi-Key from Part U1
Removed Parameter Supplier Part Number 1:122-1282-ND from Part U1
Removed Parameter Supplier Part Number 1:122-1282-ND from Part U1
Removed Parameter Supplier Part Number 1:122-1282-ND from Part U1
Removed Parameter Supplier Part Number 1:122-1282-ND from Part U1
Removed Parameter Supplier Part Number 1:122-1282-ND from Part U1
Removed Parameter Supplier Part Number 1:122-1282-ND from Part U1
Removed Parameter Supplier Part Number 1:122-1282-ND from Part U1
Removed Parameter Supplier Part Number 1:122-1282-ND from Part U1
Removed Parameter Supplier Part Number 1:122-1282-ND from Part U1
Removed Parameter Supplier Part Number 1:122-1282-ND from Part U1
Removed Parameter Supplier Part Number 1:122-1282-ND from Part U1
