Removed Pin From Net: NetName=B0 Pin=C7-1
Removed Pin From Net: NetName=B0 Pin=J3-21
Removed Pin From Net: NetName=B0 Pin=J3-22
Removed Pin From Net: NetName=B0 Pin=J4-7
Removed Pin From Net: NetName=B0 Pin=J4-21
Removed Pin From Net: NetName=B0 Pin=J4-22
Removed Pin From Net: NetName=B0 Pin=J5-8
Removed Pin From Net: NetName=B0 Pin=J5-21
Removed Pin From Net: NetName=B0 Pin=J5-22
Removed Pin From Net: NetName=B0 Pin=J6-7
Removed Pin From Net: NetName=B0 Pin=J6-8
Removed Pin From Net: NetName=B0 Pin=J6-21
Removed Pin From Net: NetName=B0 Pin=J6-22
Removed Pin From Net: NetName=B0 Pin=TP4-1
Removed Pin From Net: NetName=B0 Pin=U4-6
Removed Pin From Net: NetName=B0 Pin=U6-B121
Removed Pin From Net: NetName=B0 Pin=U6-B121
Removed Pin From Net: NetName=B0 Pin=U6-B121
Removed Pin From Net: NetName=B0 Pin=U6-B121
Change Net Name : Old Net Name=B0 New Net Name=D
Added Pin To Net: NetName=VCC Pin=C7-1
Added Pin To Net: NetName=VCC Pin=J3-21
Added Pin To Net: NetName=VCC Pin=J3-22
Added Pin To Net: NetName=VCC Pin=J4-7
Added Pin To Net: NetName=VCC Pin=J4-21
Added Pin To Net: NetName=VCC Pin=J4-22
Added Pin To Net: NetName=VCC Pin=J5-8
Added Pin To Net: NetName=VCC Pin=J5-21
Added Pin To Net: NetName=VCC Pin=J5-22
Added Pin To Net: NetName=VCC Pin=J6-7
Added Pin To Net: NetName=VCC Pin=J6-8
Added Pin To Net: NetName=VCC Pin=J6-21
Added Pin To Net: NetName=VCC Pin=J6-22
Added Pin To Net: NetName=VCC Pin=TP4-1
Added Pin To Net: NetName=VCC Pin=U4-6
Added Pin To Net: NetName=VCC Pin=U6-B121
Added Pin To Net: NetName=VCC Pin=U6-B121
Added Pin To Net: NetName=VCC Pin=U6-B121
Added Pin To Net: NetName=VCC Pin=U6-B121
Added Net: Name=VCC
